<coverage line-rate="1.00" branch-rate="1.00" lines-covered="740" lines-valid="740" branches-covered="168" branches-valid="168" complexity="0" version="" timestamp="">
	<sources>
		<source>/home/benizzio/src-workspace/ghostfolio-cryptogains</source>
	</sources>
	<packages>
		<package name="github.com/benizzio/ghostfolio-cryptogains/internal/config/model" line-rate="1.00" branch-rate="1.00" complexity="0">
			<classes>
				<class name="AppSetupConfig" filename="/home/benizzio/src-workspace/ghostfolio-cryptogains/internal/config/model/app_setup_config.go" line-rate="1.00" branch-rate="1.00" complexity="0">
					<methods>
						<method name="ValidateStartupReady" signature="" line-rate="1.00" branch-rate="1.00" complexity="0">
							<lines>
								<line number="106" hits="8" branch="true" condition-coverage="1.00 (1/1)"></line>
								<line number="107" hits="1" branch="false" condition-coverage=""></line>
								<line number="109" hits="7" branch="true" condition-coverage="1.00 (1/1)"></line>
								<line number="110" hits="1" branch="false" condition-coverage=""></line>
								<line number="112" hits="6" branch="true" condition-coverage="1.00 (1/1)"></line>
								<line number="113" hits="1" branch="false" condition-coverage=""></line>
								<line number="115" hits="5" branch="true" condition-coverage="1.00 (1/1)"></line>
								<line number="116" hits="1" branch="false" condition-coverage=""></line>
								<line number="119" hits="4" branch="false" condition-coverage=""></line>
								<line number="120" hits="4" branch="true" condition-coverage="1.00 (1/1)"></line>
								<line number="121" hits="1" branch="false" condition-coverage=""></line>
								<line number="123" hits="3" branch="true" condition-coverage="1.00 (1/1)"></line>
								<line number="124" hits="1" branch="false" condition-coverage=""></line>
								<line number="126" hits="2" branch="true" condition-coverage="1.00 (1/1)"></line>
								<line number="127" hits="1" branch="false" condition-coverage=""></line>
								<line number="130" hits="1" branch="false" condition-coverage=""></line>
							</lines>
						</method>
					</methods>
					<lines>
						<line number="106" hits="8" branch="true" condition-coverage="1.00 (1/1)"></line>
						<line number="107" hits="1" branch="false" condition-coverage=""></line>
						<line number="109" hits="7" branch="true" condition-coverage="1.00 (1/1)"></line>
						<line number="110" hits="1" branch="false" condition-coverage=""></line>
						<line number="112" hits="6" branch="true" condition-coverage="1.00 (1/1)"></line>
						<line number="113" hits="1" branch="false" condition-coverage=""></line>
						<line number="115" hits="5" branch="true" condition-coverage="1.00 (1/1)"></line>
						<line number="116" hits="1" branch="false" condition-coverage=""></line>
						<line number="119" hits="4" branch="false" condition-coverage=""></line>
						<line number="120" hits="4" branch="true" condition-coverage="1.00 (1/1)"></line>
						<line number="121" hits="1" branch="false" condition-coverage=""></line>
						<line number="123" hits="3" branch="true" condition-coverage="1.00 (1/1)"></line>
						<line number="124" hits="1" branch="false" condition-coverage=""></line>
						<line number="126" hits="2" branch="true" condition-coverage="1.00 (1/1)"></line>
						<line number="127" hits="1" branch="false" condition-coverage=""></line>
						<line number="130" hits="1" branch="false" condition-coverage=""></line>
					</lines>
				</class>
				<class name="-" filename="/home/benizzio/src-workspace/ghostfolio-cryptogains/internal/config/model/app_setup_config.go" line-rate="1.00" branch-rate="1.00" complexity="0">
					<methods>
						<method name="NewSetupConfig" signature="" line-rate="1.00" branch-rate="1.00" complexity="0">
							<lines>
								<line number="75" hits="3" branch="false" condition-coverage=""></line>
								<line number="76" hits="3" branch="true" condition-coverage="1.00 (1/1)"></line>
								<line number="77" hits="1" branch="false" condition-coverage=""></line>
								<line number="80" hits="2" branch="true" condition-coverage="1.00 (1/1)"></line>
								<line number="81" hits="1" branch="false" condition-coverage=""></line>
								<line number="84" hits="1" branch="false" condition-coverage=""></line>
								<line number="85" hits="1" branch="false" condition-coverage=""></line>
								<line number="86" hits="1" branch="false" condition-coverage=""></line>
								<line number="87" hits="1" branch="false" condition-coverage=""></line>
								<line number="88" hits="1" branch="false" condition-coverage=""></line>
								<line number="89" hits="1" branch="false" condition-coverage=""></line>
								<line number="90" hits="1" branch="false" condition-coverage=""></line>
								<line number="91" hits="1" branch="false" condition-coverage=""></line>
							</lines>
						</method>
						<method name="NormalizeOrigin" signature="" line-rate="1.00" branch-rate="1.00" complexity="0">
							<lines>
								<line number="145" hits="17" branch="false" condition-coverage=""></line>
								<line number="146" hits="17" branch="true" condition-coverage="1.00 (1/1)"></line>
								<line number="147" hits="2" branch="false" condition-coverage=""></line>
								<line number="150" hits="15" branch="false" condition-coverage=""></line>
								<line number="151" hits="15" branch="true" condition-coverage="1.00 (1/1)"></line>
								<line number="152" hits="1" branch="false" condition-coverage=""></line>
								<line number="154" hits="14" branch="true" condition-coverage="1.00 (1/1)"></line>
								<line number="155" hits="3" branch="false" condition-coverage=""></line>
								<line number="157" hits="11" branch="true" condition-coverage="1.00 (1/1)"></line>
								<line number="158" hits="1" branch="false" condition-coverage=""></line>
								<line number="160" hits="10" branch="true" condition-coverage="1.00 (1/1)"></line>
								<line number="161" hits="3" branch="false" condition-coverage=""></line>
								<line number="164" hits="7" branch="false" condition-coverage=""></line>
								<line number="165" hits="7" branch="true" condition-coverage="1.00 (1/1)"></line>
								<line number="166" hits="1" branch="false" condition-coverage=""></line>
								<line number="169" hits="6" branch="false" condition-coverage=""></line>
								<line number="170" hits="6" branch="true" condition-coverage="1.00 (1/1)"></line>
								<line number="171" hits="1" branch="false" condition-coverage=""></line>
								<line number="174" hits="5" branch="false" condition-coverage=""></line>
								<line number="175" hits="5" branch="true" condition-coverage="1.00 (1/1)"></line>
								<line number="176" hits="2" branch="false" condition-coverage=""></line>
								<line number="179" hits="5" branch="false" condition-coverage=""></line>
							</lines>
						</method>
					</methods>
					<lines>
						<line number="75" hits="3" branch="false" condition-coverage=""></line>
						<line number="76" hits="3" branch="true" condition-coverage="1.00 (1/1)"></line>
						<line number="77" hits="1" branch="false" condition-coverage=""></line>
						<line number="80" hits="2" branch="true" condition-coverage="1.00 (1/1)"></line>
						<line number="81" hits="1" branch="false" condition-coverage=""></line>
						<line number="84" hits="1" branch="false" condition-coverage=""></line>
						<line number="85" hits="1" branch="false" condition-coverage=""></line>
						<line number="86" hits="1" branch="false" condition-coverage=""></line>
						<line number="87" hits="1" branch="false" condition-coverage=""></line>
						<line number="88" hits="1" branch="false" condition-coverage=""></line>
						<line number="89" hits="1" branch="false" condition-coverage=""></line>
						<line number="90" hits="1" branch="false" condition-coverage=""></line>
						<line number="91" hits="1" branch="false" condition-coverage=""></line>
						<line number="145" hits="17" branch="false" condition-coverage=""></line>
						<line number="146" hits="17" branch="true" condition-coverage="1.00 (1/1)"></line>
						<line number="147" hits="2" branch="false" condition-coverage=""></line>
						<line number="150" hits="15" branch="false" condition-coverage=""></line>
						<line number="151" hits="15" branch="true" condition-coverage="1.00 (1/1)"></line>
						<line number="152" hits="1" branch="false" condition-coverage=""></line>
						<line number="154" hits="14" branch="true" condition-coverage="1.00 (1/1)"></line>
						<line number="155" hits="3" branch="false" condition-coverage=""></line>
						<line number="157" hits="11" branch="true" condition-coverage="1.00 (1/1)"></line>
						<line number="158" hits="1" branch="false" condition-coverage=""></line>
						<line number="160" hits="10" branch="true" condition-coverage="1.00 (1/1)"></line>
						<line number="161" hits="3" branch="false" condition-coverage=""></line>
						<line number="164" hits="7" branch="false" condition-coverage=""></line>
						<line number="165" hits="7" branch="true" condition-coverage="1.00 (1/1)"></line>
						<line number="166" hits="1" branch="false" condition-coverage=""></line>
						<line number="169" hits="6" branch="false" condition-coverage=""></line>
						<line number="170" hits="6" branch="true" condition-coverage="1.00 (1/1)"></line>
						<line number="171" hits="1" branch="false" condition-coverage=""></line>
						<line number="174" hits="5" branch="false" condition-coverage=""></line>
						<line number="175" hits="5" branch="true" condition-coverage="1.00 (1/1)"></line>
						<line number="176" hits="2" branch="false" condition-coverage=""></line>
						<line number="179" hits="5" branch="false" condition-coverage=""></line>
					</lines>
				</class>
			</classes>
		</package>
		<package name="github.com/benizzio/ghostfolio-cryptogains/internal/config/store" line-rate="1.00" branch-rate="1.00" complexity="0">
			<classes>
				<class name="-" filename="/home/benizzio/src-workspace/ghostfolio-cryptogains/internal/config/store/json_store.go" line-rate="1.00" branch-rate="1.00" complexity="0">
					<methods>
						<method name="createTempFile" signature="" line-rate="1.00" branch-rate="1.00" complexity="0">
							<lines>
								<line number="37" hits="3" branch="false" condition-coverage=""></line>
							</lines>
						</method>
						<method name="NewJSONStore" signature="" line-rate="1.00" branch-rate="1.00" complexity="0">
							<lines>
								<line number="71" hits="17" branch="false" condition-coverage=""></line>
								<line number="72" hits="17" branch="false" condition-coverage=""></line>
							</lines>
						</method>
						<method name="cleanupTempFile" signature="" line-rate="1.00" branch-rate="1.00" complexity="0">
							<lines>
								<line number="202" hits="10" branch="false" condition-coverage=""></line>
							</lines>
						</method>
						<method name="ignoresPermissionBits" signature="" line-rate="1.00" branch-rate="1.00" complexity="0">
							<lines>
								<line number="208" hits="7" branch="false" condition-coverage=""></line>
							</lines>
						</method>
					</methods>
					<lines>
						<line number="37" hits="3" branch="false" condition-coverage=""></line>
						<line number="71" hits="17" branch="false" condition-coverage=""></line>
						<line number="72" hits="17" branch="false" condition-coverage=""></line>
						<line number="202" hits="10" branch="false" condition-coverage=""></line>
						<line number="208" hits="7" branch="false" condition-coverage=""></line>
					</lines>
				</class>
				<class name="JSONStore" filename="/home/benizzio/src-workspace/ghostfolio-cryptogains/internal/config/store/json_store.go" line-rate="1.00" branch-rate="1.00" complexity="0">
					<methods>
						<method name="Path" signature="" line-rate="1.00" branch-rate="1.00" complexity="0">
							<lines>
								<line number="85" hits="9" branch="false" condition-coverage=""></line>
							</lines>
						</method>
						<method name="Load" signature="" line-rate="1.00" branch-rate="1.00" complexity="0">
							<lines>
								<line number="100" hits="4" branch="false" condition-coverage=""></line>
								<line number="101" hits="4" branch="true" condition-coverage="1.00 (1/1)"></line>
								<line number="102" hits="2" branch="true" condition-coverage="1.00 (1/1)"></line>
								<line number="103" hits="1" branch="false" condition-coverage=""></line>
								<line number="105" hits="1" branch="false" condition-coverage=""></line>
								<line number="108" hits="2" branch="false" condition-coverage=""></line>
								<line number="109" hits="2" branch="true" condition-coverage="1.00 (1/1)"></line>
								<line number="110" hits="1" branch="false" condition-coverage=""></line>
								<line number="113" hits="1" branch="false" condition-coverage=""></line>
							</lines>
						</method>
						<method name="Save" signature="" line-rate="1.00" branch-rate="1.00" complexity="0">
							<lines>
								<line number="128" hits="11" branch="true" condition-coverage="1.00 (1/1)"></line>
								<line number="129" hits="1" branch="false" condition-coverage=""></line>
								<line number="132" hits="10" branch="false" condition-coverage=""></line>
								<line number="133" hits="10" branch="true" condition-coverage="1.00 (1/1)"></line>
								<line number="134" hits="1" branch="false" condition-coverage=""></line>
								<line number="137" hits="9" branch="false" condition-coverage=""></line>
								<line number="138" hits="9" branch="false" condition-coverage=""></line>
								<line number="139" hits="9" branch="false" condition-coverage=""></line>
								<line number="140" hits="9" branch="true" condition-coverage="1.00 (1/1)"></line>
								<line number="141" hits="1" branch="false" condition-coverage=""></line>
								<line number="143" hits="8" branch="false" condition-coverage=""></line>
								<line number="145" hits="8" branch="true" condition-coverage="1.00 (1/1)"></line>
								<line number="146" hits="2" branch="false" condition-coverage=""></line>
								<line number="147" hits="2" branch="false" condition-coverage=""></line>
								<line number="149" hits="6" branch="true" condition-coverage="1.00 (1/1)"></line>
								<line number="150" hits="1" branch="false" condition-coverage=""></line>
								<line number="151" hits="1" branch="false" condition-coverage=""></line>
								<line number="153" hits="5" branch="true" condition-coverage="1.00 (1/1)"></line>
								<line number="154" hits="1" branch="false" condition-coverage=""></line>
								<line number="155" hits="1" branch="false" condition-coverage=""></line>
								<line number="157" hits="4" branch="true" condition-coverage="1.00 (1/1)"></line>
								<line number="158" hits="1" branch="false" condition-coverage=""></line>
								<line number="161" hits="3" branch="true" condition-coverage="1.00 (1/1)"></line>
								<line number="162" hits="1" branch="false" condition-coverage=""></line>
								<line number="164" hits="2" branch="true" condition-coverage="1.00 (1/1)"></line>
								<line number="165" hits="1" branch="false" condition-coverage=""></line>
								<line number="168" hits="1" branch="false" condition-coverage=""></line>
							</lines>
						</method>
						<method name="Delete" signature="" line-rate="1.00" branch-rate="1.00" complexity="0">
							<lines>
								<line number="182" hits="3" branch="true" condition-coverage="1.00 (1/1)"></line>
								<line number="183" hits="1" branch="false" condition-coverage=""></line>
								<line number="185" hits="2" branch="false" condition-coverage=""></line>
							</lines>
						</method>
						<method name="ensureParentDirectory" signature="" line-rate="1.00" branch-rate="1.00" complexity="0">
							<lines>
								<line number="190" hits="13" branch="false" condition-coverage=""></line>
								<line number="191" hits="13" branch="true" condition-coverage="1.00 (1/1)"></line>
								<line number="192" hits="2" branch="false" condition-coverage=""></line>
								<line number="194" hits="11" branch="true" condition-coverage="1.00 (1/1)"></line>
								<line number="195" hits="1" branch="false" condition-coverage=""></line>
								<line number="197" hits="10" branch="false" condition-coverage=""></line>
							</lines>
						</method>
					</methods>
					<lines>
						<line number="85" hits="9" branch="false" condition-coverage=""></line>
						<line number="100" hits="4" branch="false" condition-coverage=""></line>
						<line number="101" hits="4" branch="true" condition-coverage="1.00 (1/1)"></line>
						<line number="102" hits="2" branch="true" condition-coverage="1.00 (1/1)"></line>
						<line number="103" hits="1" branch="false" condition-coverage=""></line>
						<line number="105" hits="1" branch="false" condition-coverage=""></line>
						<line number="108" hits="2" branch="false" condition-coverage=""></line>
						<line number="109" hits="2" branch="true" condition-coverage="1.00 (1/1)"></line>
						<line number="110" hits="1" branch="false" condition-coverage=""></line>
						<line number="113" hits="1" branch="false" condition-coverage=""></line>
						<line number="128" hits="11" branch="true" condition-coverage="1.00 (1/1)"></line>
						<line number="129" hits="1" branch="false" condition-coverage=""></line>
						<line number="132" hits="10" branch="false" condition-coverage=""></line>
						<line number="133" hits="10" branch="true" condition-coverage="1.00 (1/1)"></line>
						<line number="134" hits="1" branch="false" condition-coverage=""></line>
						<line number="137" hits="9" branch="false" condition-coverage=""></line>
						<line number="138" hits="9" branch="false" condition-coverage=""></line>
						<line number="139" hits="9" branch="false" condition-coverage=""></line>
						<line number="140" hits="9" branch="true" condition-coverage="1.00 (1/1)"></line>
						<line number="141" hits="1" branch="false" condition-coverage=""></line>
						<line number="143" hits="8" branch="false" condition-coverage=""></line>
						<line number="145" hits="8" branch="true" condition-coverage="1.00 (1/1)"></line>
						<line number="146" hits="2" branch="false" condition-coverage=""></line>
						<line number="147" hits="2" branch="false" condition-coverage=""></line>
						<line number="149" hits="6" branch="true" condition-coverage="1.00 (1/1)"></line>
						<line number="150" hits="1" branch="false" condition-coverage=""></line>
						<line number="151" hits="1" branch="false" condition-coverage=""></line>
						<line number="153" hits="5" branch="true" condition-coverage="1.00 (1/1)"></line>
						<line number="154" hits="1" branch="false" condition-coverage=""></line>
						<line number="155" hits="1" branch="false" condition-coverage=""></line>
						<line number="157" hits="4" branch="true" condition-coverage="1.00 (1/1)"></line>
						<line number="158" hits="1" branch="false" condition-coverage=""></line>
						<line number="161" hits="3" branch="true" condition-coverage="1.00 (1/1)"></line>
						<line number="162" hits="1" branch="false" condition-coverage=""></line>
						<line number="164" hits="2" branch="true" condition-coverage="1.00 (1/1)"></line>
						<line number="165" hits="1" branch="false" condition-coverage=""></line>
						<line number="168" hits="1" branch="false" condition-coverage=""></line>
						<line number="182" hits="3" branch="true" condition-coverage="1.00 (1/1)"></line>
						<line number="183" hits="1" branch="false" condition-coverage=""></line>
						<line number="185" hits="2" branch="false" condition-coverage=""></line>
						<line number="190" hits="13" branch="false" condition-coverage=""></line>
						<line number="191" hits="13" branch="true" condition-coverage="1.00 (1/1)"></line>
						<line number="192" hits="2" branch="false" condition-coverage=""></line>
						<line number="194" hits="11" branch="true" condition-coverage="1.00 (1/1)"></line>
						<line number="195" hits="1" branch="false" condition-coverage=""></line>
						<line number="197" hits="10" branch="false" condition-coverage=""></line>
					</lines>
				</class>
			</classes>
		</package>
		<package name="github.com/benizzio/ghostfolio-cryptogains/internal/ghostfolio/dto" line-rate="1.00" branch-rate="1.00" complexity="0"></package>
		<package name="github.com/benizzio/ghostfolio-cryptogains/internal/ghostfolio/validator" line-rate="1.00" branch-rate="1.00" complexity="0">
			<classes>
				<class name="-" filename="/home/benizzio/src-workspace/ghostfolio-cryptogains/internal/ghostfolio/validator/response_validator.go" line-rate="1.00" branch-rate="1.00" complexity="0">
					<methods>
						<method name="ValidateAuthResponse" signature="" line-rate="1.00" branch-rate="1.00" complexity="0">
							<lines>
								<line number="26" hits="2" branch="true" condition-coverage="1.00 (1/1)"></line>
								<line number="27" hits="1" branch="false" condition-coverage=""></line>
								<line number="29" hits="1" branch="false" condition-coverage=""></line>
							</lines>
						</method>
						<method name="ValidateActivitiesProbeResponse" signature="" line-rate="1.00" branch-rate="1.00" complexity="0">
							<lines>
								<line number="44" hits="10" branch="true" condition-coverage="1.00 (1/1)"></line>
								<line number="45" hits="1" branch="false" condition-coverage=""></line>
								<line number="47" hits="9" branch="true" condition-coverage="1.00 (1/1)"></line>
								<line number="48" hits="1" branch="false" condition-coverage=""></line>
								<line number="50" hits="8" branch="true" condition-coverage="1.00 (1/1)"></line>
								<line number="51" hits="1" branch="false" condition-coverage=""></line>
								<line number="53" hits="7" branch="true" condition-coverage="1.00 (1/1)"></line>
								<line number="54" hits="1" branch="false" condition-coverage=""></line>
								<line number="57" hits="6" branch="true" condition-coverage="1.00 (1/1)"></line>
								<line number="58" hits="1" branch="false" condition-coverage=""></line>
								<line number="61" hits="5" branch="false" condition-coverage=""></line>
								<line number="62" hits="5" branch="true" condition-coverage="1.00 (1/1)"></line>
								<line number="63" hits="1" branch="false" condition-coverage=""></line>
								<line number="65" hits="4" branch="true" condition-coverage="1.00 (1/1)"></line>
								<line number="66" hits="1" branch="false" condition-coverage=""></line>
								<line number="68" hits="3" branch="true" condition-coverage="1.00 (1/1)"></line>
								<line number="69" hits="1" branch="false" condition-coverage=""></line>
								<line number="71" hits="2" branch="true" condition-coverage="1.00 (1/1)"></line>
								<line number="72" hits="1" branch="false" condition-coverage=""></line>
								<line number="75" hits="1" branch="false" condition-coverage=""></line>
							</lines>
						</method>
					</methods>
					<lines>
						<line number="26" hits="2" branch="true" condition-coverage="1.00 (1/1)"></line>
						<line number="27" hits="1" branch="false" condition-coverage=""></line>
						<line number="29" hits="1" branch="false" condition-coverage=""></line>
						<line number="44" hits="10" branch="true" condition-coverage="1.00 (1/1)"></line>
						<line number="45" hits="1" branch="false" condition-coverage=""></line>
						<line number="47" hits="9" branch="true" condition-coverage="1.00 (1/1)"></line>
						<line number="48" hits="1" branch="false" condition-coverage=""></line>
						<line number="50" hits="8" branch="true" condition-coverage="1.00 (1/1)"></line>
						<line number="51" hits="1" branch="false" condition-coverage=""></line>
						<line number="53" hits="7" branch="true" condition-coverage="1.00 (1/1)"></line>
						<line number="54" hits="1" branch="false" condition-coverage=""></line>
						<line number="57" hits="6" branch="true" condition-coverage="1.00 (1/1)"></line>
						<line number="58" hits="1" branch="false" condition-coverage=""></line>
						<line number="61" hits="5" branch="false" condition-coverage=""></line>
						<line number="62" hits="5" branch="true" condition-coverage="1.00 (1/1)"></line>
						<line number="63" hits="1" branch="false" condition-coverage=""></line>
						<line number="65" hits="4" branch="true" condition-coverage="1.00 (1/1)"></line>
						<line number="66" hits="1" branch="false" condition-coverage=""></line>
						<line number="68" hits="3" branch="true" condition-coverage="1.00 (1/1)"></line>
						<line number="69" hits="1" branch="false" condition-coverage=""></line>
						<line number="71" hits="2" branch="true" condition-coverage="1.00 (1/1)"></line>
						<line number="72" hits="1" branch="false" condition-coverage=""></line>
						<line number="75" hits="1" branch="false" condition-coverage=""></line>
					</lines>
				</class>
			</classes>
		</package>
		<package name="github.com/benizzio/ghostfolio-cryptogains/internal/app/bootstrap" line-rate="1.00" branch-rate="1.00" complexity="0">
			<classes>
				<class name="-" filename="/home/benizzio/src-workspace/ghostfolio-cryptogains/internal/app/bootstrap/options.go" line-rate="1.00" branch-rate="1.00" complexity="0">
					<methods>
						<method name="DefaultOptions" signature="" line-rate="1.00" branch-rate="1.00" complexity="0">
							<lines>
								<line number="47" hits="4" branch="false" condition-coverage=""></line>
								<line number="48" hits="4" branch="false" condition-coverage=""></line>
								<line number="49" hits="4" branch="false" condition-coverage=""></line>
								<line number="50" hits="4" branch="false" condition-coverage=""></line>
							</lines>
						</method>
						<method name="ParseOptions" signature="" line-rate="1.00" branch-rate="1.00" complexity="0">
							<lines>
								<line number="67" hits="4" branch="false" condition-coverage=""></line>
								<line number="68" hits="4" branch="false" condition-coverage=""></line>
								<line number="70" hits="4" branch="false" condition-coverage=""></line>
								<line number="71" hits="4" branch="false" condition-coverage=""></line>
								<line number="72" hits="4" branch="false" condition-coverage=""></line>
								<line number="73" hits="4" branch="false" condition-coverage=""></line>
								<line number="74" hits="4" branch="false" condition-coverage=""></line>
								<line number="75" hits="4" branch="false" condition-coverage=""></line>
								<line number="77" hits="4" branch="true" condition-coverage="1.00 (1/1)"></line>
								<line number="78" hits="1" branch="false" condition-coverage=""></line>
								<line number="81" hits="3" branch="false" condition-coverage=""></line>
								<line number="82" hits="3" branch="true" condition-coverage="1.00 (1/1)"></line>
								<line number="83" hits="1" branch="false" condition-coverage=""></line>
								<line number="85" hits="2" branch="true" condition-coverage="1.00 (1/1)"></line>
								<line number="86" hits="1" branch="false" condition-coverage=""></line>
								<line number="89" hits="1" branch="false" condition-coverage=""></line>
								<line number="90" hits="1" branch="false" condition-coverage=""></line>
							</lines>
						</method>
					</methods>
					<lines>
						<line number="47" hits="4" branch="false" condition-coverage=""></line>
						<line number="48" hits="4" branch="false" condition-coverage=""></line>
						<line number="49" hits="4" branch="false" condition-coverage=""></line>
						<line number="50" hits="4" branch="false" condition-coverage=""></line>
						<line number="67" hits="4" branch="false" condition-coverage=""></line>
						<line number="68" hits="4" branch="false" condition-coverage=""></line>
						<line number="70" hits="4" branch="false" condition-coverage=""></line>
						<line number="71" hits="4" branch="false" condition-coverage=""></line>
						<line number="72" hits="4" branch="false" condition-coverage=""></line>
						<line number="73" hits="4" branch="false" condition-coverage=""></line>
						<line number="74" hits="4" branch="false" condition-coverage=""></line>
						<line number="75" hits="4" branch="false" condition-coverage=""></line>
						<line number="77" hits="4" branch="true" condition-coverage="1.00 (1/1)"></line>
						<line number="78" hits="1" branch="false" condition-coverage=""></line>
						<line number="81" hits="3" branch="false" condition-coverage=""></line>
						<line number="82" hits="3" branch="true" condition-coverage="1.00 (1/1)"></line>
						<line number="83" hits="1" branch="false" condition-coverage=""></line>
						<line number="85" hits="2" branch="true" condition-coverage="1.00 (1/1)"></line>
						<line number="86" hits="1" branch="false" condition-coverage=""></line>
						<line number="89" hits="1" branch="false" condition-coverage=""></line>
						<line number="90" hits="1" branch="false" condition-coverage=""></line>
					</lines>
				</class>
				<class name="-" filename="/home/benizzio/src-workspace/ghostfolio-cryptogains/internal/app/bootstrap/startup.go" line-rate="1.00" branch-rate="1.00" complexity="0">
					<methods>
						<method name="LoadStartupState" signature="" line-rate="1.00" branch-rate="1.00" complexity="0">
							<lines>
								<line number="48" hits="4" branch="false" condition-coverage=""></line>
								<line number="49" hits="4" branch="true" condition-coverage="1.00 (1/1)"></line>
								<line number="50" hits="2" branch="true" condition-coverage="1.00 (1/1)"></line>
								<line number="51" hits="1" branch="false" condition-coverage=""></line>
								<line number="53" hits="1" branch="false" condition-coverage=""></line>
								<line number="56" hits="2" branch="true" condition-coverage="1.00 (1/1)"></line>
								<line number="57" hits="1" branch="false" condition-coverage=""></line>
								<line number="60" hits="1" branch="false" condition-coverage=""></line>
							</lines>
						</method>
					</methods>
					<lines>
						<line number="48" hits="4" branch="false" condition-coverage=""></line>
						<line number="49" hits="4" branch="true" condition-coverage="1.00 (1/1)"></line>
						<line number="50" hits="2" branch="true" condition-coverage="1.00 (1/1)"></line>
						<line number="51" hits="1" branch="false" condition-coverage=""></line>
						<line number="53" hits="1" branch="false" condition-coverage=""></line>
						<line number="56" hits="2" branch="true" condition-coverage="1.00 (1/1)"></line>
						<line number="57" hits="1" branch="false" condition-coverage=""></line>
						<line number="60" hits="1" branch="false" condition-coverage=""></line>
					</lines>
				</class>
			</classes>
		</package>
		<package name="github.com/benizzio/ghostfolio-cryptogains/internal/ghostfolio/client" line-rate="1.00" branch-rate="1.00" complexity="0">
			<classes>
				<class name="Client" filename="/home/benizzio/src-workspace/ghostfolio-cryptogains/internal/ghostfolio/client/client.go" line-rate="1.00" branch-rate="1.00" complexity="0">
					<methods>
						<method name="Authenticate" signature="" line-rate="1.00" branch-rate="1.00" complexity="0">
							<lines>
								<line number="133" hits="7" branch="false" condition-coverage=""></line>
								<line number="135" hits="7" branch="false" condition-coverage=""></line>
								<line number="136" hits="7" branch="false" condition-coverage=""></line>
								<line number="137" hits="7" branch="false" condition-coverage=""></line>
								<line number="138" hits="7" branch="false" condition-coverage=""></line>
								<line number="139" hits="7" branch="true" condition-coverage="1.00 (1/1)"></line>
								<line number="140" hits="1" branch="false" condition-coverage=""></line>
								<line number="142" hits="6" branch="false" condition-coverage=""></line>
								<line number="144" hits="6" branch="false" condition-coverage=""></line>
								<line number="145" hits="6" branch="false" condition-coverage=""></line>
								<line number="146" hits="6" branch="true" condition-coverage="1.00 (1/1)"></line>
								<line number="147" hits="1" branch="false" condition-coverage=""></line>
								<line number="149" hits="5" branch="false" condition-coverage=""></line>
								<line number="151" hits="5" branch="true" condition-coverage="1.00 (1/1)"></line>
								<line number="152" hits="1" branch="false" condition-coverage=""></line>
								<line number="154" hits="4" branch="true" condition-coverage="1.00 (1/1)"></line>
								<line number="155" hits="1" branch="false" condition-coverage=""></line>
								<line number="157" hits="3" branch="true" condition-coverage="1.00 (1/1)"></line>
								<line number="158" hits="1" branch="false" condition-coverage=""></line>
								<line number="161" hits="2" branch="false" condition-coverage=""></line>
								<line number="162" hits="2" branch="true" condition-coverage="1.00 (1/1)"></line>
								<line number="163" hits="1" branch="false" condition-coverage=""></line>
								<line number="166" hits="1" branch="false" condition-coverage=""></line>
							</lines>
						</method>
						<method name="FetchActivitiesProbe" signature="" line-rate="1.00" branch-rate="1.00" complexity="0">
							<lines>
								<line number="182" hits="9" branch="false" condition-coverage=""></line>
								<line number="183" hits="9" branch="false" condition-coverage=""></line>
								<line number="184" hits="9" branch="false" condition-coverage=""></line>
								<line number="185" hits="9" branch="false" condition-coverage=""></line>
								<line number="186" hits="9" branch="true" condition-coverage="1.00 (1/1)"></line>
								<line number="187" hits="1" branch="false" condition-coverage=""></line>
								<line number="189" hits="8" branch="false" condition-coverage=""></line>
								<line number="191" hits="8" branch="false" condition-coverage=""></line>
								<line number="192" hits="8" branch="false" condition-coverage=""></line>
								<line number="193" hits="8" branch="true" condition-coverage="1.00 (1/1)"></line>
								<line number="194" hits="1" branch="false" condition-coverage=""></line>
								<line number="196" hits="7" branch="false" condition-coverage=""></line>
								<line number="198" hits="7" branch="false" condition-coverage=""></line>
								<line number="200" hits="1" branch="false" condition-coverage=""></line>
								<line number="202" hits="2" branch="false" condition-coverage=""></line>
								<line number="204" hits="4" branch="true" condition-coverage="1.00 (1/1)"></line>
								<line number="205" hits="1" branch="false" condition-coverage=""></line>
								<line number="207" hits="3" branch="true" condition-coverage="1.00 (1/1)"></line>
								<line number="208" hits="1" branch="false" condition-coverage=""></line>
								<line number="211" hits="2" branch="false" condition-coverage=""></line>
								<line number="212" hits="2" branch="true" condition-coverage="1.00 (1/1)"></line>
								<line number="213" hits="1" branch="false" condition-coverage=""></line>
								<line number="216" hits="1" branch="false" condition-coverage=""></line>
							</lines>
						</method>
					</methods>
					<lines>
						<line number="133" hits="7" branch="false" condition-coverage=""></line>
						<line number="135" hits="7" branch="false" condition-coverage=""></line>
						<line number="136" hits="7" branch="false" condition-coverage=""></line>
						<line number="137" hits="7" branch="false" condition-coverage=""></line>
						<line number="138" hits="7" branch="false" condition-coverage=""></line>
						<line number="139" hits="7" branch="true" condition-coverage="1.00 (1/1)"></line>
						<line number="140" hits="1" branch="false" condition-coverage=""></line>
						<line number="142" hits="6" branch="false" condition-coverage=""></line>
						<line number="144" hits="6" branch="false" condition-coverage=""></line>
						<line number="145" hits="6" branch="false" condition-coverage=""></line>
						<line number="146" hits="6" branch="true" condition-coverage="1.00 (1/1)"></line>
						<line number="147" hits="1" branch="false" condition-coverage=""></line>
						<line number="149" hits="5" branch="false" condition-coverage=""></line>
						<line number="151" hits="5" branch="true" condition-coverage="1.00 (1/1)"></line>
						<line number="152" hits="1" branch="false" condition-coverage=""></line>
						<line number="154" hits="4" branch="true" condition-coverage="1.00 (1/1)"></line>
						<line number="155" hits="1" branch="false" condition-coverage=""></line>
						<line number="157" hits="3" branch="true" condition-coverage="1.00 (1/1)"></line>
						<line number="158" hits="1" branch="false" condition-coverage=""></line>
						<line number="161" hits="2" branch="false" condition-coverage=""></line>
						<line number="162" hits="2" branch="true" condition-coverage="1.00 (1/1)"></line>
						<line number="163" hits="1" branch="false" condition-coverage=""></line>
						<line number="166" hits="1" branch="false" condition-coverage=""></line>
						<line number="182" hits="9" branch="false" condition-coverage=""></line>
						<line number="183" hits="9" branch="false" condition-coverage=""></line>
						<line number="184" hits="9" branch="false" condition-coverage=""></line>
						<line number="185" hits="9" branch="false" condition-coverage=""></line>
						<line number="186" hits="9" branch="true" condition-coverage="1.00 (1/1)"></line>
						<line number="187" hits="1" branch="false" condition-coverage=""></line>
						<line number="189" hits="8" branch="false" condition-coverage=""></line>
						<line number="191" hits="8" branch="false" condition-coverage=""></line>
						<line number="192" hits="8" branch="false" condition-coverage=""></line>
						<line number="193" hits="8" branch="true" condition-coverage="1.00 (1/1)"></line>
						<line number="194" hits="1" branch="false" condition-coverage=""></line>
						<line number="196" hits="7" branch="false" condition-coverage=""></line>
						<line number="198" hits="7" branch="false" condition-coverage=""></line>
						<line number="200" hits="1" branch="false" condition-coverage=""></line>
						<line number="202" hits="2" branch="false" condition-coverage=""></line>
						<line number="204" hits="4" branch="true" condition-coverage="1.00 (1/1)"></line>
						<line number="205" hits="1" branch="false" condition-coverage=""></line>
						<line number="207" hits="3" branch="true" condition-coverage="1.00 (1/1)"></line>
						<line number="208" hits="1" branch="false" condition-coverage=""></line>
						<line number="211" hits="2" branch="false" condition-coverage=""></line>
						<line number="212" hits="2" branch="true" condition-coverage="1.00 (1/1)"></line>
						<line number="213" hits="1" branch="false" condition-coverage=""></line>
						<line number="216" hits="1" branch="false" condition-coverage=""></line>
					</lines>
				</class>
				<class name="RequestFailure" filename="/home/benizzio/src-workspace/ghostfolio-cryptogains/internal/ghostfolio/client/client.go" line-rate="1.00" branch-rate="1.00" complexity="0">
					<methods>
						<method name="Error" signature="" line-rate="1.00" branch-rate="1.00" complexity="0">
							<lines>
								<line number="75" hits="2" branch="true" condition-coverage="1.00 (1/1)"></line>
								<line number="76" hits="1" branch="false" condition-coverage=""></line>
								<line number="78" hits="1" branch="false" condition-coverage=""></line>
							</lines>
						</method>
						<method name="Unwrap" signature="" line-rate="1.00" branch-rate="1.00" complexity="0">
							<lines>
								<line number="90" hits="1" branch="false" condition-coverage=""></line>
							</lines>
						</method>
					</methods>
					<lines>
						<line number="75" hits="2" branch="true" condition-coverage="1.00 (1/1)"></line>
						<line number="76" hits="1" branch="false" condition-coverage=""></line>
						<line number="78" hits="1" branch="false" condition-coverage=""></line>
						<line number="90" hits="1" branch="false" condition-coverage=""></line>
					</lines>
				</class>
				<class name="-" filename="/home/benizzio/src-workspace/ghostfolio-cryptogains/internal/ghostfolio/client/client.go" line-rate="1.00" branch-rate="1.00" complexity="0">
					<methods>
						<method name="New" signature="" line-rate="1.00" branch-rate="1.00" complexity="0">
							<lines>
								<line number="115" hits="17" branch="true" condition-coverage="1.00 (1/1)"></line>
								<line number="116" hits="3" branch="false" condition-coverage=""></line>
								<line number="118" hits="17" branch="false" condition-coverage=""></line>
							</lines>
						</method>
						<method name="classifyTransportFailure" signature="" line-rate="1.00" branch-rate="1.00" complexity="0">
							<lines>
								<line number="222" hits="5" branch="true" condition-coverage="1.00 (1/1)"></line>
								<line number="223" hits="1" branch="false" condition-coverage=""></line>
								<line number="226" hits="4" branch="false" condition-coverage=""></line>
								<line number="227" hits="4" branch="true" condition-coverage="1.00 (1/1)"></line>
								<line number="228" hits="3" branch="false" condition-coverage=""></line>
								<line number="231" hits="1" branch="false" condition-coverage=""></line>
							</lines>
						</method>
						<method name="requireJSONContentType" signature="" line-rate="1.00" branch-rate="1.00" complexity="0">
							<lines>
								<line number="237" hits="7" branch="false" condition-coverage=""></line>
								<line number="238" hits="7" branch="true" condition-coverage="1.00 (1/1)"></line>
								<line number="239" hits="1" branch="false" condition-coverage=""></line>
								<line number="241" hits="6" branch="true" condition-coverage="1.00 (1/1)"></line>
								<line number="242" hits="4" branch="false" condition-coverage=""></line>
								<line number="244" hits="2" branch="false" condition-coverage=""></line>
							</lines>
						</method>
						<method name="closeBody" signature="" line-rate="1.00" branch-rate="1.00" complexity="0">
							<lines>
								<line number="250" hits="13" branch="false" condition-coverage=""></line>
							</lines>
						</method>
					</methods>
					<lines>
						<line number="115" hits="17" branch="true" condition-coverage="1.00 (1/1)"></line>
						<line number="116" hits="3" branch="false" condition-coverage=""></line>
						<line number="118" hits="17" branch="false" condition-coverage=""></line>
						<line number="222" hits="5" branch="true" condition-coverage="1.00 (1/1)"></line>
						<line number="223" hits="1" branch="false" condition-coverage=""></line>
						<line number="226" hits="4" branch="false" condition-coverage=""></line>
						<line number="227" hits="4" branch="true" condition-coverage="1.00 (1/1)"></line>
						<line number="228" hits="3" branch="false" condition-coverage=""></line>
						<line number="231" hits="1" branch="false" condition-coverage=""></line>
						<line number="237" hits="7" branch="false" condition-coverage=""></line>
						<line number="238" hits="7" branch="true" condition-coverage="1.00 (1/1)"></line>
						<line number="239" hits="1" branch="false" condition-coverage=""></line>
						<line number="241" hits="6" branch="true" condition-coverage="1.00 (1/1)"></line>
						<line number="242" hits="4" branch="false" condition-coverage=""></line>
						<line number="244" hits="2" branch="false" condition-coverage=""></line>
						<line number="250" hits="13" branch="false" condition-coverage=""></line>
					</lines>
				</class>
			</classes>
		</package>
		<package name="github.com/benizzio/ghostfolio-cryptogains/internal/app/runtime" line-rate="1.00" branch-rate="1.00" complexity="0">
			<classes>
				<class name="-" filename="/home/benizzio/src-workspace/ghostfolio-cryptogains/internal/app/runtime/runtime.go" line-rate="1.00" branch-rate="1.00" complexity="0">
					<methods>
						<method name="New" signature="" line-rate="1.00" branch-rate="1.00" complexity="0">
							<lines>
								<line number="44" hits="3" branch="false" condition-coverage=""></line>
								<line number="45" hits="3" branch="true" condition-coverage="1.00 (1/1)"></line>
								<line number="46" hits="2" branch="false" condition-coverage=""></line>
								<line number="47" hits="2" branch="true" condition-coverage="1.00 (1/1)"></line>
								<line number="48" hits="1" branch="false" condition-coverage=""></line>
								<line number="50" hits="1" branch="false" condition-coverage=""></line>
								<line number="53" hits="2" branch="false" condition-coverage=""></line>
								<line number="54" hits="2" branch="false" condition-coverage=""></line>
								<line number="56" hits="2" branch="false" condition-coverage=""></line>
								<line number="57" hits="2" branch="false" condition-coverage=""></line>
								<line number="58" hits="2" branch="false" condition-coverage=""></line>
								<line number="59" hits="2" branch="false" condition-coverage=""></line>
								<line number="60" hits="2" branch="false" condition-coverage=""></line>
							</lines>
						</method>
					</methods>
					<lines>
						<line number="44" hits="3" branch="false" condition-coverage=""></line>
						<line number="45" hits="3" branch="true" condition-coverage="1.00 (1/1)"></line>
						<line number="46" hits="2" branch="false" condition-coverage=""></line>
						<line number="47" hits="2" branch="true" condition-coverage="1.00 (1/1)"></line>
						<line number="48" hits="1" branch="false" condition-coverage=""></line>
						<line number="50" hits="1" branch="false" condition-coverage=""></line>
						<line number="53" hits="2" branch="false" condition-coverage=""></line>
						<line number="54" hits="2" branch="false" condition-coverage=""></line>
						<line number="56" hits="2" branch="false" condition-coverage=""></line>
						<line number="57" hits="2" branch="false" condition-coverage=""></line>
						<line number="58" hits="2" branch="false" condition-coverage=""></line>
						<line number="59" hits="2" branch="false" condition-coverage=""></line>
						<line number="60" hits="2" branch="false" condition-coverage=""></line>
					</lines>
				</class>
				<class name="-" filename="/home/benizzio/src-workspace/ghostfolio-cryptogains/internal/app/runtime/sync_service.go" line-rate="1.00" branch-rate="1.00" complexity="0">
					<methods>
						<method name="NewSyncService" signature="" line-rate="1.00" branch-rate="1.00" complexity="0">
							<lines>
								<line number="125" hits="7" branch="false" condition-coverage=""></line>
							</lines>
						</method>
						<method name="finalizeFailure" signature="" line-rate="1.00" branch-rate="1.00" complexity="0">
							<lines>
								<line number="190" hits="4" branch="false" condition-coverage=""></line>
								<line number="191" hits="4" branch="false" condition-coverage=""></line>
								<line number="193" hits="4" branch="false" condition-coverage=""></line>
								<line number="194" hits="4" branch="false" condition-coverage=""></line>
								<line number="195" hits="4" branch="true" condition-coverage="1.00 (1/1)"></line>
								<line number="196" hits="3" branch="false" condition-coverage=""></line>
								<line number="198" hits="4" branch="false" condition-coverage=""></line>
								<line number="199" hits="4" branch="false" condition-coverage=""></line>
								<line number="201" hits="4" branch="false" condition-coverage=""></line>
								<line number="202" hits="4" branch="false" condition-coverage=""></line>
								<line number="203" hits="4" branch="false" condition-coverage=""></line>
								<line number="204" hits="4" branch="false" condition-coverage=""></line>
								<line number="205" hits="4" branch="false" condition-coverage=""></line>
								<line number="206" hits="4" branch="false" condition-coverage=""></line>
								<line number="207" hits="4" branch="false" condition-coverage=""></line>
							</lines>
						</method>
						<method name="finalizeValidationFailure" signature="" line-rate="1.00" branch-rate="1.00" complexity="0">
							<lines>
								<line number="214" hits="2" branch="false" condition-coverage=""></line>
								<line number="215" hits="2" branch="false" condition-coverage=""></line>
								<line number="216" hits="2" branch="false" condition-coverage=""></line>
								<line number="217" hits="2" branch="false" condition-coverage=""></line>
								<line number="218" hits="2" branch="false" condition-coverage=""></line>
								<line number="220" hits="2" branch="false" condition-coverage=""></line>
								<line number="221" hits="2" branch="false" condition-coverage=""></line>
								<line number="222" hits="2" branch="false" condition-coverage=""></line>
								<line number="223" hits="2" branch="false" condition-coverage=""></line>
								<line number="224" hits="2" branch="false" condition-coverage=""></line>
								<line number="225" hits="2" branch="false" condition-coverage=""></line>
								<line number="226" hits="2" branch="false" condition-coverage=""></line>
							</lines>
						</method>
						<method name="clearSessionSecrets" signature="" line-rate="1.00" branch-rate="1.00" complexity="0">
							<lines>
								<line number="233" hits="8" branch="false" condition-coverage=""></line>
								<line number="234" hits="8" branch="false" condition-coverage=""></line>
							</lines>
						</method>
					</methods>
					<lines>
						<line number="125" hits="7" branch="false" condition-coverage=""></line>
						<line number="190" hits="4" branch="false" condition-coverage=""></line>
						<line number="191" hits="4" branch="false" condition-coverage=""></line>
						<line number="193" hits="4" branch="false" condition-coverage=""></line>
						<line number="194" hits="4" branch="false" condition-coverage=""></line>
						<line number="195" hits="4" branch="true" condition-coverage="1.00 (1/1)"></line>
						<line number="196" hits="3" branch="false" condition-coverage=""></line>
						<line number="198" hits="4" branch="false" condition-coverage=""></line>
						<line number="199" hits="4" branch="false" condition-coverage=""></line>
						<line number="201" hits="4" branch="false" condition-coverage=""></line>
						<line number="202" hits="4" branch="false" condition-coverage=""></line>
						<line number="203" hits="4" branch="false" condition-coverage=""></line>
						<line number="204" hits="4" branch="false" condition-coverage=""></line>
						<line number="205" hits="4" branch="false" condition-coverage=""></line>
						<line number="206" hits="4" branch="false" condition-coverage=""></line>
						<line number="207" hits="4" branch="false" condition-coverage=""></line>
						<line number="214" hits="2" branch="false" condition-coverage=""></line>
						<line number="215" hits="2" branch="false" condition-coverage=""></line>
						<line number="216" hits="2" branch="false" condition-coverage=""></line>
						<line number="217" hits="2" branch="false" condition-coverage=""></line>
						<line number="218" hits="2" branch="false" condition-coverage=""></line>
						<line number="220" hits="2" branch="false" condition-coverage=""></line>
						<line number="221" hits="2" branch="false" condition-coverage=""></line>
						<line number="222" hits="2" branch="false" condition-coverage=""></line>
						<line number="223" hits="2" branch="false" condition-coverage=""></line>
						<line number="224" hits="2" branch="false" condition-coverage=""></line>
						<line number="225" hits="2" branch="false" condition-coverage=""></line>
						<line number="226" hits="2" branch="false" condition-coverage=""></line>
						<line number="233" hits="8" branch="false" condition-coverage=""></line>
						<line number="234" hits="8" branch="false" condition-coverage=""></line>
					</lines>
				</class>
				<class name="syncService" filename="/home/benizzio/src-workspace/ghostfolio-cryptogains/internal/app/runtime/sync_service.go" line-rate="1.00" branch-rate="1.00" complexity="0">
					<methods>
						<method name="Validate" signature="" line-rate="1.00" branch-rate="1.00" complexity="0">
							<lines>
								<line number="137" hits="5" branch="false" condition-coverage=""></line>
								<line number="138" hits="5" branch="false" condition-coverage=""></line>
								<line number="140" hits="5" branch="false" condition-coverage=""></line>
								<line number="141" hits="5" branch="false" condition-coverage=""></line>
								<line number="142" hits="5" branch="false" condition-coverage=""></line>
								<line number="143" hits="5" branch="false" condition-coverage=""></line>
								<line number="144" hits="5" branch="false" condition-coverage=""></line>
								<line number="146" hits="5" branch="false" condition-coverage=""></line>
								<line number="147" hits="5" branch="false" condition-coverage=""></line>
								<line number="148" hits="5" branch="false" condition-coverage=""></line>
								<line number="149" hits="5" branch="false" condition-coverage=""></line>
								<line number="152" hits="5" branch="false" condition-coverage=""></line>
								<line number="153" hits="5" branch="true" condition-coverage="1.00 (1/1)"></line>
								<line number="154" hits="1" branch="false" condition-coverage=""></line>
								<line number="156" hits="4" branch="true" condition-coverage="1.00 (1/1)"></line>
								<line number="157" hits="1" branch="false" condition-coverage=""></line>
								<line number="160" hits="3" branch="false" condition-coverage=""></line>
								<line number="161" hits="3" branch="false" condition-coverage=""></line>
								<line number="162" hits="3" branch="false" condition-coverage=""></line>
								<line number="164" hits="3" branch="false" condition-coverage=""></line>
								<line number="165" hits="3" branch="true" condition-coverage="1.00 (1/1)"></line>
								<line number="166" hits="1" branch="false" condition-coverage=""></line>
								<line number="169" hits="2" branch="false" condition-coverage=""></line>
								<line number="170" hits="2" branch="true" condition-coverage="1.00 (1/1)"></line>
								<line number="171" hits="1" branch="false" condition-coverage=""></line>
								<line number="174" hits="1" branch="false" condition-coverage=""></line>
								<line number="175" hits="1" branch="false" condition-coverage=""></line>
								<line number="176" hits="1" branch="false" condition-coverage=""></line>
								<line number="178" hits="1" branch="false" condition-coverage=""></line>
								<line number="179" hits="1" branch="false" condition-coverage=""></line>
								<line number="180" hits="1" branch="false" condition-coverage=""></line>
								<line number="181" hits="1" branch="false" condition-coverage=""></line>
								<line number="182" hits="1" branch="false" condition-coverage=""></line>
								<line number="183" hits="1" branch="false" condition-coverage=""></line>
							</lines>
						</method>
					</methods>
					<lines>
						<line number="137" hits="5" branch="false" condition-coverage=""></line>
						<line number="138" hits="5" branch="false" condition-coverage=""></line>
						<line number="140" hits="5" branch="false" condition-coverage=""></line>
						<line number="141" hits="5" branch="false" condition-coverage=""></line>
						<line number="142" hits="5" branch="false" condition-coverage=""></line>
						<line number="143" hits="5" branch="false" condition-coverage=""></line>
						<line number="144" hits="5" branch="false" condition-coverage=""></line>
						<line number="146" hits="5" branch="false" condition-coverage=""></line>
						<line number="147" hits="5" branch="false" condition-coverage=""></line>
						<line number="148" hits="5" branch="false" condition-coverage=""></line>
						<line number="149" hits="5" branch="false" condition-coverage=""></line>
						<line number="152" hits="5" branch="false" condition-coverage=""></line>
						<line number="153" hits="5" branch="true" condition-coverage="1.00 (1/1)"></line>
						<line number="154" hits="1" branch="false" condition-coverage=""></line>
						<line number="156" hits="4" branch="true" condition-coverage="1.00 (1/1)"></line>
						<line number="157" hits="1" branch="false" condition-coverage=""></line>
						<line number="160" hits="3" branch="false" condition-coverage=""></line>
						<line number="161" hits="3" branch="false" condition-coverage=""></line>
						<line number="162" hits="3" branch="false" condition-coverage=""></line>
						<line number="164" hits="3" branch="false" condition-coverage=""></line>
						<line number="165" hits="3" branch="true" condition-coverage="1.00 (1/1)"></line>
						<line number="166" hits="1" branch="false" condition-coverage=""></line>
						<line number="169" hits="2" branch="false" condition-coverage=""></line>
						<line number="170" hits="2" branch="true" condition-coverage="1.00 (1/1)"></line>
						<line number="171" hits="1" branch="false" condition-coverage=""></line>
						<line number="174" hits="1" branch="false" condition-coverage=""></line>
						<line number="175" hits="1" branch="false" condition-coverage=""></line>
						<line number="176" hits="1" branch="false" condition-coverage=""></line>
						<line number="178" hits="1" branch="false" condition-coverage=""></line>
						<line number="179" hits="1" branch="false" condition-coverage=""></line>
						<line number="180" hits="1" branch="false" condition-coverage=""></line>
						<line number="181" hits="1" branch="false" condition-coverage=""></line>
						<line number="182" hits="1" branch="false" condition-coverage=""></line>
						<line number="183" hits="1" branch="false" condition-coverage=""></line>
					</lines>
				</class>
			</classes>
		</package>
		<package name="github.com/benizzio/ghostfolio-cryptogains/internal/tui/component" line-rate="1.00" branch-rate="1.00" complexity="0">
			<classes>
				<class name="Bindings" filename="/home/benizzio/src-workspace/ghostfolio-cryptogains/internal/tui/component/help.go" line-rate="1.00" branch-rate="1.00" complexity="0">
					<methods>
						<method name="ShortHelp" signature="" line-rate="1.00" branch-rate="1.00" complexity="0">
							<lines>
								<line number="29" hits="2" branch="false" condition-coverage=""></line>
							</lines>
						</method>
						<method name="FullHelp" signature="" line-rate="1.00" branch-rate="1.00" complexity="0">
							<lines>
								<line number="35" hits="1" branch="false" condition-coverage=""></line>
							</lines>
						</method>
					</methods>
					<lines>
						<line number="29" hits="2" branch="false" condition-coverage=""></line>
						<line number="35" hits="1" branch="false" condition-coverage=""></line>
					</lines>
				</class>
				<class name="-" filename="/home/benizzio/src-workspace/ghostfolio-cryptogains/internal/tui/component/help.go" line-rate="1.00" branch-rate="1.00" complexity="0">
					<methods>
						<method name="RenderHelp" signature="" line-rate="1.00" branch-rate="1.00" complexity="0">
							<lines>
								<line number="48" hits="1" branch="true" condition-coverage="1.00 (1/1)"></line>
								<line number="49" hits="1" branch="false" condition-coverage=""></line>
								<line number="51" hits="1" branch="false" condition-coverage=""></line>
								<line number="52" hits="1" branch="false" condition-coverage=""></line>
								<line number="53" hits="1" branch="false" condition-coverage=""></line>
							</lines>
						</method>
					</methods>
					<lines>
						<line number="48" hits="1" branch="true" condition-coverage="1.00 (1/1)"></line>
						<line number="49" hits="1" branch="false" condition-coverage=""></line>
						<line number="51" hits="1" branch="false" condition-coverage=""></line>
						<line number="52" hits="1" branch="false" condition-coverage=""></line>
						<line number="53" hits="1" branch="false" condition-coverage=""></line>
					</lines>
				</class>
				<class name="-" filename="/home/benizzio/src-workspace/ghostfolio-cryptogains/internal/tui/component/layout.go" line-rate="1.00" branch-rate="1.00" complexity="0">
					<methods>
						<method name="RenderMenu" signature="" line-rate="1.00" branch-rate="1.00" complexity="0">
							<lines>
								<line number="34" hits="1" branch="false" condition-coverage=""></line>
								<line number="35" hits="1" branch="true" condition-coverage="1.00 (1/1)"></line>
								<line number="36" hits="2" branch="false" condition-coverage=""></line>
								<line number="37" hits="2" branch="false" condition-coverage=""></line>
								<line number="38" hits="2" branch="true" condition-coverage="1.00 (1/1)"></line>
								<line number="39" hits="1" branch="false" condition-coverage=""></line>
								<line number="40" hits="1" branch="false" condition-coverage=""></line>
								<line number="42" hits="2" branch="true" condition-coverage="1.00 (1/1)"></line>
								<line number="43" hits="1" branch="false" condition-coverage=""></line>
								<line number="44" hits="1" branch="false" condition-coverage=""></line>
								<line number="47" hits="2" branch="false" condition-coverage=""></line>
								<line number="48" hits="2" branch="true" condition-coverage="1.00 (1/1)"></line>
								<line number="49" hits="1" branch="false" condition-coverage=""></line>
								<line number="51" hits="2" branch="false" condition-coverage=""></line>
								<line number="53" hits="1" branch="false" condition-coverage=""></line>
							</lines>
						</method>
						<method name="RenderScreen" signature="" line-rate="1.00" branch-rate="1.00" complexity="0">
							<lines>
								<line number="66" hits="1" branch="true" condition-coverage="1.00 (1/1)"></line>
								<line number="67" hits="1" branch="false" condition-coverage=""></line>
								<line number="69" hits="1" branch="true" condition-coverage="1.00 (1/1)"></line>
								<line number="70" hits="1" branch="false" condition-coverage=""></line>
								<line number="73" hits="1" branch="false" condition-coverage=""></line>
								<line number="74" hits="1" branch="false" condition-coverage=""></line>
								<line number="75" hits="1" branch="false" condition-coverage=""></line>
								<line number="76" hits="1" branch="false" condition-coverage=""></line>
								<line number="78" hits="1" branch="false" condition-coverage=""></line>
								<line number="79" hits="1" branch="false" condition-coverage=""></line>
							</lines>
						</method>
					</methods>
					<lines>
						<line number="34" hits="1" branch="false" condition-coverage=""></line>
						<line number="35" hits="1" branch="true" condition-coverage="1.00 (1/1)"></line>
						<line number="36" hits="2" branch="false" condition-coverage=""></line>
						<line number="37" hits="2" branch="false" condition-coverage=""></line>
						<line number="38" hits="2" branch="true" condition-coverage="1.00 (1/1)"></line>
						<line number="39" hits="1" branch="false" condition-coverage=""></line>
						<line number="40" hits="1" branch="false" condition-coverage=""></line>
						<line number="42" hits="2" branch="true" condition-coverage="1.00 (1/1)"></line>
						<line number="43" hits="1" branch="false" condition-coverage=""></line>
						<line number="44" hits="1" branch="false" condition-coverage=""></line>
						<line number="47" hits="2" branch="false" condition-coverage=""></line>
						<line number="48" hits="2" branch="true" condition-coverage="1.00 (1/1)"></line>
						<line number="49" hits="1" branch="false" condition-coverage=""></line>
						<line number="51" hits="2" branch="false" condition-coverage=""></line>
						<line number="53" hits="1" branch="false" condition-coverage=""></line>
						<line number="66" hits="1" branch="true" condition-coverage="1.00 (1/1)"></line>
						<line number="67" hits="1" branch="false" condition-coverage=""></line>
						<line number="69" hits="1" branch="true" condition-coverage="1.00 (1/1)"></line>
						<line number="70" hits="1" branch="false" condition-coverage=""></line>
						<line number="73" hits="1" branch="false" condition-coverage=""></line>
						<line number="74" hits="1" branch="false" condition-coverage=""></line>
						<line number="75" hits="1" branch="false" condition-coverage=""></line>
						<line number="76" hits="1" branch="false" condition-coverage=""></line>
						<line number="78" hits="1" branch="false" condition-coverage=""></line>
						<line number="79" hits="1" branch="false" condition-coverage=""></line>
					</lines>
				</class>
				<class name="-" filename="/home/benizzio/src-workspace/ghostfolio-cryptogains/internal/tui/component/theme.go" line-rate="1.00" branch-rate="1.00" complexity="0">
					<methods>
						<method name="DefaultTheme" signature="" line-rate="1.00" branch-rate="1.00" complexity="0">
							<lines>
								<line number="40" hits="2" branch="false" condition-coverage=""></line>
								<line number="41" hits="2" branch="false" condition-coverage=""></line>
								<line number="42" hits="2" branch="false" condition-coverage=""></line>
								<line number="43" hits="2" branch="false" condition-coverage=""></line>
								<line number="45" hits="2" branch="false" condition-coverage=""></line>
								<line number="46" hits="2" branch="false" condition-coverage=""></line>
								<line number="47" hits="2" branch="false" condition-coverage=""></line>
								<line number="48" hits="2" branch="false" condition-coverage=""></line>
								<line number="49" hits="2" branch="false" condition-coverage=""></line>
								<line number="50" hits="2" branch="false" condition-coverage=""></line>
								<line number="51" hits="2" branch="false" condition-coverage=""></line>
								<line number="52" hits="2" branch="false" condition-coverage=""></line>
								<line number="53" hits="2" branch="false" condition-coverage=""></line>
								<line number="54" hits="2" branch="false" condition-coverage=""></line>
								<line number="55" hits="2" branch="false" condition-coverage=""></line>
								<line number="56" hits="2" branch="false" condition-coverage=""></line>
								<line number="57" hits="2" branch="false" condition-coverage=""></line>
								<line number="58" hits="2" branch="false" condition-coverage=""></line>
								<line number="59" hits="2" branch="false" condition-coverage=""></line>
								<line number="60" hits="2" branch="false" condition-coverage=""></line>
								<line number="61" hits="2" branch="false" condition-coverage=""></line>
								<line number="62" hits="2" branch="false" condition-coverage=""></line>
							</lines>
						</method>
					</methods>
					<lines>
						<line number="40" hits="2" branch="false" condition-coverage=""></line>
						<line number="41" hits="2" branch="false" condition-coverage=""></line>
						<line number="42" hits="2" branch="false" condition-coverage=""></line>
						<line number="43" hits="2" branch="false" condition-coverage=""></line>
						<line number="45" hits="2" branch="false" condition-coverage=""></line>
						<line number="46" hits="2" branch="false" condition-coverage=""></line>
						<line number="47" hits="2" branch="false" condition-coverage=""></line>
						<line number="48" hits="2" branch="false" condition-coverage=""></line>
						<line number="49" hits="2" branch="false" condition-coverage=""></line>
						<line number="50" hits="2" branch="false" condition-coverage=""></line>
						<line number="51" hits="2" branch="false" condition-coverage=""></line>
						<line number="52" hits="2" branch="false" condition-coverage=""></line>
						<line number="53" hits="2" branch="false" condition-coverage=""></line>
						<line number="54" hits="2" branch="false" condition-coverage=""></line>
						<line number="55" hits="2" branch="false" condition-coverage=""></line>
						<line number="56" hits="2" branch="false" condition-coverage=""></line>
						<line number="57" hits="2" branch="false" condition-coverage=""></line>
						<line number="58" hits="2" branch="false" condition-coverage=""></line>
						<line number="59" hits="2" branch="false" condition-coverage=""></line>
						<line number="60" hits="2" branch="false" condition-coverage=""></line>
						<line number="61" hits="2" branch="false" condition-coverage=""></line>
						<line number="62" hits="2" branch="false" condition-coverage=""></line>
					</lines>
				</class>
			</classes>
		</package>
		<package name="github.com/benizzio/ghostfolio-cryptogains/internal/tui/screen" line-rate="1.00" branch-rate="1.00" complexity="0">
			<classes>
				<class name="-" filename="/home/benizzio/src-workspace/ghostfolio-cryptogains/internal/tui/screen/main_menu_screen.go" line-rate="1.00" branch-rate="1.00" complexity="0">
					<methods>
						<method name="MainMenuScreenView" signature="" line-rate="1.00" branch-rate="1.00" complexity="0">
							<lines>
								<line number="39" hits="1" branch="false" condition-coverage=""></line>
								<line number="40" hits="1" branch="false" condition-coverage=""></line>
								<line number="41" hits="1" branch="false" condition-coverage=""></line>
								<line number="42" hits="1" branch="false" condition-coverage=""></line>
								<line number="45" hits="1" branch="false" condition-coverage=""></line>
								<line number="46" hits="1" branch="false" condition-coverage=""></line>
								<line number="47" hits="1" branch="false" condition-coverage=""></line>
								<line number="48" hits="1" branch="false" condition-coverage=""></line>
								<line number="49" hits="1" branch="false" condition-coverage=""></line>
								<line number="50" hits="1" branch="false" condition-coverage=""></line>
								<line number="51" hits="1" branch="false" condition-coverage=""></line>
								<line number="52" hits="1" branch="false" condition-coverage=""></line>
								<line number="53" hits="1" branch="false" condition-coverage=""></line>
							</lines>
						</method>
					</methods>
					<lines>
						<line number="39" hits="1" branch="false" condition-coverage=""></line>
						<line number="40" hits="1" branch="false" condition-coverage=""></line>
						<line number="41" hits="1" branch="false" condition-coverage=""></line>
						<line number="42" hits="1" branch="false" condition-coverage=""></line>
						<line number="45" hits="1" branch="false" condition-coverage=""></line>
						<line number="46" hits="1" branch="false" condition-coverage=""></line>
						<line number="47" hits="1" branch="false" condition-coverage=""></line>
						<line number="48" hits="1" branch="false" condition-coverage=""></line>
						<line number="49" hits="1" branch="false" condition-coverage=""></line>
						<line number="50" hits="1" branch="false" condition-coverage=""></line>
						<line number="51" hits="1" branch="false" condition-coverage=""></line>
						<line number="52" hits="1" branch="false" condition-coverage=""></line>
						<line number="53" hits="1" branch="false" condition-coverage=""></line>
					</lines>
				</class>
				<class name="-" filename="/home/benizzio/src-workspace/ghostfolio-cryptogains/internal/tui/screen/setup_screen.go" line-rate="1.00" branch-rate="1.00" complexity="0">
					<methods>
						<method name="SetupScreenView" signature="" line-rate="1.00" branch-rate="1.00" complexity="0">
							<lines>
								<line number="43" hits="1" branch="false" condition-coverage=""></line>
								<line number="44" hits="1" branch="false" condition-coverage=""></line>
								<line number="45" hits="1" branch="false" condition-coverage=""></line>
								<line number="46" hits="1" branch="false" condition-coverage=""></line>
								<line number="48" hits="1" branch="true" condition-coverage="1.00 (1/1)"></line>
								<line number="49" hits="1" branch="false" condition-coverage=""></line>
								<line number="50" hits="1" branch="false" condition-coverage=""></line>
								<line number="51" hits="1" branch="false" condition-coverage=""></line>
								<line number="54" hits="1" branch="true" condition-coverage="1.00 (1/1)"></line>
								<line number="55" hits="1" branch="false" condition-coverage=""></line>
								<line number="58" hits="1" branch="false" condition-coverage=""></line>
								<line number="59" hits="1" branch="true" condition-coverage="1.00 (1/1)"></line>
								<line number="60" hits="1" branch="false" condition-coverage=""></line>
								<line number="62" hits="1" branch="true" condition-coverage="1.00 (1/1)"></line>
								<line number="63" hits="1" branch="false" condition-coverage=""></line>
								<line number="66" hits="1" branch="false" condition-coverage=""></line>
								<line number="67" hits="1" branch="false" condition-coverage=""></line>
								<line number="68" hits="1" branch="false" condition-coverage=""></line>
								<line number="69" hits="1" branch="false" condition-coverage=""></line>
								<line number="70" hits="1" branch="false" condition-coverage=""></line>
								<line number="71" hits="1" branch="false" condition-coverage=""></line>
								<line number="72" hits="1" branch="false" condition-coverage=""></line>
								<line number="73" hits="1" branch="false" condition-coverage=""></line>
								<line number="74" hits="1" branch="false" condition-coverage=""></line>
							</lines>
						</method>
					</methods>
					<lines>
						<line number="43" hits="1" branch="false" condition-coverage=""></line>
						<line number="44" hits="1" branch="false" condition-coverage=""></line>
						<line number="45" hits="1" branch="false" condition-coverage=""></line>
						<line number="46" hits="1" branch="false" condition-coverage=""></line>
						<line number="48" hits="1" branch="true" condition-coverage="1.00 (1/1)"></line>
						<line number="49" hits="1" branch="false" condition-coverage=""></line>
						<line number="50" hits="1" branch="false" condition-coverage=""></line>
						<line number="51" hits="1" branch="false" condition-coverage=""></line>
						<line number="54" hits="1" branch="true" condition-coverage="1.00 (1/1)"></line>
						<line number="55" hits="1" branch="false" condition-coverage=""></line>
						<line number="58" hits="1" branch="false" condition-coverage=""></line>
						<line number="59" hits="1" branch="true" condition-coverage="1.00 (1/1)"></line>
						<line number="60" hits="1" branch="false" condition-coverage=""></line>
						<line number="62" hits="1" branch="true" condition-coverage="1.00 (1/1)"></line>
						<line number="63" hits="1" branch="false" condition-coverage=""></line>
						<line number="66" hits="1" branch="false" condition-coverage=""></line>
						<line number="67" hits="1" branch="false" condition-coverage=""></line>
						<line number="68" hits="1" branch="false" condition-coverage=""></line>
						<line number="69" hits="1" branch="false" condition-coverage=""></line>
						<line number="70" hits="1" branch="false" condition-coverage=""></line>
						<line number="71" hits="1" branch="false" condition-coverage=""></line>
						<line number="72" hits="1" branch="false" condition-coverage=""></line>
						<line number="73" hits="1" branch="false" condition-coverage=""></line>
						<line number="74" hits="1" branch="false" condition-coverage=""></line>
					</lines>
				</class>
				<class name="-" filename="/home/benizzio/src-workspace/ghostfolio-cryptogains/internal/tui/screen/sync_validation_screen.go" line-rate="1.00" branch-rate="1.00" complexity="0">
					<methods>
						<method name="SyncValidationScreenView" signature="" line-rate="1.00" branch-rate="1.00" complexity="0">
							<lines>
								<line number="45" hits="3" branch="false" condition-coverage=""></line>
								<line number="46" hits="3" branch="false" condition-coverage=""></line>
								<line number="47" hits="3" branch="false" condition-coverage=""></line>
								<line number="48" hits="3" branch="false" condition-coverage=""></line>
								<line number="51" hits="3" branch="true" condition-coverage="1.00 (1/1)"></line>
								<line number="52" hits="1" branch="false" condition-coverage=""></line>
								<line number="54" hits="2" branch="false" condition-coverage=""></line>
								<line number="57" hits="3" branch="false" condition-coverage=""></line>
								<line number="58" hits="3" branch="true" condition-coverage="1.00 (1/1)"></line>
								<line number="59" hits="1" branch="false" condition-coverage=""></line>
								<line number="62" hits="3" branch="false" condition-coverage=""></line>
								<line number="63" hits="3" branch="false" condition-coverage=""></line>
								<line number="64" hits="3" branch="false" condition-coverage=""></line>
								<line number="65" hits="3" branch="false" condition-coverage=""></line>
								<line number="66" hits="3" branch="false" condition-coverage=""></line>
								<line number="67" hits="3" branch="false" condition-coverage=""></line>
								<line number="68" hits="3" branch="false" condition-coverage=""></line>
								<line number="69" hits="3" branch="false" condition-coverage=""></line>
								<line number="70" hits="3" branch="false" condition-coverage=""></line>
							</lines>
						</method>
					</methods>
					<lines>
						<line number="45" hits="3" branch="false" condition-coverage=""></line>
						<line number="46" hits="3" branch="false" condition-coverage=""></line>
						<line number="47" hits="3" branch="false" condition-coverage=""></line>
						<line number="48" hits="3" branch="false" condition-coverage=""></line>
						<line number="51" hits="3" branch="true" condition-coverage="1.00 (1/1)"></line>
						<line number="52" hits="1" branch="false" condition-coverage=""></line>
						<line number="54" hits="2" branch="false" condition-coverage=""></line>
						<line number="57" hits="3" branch="false" condition-coverage=""></line>
						<line number="58" hits="3" branch="true" condition-coverage="1.00 (1/1)"></line>
						<line number="59" hits="1" branch="false" condition-coverage=""></line>
						<line number="62" hits="3" branch="false" condition-coverage=""></line>
						<line number="63" hits="3" branch="false" condition-coverage=""></line>
						<line number="64" hits="3" branch="false" condition-coverage=""></line>
						<line number="65" hits="3" branch="false" condition-coverage=""></line>
						<line number="66" hits="3" branch="false" condition-coverage=""></line>
						<line number="67" hits="3" branch="false" condition-coverage=""></line>
						<line number="68" hits="3" branch="false" condition-coverage=""></line>
						<line number="69" hits="3" branch="false" condition-coverage=""></line>
						<line number="70" hits="3" branch="false" condition-coverage=""></line>
					</lines>
				</class>
				<class name="-" filename="/home/benizzio/src-workspace/ghostfolio-cryptogains/internal/tui/screen/validation_result_screen.go" line-rate="1.00" branch-rate="1.00" complexity="0">
					<methods>
						<method name="ValidationResultScreenView" signature="" line-rate="1.00" branch-rate="1.00" complexity="0">
							<lines>
								<line number="42" hits="1" branch="false" condition-coverage=""></line>
								<line number="43" hits="1" branch="true" condition-coverage="1.00 (1/1)"></line>
								<line number="44" hits="1" branch="false" condition-coverage=""></line>
								<line number="47" hits="1" branch="false" condition-coverage=""></line>
								<line number="48" hits="1" branch="false" condition-coverage=""></line>
								<line number="49" hits="1" branch="false" condition-coverage=""></line>
								<line number="50" hits="1" branch="false" condition-coverage=""></line>
								<line number="51" hits="1" branch="false" condition-coverage=""></line>
								<line number="52" hits="1" branch="false" condition-coverage=""></line>
[...]
							</lines>
						</method>
					</methods>
					<lines>
						<line number="18" hits="18" branch="false" condition-coverage=""></line>
						<line number="20" hits="3" branch="true" condition-coverage="1.00 (1/1)"></line>
						<line number="21" hits="1" branch="false" condition-coverage=""></line>
						<line number="22" hits="1" branch="false" condition-coverage=""></line>
						<line number="24" hits="2" branch="false" condition-coverage=""></line>
						<line number="25" hits="2" branch="false" condition-coverage=""></line>
						<line number="26" hits="2" branch="false" condition-coverage=""></line>
						<line number="27" hits="2" branch="false" condition-coverage=""></line>
						<line number="29" hits="14" branch="true" condition-coverage="1.00 (1/1)"></line>
						<line number="32" hits="3" branch="false" condition-coverage=""></line>
						<line number="33" hits="3" branch="false" condition-coverage=""></line>
						<line number="34" hits="3" branch="false" condition-coverage=""></line>
						<line number="36" hits="1" branch="false" condition-coverage=""></line>
						<line number="37" hits="1" branch="false" condition-coverage=""></line>
						<line number="38" hits="1" branch="false" condition-coverage=""></line>
						<line number="39" hits="1" branch="false" condition-coverage=""></line>
						<line number="45" hits="1" branch="true" condition-coverage="1.00 (1/1)"></line>
						<line number="46" hits="1" branch="false" condition-coverage=""></line>
						<line number="49" hits="2" branch="true" condition-coverage="1.00 (1/1)"></line>
						<line number="50" hits="2" branch="false" condition-coverage=""></line>
						<line number="53" hits="1" branch="true" condition-coverage="1.00 (1/1)"></line>
						<line number="54" hits="1" branch="false" condition-coverage=""></line>
						<line number="55" hits="1" branch="false" condition-coverage=""></line>
						<line number="56" hits="1" branch="false" condition-coverage=""></line>
						<line number="57" hits="1" branch="false" condition-coverage=""></line>
						<line number="60" hits="1" branch="true" condition-coverage="1.00 (1/1)"></line>
						<line number="61" hits="1" branch="false" condition-coverage=""></line>
						<line number="64" hits="5" branch="false" condition-coverage=""></line>
						<line number="66" hits="1" branch="false" condition-coverage=""></line>
						<line number="67" hits="1" branch="false" condition-coverage=""></line>
						<line number="68" hits="1" branch="false" condition-coverage=""></line>
						<line number="69" hits="1" branch="false" condition-coverage=""></line>
						<line number="70" hits="1" branch="false" condition-coverage=""></line>
						<line number="72" hits="1" branch="false" condition-coverage=""></line>
						<line number="73" hits="1" branch="false" condition-coverage=""></line>
						<line number="74" hits="1" branch="false" condition-coverage=""></line>
						<line number="75" hits="1" branch="false" condition-coverage=""></line>
						<line number="77" hits="3" branch="true" condition-coverage="1.00 (1/1)"></line>
						<line number="78" hits="1" branch="false" condition-coverage=""></line>
						<line number="79" hits="1" branch="false" condition-coverage=""></line>
						<line number="82" hits="2" branch="false" condition-coverage=""></line>
						<line number="83" hits="2" branch="false" condition-coverage=""></line>
						<line number="84" hits="2" branch="false" condition-coverage=""></line>
						<line number="85" hits="2" branch="false" condition-coverage=""></line>
						<line number="86" hits="2" branch="false" condition-coverage=""></line>
						<line number="88" hits="2" branch="true" condition-coverage="1.00 (1/1)"></line>
						<line number="89" hits="1" branch="false" condition-coverage=""></line>
						<line number="90" hits="1" branch="false" condition-coverage=""></line>
						<line number="93" hits="1" branch="false" condition-coverage=""></line>
						<line number="94" hits="1" branch="false" condition-coverage=""></line>
						<line number="99" hits="6" branch="false" condition-coverage=""></line>
					</lines>
				</class>
				<class name="Model" filename="/home/benizzio/src-workspace/ghostfolio-cryptogains/internal/tui/flow/sync_flow.go" line-rate="1.00" branch-rate="1.00" complexity="0">
					<methods>
						<method name="updateSyncValidation" signature="" line-rate="1.00" branch-rate="1.00" complexity="0">
							<lines>
								<line number="21" hits="17" branch="false" condition-coverage=""></line>
								<line number="23" hits="2" branch="true" condition-coverage="1.00 (1/1)"></line>
								<line number="24" hits="1" branch="false" condition-coverage=""></line>
								<line number="26" hits="1" branch="false" condition-coverage=""></line>
								<line number="27" hits="1" branch="false" condition-coverage=""></line>
								<line number="28" hits="1" branch="false" condition-coverage=""></line>
								<line number="29" hits="1" branch="false" condition-coverage=""></line>
								<line number="30" hits="1" branch="false" condition-coverage=""></line>
								<line number="31" hits="1" branch="false" condition-coverage=""></line>
								<line number="32" hits="1" branch="false" condition-coverage=""></line>
								<line number="34" hits="2" branch="true" condition-coverage="1.00 (1/1)"></line>
								<line number="35" hits="1" branch="false" condition-coverage=""></line>
								<line number="37" hits="1" branch="false" condition-coverage=""></line>
								<line number="38" hits="1" branch="false" condition-coverage=""></line>
								<line number="39" hits="1" branch="false" condition-coverage=""></line>
								<line number="41" hits="13" branch="true" condition-coverage="1.00 (1/1)"></line>
								<line number="42" hits="1" branch="false" condition-coverage=""></line>
								<line number="45" hits="12" branch="true" condition-coverage="1.00 (1/1)"></line>
								<line number="48" hits="1" branch="false" condition-coverage=""></line>
								<line number="49" hits="1" branch="false" condition-coverage=""></line>
								<line number="50" hits="1" branch="false" condition-coverage=""></line>
								<line number="52" hits="1" branch="false" condition-coverage=""></line>
								<line number="53" hits="1" branch="false" condition-coverage=""></line>
								<line number="54" hits="1" branch="false" condition-coverage=""></line>
								<line number="55" hits="1" branch="false" condition-coverage=""></line>
								<line number="61" hits="2" branch="true" condition-coverage="1.00 (1/1)"></line>
								<line number="62" hits="1" branch="false" condition-coverage=""></line>
								<line number="65" hits="3" branch="true" condition-coverage="1.00 (1/1)"></line>
								<line number="66" hits="2" branch="false" condition-coverage=""></line>
								<line number="69" hits="1" branch="false" condition-coverage=""></line>
								<line number="70" hits="1" branch="false" condition-coverage=""></line>
								<line number="72" hits="4" branch="false" condition-coverage=""></line>
								<line number="74" hits="3" branch="true" condition-coverage="1.00 (1/1)"></line>
								<line number="75" hits="1" branch="false" condition-coverage=""></line>
								<line number="78" hits="2" branch="false" condition-coverage=""></line>
								<line number="79" hits="2" branch="true" condition-coverage="1.00 (1/1)"></line>
								<line number="80" hits="1" branch="false" condition-coverage=""></line>
								<line number="81" hits="1" branch="false" condition-coverage=""></line>
								<line number="84" hits="1" branch="false" condition-coverage=""></line>
								<line number="85" hits="1" branch="false" condition-coverage=""></line>
								<line number="86" hits="1" branch="false" condition-coverage=""></line>
								<line number="87" hits="1" branch="false" condition-coverage=""></line>
								<line number="88" hits="1" branch="false" condition-coverage=""></line>
								<line number="89" hits="1" branch="false" condition-coverage=""></line>
								<line number="91" hits="1" branch="false" condition-coverage=""></line>
								<line number="92" hits="1" branch="false" condition-coverage=""></line>
								<line number="94" hits="1" branch="false" condition-coverage=""></line>
								<line number="95" hits="1" branch="false" condition-coverage=""></line>
								<line number="100" hits="6" branch="false" condition-coverage=""></line>
							</lines>
						</method>
					</methods>
					<lines>
						<line number="21" hits="17" branch="false" condition-coverage=""></line>
						<line number="23" hits="2" branch="true" condition-coverage="1.00 (1/1)"></line>
						<line number="24" hits="1" branch="false" condition-coverage=""></line>
						<line number="26" hits="1" branch="false" condition-coverage=""></line>
						<line number="27" hits="1" branch="false" condition-coverage=""></line>
						<line number="28" hits="1" branch="false" condition-coverage=""></line>
						<line number="29" hits="1" branch="false" condition-coverage=""></line>
						<line number="30" hits="1" branch="false" condition-coverage=""></line>
						<line number="31" hits="1" branch="false" condition-coverage=""></line>
						<line number="32" hits="1" branch="false" condition-coverage=""></line>
						<line number="34" hits="2" branch="true" condition-coverage="1.00 (1/1)"></line>
						<line number="35" hits="1" branch="false" condition-coverage=""></line>
						<line number="37" hits="1" branch="false" condition-coverage=""></line>
						<line number="38" hits="1" branch="false" condition-coverage=""></line>
						<line number="39" hits="1" branch="false" condition-coverage=""></line>
						<line number="41" hits="13" branch="true" condition-coverage="1.00 (1/1)"></line>
						<line number="42" hits="1" branch="false" condition-coverage=""></line>
						<line number="45" hits="12" branch="true" condition-coverage="1.00 (1/1)"></line>
						<line number="48" hits="1" branch="false" condition-coverage=""></line>
						<line number="49" hits="1" branch="false" condition-coverage=""></line>
						<line number="50" hits="1" branch="false" condition-coverage=""></line>
						<line number="52" hits="1" branch="false" condition-coverage=""></line>
						<line number="53" hits="1" branch="false" condition-coverage=""></line>
						<line number="54" hits="1" branch="false" condition-coverage=""></line>
						<line number="55" hits="1" branch="false" condition-coverage=""></line>
						<line number="61" hits="2" branch="true" condition-coverage="1.00 (1/1)"></line>
						<line number="62" hits="1" branch="false" condition-coverage=""></line>
						<line number="65" hits="3" branch="true" condition-coverage="1.00 (1/1)"></line>
						<line number="66" hits="2" branch="false" condition-coverage=""></line>
						<line number="69" hits="1" branch="false" condition-coverage=""></line>
						<line number="70" hits="1" branch="false" condition-coverage=""></line>
						<line number="72" hits="4" branch="false" condition-coverage=""></line>
						<line number="74" hits="3" branch="true" condition-coverage="1.00 (1/1)"></line>
						<line number="75" hits="1" branch="false" condition-coverage=""></line>
						<line number="78" hits="2" branch="false" condition-coverage=""></line>
						<line number="79" hits="2" branch="true" condition-coverage="1.00 (1/1)"></line>
						<line number="80" hits="1" branch="false" condition-coverage=""></line>
						<line number="81" hits="1" branch="false" condition-coverage=""></line>
						<line number="84" hits="1" branch="false" condition-coverage=""></line>
						<line number="85" hits="1" branch="false" condition-coverage=""></line>
						<line number="86" hits="1" branch="false" condition-coverage=""></line>
						<line number="87" hits="1" branch="false" condition-coverage=""></line>
						<line number="88" hits="1" branch="false" condition-coverage=""></line>
						<line number="89" hits="1" branch="false" condition-coverage=""></line>
						<line number="91" hits="1" branch="false" condition-coverage=""></line>
						<line number="92" hits="1" branch="false" condition-coverage=""></line>
						<line number="94" hits="1" branch="false" condition-coverage=""></line>
						<line number="95" hits="1" branch="false" condition-coverage=""></line>
						<line number="100" hits="6" branch="false" condition-coverage=""></line>
					</lines>
				</class>
			</classes>
		</package>
		<package name="github.com/benizzio/ghostfolio-cryptogains/internal/support/redact" line-rate="1.00" branch-rate="1.00" complexity="0">
			<classes>
				<class name="-" filename="/home/benizzio/src-workspace/ghostfolio-cryptogains/internal/support/redact/redact.go" line-rate="1.00" branch-rate="1.00" complexity="0">
					<methods>
						<method name="Text" signature="" line-rate="1.00" branch-rate="1.00" complexity="0">
							<lines>
								<line number="20" hits="3" branch="false" condition-coverage=""></line>
								<line number="21" hits="3" branch="true" condition-coverage="1.00 (1/1)"></line>
								<line number="22" hits="4" branch="true" condition-coverage="1.00 (1/1)"></line>
								<line number="23" hits="1" branch="false" condition-coverage=""></line>
								<line number="25" hits="3" branch="false" condition-coverage=""></line>
								<line number="27" hits="3" branch="false" condition-coverage=""></line>
							</lines>
						</method>
						<method name="ErrorText" signature="" line-rate="1.00" branch-rate="1.00" complexity="0">
							<lines>
								<line number="39" hits="2" branch="true" condition-coverage="1.00 (1/1)"></line>
								<line number="40" hits="1" branch="false" condition-coverage=""></line>
								<line number="42" hits="1" branch="false" condition-coverage=""></line>
							</lines>
						</method>
						<method name="Mask" signature="" line-rate="1.00" branch-rate="1.00" complexity="0">
							<lines>
								<line number="53" hits="2" branch="true" condition-coverage="1.00 (1/1)"></line>
								<line number="54" hits="1" branch="false" condition-coverage=""></line>
								<line number="56" hits="1" branch="false" condition-coverage=""></line>
							</lines>
						</method>
					</methods>
					<lines>
						<line number="20" hits="3" branch="false" condition-coverage=""></line>
						<line number="21" hits="3" branch="true" condition-coverage="1.00 (1/1)"></line>
						<line number="22" hits="4" branch="true" condition-coverage="1.00 (1/1)"></line>
						<line number="23" hits="1" branch="false" condition-coverage=""></line>
						<line number="25" hits="3" branch="false" condition-coverage=""></line>
						<line number="27" hits="3" branch="false" condition-coverage=""></line>
						<line number="39" hits="2" branch="true" condition-coverage="1.00 (1/1)"></line>
						<line number="40" hits="1" branch="false" condition-coverage=""></line>
						<line number="42" hits="1" branch="false" condition-coverage=""></line>
						<line number="53" hits="2" branch="true" condition-coverage="1.00 (1/1)"></line>
						<line number="54" hits="1" branch="false" condition-coverage=""></line>
						<line number="56" hits="1" branch="false" condition-coverage=""></line>
					</lines>
				</class>
			</classes>
		</package>
		<package name="github.com/benizzio/ghostfolio-cryptogains/cmd/ghostfolio-cryptogains" line-rate="1.00" branch-rate="1.00" complexity="0">
			<classes>
				<class name="-" filename="/home/benizzio/src-workspace/ghostfolio-cryptogains/cmd/ghostfolio-cryptogains/main.go" line-rate="1.00" branch-rate="1.00" complexity="0">
					<methods>
						<method name="newProgram" signature="" line-rate="1.00" branch-rate="1.00" complexity="0">
							<lines>
								<line number="24" hits="1" branch="false" condition-coverage=""></line>
							</lines>
						</method>
						<method name="main" signature="" line-rate="1.00" branch-rate="1.00" complexity="0">
							<lines>
								<line number="34" hits="2" branch="true" condition-coverage="1.00 (1/1)"></line>
								<line number="35" hits="1" branch="false" condition-coverage=""></line>
								<line number="36" hits="1" branch="false" condition-coverage=""></line>
							</lines>
						</method>
						<method name="run" signature="" line-rate="1.00" branch-rate="1.00" complexity="0">
							<lines>
								<line number="42" hits="7" branch="false" condition-coverage=""></line>
								<line number="43" hits="7" branch="true" condition-coverage="1.00 (1/1)"></line>
								<line number="44" hits="2" branch="false" condition-coverage=""></line>
								<line number="47" hits="5" branch="false" condition-coverage=""></line>
								<line number="48" hits="5" branch="false" condition-coverage=""></line>
								<line number="49" hits="5" branch="true" condition-coverage="1.00 (1/1)"></line>
								<line number="50" hits="1" branch="false" condition-coverage=""></line>
								<line number="53" hits="4" branch="false" condition-coverage=""></line>
								<line number="54" hits="4" branch="false" condition-coverage=""></line>
								<line number="55" hits="4" branch="true" condition-coverage="1.00 (1/1)"></line>
								<line number="56" hits="1" branch="false" condition-coverage=""></line>
								<line number="59" hits="3" branch="false" condition-coverage=""></line>
								<line number="60" hits="3" branch="false" condition-coverage=""></line>
								<line number="61" hits="3" branch="false" condition-coverage=""></line>
								<line number="62" hits="3" branch="false" condition-coverage=""></line>
								<line number="63" hits="3" branch="false" condition-coverage=""></line>
								<line number="64" hits="3" branch="false" condition-coverage=""></line>
								<line number="66" hits="3" branch="false" condition-coverage=""></line>
								<line number="69" hits="3" branch="false" condition-coverage=""></line>
								<line number="70" hits="3" branch="false" condition-coverage=""></line>
							</lines>
						</method>
					</methods>
					<lines>
						<line number="24" hits="1" branch="false" condition-coverage=""></line>
						<line number="34" hits="2" branch="true" condition-coverage="1.00 (1/1)"></line>
						<line number="35" hits="1" branch="false" condition-coverage=""></line>
						<line number="36" hits="1" branch="false" condition-coverage=""></line>
						<line number="42" hits="7" branch="false" condition-coverage=""></line>
						<line number="43" hits="7" branch="true" condition-coverage="1.00 (1/1)"></line>
						<line number="44" hits="2" branch="false" condition-coverage=""></line>
						<line number="47" hits="5" branch="false" condition-coverage=""></line>
						<line number="48" hits="5" branch="false" condition-coverage=""></line>
						<line number="49" hits="5" branch="true" condition-coverage="1.00 (1/1)"></line>
						<line number="50" hits="1" branch="false" condition-coverage=""></line>
						<line number="53" hits="4" branch="false" condition-coverage=""></line>
						<line number="54" hits="4" branch="false" condition-coverage=""></line>
						<line number="55" hits="4" branch="true" condition-coverage="1.00 (1/1)"></line>
						<line number="56" hits="1" branch="false" condition-coverage=""></line>
						<line number="59" hits="3" branch="false" condition-coverage=""></line>
						<line number="60" hits="3" branch="false" condition-coverage=""></line>
						<line number="61" hits="3" branch="false" condition-coverage=""></line>
						<line number="62" hits="3" branch="false" condition-coverage=""></line>
						<line number="63" hits="3" branch="false" condition-coverage=""></line>
						<line number="64" hits="3" branch="false" condition-coverage=""></line>
						<line number="66" hits="3" branch="false" condition-coverage=""></line>
						<line number="69" hits="3" branch="false" condition-coverage=""></line>
						<line number="70" hits="3" branch="false" condition-coverage=""></line>
					</lines>
				</class>
			</classes>
		</package>
	</packages>
</coverage>