<coverage line-rate="1.00" branch-rate="1.00" lines-covered="2116" lines-valid="2116" branches-covered="512" branches-valid="512" complexity="0" version="" timestamp="">
	<sources>
		<source>/home/benizzio/src-workspace/ghostfolio-cryptogains</source>
	</sources>
	<packages>
		<package name="github.com/benizzio/ghostfolio-cryptogains/internal/ghostfolio/dto" line-rate="1.00" branch-rate="1.00" complexity="0"></package>
		<package name="github.com/benizzio/ghostfolio-cryptogains/internal/ghostfolio/validator" line-rate="1.00" branch-rate="1.00" complexity="0">
			<classes>
				<class name="-" filename="/home/benizzio/src-workspace/ghostfolio-cryptogains/internal/ghostfolio/validator/response_validator.go" line-rate="1.00" branch-rate="1.00" complexity="0">
					<methods>
						<method name="ValidateAuthResponse" signature="" line-rate="1.00" branch-rate="1.00" complexity="0">
							<lines>
								<line number="27" hits="51" branch="true" condition-coverage="1.00 (1/1)"></line>
								<line number="28" hits="2" branch="false" condition-coverage=""></line>
								<line number="30" hits="49" branch="false" condition-coverage=""></line>
							</lines>
						</method>
						<method name="ValidateActivityPageResponse" signature="" line-rate="1.00" branch-rate="1.00" complexity="0">
							<lines>
								<line number="45" hits="51" branch="true" condition-coverage="1.00 (1/1)"></line>
								<line number="46" hits="1" branch="false" condition-coverage=""></line>
								<line number="48" hits="50" branch="true" condition-coverage="1.00 (1/1)"></line>
								<line number="49" hits="1" branch="false" condition-coverage=""></line>
								<line number="51" hits="49" branch="true" condition-coverage="1.00 (1/1)"></line>
								<line number="52" hits="1" branch="false" condition-coverage=""></line>
								<line number="54" hits="48" branch="true" condition-coverage="1.00 (1/1)"></line>
								<line number="55" hits="1" branch="false" condition-coverage=""></line>
								<line number="57" hits="47" branch="true" condition-coverage="1.00 (1/1)"></line>
								<line number="58" hits="1" branch="false" condition-coverage=""></line>
								<line number="61" hits="46" branch="true" condition-coverage="1.00 (1/1)"></line>
								<line number="62" hits="46" branch="true" condition-coverage="1.00 (1/1)"></line>
								<line number="63" hits="1" branch="false" condition-coverage=""></line>
								<line number="67" hits="45" branch="false" condition-coverage=""></line>
							</lines>
						</method>
						<method name="ValidateActivitiesProbeResponse" signature="" line-rate="1.00" branch-rate="1.00" complexity="0">
							<lines>
								<line number="82" hits="13" branch="true" condition-coverage="1.00 (1/1)"></line>
								<line number="83" hits="1" branch="false" condition-coverage=""></line>
								<line number="85" hits="12" branch="true" condition-coverage="1.00 (1/1)"></line>
								<line number="86" hits="1" branch="false" condition-coverage=""></line>
								<line number="88" hits="11" branch="true" condition-coverage="1.00 (1/1)"></line>
								<line number="89" hits="1" branch="false" condition-coverage=""></line>
								<line number="91" hits="10" branch="true" condition-coverage="1.00 (1/1)"></line>
								<line number="92" hits="1" branch="false" condition-coverage=""></line>
								<line number="94" hits="9" branch="true" condition-coverage="1.00 (1/1)"></line>
								<line number="95" hits="1" branch="false" condition-coverage=""></line>
								<line number="97" hits="8" branch="true" condition-coverage="1.00 (1/1)"></line>
								<line number="98" hits="1" branch="false" condition-coverage=""></line>
								<line number="101" hits="7" branch="false" condition-coverage=""></line>
								<line number="102" hits="7" branch="true" condition-coverage="1.00 (1/1)"></line>
								<line number="103" hits="1" branch="false" condition-coverage=""></line>
								<line number="105" hits="6" branch="true" condition-coverage="1.00 (1/1)"></line>
								<line number="106" hits="1" branch="false" condition-coverage=""></line>
								<line number="108" hits="5" branch="true" condition-coverage="1.00 (1/1)"></line>
								<line number="109" hits="1" branch="false" condition-coverage=""></line>
								<line number="111" hits="4" branch="true" condition-coverage="1.00 (1/1)"></line>
								<line number="112" hits="1" branch="false" condition-coverage=""></line>
								<line number="115" hits="3" branch="false" condition-coverage=""></line>
							</lines>
						</method>
						<method name="ValidateActivityPageEntry" signature="" line-rate="1.00" branch-rate="1.00" complexity="0">
							<lines>
								<line number="123" hits="62" branch="true" condition-coverage="1.00 (1/1)"></line>
								<line number="124" hits="2" branch="false" condition-coverage=""></line>
								<line number="126" hits="60" branch="true" condition-coverage="1.00 (1/1)"></line>
								<line number="127" hits="1" branch="false" condition-coverage=""></line>
								<line number="129" hits="59" branch="true" condition-coverage="1.00 (1/1)"></line>
								<line number="130" hits="1" branch="false" condition-coverage=""></line>
								<line number="132" hits="58" branch="true" condition-coverage="1.00 (1/1)"></line>
								<line number="133" hits="1" branch="false" condition-coverage=""></line>
								<line number="135" hits="57" branch="true" condition-coverage="1.00 (1/1)"></line>
								<line number="136" hits="1" branch="false" condition-coverage=""></line>
								<line number="138" hits="56" branch="true" condition-coverage="1.00 (1/1)"></line>
								<line number="139" hits="2" branch="false" condition-coverage=""></line>
								<line number="141" hits="54" branch="true" condition-coverage="1.00 (1/1)"></line>
								<line number="142" hits="4" branch="false" condition-coverage=""></line>
								<line number="144" hits="50" branch="true" condition-coverage="1.00 (1/1)"></line>
								<line number="145" hits="1" branch="false" condition-coverage=""></line>
								<line number="148" hits="49" branch="false" condition-coverage=""></line>
							</lines>
						</method>
						<method name="requireBasisInput" signature="" line-rate="1.00" branch-rate="1.00" complexity="0">
							<lines>
								<line number="155" hits="54" branch="true" condition-coverage="1.00 (1/1)"></line>
								<line number="156" hits="54" branch="false" condition-coverage=""></line>
								<line number="157" hits="54" branch="false" condition-coverage=""></line>
								<line number="158" hits="54" branch="false" condition-coverage=""></line>
								<line number="159" hits="1" branch="false" condition-coverage=""></line>
								<line number="161" hits="53" branch="true" condition-coverage="1.00 (1/1)"></line>
								<line number="162" hits="1" branch="false" condition-coverage=""></line>
								<line number="164" hits="52" branch="true" condition-coverage="1.00 (1/1)"></line>
								<line number="165" hits="52" branch="false" condition-coverage=""></line>
								<line number="166" hits="52" branch="false" condition-coverage=""></line>
								<line number="167" hits="52" branch="false" condition-coverage=""></line>
								<line number="168" hits="1" branch="false" condition-coverage=""></line>
								<line number="171" hits="51" branch="true" condition-coverage="1.00 (1/1)"></line>
								<line number="172" hits="51" branch="false" condition-coverage=""></line>
								<line number="173" hits="51" branch="false" condition-coverage=""></line>
								<line number="174" hits="1" branch="false" condition-coverage=""></line>
								<line number="177" hits="50" branch="false" condition-coverage=""></line>
							</lines>
						</method>
						<method name="requireJSONNumber" signature="" line-rate="1.00" branch-rate="1.00" complexity="0">
							<lines>
								<line number="184" hits="56" branch="true" condition-coverage="1.00 (1/1)"></line>
								<line number="185" hits="1" branch="false" condition-coverage=""></line>
								<line number="187" hits="55" branch="true" condition-coverage="1.00 (1/1)"></line>
								<line number="188" hits="1" branch="false" condition-coverage=""></line>
								<line number="190" hits="54" branch="false" condition-coverage=""></line>
							</lines>
						</method>
						<method name="requireOptionalJSONNumber" signature="" line-rate="1.00" branch-rate="1.00" complexity="0">
							<lines>
								<line number="197" hits="209" branch="true" condition-coverage="1.00 (1/1)"></line>
								<line number="198" hits="91" branch="false" condition-coverage=""></line>
								<line number="200" hits="118" branch="true" condition-coverage="1.00 (1/1)"></line>
								<line number="201" hits="4" branch="false" condition-coverage=""></line>
								<line number="203" hits="114" branch="false" condition-coverage=""></line>
							</lines>
						</method>
					</methods>
					<lines>
						<line number="27" hits="51" branch="true" condition-coverage="1.00 (1/1)"></line>
						<line number="28" hits="2" branch="false" condition-coverage=""></line>
						<line number="30" hits="49" branch="false" condition-coverage=""></line>
						<line number="45" hits="51" branch="true" condition-coverage="1.00 (1/1)"></line>
						<line number="46" hits="1" branch="false" condition-coverage=""></line>
						<line number="48" hits="50" branch="true" condition-coverage="1.00 (1/1)"></line>
						<line number="49" hits="1" branch="false" condition-coverage=""></line>
						<line number="51" hits="49" branch="true" condition-coverage="1.00 (1/1)"></line>
						<line number="52" hits="1" branch="false" condition-coverage=""></line>
						<line number="54" hits="48" branch="true" condition-coverage="1.00 (1/1)"></line>
						<line number="55" hits="1" branch="false" condition-coverage=""></line>
						<line number="57" hits="47" branch="true" condition-coverage="1.00 (1/1)"></line>
						<line number="58" hits="1" branch="false" condition-coverage=""></line>
						<line number="61" hits="46" branch="true" condition-coverage="1.00 (1/1)"></line>
						<line number="62" hits="46" branch="true" condition-coverage="1.00 (1/1)"></line>
						<line number="63" hits="1" branch="false" condition-coverage=""></line>
						<line number="67" hits="45" branch="false" condition-coverage=""></line>
						<line number="82" hits="13" branch="true" condition-coverage="1.00 (1/1)"></line>
						<line number="83" hits="1" branch="false" condition-coverage=""></line>
						<line number="85" hits="12" branch="true" condition-coverage="1.00 (1/1)"></line>
						<line number="86" hits="1" branch="false" condition-coverage=""></line>
						<line number="88" hits="11" branch="true" condition-coverage="1.00 (1/1)"></line>
						<line number="89" hits="1" branch="false" condition-coverage=""></line>
						<line number="91" hits="10" branch="true" condition-coverage="1.00 (1/1)"></line>
						<line number="92" hits="1" branch="false" condition-coverage=""></line>
						<line number="94" hits="9" branch="true" condition-coverage="1.00 (1/1)"></line>
						<line number="95" hits="1" branch="false" condition-coverage=""></line>
						<line number="97" hits="8" branch="true" condition-coverage="1.00 (1/1)"></line>
						<line number="98" hits="1" branch="false" condition-coverage=""></line>
						<line number="101" hits="7" branch="false" condition-coverage=""></line>
						<line number="102" hits="7" branch="true" condition-coverage="1.00 (1/1)"></line>
						<line number="103" hits="1" branch="false" condition-coverage=""></line>
						<line number="105" hits="6" branch="true" condition-coverage="1.00 (1/1)"></line>
						<line number="106" hits="1" branch="false" condition-coverage=""></line>
						<line number="108" hits="5" branch="true" condition-coverage="1.00 (1/1)"></line>
						<line number="109" hits="1" branch="false" condition-coverage=""></line>
						<line number="111" hits="4" branch="true" condition-coverage="1.00 (1/1)"></line>
						<line number="112" hits="1" branch="false" condition-coverage=""></line>
						<line number="115" hits="3" branch="false" condition-coverage=""></line>
						<line number="123" hits="62" branch="true" condition-coverage="1.00 (1/1)"></line>
						<line number="124" hits="2" branch="false" condition-coverage=""></line>
						<line number="126" hits="60" branch="true" condition-coverage="1.00 (1/1)"></line>
						<line number="127" hits="1" branch="false" condition-coverage=""></line>
						<line number="129" hits="59" branch="true" condition-coverage="1.00 (1/1)"></line>
						<line number="130" hits="1" branch="false" condition-coverage=""></line>
						<line number="132" hits="58" branch="true" condition-coverage="1.00 (1/1)"></line>
						<line number="133" hits="1" branch="false" condition-coverage=""></line>
						<line number="135" hits="57" branch="true" condition-coverage="1.00 (1/1)"></line>
						<line number="136" hits="1" branch="false" condition-coverage=""></line>
						<line number="138" hits="56" branch="true" condition-coverage="1.00 (1/1)"></line>
						<line number="139" hits="2" branch="false" condition-coverage=""></line>
						<line number="141" hits="54" branch="true" condition-coverage="1.00 (1/1)"></line>
						<line number="142" hits="4" branch="false" condition-coverage=""></line>
						<line number="144" hits="50" branch="true" condition-coverage="1.00 (1/1)"></line>
						<line number="145" hits="1" branch="false" condition-coverage=""></line>
						<line number="148" hits="49" branch="false" condition-coverage=""></line>
						<line number="155" hits="54" branch="true" condition-coverage="1.00 (1/1)"></line>
						<line number="156" hits="54" branch="false" condition-coverage=""></line>
						<line number="157" hits="54" branch="false" condition-coverage=""></line>
						<line number="158" hits="54" branch="false" condition-coverage=""></line>
						<line number="159" hits="1" branch="false" condition-coverage=""></line>
						<line number="161" hits="53" branch="true" condition-coverage="1.00 (1/1)"></line>
						<line number="162" hits="1" branch="false" condition-coverage=""></line>
						<line number="164" hits="52" branch="true" condition-coverage="1.00 (1/1)"></line>
						<line number="165" hits="52" branch="false" condition-coverage=""></line>
						<line number="166" hits="52" branch="false" condition-coverage=""></line>
						<line number="167" hits="52" branch="false" condition-coverage=""></line>
						<line number="168" hits="1" branch="false" condition-coverage=""></line>
						<line number="171" hits="51" branch="true" condition-coverage="1.00 (1/1)"></line>
						<line number="172" hits="51" branch="false" condition-coverage=""></line>
						<line number="173" hits="51" branch="false" condition-coverage=""></line>
						<line number="174" hits="1" branch="false" condition-coverage=""></line>
						<line number="177" hits="50" branch="false" condition-coverage=""></line>
						<line number="184" hits="56" branch="true" condition-coverage="1.00 (1/1)"></line>
						<line number="185" hits="1" branch="false" condition-coverage=""></line>
						<line number="187" hits="55" branch="true" condition-coverage="1.00 (1/1)"></line>
						<line number="188" hits="1" branch="false" condition-coverage=""></line>
						<line number="190" hits="54" branch="false" condition-coverage=""></line>
						<line number="197" hits="209" branch="true" condition-coverage="1.00 (1/1)"></line>
						<line number="198" hits="91" branch="false" condition-coverage=""></line>
						<line number="200" hits="118" branch="true" condition-coverage="1.00 (1/1)"></line>
						<line number="201" hits="4" branch="false" condition-coverage=""></line>
						<line number="203" hits="114" branch="false" condition-coverage=""></line>
					</lines>
				</class>
			</classes>
		</package>
		<package name="github.com/benizzio/ghostfolio-cryptogains/internal/support/decimal" line-rate="1.00" branch-rate="1.00" complexity="0">
			<classes>
				<class name="-" filename="/home/benizzio/src-workspace/ghostfolio-cryptogains/internal/support/decimal/decimal.go" line-rate="1.00" branch-rate="1.00" complexity="0">
					<methods>
						<method name="NewService" signature="" line-rate="1.00" branch-rate="1.00" complexity="0">
							<lines>
								<line number="47" hits="70" branch="false" condition-coverage=""></line>
							</lines>
						</method>
						<method name="ParseString" signature="" line-rate="1.00" branch-rate="1.00" complexity="0">
							<lines>
								<line number="91" hits="316" branch="false" condition-coverage=""></line>
								<line number="92" hits="316" branch="true" condition-coverage="1.00 (1/1)"></line>
								<line number="93" hits="2" branch="false" condition-coverage=""></line>
								<line number="96" hits="314" branch="false" condition-coverage=""></line>
								<line number="97" hits="314" branch="true" condition-coverage="1.00 (1/1)"></line>
								<line number="98" hits="8" branch="false" condition-coverage=""></line>
								<line number="101" hits="306" branch="false" condition-coverage=""></line>
								<line number="102" hits="306" branch="true" condition-coverage="1.00 (1/1)"></line>
								<line number="103" hits="1" branch="false" condition-coverage=""></line>
								<line number="106" hits="305" branch="false" condition-coverage=""></line>
							</lines>
						</method>
						<method name="ParseNumber" signature="" line-rate="1.00" branch-rate="1.00" complexity="0">
							<lines>
								<line number="122" hits="142" branch="false" condition-coverage=""></line>
							</lines>
						</method>
						<method name="CanonicalString" signature="" line-rate="1.00" branch-rate="1.00" complexity="0">
							<lines>
								<line number="139" hits="361" branch="false" condition-coverage=""></line>
								<line number="140" hits="361" branch="true" condition-coverage="1.00 (1/1)"></line>
								<line number="141" hits="7" branch="false" condition-coverage=""></line>
								<line number="143" hits="354" branch="false" condition-coverage=""></line>
							</lines>
						</method>
						<method name="CanonicalStringPointer" signature="" line-rate="1.00" branch-rate="1.00" complexity="0">
							<lines>
								<line number="160" hits="87" branch="true" condition-coverage="1.00 (1/1)"></line>
								<line number="161" hits="74" branch="false" condition-coverage=""></line>
								<line number="163" hits="13" branch="false" condition-coverage=""></line>
								<line number="164" hits="13" branch="true" condition-coverage="1.00 (1/1)"></line>
								<line number="165" hits="3" branch="false" condition-coverage=""></line>
								<line number="167" hits="10" branch="false" condition-coverage=""></line>
							</lines>
						</method>
						<method name="normalizeFiniteDecimal" signature="" line-rate="1.00" branch-rate="1.00" complexity="0">
							<lines>
								<line number="174" hits="681" branch="true" condition-coverage="1.00 (1/1)"></line>
								<line number="175" hits="1" branch="false" condition-coverage=""></line>
								<line number="177" hits="680" branch="true" condition-coverage="1.00 (1/1)"></line>
								<line number="178" hits="11" branch="false" condition-coverage=""></line>
								<line number="181" hits="669" branch="false" condition-coverage=""></line>
								<line number="182" hits="669" branch="false" condition-coverage=""></line>
								<line number="184" hits="669" branch="false" condition-coverage=""></line>
							</lines>
						</method>
					</methods>
					<lines>
						<line number="47" hits="70" branch="false" condition-coverage=""></line>
						<line number="91" hits="316" branch="false" condition-coverage=""></line>
						<line number="92" hits="316" branch="true" condition-coverage="1.00 (1/1)"></line>
						<line number="93" hits="2" branch="false" condition-coverage=""></line>
						<line number="96" hits="314" branch="false" condition-coverage=""></line>
						<line number="97" hits="314" branch="true" condition-coverage="1.00 (1/1)"></line>
						<line number="98" hits="8" branch="false" condition-coverage=""></line>
						<line number="101" hits="306" branch="false" condition-coverage=""></line>
						<line number="102" hits="306" branch="true" condition-coverage="1.00 (1/1)"></line>
						<line number="103" hits="1" branch="false" condition-coverage=""></line>
						<line number="106" hits="305" branch="false" condition-coverage=""></line>
						<line number="122" hits="142" branch="false" condition-coverage=""></line>
						<line number="139" hits="361" branch="false" condition-coverage=""></line>
						<line number="140" hits="361" branch="true" condition-coverage="1.00 (1/1)"></line>
						<line number="141" hits="7" branch="false" condition-coverage=""></line>
						<line number="143" hits="354" branch="false" condition-coverage=""></line>
						<line number="160" hits="87" branch="true" condition-coverage="1.00 (1/1)"></line>
						<line number="161" hits="74" branch="false" condition-coverage=""></line>
						<line number="163" hits="13" branch="false" condition-coverage=""></line>
						<line number="164" hits="13" branch="true" condition-coverage="1.00 (1/1)"></line>
						<line number="165" hits="3" branch="false" condition-coverage=""></line>
						<line number="167" hits="10" branch="false" condition-coverage=""></line>
						<line number="174" hits="681" branch="true" condition-coverage="1.00 (1/1)"></line>
						<line number="175" hits="1" branch="false" condition-coverage=""></line>
						<line number="177" hits="680" branch="true" condition-coverage="1.00 (1/1)"></line>
						<line number="178" hits="11" branch="false" condition-coverage=""></line>
						<line number="181" hits="669" branch="false" condition-coverage=""></line>
						<line number="182" hits="669" branch="false" condition-coverage=""></line>
						<line number="184" hits="669" branch="false" condition-coverage=""></line>
					</lines>
				</class>
				<class name="exactService" filename="/home/benizzio/src-workspace/ghostfolio-cryptogains/internal/support/decimal/decimal.go" line-rate="1.00" branch-rate="1.00" complexity="0">
					<methods>
						<method name="ParseString" signature="" line-rate="1.00" branch-rate="1.00" complexity="0">
							<lines>
								<line number="54" hits="8" branch="false" condition-coverage=""></line>
							</lines>
						</method>
						<method name="ParseNumber" signature="" line-rate="1.00" branch-rate="1.00" complexity="0">
							<lines>
								<line number="61" hits="139" branch="false" condition-coverage=""></line>
							</lines>
						</method>
						<method name="CanonicalString" signature="" line-rate="1.00" branch-rate="1.00" complexity="0">
							<lines>
								<line number="68" hits="1" branch="false" condition-coverage=""></line>
							</lines>
						</method>
						<method name="CanonicalStringPointer" signature="" line-rate="1.00" branch-rate="1.00" complexity="0">
							<lines>
								<line number="75" hits="1" branch="false" condition-coverage=""></line>
							</lines>
						</method>
					</methods>
					<lines>
						<line number="54" hits="8" branch="false" condition-coverage=""></line>
						<line number="61" hits="139" branch="false" condition-coverage=""></line>
						<line number="68" hits="1" branch="false" condition-coverage=""></line>
						<line number="75" hits="1" branch="false" condition-coverage=""></line>
					</lines>
				</class>
			</classes>
		</package>
		<package name="github.com/benizzio/ghostfolio-cryptogains/internal/sync/model" line-rate="1.00" branch-rate="1.00" complexity="0">
			<classes>
				<class name="-" filename="/home/benizzio/src-workspace/ghostfolio-cryptogains/internal/sync/model/diagnostic_context.go" line-rate="1.00" branch-rate="1.00" complexity="0">
					<methods>
						<method name="DiagnosticRecordFromActivityRecord" signature="" line-rate="1.00" branch-rate="1.00" complexity="0">
							<lines>
								<line number="81" hits="38" branch="false" condition-coverage=""></line>
								<line number="82" hits="38" branch="false" condition-coverage=""></line>
								<line number="83" hits="38" branch="false" condition-coverage=""></line>
								<line number="84" hits="38" branch="false" condition-coverage=""></line>
								<line number="85" hits="38" branch="false" condition-coverage=""></line>
								<line number="86" hits="38" branch="true" condition-coverage="1.00 (1/1)"></line>
								<line number="87" hits="1" branch="false" condition-coverage=""></line>
								<line number="88" hits="1" branch="false" condition-coverage=""></line>
								<line number="89" hits="1" branch="false" condition-coverage=""></line>
								<line number="90" hits="1" branch="false" condition-coverage=""></line>
								<line number="93" hits="38" branch="false" condition-coverage=""></line>
								<line number="94" hits="38" branch="false" condition-coverage=""></line>
								<line number="95" hits="38" branch="false" condition-coverage=""></line>
								<line number="96" hits="38" branch="false" condition-coverage=""></line>
								<line number="97" hits="38" branch="false" condition-coverage=""></line>
								<line number="98" hits="38" branch="false" condition-coverage=""></line>
								<line number="99" hits="38" branch="false" condition-coverage=""></line>
								<line number="100" hits="38" branch="false" condition-coverage=""></line>
								<line number="101" hits="38" branch="false" condition-coverage=""></line>
								<line number="102" hits="38" branch="false" condition-coverage=""></line>
								<line number="103" hits="38" branch="false" condition-coverage=""></line>
								<line number="104" hits="38" branch="false" condition-coverage=""></line>
								<line number="105" hits="38" branch="false" condition-coverage=""></line>
								<line number="106" hits="38" branch="false" condition-coverage=""></line>
								<line number="107" hits="38" branch="false" condition-coverage=""></line>
								<line number="108" hits="38" branch="false" condition-coverage=""></line>
								<line number="109" hits="38" branch="false" condition-coverage=""></line>
							</lines>
						</method>
						<method name="canonicalDiagnosticDecimal" signature="" line-rate="1.00" branch-rate="1.00" complexity="0">
							<lines>
								<line number="117" hits="115" branch="false" condition-coverage=""></line>
								<line number="118" hits="115" branch="true" condition-coverage="1.00 (1/1)"></line>
								<line number="119" hits="113" branch="false" condition-coverage=""></line>
								<line number="122" hits="2" branch="false" condition-coverage=""></line>
							</lines>
						</method>
						<method name="canonicalDiagnosticDecimalPointer" signature="" line-rate="1.00" branch-rate="1.00" complexity="0">
							<lines>
								<line number="129" hits="40" branch="true" condition-coverage="1.00 (1/1)"></line>
								<line number="130" hits="34" branch="false" condition-coverage=""></line>
								<line number="133" hits="6" branch="false" condition-coverage=""></line>
								<line number="134" hits="6" branch="true" condition-coverage="1.00 (1/1)"></line>
								<line number="135" hits="5" branch="false" condition-coverage=""></line>
								<line number="138" hits="1" branch="false" condition-coverage=""></line>
							</lines>
						</method>
					</methods>
					<lines>
						<line number="81" hits="38" branch="false" condition-coverage=""></line>
						<line number="82" hits="38" branch="false" condition-coverage=""></line>
						<line number="83" hits="38" branch="false" condition-coverage=""></line>
						<line number="84" hits="38" branch="false" condition-coverage=""></line>
						<line number="85" hits="38" branch="false" condition-coverage=""></line>
						<line number="86" hits="38" branch="true" condition-coverage="1.00 (1/1)"></line>
						<line number="87" hits="1" branch="false" condition-coverage=""></line>
						<line number="88" hits="1" branch="false" condition-coverage=""></line>
						<line number="89" hits="1" branch="false" condition-coverage=""></line>
						<line number="90" hits="1" branch="false" condition-coverage=""></line>
						<line number="93" hits="38" branch="false" condition-coverage=""></line>
						<line number="94" hits="38" branch="false" condition-coverage=""></line>
						<line number="95" hits="38" branch="false" condition-coverage=""></line>
						<line number="96" hits="38" branch="false" condition-coverage=""></line>
						<line number="97" hits="38" branch="false" condition-coverage=""></line>
						<line number="98" hits="38" branch="false" condition-coverage=""></line>
						<line number="99" hits="38" branch="false" condition-coverage=""></line>
						<line number="100" hits="38" branch="false" condition-coverage=""></line>
						<line number="101" hits="38" branch="false" condition-coverage=""></line>
						<line number="102" hits="38" branch="false" condition-coverage=""></line>
						<line number="103" hits="38" branch="false" condition-coverage=""></line>
						<line number="104" hits="38" branch="false" condition-coverage=""></line>
						<line number="105" hits="38" branch="false" condition-coverage=""></line>
						<line number="106" hits="38" branch="false" condition-coverage=""></line>
						<line number="107" hits="38" branch="false" condition-coverage=""></line>
						<line number="108" hits="38" branch="false" condition-coverage=""></line>
						<line number="109" hits="38" branch="false" condition-coverage=""></line>
						<line number="117" hits="115" branch="false" condition-coverage=""></line>
						<line number="118" hits="115" branch="true" condition-coverage="1.00 (1/1)"></line>
						<line number="119" hits="113" branch="false" condition-coverage=""></line>
						<line number="122" hits="2" branch="false" condition-coverage=""></line>
						<line number="129" hits="40" branch="true" condition-coverage="1.00 (1/1)"></line>
						<line number="130" hits="34" branch="false" condition-coverage=""></line>
						<line number="133" hits="6" branch="false" condition-coverage=""></line>
						<line number="134" hits="6" branch="true" condition-coverage="1.00 (1/1)"></line>
						<line number="135" hits="5" branch="false" condition-coverage=""></line>
						<line number="138" hits="1" branch="false" condition-coverage=""></line>
					</lines>
				</class>
			</classes>
		</package>
		<package name="github.com/benizzio/ghostfolio-cryptogains/internal/snapshot/model" line-rate="1.00" branch-rate="1.00" complexity="0">
			<classes>
				<class name="-" filename="/home/benizzio/src-workspace/ghostfolio-cryptogains/internal/snapshot/model/envelope.go" line-rate="1.00" branch-rate="1.00" complexity="0">
					<methods>
						<method name="DefaultKDFParameters" signature="" line-rate="1.00" branch-rate="1.00" complexity="0">
							<lines>
								<line number="90" hits="70" branch="false" condition-coverage=""></line>
								<line number="91" hits="70" branch="false" condition-coverage=""></line>
								<line number="92" hits="70" branch="false" condition-coverage=""></line>
								<line number="93" hits="70" branch="false" condition-coverage=""></line>
								<line number="94" hits="70" branch="false" condition-coverage=""></line>
								<line number="95" hits="70" branch="false" condition-coverage=""></line>
								<line number="96" hits="70" branch="false" condition-coverage=""></line>
							</lines>
						</method>
					</methods>
					<lines>
						<line number="90" hits="70" branch="false" condition-coverage=""></line>
						<line number="91" hits="70" branch="false" condition-coverage=""></line>
						<line number="92" hits="70" branch="false" condition-coverage=""></line>
						<line number="93" hits="70" branch="false" condition-coverage=""></line>
						<line number="94" hits="70" branch="false" condition-coverage=""></line>
						<line number="95" hits="70" branch="false" condition-coverage=""></line>
						<line number="96" hits="70" branch="false" condition-coverage=""></line>
					</lines>
				</class>
				<class name="-" filename="/home/benizzio/src-workspace/ghostfolio-cryptogains/internal/snapshot/model/payload.go" line-rate="1.00" branch-rate="1.00" complexity="0">
					<methods>
						<method name="DefaultStoredDataVersion" signature="" line-rate="1.00" branch-rate="1.00" complexity="0">
							<lines>
								<line number="79" hits="61" branch="false" condition-coverage=""></line>
								<line number="80" hits="61" branch="false" condition-coverage=""></line>
								<line number="81" hits="61" branch="false" condition-coverage=""></line>
								<line number="82" hits="61" branch="false" condition-coverage=""></line>
								<line number="83" hits="61" branch="false" condition-coverage=""></line>
							</lines>
						</method>
					</methods>
					<lines>
						<line number="79" hits="61" branch="false" condition-coverage=""></line>
						<line number="80" hits="61" branch="false" condition-coverage=""></line>
						<line number="81" hits="61" branch="false" condition-coverage=""></line>
						<line number="82" hits="61" branch="false" condition-coverage=""></line>
						<line number="83" hits="61" branch="false" condition-coverage=""></line>
					</lines>
				</class>
				<class name="-" filename="/home/benizzio/src-workspace/ghostfolio-cryptogains/internal/snapshot/model/version.go" line-rate="1.00" branch-rate="1.00" complexity="0">
					<methods>
						<method name="SupportsEnvelopeFormatVersion" signature="" line-rate="1.00" branch-rate="1.00" complexity="0">
							<lines>
								<line number="10" hits="46" branch="false" condition-coverage=""></line>
							</lines>
						</method>
						<method name="SupportsStoredDataVersion" signature="" line-rate="1.00" branch-rate="1.00" complexity="0">
							<lines>
								<line number="17" hits="25" branch="false" condition-coverage=""></line>
								<line number="18" hits="25" branch="false" condition-coverage=""></line>
								<line number="19" hits="25" branch="false" condition-coverage=""></line>
							</lines>
						</method>
					</methods>
					<lines>
						<line number="10" hits="46" branch="false" condition-coverage=""></line>
						<line number="17" hits="25" branch="false" condition-coverage=""></line>
						<line number="18" hits="25" branch="false" condition-coverage=""></line>
						<line number="19" hits="25" branch="false" condition-coverage=""></line>
					</lines>
				</class>
			</classes>
		</package>
		<package name="github.com/benizzio/ghostfolio-cryptogains/internal/snapshot/envelope" line-rate="1.00" branch-rate="1.00" complexity="0">
			<classes>
				<class name="JSONCodec" filename="/home/benizzio/src-workspace/ghostfolio-cryptogains/internal/snapshot/envelope/codec.go" line-rate="1.00" branch-rate="1.00" complexity="0">
					<methods>
						<method name="Encode" signature="" line-rate="1.00" branch-rate="1.00" complexity="0">
							<lines>
								<line number="68" hits="54" branch="true" condition-coverage="1.00 (1/1)"></line>
								<line number="69" hits="1" branch="false" condition-coverage=""></line>
								<line number="71" hits="53" branch="true" condition-coverage="1.00 (1/1)"></line>
								<line number="72" hits="1" branch="false" condition-coverage=""></line>
								<line number="75" hits="52" branch="false" condition-coverage=""></line>
								<line number="76" hits="52" branch="true" condition-coverage="1.00 (1/1)"></line>
								<line number="77" hits="1" branch="false" condition-coverage=""></line>
								<line number="80" hits="51" branch="false" condition-coverage=""></line>
							</lines>
						</method>
						<method name="Decode" signature="" line-rate="1.00" branch-rate="1.00" complexity="0">
							<lines>
								<line number="86" hits="76" branch="false" condition-coverage=""></line>
								<line number="87" hits="76" branch="true" condition-coverage="1.00 (1/1)"></line>
								<line number="88" hits="2" branch="false" condition-coverage=""></line>
								<line number="90" hits="74" branch="true" condition-coverage="1.00 (1/1)"></line>
								<line number="91" hits="1" branch="false" condition-coverage=""></line>
								<line number="93" hits="73" branch="true" condition-coverage="1.00 (1/1)"></line>
								<line number="94" hits="1" branch="false" condition-coverage=""></line>
								<line number="97" hits="72" branch="false" condition-coverage=""></line>
							</lines>
						</method>
					</methods>
					<lines>
						<line number="68" hits="54" branch="true" condition-coverage="1.00 (1/1)"></line>
						<line number="69" hits="1" branch="false" condition-coverage=""></line>
						<line number="71" hits="53" branch="true" condition-coverage="1.00 (1/1)"></line>
						<line number="72" hits="1" branch="false" condition-coverage=""></line>
						<line number="75" hits="52" branch="false" condition-coverage=""></line>
						<line number="76" hits="52" branch="true" condition-coverage="1.00 (1/1)"></line>
						<line number="77" hits="1" branch="false" condition-coverage=""></line>
						<line number="80" hits="51" branch="false" condition-coverage=""></line>
						<line number="86" hits="76" branch="false" condition-coverage=""></line>
						<line number="87" hits="76" branch="true" condition-coverage="1.00 (1/1)"></line>
						<line number="88" hits="2" branch="false" condition-coverage=""></line>
						<line number="90" hits="74" branch="true" condition-coverage="1.00 (1/1)"></line>
						<line number="91" hits="1" branch="false" condition-coverage=""></line>
						<line number="93" hits="73" branch="true" condition-coverage="1.00 (1/1)"></line>
						<line number="94" hits="1" branch="false" condition-coverage=""></line>
						<line number="97" hits="72" branch="false" condition-coverage=""></line>
					</lines>
				</class>
				<class name="-" filename="/home/benizzio/src-workspace/ghostfolio-cryptogains/internal/snapshot/envelope/codec.go" line-rate="1.00" branch-rate="1.00" complexity="0">
					<methods>
						<method name="NewJSONCodec" signature="" line-rate="1.00" branch-rate="1.00" complexity="0">
							<lines>
								<line number="62" hits="98" branch="false" condition-coverage=""></line>
							</lines>
						</method>
						<method name="DeriveServerDiscoveryKey" signature="" line-rate="1.00" branch-rate="1.00" complexity="0">
							<lines>
								<line number="110" hits="137" branch="false" condition-coverage=""></line>
								<line number="111" hits="137" branch="false" condition-coverage=""></line>
								<line number="112" hits="137" branch="false" condition-coverage=""></line>
								<line number="113" hits="137" branch="false" condition-coverage=""></line>
							</lines>
						</method>
						<method name="AuthenticatedHeaderBytes" signature="" line-rate="1.00" branch-rate="1.00" complexity="0">
							<lines>
								<line number="130" hits="87" branch="true" condition-coverage="1.00 (1/1)"></line>
								<line number="131" hits="1" branch="false" condition-coverage=""></line>
								<line number="134" hits="86" branch="false" condition-coverage=""></line>
								<line number="135" hits="86" branch="true" condition-coverage="1.00 (1/1)"></line>
								<line number="136" hits="2" branch="false" condition-coverage=""></line>
								<line number="139" hits="84" branch="false" condition-coverage=""></line>
							</lines>
						</method>
						<method name="DeriveEncryptionKey" signature="" line-rate="1.00" branch-rate="1.00" complexity="0">
							<lines>
								<line number="147" hits="92" branch="true" condition-coverage="1.00 (1/1)"></line>
								<line number="148" hits="2" branch="false" condition-coverage=""></line>
								<line number="150" hits="90" branch="true" condition-coverage="1.00 (1/1)"></line>
								<line number="151" hits="2" branch="false" condition-coverage=""></line>
								<line number="154" hits="88" branch="false" condition-coverage=""></line>
								<line number="155" hits="88" branch="false" condition-coverage=""></line>
								<line number="156" hits="88" branch="false" condition-coverage=""></line>
								<line number="157" hits="88" branch="false" condition-coverage=""></line>
								<line number="158" hits="88" branch="false" condition-coverage=""></line>
								<line number="159" hits="88" branch="false" condition-coverage=""></line>
								<line number="160" hits="88" branch="false" condition-coverage=""></line>
								<line number="163" hits="88" branch="false" condition-coverage=""></line>
							</lines>
						</method>
						<method name="SealCiphertext" signature="" line-rate="1.00" branch-rate="1.00" complexity="0">
							<lines>
								<line number="171" hits="51" branch="false" condition-coverage=""></line>
								<line number="172" hits="51" branch="true" condition-coverage="1.00 (1/1)"></line>
								<line number="173" hits="1" branch="false" condition-coverage=""></line>
								<line number="176" hits="50" branch="false" condition-coverage=""></line>
							</lines>
						</method>
						<method name="OpenCiphertext" signature="" line-rate="1.00" branch-rate="1.00" complexity="0">
							<lines>
								<line number="184" hits="35" branch="true" condition-coverage="1.00 (1/1)"></line>
								<line number="185" hits="1" branch="false" condition-coverage=""></line>
								<line number="188" hits="34" branch="false" condition-coverage=""></line>
								<line number="189" hits="34" branch="true" condition-coverage="1.00 (1/1)"></line>
								<line number="190" hits="1" branch="false" condition-coverage=""></line>
								<line number="193" hits="33" branch="false" condition-coverage=""></line>
								<line number="194" hits="33" branch="true" condition-coverage="1.00 (1/1)"></line>
								<line number="195" hits="9" branch="false" condition-coverage=""></line>
								<line number="198" hits="24" branch="false" condition-coverage=""></line>
							</lines>
						</method>
						<method name="prepareAEAD" signature="" line-rate="1.00" branch-rate="1.00" complexity="0">
							<lines>
								<line number="205" hits="89" branch="false" condition-coverage=""></line>
								<line number="206" hits="89" branch="true" condition-coverage="1.00 (1/1)"></line>
								<line number="207" hits="2" branch="false" condition-coverage=""></line>
								<line number="210" hits="87" branch="false" condition-coverage=""></line>
								<line number="211" hits="87" branch="false" condition-coverage=""></line>
								<line number="212" hits="87" branch="true" condition-coverage="1.00 (1/1)"></line>
								<line number="213" hits="1" branch="false" condition-coverage=""></line>
								<line number="216" hits="86" branch="false" condition-coverage=""></line>
								<line number="217" hits="86" branch="false" condition-coverage=""></line>
								<line number="218" hits="86" branch="true" condition-coverage="1.00 (1/1)"></line>
								<line number="219" hits="1" branch="false" condition-coverage=""></line>
								<line number="221" hits="85" branch="true" condition-coverage="1.00 (1/1)"></line>
								<line number="222" hits="1" branch="false" condition-coverage=""></line>
								<line number="225" hits="84" branch="false" condition-coverage=""></line>
								<line number="226" hits="84" branch="true" condition-coverage="1.00 (1/1)"></line>
								<line number="227" hits="1" branch="false" condition-coverage=""></line>
								<line number="230" hits="83" branch="false" condition-coverage=""></line>
							</lines>
						</method>
						<method name="validateEnvelopeHeader" signature="" line-rate="1.00" branch-rate="1.00" complexity="0">
							<lines>
								<line number="237" hits="314" branch="true" condition-coverage="1.00 (1/1)"></line>
								<line number="238" hits="6" branch="false" condition-coverage=""></line>
								<line number="240" hits="308" branch="true" condition-coverage="1.00 (1/1)"></line>
								<line number="241" hits="1" branch="false" condition-coverage=""></line>
								<line number="243" hits="307" branch="true" condition-coverage="1.00 (1/1)"></line>
								<line number="244" hits="1" branch="false" condition-coverage=""></line>
								<line number="246" hits="306" branch="true" condition-coverage="1.00 (1/1)"></line>
								<line number="247" hits="1" branch="false" condition-coverage=""></line>
								<line number="249" hits="305" branch="true" condition-coverage="1.00 (1/1)"></line>
								<line number="250" hits="1" branch="false" condition-coverage=""></line>
								<line number="252" hits="304" branch="true" condition-coverage="1.00 (1/1)"></line>
								<line number="253" hits="1" branch="false" condition-coverage=""></line>
								<line number="255" hits="303" branch="true" condition-coverage="1.00 (1/1)"></line>
								<line number="256" hits="1" branch="false" condition-coverage=""></line>
								<line number="258" hits="302" branch="true" condition-coverage="1.00 (1/1)"></line>
								<line number="259" hits="1" branch="false" condition-coverage=""></line>
								<line number="262" hits="301" branch="false" condition-coverage=""></line>
							</lines>
						</method>
					</methods>
					<lines>
						<line number="62" hits="98" branch="false" condition-coverage=""></line>
						<line number="110" hits="137" branch="false" condition-coverage=""></line>
						<line number="111" hits="137" branch="false" condition-coverage=""></line>
						<line number="112" hits="137" branch="false" condition-coverage=""></line>
						<line number="113" hits="137" branch="false" condition-coverage=""></line>
						<line number="130" hits="87" branch="true" condition-coverage="1.00 (1/1)"></line>
						<line number="131" hits="1" branch="false" condition-coverage=""></line>
						<line number="134" hits="86" branch="false" condition-coverage=""></line>
						<line number="135" hits="86" branch="true" condition-coverage="1.00 (1/1)"></line>
						<line number="136" hits="2" branch="false" condition-coverage=""></line>
						<line number="139" hits="84" branch="false" condition-coverage=""></line>
						<line number="147" hits="92" branch="true" condition-coverage="1.00 (1/1)"></line>
						<line number="148" hits="2" branch="false" condition-coverage=""></line>
						<line number="150" hits="90" branch="true" condition-coverage="1.00 (1/1)"></line>
						<line number="151" hits="2" branch="false" condition-coverage=""></line>
						<line number="154" hits="88" branch="false" condition-coverage=""></line>
						<line number="155" hits="88" branch="false" condition-coverage=""></line>
						<line number="156" hits="88" branch="false" condition-coverage=""></line>
						<line number="157" hits="88" branch="false" condition-coverage=""></line>
						<line number="158" hits="88" branch="false" condition-coverage=""></line>
						<line number="159" hits="88" branch="false" condition-coverage=""></line>
						<line number="160" hits="88" branch="false" condition-coverage=""></line>
						<line number="163" hits="88" branch="false" condition-coverage=""></line>
						<line number="171" hits="51" branch="false" condition-coverage=""></line>
						<line number="172" hits="51" branch="true" condition-coverage="1.00 (1/1)"></line>
						<line number="173" hits="1" branch="false" condition-coverage=""></line>
						<line number="176" hits="50" branch="false" condition-coverage=""></line>
						<line number="184" hits="35" branch="true" condition-coverage="1.00 (1/1)"></line>
						<line number="185" hits="1" branch="false" condition-coverage=""></line>
						<line number="188" hits="34" branch="false" condition-coverage=""></line>
						<line number="189" hits="34" branch="true" condition-coverage="1.00 (1/1)"></line>
						<line number="190" hits="1" branch="false" condition-coverage=""></line>
						<line number="193" hits="33" branch="false" condition-coverage=""></line>
						<line number="194" hits="33" branch="true" condition-coverage="1.00 (1/1)"></line>
						<line number="195" hits="9" branch="false" condition-coverage=""></line>
						<line number="198" hits="24" branch="false" condition-coverage=""></line>
						<line number="205" hits="89" branch="false" condition-coverage=""></line>
						<line number="206" hits="89" branch="true" condition-coverage="1.00 (1/1)"></line>
						<line number="207" hits="2" branch="false" condition-coverage=""></line>
						<line number="210" hits="87" branch="false" condition-coverage=""></line>
						<line number="211" hits="87" branch="false" condition-coverage=""></line>
						<line number="212" hits="87" branch="true" condition-coverage="1.00 (1/1)"></line>
						<line number="213" hits="1" branch="false" condition-coverage=""></line>
						<line number="216" hits="86" branch="false" condition-coverage=""></line>
						<line number="217" hits="86" branch="false" condition-coverage=""></line>
						<line number="218" hits="86" branch="true" condition-coverage="1.00 (1/1)"></line>
						<line number="219" hits="1" branch="false" condition-coverage=""></line>
						<line number="221" hits="85" branch="true" condition-coverage="1.00 (1/1)"></line>
						<line number="222" hits="1" branch="false" condition-coverage=""></line>
						<line number="225" hits="84" branch="false" condition-coverage=""></line>
						<line number="226" hits="84" branch="true" condition-coverage="1.00 (1/1)"></line>
						<line number="227" hits="1" branch="false" condition-coverage=""></line>
						<line number="230" hits="83" branch="false" condition-coverage=""></line>
						<line number="237" hits="314" branch="true" condition-coverage="1.00 (1/1)"></line>
						<line number="238" hits="6" branch="false" condition-coverage=""></line>
						<line number="240" hits="308" branch="true" condition-coverage="1.00 (1/1)"></line>
						<line number="241" hits="1" branch="false" condition-coverage=""></line>
						<line number="243" hits="307" branch="true" condition-coverage="1.00 (1/1)"></line>
						<line number="244" hits="1" branch="false" condition-coverage=""></line>
						<line number="246" hits="306" branch="true" condition-coverage="1.00 (1/1)"></line>
						<line number="247" hits="1" branch="false" condition-coverage=""></line>
						<line number="249" hits="305" branch="true" condition-coverage="1.00 (1/1)"></line>
						<line number="250" hits="1" branch="false" condition-coverage=""></line>
						<line number="252" hits="304" branch="true" condition-coverage="1.00 (1/1)"></line>
						<line number="253" hits="1" branch="false" condition-coverage=""></line>
						<line number="255" hits="303" branch="true" condition-coverage="1.00 (1/1)"></line>
						<line number="256" hits="1" branch="false" condition-coverage=""></line>
						<line number="258" hits="302" branch="true" condition-coverage="1.00 (1/1)"></line>
						<line number="259" hits="1" branch="false" condition-coverage=""></line>
						<line number="262" hits="301" branch="false" condition-coverage=""></line>
					</lines>
				</class>
			</classes>
		</package>
		<package name="github.com/benizzio/ghostfolio-cryptogains/internal/snapshot/store" line-rate="1.00" branch-rate="1.00" complexity="0">
			<classes>
				<class name="-" filename="/home/benizzio/src-workspace/ghostfolio-cryptogains/internal/snapshot/store/compatibility.go" line-rate="1.00" branch-rate="1.00" complexity="0">
					<methods>
						<method name="ValidateEnvelopeCompatibility" signature="" line-rate="1.00" branch-rate="1.00" complexity="0">
							<lines>
								<line number="26" hits="46" branch="true" condition-coverage="1.00 (1/1)"></line>
								<line number="27" hits="4" branch="false" condition-coverage=""></line>
								<line number="29" hits="42" branch="false" condition-coverage=""></line>
							</lines>
						</method>
						<method name="ValidatePayloadCompatibility" signature="" line-rate="1.00" branch-rate="1.00" complexity="0">
							<lines>
								<line number="36" hits="24" branch="true" condition-coverage="1.00 (1/1)"></line>
								<line number="37" hits="5" branch="false" condition-coverage=""></line>
								<line number="39" hits="19" branch="false" condition-coverage=""></line>
							</lines>
						</method>
					</methods>
					<lines>
						<line number="26" hits="46" branch="true" condition-coverage="1.00 (1/1)"></line>
						<line number="27" hits="4" branch="false" condition-coverage=""></line>
						<line number="29" hits="42" branch="false" condition-coverage=""></line>
						<line number="36" hits="24" branch="true" condition-coverage="1.00 (1/1)"></line>
						<line number="37" hits="5" branch="false" condition-coverage=""></line>
						<line number="39" hits="19" branch="false" condition-coverage=""></line>
					</lines>
				</class>
				<class name="-" filename="/home/benizzio/src-workspace/ghostfolio-cryptogains/internal/snapshot/store/discovery.go" line-rate="1.00" branch-rate="1.00" complexity="0">
					<methods>
						<method name="DiscoverServerCandidates" signature="" line-rate="1.00" branch-rate="1.00" complexity="0">
							<lines>
								<line number="16" hits="82" branch="true" condition-coverage="1.00 (1/1)"></line>
								<line number="17" hits="2" branch="false" condition-coverage=""></line>
								<line number="20" hits="80" branch="false" condition-coverage=""></line>
								<line number="21" hits="80" branch="true" condition-coverage="1.00 (1/1)"></line>
								<line number="22" hits="3" branch="false" condition-coverage=""></line>
								<line number="25" hits="77" branch="false" condition-coverage=""></line>
								<line number="26" hits="77" branch="false" condition-coverage=""></line>
								<line number="27" hits="77" branch="true" condition-coverage="1.00 (1/1)"></line>
								<line number="28" hits="43" branch="true" condition-coverage="1.00 (1/1)"></line>
								<line number="29" hits="35" branch="false" condition-coverage=""></line>
								<line number="33" hits="77" branch="false" condition-coverage=""></line>
							</lines>
						</method>
					</methods>
					<lines>
						<line number="16" hits="82" branch="true" condition-coverage="1.00 (1/1)"></line>
						<line number="17" hits="2" branch="false" condition-coverage=""></line>
						<line number="20" hits="80" branch="false" condition-coverage=""></line>
						<line number="21" hits="80" branch="true" condition-coverage="1.00 (1/1)"></line>
						<line number="22" hits="3" branch="false" condition-coverage=""></line>
						<line number="25" hits="77" branch="false" condition-coverage=""></line>
						<line number="26" hits="77" branch="false" condition-coverage=""></line>
						<line number="27" hits="77" branch="true" condition-coverage="1.00 (1/1)"></line>
						<line number="28" hits="43" branch="true" condition-coverage="1.00 (1/1)"></line>
						<line number="29" hits="35" branch="false" condition-coverage=""></line>
						<line number="33" hits="77" branch="false" condition-coverage=""></line>
					</lines>
				</class>
				<class name="-" filename="/home/benizzio/src-workspace/ghostfolio-cryptogains/internal/snapshot/store/encrypted_store.go" line-rate="1.00" branch-rate="1.00" complexity="0">
					<methods>
						<method name="NewEncryptedStore" signature="" line-rate="1.00" branch-rate="1.00" complexity="0">
							<lines>
								<line number="48" hits="80" branch="false" condition-coverage=""></line>
								<line number="49" hits="80" branch="false" condition-coverage=""></line>
							</lines>
						</method>
						<method name="newEnvelopeHeader" signature="" line-rate="1.00" branch-rate="1.00" complexity="0">
							<lines>
								<line number="149" hits="39" branch="false" condition-coverage=""></line>
								<line number="150" hits="39" branch="true" condition-coverage="1.00 (1/1)"></line>
								<line number="151" hits="1" branch="false" condition-coverage=""></line>
								<line number="153" hits="38" branch="false" condition-coverage=""></line>
								<line number="154" hits="38" branch="true" condition-coverage="1.00 (1/1)"></line>
								<line number="155" hits="1" branch="false" condition-coverage=""></line>
								<line number="158" hits="37" branch="false" condition-coverage=""></line>
								<line number="159" hits="37" branch="false" condition-coverage=""></line>
								<line number="160" hits="37" branch="false" condition-coverage=""></line>
								<line number="161" hits="37" branch="false" condition-coverage=""></line>
								<line number="162" hits="37" branch="false" condition-coverage=""></line>
								<line number="163" hits="37" branch="false" condition-coverage=""></line>
								<line number="164" hits="37" branch="false" condition-coverage=""></line>
								<line number="165" hits="37" branch="false" condition-coverage=""></line>
							</lines>
						</method>
						<method name="randomIdentifier" signature="" line-rate="1.00" branch-rate="1.00" complexity="0">
							<lines>
								<line number="171" hits="25" branch="false" condition-coverage=""></line>
								<line number="172" hits="25" branch="true" condition-coverage="1.00 (1/1)"></line>
								<line number="173" hits="1" branch="false" condition-coverage=""></line>
								<line number="176" hits="24" branch="false" condition-coverage=""></line>
							</lines>
						</method>
						<method name="randomBytes" signature="" line-rate="1.00" branch-rate="1.00" complexity="0">
							<lines>
								<line number="182" hits="102" branch="false" condition-coverage=""></line>
								<line number="183" hits="102" branch="true" condition-coverage="1.00 (1/1)"></line>
								<line number="184" hits="3" branch="false" condition-coverage=""></line>
								<line number="186" hits="99" branch="false" condition-coverage=""></line>
							</lines>
						</method>
					</methods>
					<lines>
						<line number="48" hits="80" branch="false" condition-coverage=""></line>
						<line number="49" hits="80" branch="false" condition-coverage=""></line>
						<line number="149" hits="39" branch="false" condition-coverage=""></line>
						<line number="150" hits="39" branch="true" condition-coverage="1.00 (1/1)"></line>
						<line number="151" hits="1" branch="false" condition-coverage=""></line>
						<line number="153" hits="38" branch="false" condition-coverage=""></line>
						<line number="154" hits="38" branch="true" condition-coverage="1.00 (1/1)"></line>
						<line number="155" hits="1" branch="false" condition-coverage=""></line>
						<line number="158" hits="37" branch="false" condition-coverage=""></line>
						<line number="159" hits="37" branch="false" condition-coverage=""></line>
						<line number="160" hits="37" branch="false" condition-coverage=""></line>
						<line number="161" hits="37" branch="false" condition-coverage=""></line>
						<line number="162" hits="37" branch="false" condition-coverage=""></line>
						<line number="163" hits="37" branch="false" condition-coverage=""></line>
						<line number="164" hits="37" branch="false" condition-coverage=""></line>
						<line number="165" hits="37" branch="false" condition-coverage=""></line>
						<line number="171" hits="25" branch="false" condition-coverage=""></line>
						<line number="172" hits="25" branch="true" condition-coverage="1.00 (1/1)"></line>
						<line number="173" hits="1" branch="false" condition-coverage=""></line>
						<line number="176" hits="24" branch="false" condition-coverage=""></line>
						<line number="182" hits="102" branch="false" condition-coverage=""></line>
						<line number="183" hits="102" branch="true" condition-coverage="1.00 (1/1)"></line>
						<line number="184" hits="3" branch="false" condition-coverage=""></line>
						<line number="186" hits="99" branch="false" condition-coverage=""></line>
					</lines>
				</class>
				<class name="EncryptedStore" filename="/home/benizzio/src-workspace/ghostfolio-cryptogains/internal/snapshot/store/encrypted_store.go" line-rate="1.00" branch-rate="1.00" complexity="0">
					<methods>
						<method name="Candidates" signature="" line-rate="1.00" branch-rate="1.00" complexity="0">
							<lines>
								<line number="55" hits="67" branch="false" condition-coverage=""></line>
							</lines>
						</method>
						<method name="Read" signature="" line-rate="1.00" branch-rate="1.00" complexity="0">
							<lines>
								<line number="61" hits="35" branch="true" condition-coverage="1.00 (1/1)"></line>
								<line number="62" hits="1" branch="false" condition-coverage=""></line>
								<line number="64" hits="34" branch="true" condition-coverage="1.00 (1/1)"></line>
								<line number="65" hits="1" branch="false" condition-coverage=""></line>
								<line number="68" hits="33" branch="false" condition-coverage=""></line>
								<line number="69" hits="33" branch="true" condition-coverage="1.00 (1/1)"></line>
								<line number="70" hits="1" branch="false" condition-coverage=""></line>
								<line number="73" hits="32" branch="false" condition-coverage=""></line>
								<line number="74" hits="32" branch="true" condition-coverage="1.00 (1/1)"></line>
								<line number="75" hits="1" branch="false" condition-coverage=""></line>
								<line number="77" hits="31" branch="true" condition-coverage="1.00 (1/1)"></line>
								<line number="78" hits="1" branch="false" condition-coverage=""></line>
								<line number="81" hits="30" branch="false" condition-coverage=""></line>
								<line number="82" hits="30" branch="true" condition-coverage="1.00 (1/1)"></line>
								<line number="83" hits="7" branch="false" condition-coverage=""></line>
								<line number="86" hits="23" branch="false" condition-coverage=""></line>
								<line number="87" hits="23" branch="true" condition-coverage="1.00 (1/1)"></line>
								<line number="88" hits="1" branch="false" condition-coverage=""></line>
								<line number="90" hits="22" branch="true" condition-coverage="1.00 (1/1)"></line>
								<line number="91" hits="3" branch="false" condition-coverage=""></line>
								<line number="94" hits="19" branch="false" condition-coverage=""></line>
							</lines>
						</method>
						<method name="Write" signature="" line-rate="1.00" branch-rate="1.00" complexity="0">
							<lines>
								<line number="100" hits="41" branch="true" condition-coverage="1.00 (1/1)"></line>
								<line number="101" hits="1" branch="false" condition-coverage=""></line>
								<line number="103" hits="40" branch="true" condition-coverage="1.00 (1/1)"></line>
								<line number="104" hits="1" branch="false" condition-coverage=""></line>
								<line number="106" hits="39" branch="true" condition-coverage="1.00 (1/1)"></line>
								<line number="107" hits="1" branch="false" condition-coverage=""></line>
								<line number="110" hits="38" branch="false" condition-coverage=""></line>
								<line number="111" hits="38" branch="true" condition-coverage="1.00 (1/1)"></line>
								<line number="112" hits="1" branch="false" condition-coverage=""></line>
								<line number="115" hits="37" branch="false" condition-coverage=""></line>
								<line number="116" hits="37" branch="true" condition-coverage="1.00 (1/1)"></line>
								<line number="117" hits="1" branch="false" condition-coverage=""></line>
								<line number="120" hits="36" branch="false" condition-coverage=""></line>
								<line number="121" hits="36" branch="true" condition-coverage="1.00 (1/1)"></line>
								<line number="122" hits="1" branch="false" condition-coverage=""></line>
								<line number="125" hits="35" branch="false" condition-coverage=""></line>
								<line number="126" hits="35" branch="true" condition-coverage="1.00 (1/1)"></line>
								<line number="127" hits="1" branch="false" condition-coverage=""></line>
								<line number="130" hits="34" branch="false" condition-coverage=""></line>
								<line number="131" hits="34" branch="true" condition-coverage="1.00 (1/1)"></line>
								<line number="132" hits="25" branch="false" condition-coverage=""></line>
								<line number="133" hits="25" branch="true" condition-coverage="1.00 (1/1)"></line>
								<line number="134" hits="1" branch="false" condition-coverage=""></line>
								<line number="138" hits="33" branch="false" condition-coverage=""></line>
								<line number="139" hits="33" branch="true" condition-coverage="1.00 (1/1)"></line>
								<line number="140" hits="1" branch="false" condition-coverage=""></line>
								<line number="143" hits="32" branch="false" condition-coverage=""></line>
							</lines>
						</method>
					</methods>
					<lines>
						<line number="55" hits="67" branch="false" condition-coverage=""></line>
						<line number="61" hits="35" branch="true" condition-coverage="1.00 (1/1)"></line>
						<line number="62" hits="1" branch="false" condition-coverage=""></line>
						<line number="64" hits="34" branch="true" condition-coverage="1.00 (1/1)"></line>
						<line number="65" hits="1" branch="false" condition-coverage=""></line>
						<line number="68" hits="33" branch="false" condition-coverage=""></line>
						<line number="69" hits="33" branch="true" condition-coverage="1.00 (1/1)"></line>
						<line number="70" hits="1" branch="false" condition-coverage=""></line>
						<line number="73" hits="32" branch="false" condition-coverage=""></line>
						<line number="74" hits="32" branch="true" condition-coverage="1.00 (1/1)"></line>
						<line number="75" hits="1" branch="false" condition-coverage=""></line>
						<line number="77" hits="31" branch="true" condition-coverage="1.00 (1/1)"></line>
						<line number="78" hits="1" branch="false" condition-coverage=""></line>
						<line number="81" hits="30" branch="false" condition-coverage=""></line>
						<line number="82" hits="30" branch="true" condition-coverage="1.00 (1/1)"></line>
						<line number="83" hits="7" branch="false" condition-coverage=""></line>
						<line number="86" hits="23" branch="false" condition-coverage=""></line>
						<line number="87" hits="23" branch="true" condition-coverage="1.00 (1/1)"></line>
						<line number="88" hits="1" branch="false" condition-coverage=""></line>
						<line number="90" hits="22" branch="true" condition-coverage="1.00 (1/1)"></line>
						<line number="91" hits="3" branch="false" condition-coverage=""></line>
						<line number="94" hits="19" branch="false" condition-coverage=""></line>
						<line number="100" hits="41" branch="true" condition-coverage="1.00 (1/1)"></line>
						<line number="101" hits="1" branch="false" condition-coverage=""></line>
						<line number="103" hits="40" branch="true" condition-coverage="1.00 (1/1)"></line>
						<line number="104" hits="1" branch="false" condition-coverage=""></line>
						<line number="106" hits="39" branch="true" condition-coverage="1.00 (1/1)"></line>
						<line number="107" hits="1" branch="false" condition-coverage=""></line>
						<line number="110" hits="38" branch="false" condition-coverage=""></line>
						<line number="111" hits="38" branch="true" condition-coverage="1.00 (1/1)"></line>
						<line number="112" hits="1" branch="false" condition-coverage=""></line>
						<line number="115" hits="37" branch="false" condition-coverage=""></line>
						<line number="116" hits="37" branch="true" condition-coverage="1.00 (1/1)"></line>
						<line number="117" hits="1" branch="false" condition-coverage=""></line>
						<line number="120" hits="36" branch="false" condition-coverage=""></line>
						<line number="121" hits="36" branch="true" condition-coverage="1.00 (1/1)"></line>
						<line number="122" hits="1" branch="false" condition-coverage=""></line>
						<line number="125" hits="35" branch="false" condition-coverage=""></line>
						<line number="126" hits="35" branch="true" condition-coverage="1.00 (1/1)"></line>
						<line number="127" hits="1" branch="false" condition-coverage=""></line>
						<line number="130" hits="34" branch="false" condition-coverage=""></line>
						<line number="131" hits="34" branch="true" condition-coverage="1.00 (1/1)"></line>
						<line number="132" hits="25" branch="false" condition-coverage=""></line>
						<line number="133" hits="25" branch="true" condition-coverage="1.00 (1/1)"></line>
						<line number="134" hits="1" branch="false" condition-coverage=""></line>
						<line number="138" hits="33" branch="false" condition-coverage=""></line>
						<line number="139" hits="33" branch="true" condition-coverage="1.00 (1/1)"></line>
						<line number="140" hits="1" branch="false" condition-coverage=""></line>
						<line number="143" hits="32" branch="false" condition-coverage=""></line>
					</lines>
				</class>
				<class name="-" filename="/home/benizzio/src-workspace/ghostfolio-cryptogains/internal/snapshot/store/store.go" line-rate="1.00" branch-rate="1.00" complexity="0">
					<methods>
						<method name="createTempFile" signature="" line-rate="1.00" branch-rate="1.00" complexity="0">
							<lines>
								<line number="68" hits="77" branch="false" condition-coverage=""></line>
							</lines>
						</method>
						<method name="isWindowsPlatform" signature="" line-rate="1.00" branch-rate="1.00" complexity="0">
							<lines>
								<line number="94" hits="80" branch="false" condition-coverage=""></line>
							</lines>
						</method>
						<method name="NewFilesystemStore" signature="" line-rate="1.00" branch-rate="1.00" complexity="0">
							<lines>
								<line number="158" hits="103" branch="true" condition-coverage="1.00 (1/1)"></line>
								<line number="159" hits="72" branch="false" condition-coverage=""></line>
								<line number="162" hits="103" branch="false" condition-coverage=""></line>
								<line number="163" hits="103" branch="false" condition-coverage=""></line>
								<line number="164" hits="103" branch="false" condition-coverage=""></line>
							</lines>
						</method>
						<method name="ReplaceFileAtomically" signature="" line-rate="1.00" branch-rate="1.00" complexity="0">
							<lines>
								<line number="261" hits="87" branch="false" condition-coverage=""></line>
								<line number="262" hits="87" branch="true" condition-coverage="1.00 (1/1)"></line>
								<line number="263" hits="3" branch="false" condition-coverage=""></line>
								<line number="265" hits="84" branch="true" condition-coverage="1.00 (1/1)"></line>
								<line number="266" hits="1" branch="false" condition-coverage=""></line>
								<line number="269" hits="83" branch="false" condition-coverage=""></line>
								<line number="270" hits="83" branch="true" condition-coverage="1.00 (1/1)"></line>
								<line number="271" hits="2" branch="false" condition-coverage=""></line>
								<line number="273" hits="81" branch="false" condition-coverage=""></line>
								<line number="274" hits="81" branch="false" condition-coverage=""></line>
								<line number="276" hits="81" branch="true" condition-coverage="1.00 (1/1)"></line>
								<line number="277" hits="1" branch="false" condition-coverage=""></line>
								<line number="278" hits="1" branch="false" condition-coverage=""></line>
								<line number="280" hits="80" branch="true" condition-coverage="1.00 (1/1)"></line>
								<line number="281" hits="1" branch="false" condition-coverage=""></line>
								<line number="282" hits="1" branch="false" condition-coverage=""></line>
								<line number="284" hits="79" branch="true" condition-coverage="1.00 (1/1)"></line>
								<line number="285" hits="1" branch="false" condition-coverage=""></line>
								<line number="286" hits="1" branch="false" condition-coverage=""></line>
								<line number="288" hits="78" branch="true" condition-coverage="1.00 (1/1)"></line>
								<line number="289" hits="1" branch="false" condition-coverage=""></line>
								<line number="292" hits="77" branch="true" condition-coverage="1.00 (1/1)"></line>
								<line number="293" hits="2" branch="true" condition-coverage="1.00 (1/1)"></line>
								<line number="294" hits="1" branch="false" condition-coverage=""></line>
								<line number="297" hits="1" branch="false" condition-coverage=""></line>
								<line number="300" hits="75" branch="true" condition-coverage="1.00 (1/1)"></line>
								<line number="301" hits="1" branch="false" condition-coverage=""></line>
								<line number="304" hits="74" branch="false" condition-coverage=""></line>
							</lines>
						</method>
						<method name="replaceFileWindows" signature="" line-rate="1.00" branch-rate="1.00" complexity="0">
							<lines>
								<line number="311" hits="7" branch="false" condition-coverage=""></line>
								<line number="312" hits="7" branch="false" condition-coverage=""></line>
								<line number="314" hits="7" branch="false" condition-coverage=""></line>
								<line number="315" hits="7" branch="true" condition-coverage="1.00 (1/1)"></line>
								<line number="316" hits="4" branch="false" condition-coverage=""></line>
								<line number="318" hits="1" branch="false" condition-coverage=""></line>
								<line number="321" hits="6" branch="true" condition-coverage="1.00 (1/1)"></line>
								<line number="322" hits="4" branch="true" condition-coverage="1.00 (1/1)"></line>
								<line number="323" hits="1" branch="false" condition-coverage=""></line>
								<line number="327" hits="5" branch="true" condition-coverage="1.00 (1/1)"></line>
								<line number="328" hits="2" branch="true" condition-coverage="1.00 (1/1)"></line>
								<line number="329" hits="2" branch="false" condition-coverage=""></line>
								<line number="331" hits="2" branch="false" condition-coverage=""></line>
								<line number="334" hits="3" branch="true" condition-coverage="1.00 (1/1)"></line>
								<line number="335" hits="1" branch="false" condition-coverage=""></line>
								<line number="338" hits="3" branch="false" condition-coverage=""></line>
							</lines>
						</method>
						<method name="applyPathMode" signature="" line-rate="1.00" branch-rate="1.00" complexity="0">
							<lines>
								<line number="344" hits="161" branch="true" condition-coverage="1.00 (1/1)"></line>
								<line number="345" hits="3" branch="false" condition-coverage=""></line>
								<line number="347" hits="158" branch="false" condition-coverage=""></line>
							</lines>
						</method>
						<method name="cleanupTempFile" signature="" line-rate="1.00" branch-rate="1.00" complexity="0">
							<lines>
								<line number="353" hits="89" branch="false" condition-coverage=""></line>
							</lines>
						</method>
						<method name="ignoresPermissionBits" signature="" line-rate="1.00" branch-rate="1.00" complexity="0">
							<lines>
								<line number="359" hits="7" branch="false" condition-coverage=""></line>
							</lines>
						</method>
					</methods>
					<lines>
						<line number="68" hits="77" branch="false" condition-coverage=""></line>
						<line number="94" hits="80" branch="false" condition-coverage=""></line>
						<line number="158" hits="103" branch="true" condition-coverage="1.00 (1/1)"></line>
						<line number="159" hits="72" branch="false" condition-coverage=""></line>
						<line number="162" hits="103" branch="false" condition-coverage=""></line>
						<line number="163" hits="103" branch="false" condition-coverage=""></line>
						<line number="164" hits="103" branch="false" condition-coverage=""></line>
						<line number="261" hits="87" branch="false" condition-coverage=""></line>
						<line number="262" hits="87" branch="true" condition-coverage="1.00 (1/1)"></line>
						<line number="263" hits="3" branch="false" condition-coverage=""></line>
						<line number="265" hits="84" branch="true" condition-coverage="1.00 (1/1)"></line>
						<line number="266" hits="1" branch="false" condition-coverage=""></line>
						<line number="269" hits="83" branch="false" condition-coverage=""></line>
						<line number="270" hits="83" branch="true" condition-coverage="1.00 (1/1)"></line>
						<line number="271" hits="2" branch="false" condition-coverage=""></line>
						<line number="273" hits="81" branch="false" condition-coverage=""></line>
						<line number="274" hits="81" branch="false" condition-coverage=""></line>
						<line number="276" hits="81" branch="true" condition-coverage="1.00 (1/1)"></line>
						<line number="277" hits="1" branch="false" condition-coverage=""></line>
						<line number="278" hits="1" branch="false" condition-coverage=""></line>
						<line number="280" hits="80" branch="true" condition-coverage="1.00 (1/1)"></line>
						<line number="281" hits="1" branch="false" condition-coverage=""></line>
						<line number="282" hits="1" branch="false" condition-coverage=""></line>
						<line number="284" hits="79" branch="true" condition-coverage="1.00 (1/1)"></line>
						<line number="285" hits="1" branch="false" condition-coverage=""></line>
						<line number="286" hits="1" branch="false" condition-coverage=""></line>
						<line number="288" hits="78" branch="true" condition-coverage="1.00 (1/1)"></line>
						<line number="289" hits="1" branch="false" condition-coverage=""></line>
						<line number="292" hits="77" branch="true" condition-coverage="1.00 (1/1)"></line>
						<line number="293" hits="2" branch="true" condition-coverage="1.00 (1/1)"></line>
						<line number="294" hits="1" branch="false" condition-coverage=""></line>
						<line number="297" hits="1" branch="false" condition-coverage=""></line>
						<line number="300" hits="75" branch="true" condition-coverage="1.00 (1/1)"></line>
						<line number="301" hits="1" branch="false" condition-coverage=""></line>
						<line number="304" hits="74" branch="false" condition-coverage=""></line>
						<line number="311" hits="7" branch="false" condition-coverage=""></line>
						<line number="312" hits="7" branch="false" condition-coverage=""></line>
						<line number="314" hits="7" branch="false" condition-coverage=""></line>
						<line number="315" hits="7" branch="true" condition-coverage="1.00 (1/1)"></line>
						<line number="316" hits="4" branch="false" condition-coverage=""></line>
						<line number="318" hits="1" branch="false" condition-coverage=""></line>
						<line number="321" hits="6" branch="true" condition-coverage="1.00 (1/1)"></line>
						<line number="322" hits="4" branch="true" condition-coverage="1.00 (1/1)"></line>
						<line number="323" hits="1" branch="false" condition-coverage=""></line>
						<line number="327" hits="5" branch="true" condition-coverage="1.00 (1/1)"></line>
						<line number="328" hits="2" branch="true" condition-coverage="1.00 (1/1)"></line>
						<line number="329" hits="2" branch="false" condition-coverage=""></line>
						<line number="331" hits="2" branch="false" condition-coverage=""></line>
						<line number="334" hits="3" branch="true" condition-coverage="1.00 (1/1)"></line>
						<line number="335" hits="1" branch="false" condition-coverage=""></line>
						<line number="338" hits="3" branch="false" condition-coverage=""></line>
						<line number="344" hits="161" branch="true" condition-coverage="1.00 (1/1)"></line>
						<line number="345" hits="3" branch="false" condition-coverage=""></line>
						<line number="347" hits="158" branch="false" condition-coverage=""></line>
						<line number="353" hits="89" branch="false" condition-coverage=""></line>
						<line number="359" hits="7" branch="false" condition-coverage=""></line>
					</lines>
				</class>
				<class name="FilesystemStore" filename="/home/benizzio/src-workspace/ghostfolio-cryptogains/internal/snapshot/store/store.go" line-rate="1.00" branch-rate="1.00" complexity="0">
					<methods>
						<method name="Directory" signature="" line-rate="1.00" branch-rate="1.00" complexity="0">
							<lines>
								<line number="172" hits="6" branch="false" condition-coverage=""></line>
							</lines>
						</method>
[...]
							<lines>
								<line number="58" hits="8" branch="true" condition-coverage="1.00 (1/1)"></line>
								<line number="59" hits="3" branch="false" condition-coverage=""></line>
								<line number="62" hits="5" branch="false" condition-coverage=""></line>
							</lines>
						</method>
						<method name="handleSyncSpinnerTick" signature="" line-rate="1.00" branch-rate="1.00" complexity="0">
							<lines>
								<line number="69" hits="17" branch="true" condition-coverage="1.00 (1/1)"></line>
								<line number="70" hits="1" branch="false" condition-coverage=""></line>
								<line number="73" hits="16" branch="false" condition-coverage=""></line>
								<line number="74" hits="16" branch="false" condition-coverage=""></line>
								<line number="75" hits="16" branch="false" condition-coverage=""></line>
							</lines>
						</method>
						<method name="handleSyncKeyPress" signature="" line-rate="1.00" branch-rate="1.00" complexity="0">
							<lines>
								<line number="82" hits="155" branch="true" condition-coverage="1.00 (1/1)"></line>
								<line number="83" hits="1" branch="false" condition-coverage=""></line>
								<line number="86" hits="154" branch="true" condition-coverage="1.00 (1/1)"></line>
								<line number="87" hits="123" branch="false" condition-coverage=""></line>
								<line number="90" hits="31" branch="false" condition-coverage=""></line>
							</lines>
						</method>
						<method name="handleFocusedSyncKey" signature="" line-rate="1.00" branch-rate="1.00" complexity="0">
							<lines>
								<line number="96" hits="154" branch="true" condition-coverage="1.00 (1/1)"></line>
								<line number="97" hits="31" branch="false" condition-coverage=""></line>
								<line number="102" hits="2" branch="false" condition-coverage=""></line>
								<line number="104" hits="18" branch="false" condition-coverage=""></line>
								<line number="106" hits="103" branch="false" condition-coverage=""></line>
								<line number="107" hits="103" branch="false" condition-coverage=""></line>
							</lines>
						</method>
						<method name="handleSyncMenuKey" signature="" line-rate="1.00" branch-rate="1.00" complexity="0">
							<lines>
								<line number="116" hits="2" branch="true" condition-coverage="1.00 (1/1)"></line>
								<line number="117" hits="1" branch="false" condition-coverage=""></line>
								<line number="119" hits="2" branch="false" condition-coverage=""></line>
								<line number="121" hits="3" branch="true" condition-coverage="1.00 (1/1)"></line>
								<line number="122" hits="2" branch="false" condition-coverage=""></line>
								<line number="124" hits="3" branch="false" condition-coverage=""></line>
								<line number="126" hits="1" branch="false" condition-coverage=""></line>
								<line number="128" hits="24" branch="false" condition-coverage=""></line>
								<line number="130" hits="1" branch="false" condition-coverage=""></line>
							</lines>
						</method>
						<method name="updateSyncTokenInput" signature="" line-rate="1.00" branch-rate="1.00" complexity="0">
							<lines>
								<line number="138" hits="108" branch="false" condition-coverage=""></line>
								<line number="139" hits="108" branch="false" condition-coverage=""></line>
								<line number="140" hits="108" branch="false" condition-coverage=""></line>
								<line number="141" hits="108" branch="false" condition-coverage=""></line>
							</lines>
						</method>
						<method name="releaseSyncInputToValidationMenu" signature="" line-rate="1.00" branch-rate="1.00" complexity="0">
							<lines>
								<line number="148" hits="2" branch="false" condition-coverage=""></line>
								<line number="149" hits="2" branch="false" condition-coverage=""></line>
								<line number="150" hits="2" branch="false" condition-coverage=""></line>
							</lines>
						</method>
						<method name="blurSyncInput" signature="" line-rate="1.00" branch-rate="1.00" complexity="0">
							<lines>
								<line number="157" hits="18" branch="false" condition-coverage=""></line>
								<line number="158" hits="18" branch="false" condition-coverage=""></line>
							</lines>
						</method>
						<method name="blurSyncTokenInput" signature="" line-rate="1.00" branch-rate="1.00" complexity="0">
							<lines>
								<line number="164" hits="20" branch="false" condition-coverage=""></line>
								<line number="165" hits="20" branch="false" condition-coverage=""></line>
							</lines>
						</method>
						<method name="focusSyncTokenInput" signature="" line-rate="1.00" branch-rate="1.00" complexity="0">
							<lines>
								<line number="171" hits="1" branch="false" condition-coverage=""></line>
								<line number="172" hits="1" branch="false" condition-coverage=""></line>
							</lines>
						</method>
						<method name="activateSyncSelection" signature="" line-rate="1.00" branch-rate="1.00" complexity="0">
							<lines>
								<line number="178" hits="24" branch="false" condition-coverage=""></line>
								<line number="180" hits="22" branch="false" condition-coverage=""></line>
								<line number="182" hits="1" branch="false" condition-coverage=""></line>
								<line number="184" hits="1" branch="false" condition-coverage=""></line>
							</lines>
						</method>
						<method name="startSyncValidation" signature="" line-rate="1.00" branch-rate="1.00" complexity="0">
							<lines>
								<line number="192" hits="22" branch="true" condition-coverage="1.00 (1/1)"></line>
								<line number="193" hits="1" branch="false" condition-coverage=""></line>
								<line number="196" hits="21" branch="false" condition-coverage=""></line>
								<line number="197" hits="21" branch="true" condition-coverage="1.00 (1/1)"></line>
								<line number="198" hits="1" branch="false" condition-coverage=""></line>
								<line number="199" hits="1" branch="false" condition-coverage=""></line>
								<line number="202" hits="20" branch="false" condition-coverage=""></line>
								<line number="203" hits="20" branch="false" condition-coverage=""></line>
								<line number="204" hits="20" branch="true" condition-coverage="1.00 (1/1)"></line>
								<line number="205" hits="4" branch="false" condition-coverage=""></line>
								<line number="206" hits="4" branch="false" condition-coverage=""></line>
								<line number="209" hits="16" branch="false" condition-coverage=""></line>
							</lines>
						</method>
						<method name="startSyncAttempt" signature="" line-rate="1.00" branch-rate="1.00" complexity="0">
							<lines>
								<line number="215" hits="18" branch="false" condition-coverage=""></line>
								<line number="216" hits="18" branch="false" condition-coverage=""></line>
								<line number="217" hits="18" branch="false" condition-coverage=""></line>
								<line number="218" hits="18" branch="false" condition-coverage=""></line>
								<line number="219" hits="18" branch="false" condition-coverage=""></line>
								<line number="220" hits="18" branch="false" condition-coverage=""></line>
								<line number="222" hits="18" branch="false" condition-coverage=""></line>
								<line number="223" hits="18" branch="false" condition-coverage=""></line>
								<line number="224" hits="18" branch="false" condition-coverage=""></line>
							</lines>
						</method>
						<method name="startConfirmedServerReplacement" signature="" line-rate="1.00" branch-rate="1.00" complexity="0">
							<lines>
								<line number="230" hits="2" branch="false" condition-coverage=""></line>
							</lines>
						</method>
						<method name="leaveSyncValidation" signature="" line-rate="1.00" branch-rate="1.00" complexity="0">
							<lines>
								<line number="237" hits="1" branch="false" condition-coverage=""></line>
								<line number="238" hits="1" branch="false" condition-coverage=""></line>
								<line number="239" hits="1" branch="false" condition-coverage=""></line>
							</lines>
						</method>
					</methods>
					<lines>
						<line number="24" hits="198" branch="false" condition-coverage=""></line>
						<line number="26" hits="17" branch="false" condition-coverage=""></line>
						<line number="28" hits="8" branch="false" condition-coverage=""></line>
						<line number="30" hits="17" branch="false" condition-coverage=""></line>
						<line number="32" hits="155" branch="false" condition-coverage=""></line>
						<line number="34" hits="1" branch="false" condition-coverage=""></line>
						<line number="41" hits="17" branch="true" condition-coverage="1.00 (1/1)"></line>
						<line number="42" hits="1" branch="false" condition-coverage=""></line>
						<line number="45" hits="16" branch="false" condition-coverage=""></line>
						<line number="46" hits="16" branch="false" condition-coverage=""></line>
						<line number="47" hits="16" branch="false" condition-coverage=""></line>
						<line number="48" hits="16" branch="false" condition-coverage=""></line>
						<line number="49" hits="16" branch="false" condition-coverage=""></line>
						<line number="50" hits="16" branch="false" condition-coverage=""></line>
						<line number="51" hits="16" branch="false" condition-coverage=""></line>
						<line number="58" hits="8" branch="true" condition-coverage="1.00 (1/1)"></line>
						<line number="59" hits="3" branch="false" condition-coverage=""></line>
						<line number="62" hits="5" branch="false" condition-coverage=""></line>
						<line number="69" hits="17" branch="true" condition-coverage="1.00 (1/1)"></line>
						<line number="70" hits="1" branch="false" condition-coverage=""></line>
						<line number="73" hits="16" branch="false" condition-coverage=""></line>
						<line number="74" hits="16" branch="false" condition-coverage=""></line>
						<line number="75" hits="16" branch="false" condition-coverage=""></line>
						<line number="82" hits="155" branch="true" condition-coverage="1.00 (1/1)"></line>
						<line number="83" hits="1" branch="false" condition-coverage=""></line>
						<line number="86" hits="154" branch="true" condition-coverage="1.00 (1/1)"></line>
						<line number="87" hits="123" branch="false" condition-coverage=""></line>
						<line number="90" hits="31" branch="false" condition-coverage=""></line>
						<line number="96" hits="154" branch="true" condition-coverage="1.00 (1/1)"></line>
						<line number="97" hits="31" branch="false" condition-coverage=""></line>
						<line number="102" hits="2" branch="false" condition-coverage=""></line>
						<line number="104" hits="18" branch="false" condition-coverage=""></line>
						<line number="106" hits="103" branch="false" condition-coverage=""></line>
						<line number="107" hits="103" branch="false" condition-coverage=""></line>
						<line number="116" hits="2" branch="true" condition-coverage="1.00 (1/1)"></line>
						<line number="117" hits="1" branch="false" condition-coverage=""></line>
						<line number="119" hits="2" branch="false" condition-coverage=""></line>
						<line number="121" hits="3" branch="true" condition-coverage="1.00 (1/1)"></line>
						<line number="122" hits="2" branch="false" condition-coverage=""></line>
						<line number="124" hits="3" branch="false" condition-coverage=""></line>
						<line number="126" hits="1" branch="false" condition-coverage=""></line>
						<line number="128" hits="24" branch="false" condition-coverage=""></line>
						<line number="130" hits="1" branch="false" condition-coverage=""></line>
						<line number="138" hits="108" branch="false" condition-coverage=""></line>
						<line number="139" hits="108" branch="false" condition-coverage=""></line>
						<line number="140" hits="108" branch="false" condition-coverage=""></line>
						<line number="141" hits="108" branch="false" condition-coverage=""></line>
						<line number="148" hits="2" branch="false" condition-coverage=""></line>
						<line number="149" hits="2" branch="false" condition-coverage=""></line>
						<line number="150" hits="2" branch="false" condition-coverage=""></line>
						<line number="157" hits="18" branch="false" condition-coverage=""></line>
						<line number="158" hits="18" branch="false" condition-coverage=""></line>
						<line number="164" hits="20" branch="false" condition-coverage=""></line>
						<line number="165" hits="20" branch="false" condition-coverage=""></line>
						<line number="171" hits="1" branch="false" condition-coverage=""></line>
						<line number="172" hits="1" branch="false" condition-coverage=""></line>
						<line number="178" hits="24" branch="false" condition-coverage=""></line>
						<line number="180" hits="22" branch="false" condition-coverage=""></line>
						<line number="182" hits="1" branch="false" condition-coverage=""></line>
						<line number="184" hits="1" branch="false" condition-coverage=""></line>
						<line number="192" hits="22" branch="true" condition-coverage="1.00 (1/1)"></line>
						<line number="193" hits="1" branch="false" condition-coverage=""></line>
						<line number="196" hits="21" branch="false" condition-coverage=""></line>
						<line number="197" hits="21" branch="true" condition-coverage="1.00 (1/1)"></line>
						<line number="198" hits="1" branch="false" condition-coverage=""></line>
						<line number="199" hits="1" branch="false" condition-coverage=""></line>
						<line number="202" hits="20" branch="false" condition-coverage=""></line>
						<line number="203" hits="20" branch="false" condition-coverage=""></line>
						<line number="204" hits="20" branch="true" condition-coverage="1.00 (1/1)"></line>
						<line number="205" hits="4" branch="false" condition-coverage=""></line>
						<line number="206" hits="4" branch="false" condition-coverage=""></line>
						<line number="209" hits="16" branch="false" condition-coverage=""></line>
						<line number="215" hits="18" branch="false" condition-coverage=""></line>
						<line number="216" hits="18" branch="false" condition-coverage=""></line>
						<line number="217" hits="18" branch="false" condition-coverage=""></line>
						<line number="218" hits="18" branch="false" condition-coverage=""></line>
						<line number="219" hits="18" branch="false" condition-coverage=""></line>
						<line number="220" hits="18" branch="false" condition-coverage=""></line>
						<line number="222" hits="18" branch="false" condition-coverage=""></line>
						<line number="223" hits="18" branch="false" condition-coverage=""></line>
						<line number="224" hits="18" branch="false" condition-coverage=""></line>
						<line number="230" hits="2" branch="false" condition-coverage=""></line>
						<line number="237" hits="1" branch="false" condition-coverage=""></line>
						<line number="238" hits="1" branch="false" condition-coverage=""></line>
						<line number="239" hits="1" branch="false" condition-coverage=""></line>
					</lines>
				</class>
			</classes>
		</package>
		<package name="github.com/benizzio/ghostfolio-cryptogains/cmd/ghostfolio-cryptogains" line-rate="1.00" branch-rate="1.00" complexity="0">
			<classes>
				<class name="-" filename="/home/benizzio/src-workspace/ghostfolio-cryptogains/cmd/ghostfolio-cryptogains/main.go" line-rate="1.00" branch-rate="1.00" complexity="0">
					<methods>
						<method name="newProgram" signature="" line-rate="1.00" branch-rate="1.00" complexity="0">
							<lines>
								<line number="27" hits="1" branch="false" condition-coverage=""></line>
							</lines>
						</method>
						<method name="main" signature="" line-rate="1.00" branch-rate="1.00" complexity="0">
							<lines>
								<line number="38" hits="3" branch="false" condition-coverage=""></line>
								<line number="39" hits="3" branch="true" condition-coverage="1.00 (1/1)"></line>
								<line number="40" hits="2" branch="true" condition-coverage="1.00 (1/1)"></line>
								<line number="41" hits="1" branch="false" condition-coverage=""></line>
								<line number="43" hits="2" branch="false" condition-coverage=""></line>
							</lines>
						</method>
						<method name="run" signature="" line-rate="1.00" branch-rate="1.00" complexity="0">
							<lines>
								<line number="50" hits="8" branch="false" condition-coverage=""></line>
								<line number="51" hits="8" branch="true" condition-coverage="1.00 (1/1)"></line>
								<line number="52" hits="3" branch="false" condition-coverage=""></line>
								<line number="55" hits="5" branch="false" condition-coverage=""></line>
								<line number="56" hits="5" branch="false" condition-coverage=""></line>
								<line number="57" hits="5" branch="true" condition-coverage="1.00 (1/1)"></line>
								<line number="58" hits="1" branch="false" condition-coverage=""></line>
								<line number="61" hits="4" branch="false" condition-coverage=""></line>
								<line number="62" hits="4" branch="false" condition-coverage=""></line>
								<line number="63" hits="4" branch="true" condition-coverage="1.00 (1/1)"></line>
								<line number="64" hits="1" branch="false" condition-coverage=""></line>
								<line number="67" hits="3" branch="false" condition-coverage=""></line>
								<line number="68" hits="3" branch="false" condition-coverage=""></line>
								<line number="69" hits="3" branch="false" condition-coverage=""></line>
								<line number="70" hits="3" branch="false" condition-coverage=""></line>
								<line number="71" hits="3" branch="false" condition-coverage=""></line>
								<line number="72" hits="3" branch="false" condition-coverage=""></line>
								<line number="74" hits="3" branch="false" condition-coverage=""></line>
								<line number="77" hits="3" branch="false" condition-coverage=""></line>
								<line number="78" hits="3" branch="false" condition-coverage=""></line>
							</lines>
						</method>
					</methods>
					<lines>
						<line number="27" hits="1" branch="false" condition-coverage=""></line>
						<line number="38" hits="3" branch="false" condition-coverage=""></line>
						<line number="39" hits="3" branch="true" condition-coverage="1.00 (1/1)"></line>
						<line number="40" hits="2" branch="true" condition-coverage="1.00 (1/1)"></line>
						<line number="41" hits="1" branch="false" condition-coverage=""></line>
						<line number="43" hits="2" branch="false" condition-coverage=""></line>
						<line number="50" hits="8" branch="false" condition-coverage=""></line>
						<line number="51" hits="8" branch="true" condition-coverage="1.00 (1/1)"></line>
						<line number="52" hits="3" branch="false" condition-coverage=""></line>
						<line number="55" hits="5" branch="false" condition-coverage=""></line>
						<line number="56" hits="5" branch="false" condition-coverage=""></line>
						<line number="57" hits="5" branch="true" condition-coverage="1.00 (1/1)"></line>
						<line number="58" hits="1" branch="false" condition-coverage=""></line>
						<line number="61" hits="4" branch="false" condition-coverage=""></line>
						<line number="62" hits="4" branch="false" condition-coverage=""></line>
						<line number="63" hits="4" branch="true" condition-coverage="1.00 (1/1)"></line>
						<line number="64" hits="1" branch="false" condition-coverage=""></line>
						<line number="67" hits="3" branch="false" condition-coverage=""></line>
						<line number="68" hits="3" branch="false" condition-coverage=""></line>
						<line number="69" hits="3" branch="false" condition-coverage=""></line>
						<line number="70" hits="3" branch="false" condition-coverage=""></line>
						<line number="71" hits="3" branch="false" condition-coverage=""></line>
						<line number="72" hits="3" branch="false" condition-coverage=""></line>
						<line number="74" hits="3" branch="false" condition-coverage=""></line>
						<line number="77" hits="3" branch="false" condition-coverage=""></line>
						<line number="78" hits="3" branch="false" condition-coverage=""></line>
					</lines>
				</class>
			</classes>
		</package>
	</packages>
</coverage>