mode: atomic
github.com/benizzio/ghostfolio-cryptogains/cmd/ghostfolio-cryptogains/main.go:26.84,28.2 1 0
github.com/benizzio/ghostfolio-cryptogains/cmd/ghostfolio-cryptogains/main.go:37.13,39.16 2 0
github.com/benizzio/ghostfolio-cryptogains/cmd/ghostfolio-cryptogains/main.go:39.16,40.70 1 0
github.com/benizzio/ghostfolio-cryptogains/cmd/ghostfolio-cryptogains/main.go:40.70,42.4 1 0
github.com/benizzio/ghostfolio-cryptogains/cmd/ghostfolio-cryptogains/main.go:43.3,43.14 1 0
github.com/benizzio/ghostfolio-cryptogains/cmd/ghostfolio-cryptogains/main.go:49.18,51.16 2 0
github.com/benizzio/ghostfolio-cryptogains/cmd/ghostfolio-cryptogains/main.go:51.16,53.3 1 0
github.com/benizzio/ghostfolio-cryptogains/cmd/ghostfolio-cryptogains/main.go:55.2,57.16 3 0
github.com/benizzio/ghostfolio-cryptogains/cmd/ghostfolio-cryptogains/main.go:57.16,59.3 1 0
github.com/benizzio/ghostfolio-cryptogains/cmd/ghostfolio-cryptogains/main.go:61.2,63.16 3 0
github.com/benizzio/ghostfolio-cryptogains/cmd/ghostfolio-cryptogains/main.go:63.16,65.3 1 0
github.com/benizzio/ghostfolio-cryptogains/cmd/ghostfolio-cryptogains/main.go:67.2,78.12 3 0
github.com/benizzio/ghostfolio-cryptogains/internal/app/bootstrap/options.go:38.31,44.2 1 0
github.com/benizzio/ghostfolio-cryptogains/internal/app/bootstrap/options.go:64.51,86.16 10 0
github.com/benizzio/ghostfolio-cryptogains/internal/app/bootstrap/options.go:86.16,88.3 1 0
github.com/benizzio/ghostfolio-cryptogains/internal/app/bootstrap/options.go:90.2,92.16 3 0
github.com/benizzio/ghostfolio-cryptogains/internal/app/bootstrap/options.go:92.16,94.3 1 0
github.com/benizzio/ghostfolio-cryptogains/internal/app/bootstrap/options.go:95.2,95.24 1 0
github.com/benizzio/ghostfolio-cryptogains/internal/app/bootstrap/options.go:95.24,97.3 1 0
github.com/benizzio/ghostfolio-cryptogains/internal/app/bootstrap/options.go:99.2,100.18 2 0
github.com/benizzio/ghostfolio-cryptogains/internal/app/bootstrap/startup.go:61.119,63.16 2 0
github.com/benizzio/ghostfolio-cryptogains/internal/app/bootstrap/startup.go:63.16,64.46 1 0
github.com/benizzio/ghostfolio-cryptogains/internal/app/bootstrap/startup.go:64.46,66.4 1 0
github.com/benizzio/ghostfolio-cryptogains/internal/app/bootstrap/startup.go:67.3,67.69 1 0
github.com/benizzio/ghostfolio-cryptogains/internal/app/bootstrap/startup.go:70.2,70.54 1 0
github.com/benizzio/ghostfolio-cryptogains/internal/app/bootstrap/startup.go:70.54,72.3 1 0
github.com/benizzio/ghostfolio-cryptogains/internal/app/bootstrap/startup.go:74.2,74.108 1 0
github.com/benizzio/ghostfolio-cryptogains/internal/app/runtime/runtime.go:42.51,44.25 2 0
github.com/benizzio/ghostfolio-cryptogains/internal/app/runtime/runtime.go:44.25,46.17 2 0
github.com/benizzio/ghostfolio-cryptogains/internal/app/runtime/runtime.go:46.17,48.4 1 0
github.com/benizzio/ghostfolio-cryptogains/internal/app/runtime/runtime.go:49.3,49.32 1 0
github.com/benizzio/ghostfolio-cryptogains/internal/app/runtime/runtime.go:52.2,64.8 4 0
github.com/benizzio/ghostfolio-cryptogains/internal/app/runtime/setup_service.go:61.79,63.2 1 0
github.com/benizzio/ghostfolio-cryptogains/internal/app/runtime/setup_service.go:84.101,91.16 2 0
github.com/benizzio/ghostfolio-cryptogains/internal/app/runtime/setup_service.go:91.16,93.3 1 0
github.com/benizzio/ghostfolio-cryptogains/internal/app/runtime/setup_service.go:95.2,96.16 2 0
github.com/benizzio/ghostfolio-cryptogains/internal/app/runtime/setup_service.go:96.16,98.3 1 0
github.com/benizzio/ghostfolio-cryptogains/internal/app/runtime/setup_service.go:100.2,100.45 1 0
github.com/benizzio/ghostfolio-cryptogains/internal/app/runtime/sync_service.go:158.96,160.2 1 0
github.com/benizzio/ghostfolio-cryptogains/internal/app/runtime/sync_service.go:173.96,190.16 7 0
github.com/benizzio/ghostfolio-cryptogains/internal/app/runtime/sync_service.go:190.16,192.3 1 0
github.com/benizzio/ghostfolio-cryptogains/internal/app/runtime/sync_service.go:193.2,193.69 1 0
github.com/benizzio/ghostfolio-cryptogains/internal/app/runtime/sync_service.go:193.69,195.3 1 0
github.com/benizzio/ghostfolio-cryptogains/internal/app/runtime/sync_service.go:197.2,202.21 5 0
github.com/benizzio/ghostfolio-cryptogains/internal/app/runtime/sync_service.go:202.21,204.3 1 0
github.com/benizzio/ghostfolio-cryptogains/internal/app/runtime/sync_service.go:206.2,207.81 2 0
github.com/benizzio/ghostfolio-cryptogains/internal/app/runtime/sync_service.go:207.81,209.3 1 0
github.com/benizzio/ghostfolio-cryptogains/internal/app/runtime/sync_service.go:211.2,219.3 4 0
github.com/benizzio/ghostfolio-cryptogains/internal/app/runtime/sync_service.go:224.111,230.37 5 0
github.com/benizzio/ghostfolio-cryptogains/internal/app/runtime/sync_service.go:230.37,232.3 1 0
github.com/benizzio/ghostfolio-cryptogains/internal/app/runtime/sync_service.go:233.2,241.3 3 0
github.com/benizzio/ghostfolio-cryptogains/internal/app/runtime/sync_service.go:250.21,263.2 6 0
github.com/benizzio/ghostfolio-cryptogains/internal/app/runtime/sync_service.go:268.109,269.18 1 0
github.com/benizzio/ghostfolio-cryptogains/internal/app/runtime/sync_service.go:270.45,271.40 1 0
github.com/benizzio/ghostfolio-cryptogains/internal/app/runtime/sync_service.go:272.39,273.34 1 0
github.com/benizzio/ghostfolio-cryptogains/internal/app/runtime/sync_service.go:274.51,275.46 1 0
github.com/benizzio/ghostfolio-cryptogains/internal/app/runtime/sync_service.go:276.58,277.53 1 0
github.com/benizzio/ghostfolio-cryptogains/internal/app/runtime/sync_service.go:278.58,279.53 1 0
github.com/benizzio/ghostfolio-cryptogains/internal/app/runtime/sync_service.go:280.10,281.46 1 0
github.com/benizzio/ghostfolio-cryptogains/internal/app/runtime/sync_service.go:287.54,290.2 2 0
github.com/benizzio/ghostfolio-cryptogains/internal/config/model/app_setup_config.go:70.113,72.16 2 0
github.com/benizzio/ghostfolio-cryptogains/internal/config/model/app_setup_config.go:72.16,74.3 1 0
github.com/benizzio/ghostfolio-cryptogains/internal/config/model/app_setup_config.go:76.2,76.85 1 0
github.com/benizzio/ghostfolio-cryptogains/internal/config/model/app_setup_config.go:76.85,78.3 1 0
github.com/benizzio/ghostfolio-cryptogains/internal/config/model/app_setup_config.go:79.2,79.79 1 0
github.com/benizzio/ghostfolio-cryptogains/internal/config/model/app_setup_config.go:79.79,81.3 1 0
github.com/benizzio/ghostfolio-cryptogains/internal/config/model/app_setup_config.go:83.2,90.8 1 0
github.com/benizzio/ghostfolio-cryptogains/internal/config/model/app_setup_config.go:104.71,105.26 1 0
github.com/benizzio/ghostfolio-cryptogains/internal/config/model/app_setup_config.go:105.26,107.3 1 0
github.com/benizzio/ghostfolio-cryptogains/internal/config/model/app_setup_config.go:108.2,108.22 1 0
github.com/benizzio/ghostfolio-cryptogains/internal/config/model/app_setup_config.go:108.22,110.3 1 0
github.com/benizzio/ghostfolio-cryptogains/internal/config/model/app_setup_config.go:111.2,111.89 1 0
github.com/benizzio/ghostfolio-cryptogains/internal/config/model/app_setup_config.go:111.89,113.3 1 0
github.com/benizzio/ghostfolio-cryptogains/internal/config/model/app_setup_config.go:114.2,114.26 1 0
github.com/benizzio/ghostfolio-cryptogains/internal/config/model/app_setup_config.go:114.26,116.3 1 0
github.com/benizzio/ghostfolio-cryptogains/internal/config/model/app_setup_config.go:118.2,119.16 2 0
github.com/benizzio/ghostfolio-cryptogains/internal/config/model/app_setup_config.go:119.16,121.3 1 0
github.com/benizzio/ghostfolio-cryptogains/internal/config/model/app_setup_config.go:122.2,122.40 1 0
github.com/benizzio/ghostfolio-cryptogains/internal/config/model/app_setup_config.go:122.40,124.3 1 0
github.com/benizzio/ghostfolio-cryptogains/internal/config/model/app_setup_config.go:125.2,125.68 1 0
github.com/benizzio/ghostfolio-cryptogains/internal/config/model/app_setup_config.go:125.68,127.3 1 0
github.com/benizzio/ghostfolio-cryptogains/internal/config/model/app_setup_config.go:128.2,128.81 1 0
github.com/benizzio/ghostfolio-cryptogains/internal/config/model/app_setup_config.go:128.81,130.3 1 0
github.com/benizzio/ghostfolio-cryptogains/internal/config/model/app_setup_config.go:132.2,132.12 1 0
github.com/benizzio/ghostfolio-cryptogains/internal/config/model/app_setup_config.go:138.81,139.20 1 0
github.com/benizzio/ghostfolio-cryptogains/internal/config/model/app_setup_config.go:140.33,141.48 1 0
github.com/benizzio/ghostfolio-cryptogains/internal/config/model/app_setup_config.go:141.48,143.4 1 0
github.com/benizzio/ghostfolio-cryptogains/internal/config/model/app_setup_config.go:144.30,145.48 1 0
github.com/benizzio/ghostfolio-cryptogains/internal/config/model/app_setup_config.go:145.48,147.4 1 0
github.com/benizzio/ghostfolio-cryptogains/internal/config/model/app_setup_config.go:148.10,149.30 1 0
github.com/benizzio/ghostfolio-cryptogains/internal/config/model/app_setup_config.go:152.2,152.12 1 0
github.com/benizzio/ghostfolio-cryptogains/internal/config/model/app_setup_config.go:166.75,168.19 2 0
github.com/benizzio/ghostfolio-cryptogains/internal/config/model/app_setup_config.go:168.19,170.3 1 0
github.com/benizzio/ghostfolio-cryptogains/internal/config/model/app_setup_config.go:172.2,173.16 2 0
github.com/benizzio/ghostfolio-cryptogains/internal/config/model/app_setup_config.go:173.16,175.3 1 0
github.com/benizzio/ghostfolio-cryptogains/internal/config/model/app_setup_config.go:176.2,176.87 1 0
github.com/benizzio/ghostfolio-cryptogains/internal/config/model/app_setup_config.go:176.87,178.3 1 0
github.com/benizzio/ghostfolio-cryptogains/internal/config/model/app_setup_config.go:179.2,179.57 1 0
github.com/benizzio/ghostfolio-cryptogains/internal/config/model/app_setup_config.go:179.57,181.3 1 0
github.com/benizzio/ghostfolio-cryptogains/internal/config/model/app_setup_config.go:182.2,182.92 1 0
github.com/benizzio/ghostfolio-cryptogains/internal/config/model/app_setup_config.go:182.92,184.3 1 0
github.com/benizzio/ghostfolio-cryptogains/internal/config/model/app_setup_config.go:186.2,187.62 2 0
github.com/benizzio/ghostfolio-cryptogains/internal/config/model/app_setup_config.go:187.62,189.3 1 0
github.com/benizzio/ghostfolio-cryptogains/internal/config/model/app_setup_config.go:191.2,192.20 2 0
github.com/benizzio/ghostfolio-cryptogains/internal/config/model/app_setup_config.go:192.20,194.3 1 0
github.com/benizzio/ghostfolio-cryptogains/internal/config/model/app_setup_config.go:196.2,197.45 2 0
github.com/benizzio/ghostfolio-cryptogains/internal/config/model/app_setup_config.go:197.45,199.3 1 0
github.com/benizzio/ghostfolio-cryptogains/internal/config/model/app_setup_config.go:201.2,201.61 1 0
github.com/benizzio/ghostfolio-cryptogains/internal/config/store/json_store.go:56.78,58.2 1 0
github.com/benizzio/ghostfolio-cryptogains/internal/config/store/json_store.go:79.37,81.2 1 0
github.com/benizzio/ghostfolio-cryptogains/internal/config/store/json_store.go:100.52,104.2 1 0
github.com/benizzio/ghostfolio-cryptogains/internal/config/store/json_store.go:114.35,116.2 1 0
github.com/benizzio/ghostfolio-cryptogains/internal/config/store/json_store.go:129.81,131.16 2 0
github.com/benizzio/ghostfolio-cryptogains/internal/config/store/json_store.go:131.16,132.37 1 0
github.com/benizzio/ghostfolio-cryptogains/internal/config/store/json_store.go:132.37,134.4 1 0
github.com/benizzio/ghostfolio-cryptogains/internal/config/store/json_store.go:135.3,135.78 1 0
github.com/benizzio/ghostfolio-cryptogains/internal/config/store/json_store.go:138.2,139.53 2 0
github.com/benizzio/ghostfolio-cryptogains/internal/config/store/json_store.go:139.53,141.3 1 0
github.com/benizzio/ghostfolio-cryptogains/internal/config/store/json_store.go:143.2,143.20 1 0
github.com/benizzio/ghostfolio-cryptogains/internal/config/store/json_store.go:157.86,159.16 2 0
github.com/benizzio/ghostfolio-cryptogains/internal/config/store/json_store.go:159.16,161.3 1 0
github.com/benizzio/ghostfolio-cryptogains/internal/config/store/json_store.go:163.2,165.16 3 0
github.com/benizzio/ghostfolio-cryptogains/internal/config/store/json_store.go:165.16,167.3 1 0
github.com/benizzio/ghostfolio-cryptogains/internal/config/store/json_store.go:169.2,171.16 3 0
github.com/benizzio/ghostfolio-cryptogains/internal/config/store/json_store.go:171.16,173.3 1 0
github.com/benizzio/ghostfolio-cryptogains/internal/config/store/json_store.go:174.2,177.16 3 0
github.com/benizzio/ghostfolio-cryptogains/internal/config/store/json_store.go:177.16,179.3 1 0
github.com/benizzio/ghostfolio-cryptogains/internal/config/store/json_store.go:181.2,182.16 2 0
github.com/benizzio/ghostfolio-cryptogains/internal/config/store/json_store.go:182.16,184.3 1 0
github.com/benizzio/ghostfolio-cryptogains/internal/config/store/json_store.go:186.2,186.12 1 0
github.com/benizzio/ghostfolio-cryptogains/internal/config/store/json_store.go:199.53,200.77 1 0
github.com/benizzio/ghostfolio-cryptogains/internal/config/store/json_store.go:200.77,202.3 1 0
github.com/benizzio/ghostfolio-cryptogains/internal/config/store/json_store.go:203.2,203.12 1 0
github.com/benizzio/ghostfolio-cryptogains/internal/config/store/json_store.go:208.51,211.16 3 0
github.com/benizzio/ghostfolio-cryptogains/internal/config/store/json_store.go:211.16,213.3 1 0
github.com/benizzio/ghostfolio-cryptogains/internal/config/store/json_store.go:214.2,215.16 2 0
github.com/benizzio/ghostfolio-cryptogains/internal/config/store/json_store.go:215.16,217.3 1 0
github.com/benizzio/ghostfolio-cryptogains/internal/config/store/json_store.go:218.2,218.12 1 0
github.com/benizzio/ghostfolio-cryptogains/internal/config/store/json_store.go:223.75,225.16 2 0
github.com/benizzio/ghostfolio-cryptogains/internal/config/store/json_store.go:225.16,227.3 1 0
github.com/benizzio/ghostfolio-cryptogains/internal/config/store/json_store.go:228.2,228.21 1 0
github.com/benizzio/ghostfolio-cryptogains/internal/config/store/json_store.go:233.77,236.16 3 0
github.com/benizzio/ghostfolio-cryptogains/internal/config/store/json_store.go:236.16,238.3 1 0
github.com/benizzio/ghostfolio-cryptogains/internal/config/store/json_store.go:239.2,239.64 1 0
github.com/benizzio/ghostfolio-cryptogains/internal/config/store/json_store.go:244.72,246.16 2 0
github.com/benizzio/ghostfolio-cryptogains/internal/config/store/json_store.go:246.16,249.3 2 0
github.com/benizzio/ghostfolio-cryptogains/internal/config/store/json_store.go:251.2,252.16 2 0
github.com/benizzio/ghostfolio-cryptogains/internal/config/store/json_store.go:252.16,255.3 2 0
github.com/benizzio/ghostfolio-cryptogains/internal/config/store/json_store.go:257.2,258.16 2 0
github.com/benizzio/ghostfolio-cryptogains/internal/config/store/json_store.go:258.16,261.3 2 0
github.com/benizzio/ghostfolio-cryptogains/internal/config/store/json_store.go:263.2,264.16 2 0
github.com/benizzio/ghostfolio-cryptogains/internal/config/store/json_store.go:264.16,266.3 1 0
github.com/benizzio/ghostfolio-cryptogains/internal/config/store/json_store.go:268.2,268.12 1 0
github.com/benizzio/ghostfolio-cryptogains/internal/config/store/json_store.go:273.55,275.44 2 0
github.com/benizzio/ghostfolio-cryptogains/internal/config/store/json_store.go:275.44,277.3 1 0
github.com/benizzio/ghostfolio-cryptogains/internal/config/store/json_store.go:278.2,278.12 1 0
github.com/benizzio/ghostfolio-cryptogains/internal/config/store/json_store.go:283.61,284.25 1 0
github.com/benizzio/ghostfolio-cryptogains/internal/config/store/json_store.go:284.25,286.3 1 0
github.com/benizzio/ghostfolio-cryptogains/internal/config/store/json_store.go:288.2,289.16 2 0
github.com/benizzio/ghostfolio-cryptogains/internal/config/store/json_store.go:289.16,291.3 1 0
github.com/benizzio/ghostfolio-cryptogains/internal/config/store/json_store.go:293.2,294.16 2 0
github.com/benizzio/ghostfolio-cryptogains/internal/config/store/json_store.go:294.16,296.3 1 0
github.com/benizzio/ghostfolio-cryptogains/internal/config/store/json_store.go:298.2,298.12 1 0
github.com/benizzio/ghostfolio-cryptogains/internal/config/store/json_store.go:304.68,310.43 4 0
github.com/benizzio/ghostfolio-cryptogains/internal/config/store/json_store.go:310.43,312.3 1 0
github.com/benizzio/ghostfolio-cryptogains/internal/config/store/json_store.go:312.8,312.58 1 0
github.com/benizzio/ghostfolio-cryptogains/internal/config/store/json_store.go:312.58,314.3 1 0
github.com/benizzio/ghostfolio-cryptogains/internal/config/store/json_store.go:316.2,316.25 1 0
github.com/benizzio/ghostfolio-cryptogains/internal/config/store/json_store.go:316.25,317.56 1 0
github.com/benizzio/ghostfolio-cryptogains/internal/config/store/json_store.go:317.56,319.4 1 0
github.com/benizzio/ghostfolio-cryptogains/internal/config/store/json_store.go:322.2,323.16 2 0
github.com/benizzio/ghostfolio-cryptogains/internal/config/store/json_store.go:323.16,324.26 1 0
github.com/benizzio/ghostfolio-cryptogains/internal/config/store/json_store.go:324.26,326.4 1 0
github.com/benizzio/ghostfolio-cryptogains/internal/config/store/json_store.go:327.3,327.62 1 0
github.com/benizzio/ghostfolio-cryptogains/internal/config/store/json_store.go:330.2,330.25 1 0
github.com/benizzio/ghostfolio-cryptogains/internal/config/store/json_store.go:330.25,332.3 1 0
github.com/benizzio/ghostfolio-cryptogains/internal/config/store/json_store.go:334.2,335.16 2 0
github.com/benizzio/ghostfolio-cryptogains/internal/config/store/json_store.go:335.16,337.3 1 0
github.com/benizzio/ghostfolio-cryptogains/internal/config/store/json_store.go:339.2,339.12 1 0
github.com/benizzio/ghostfolio-cryptogains/internal/config/store/json_store.go:344.75,346.44 2 0
github.com/benizzio/ghostfolio-cryptogains/internal/config/store/json_store.go:346.44,348.3 1 0
github.com/benizzio/ghostfolio-cryptogains/internal/config/store/json_store.go:349.2,349.12 1 0
github.com/benizzio/ghostfolio-cryptogains/internal/config/store/json_store.go:354.35,356.2 1 0
github.com/benizzio/ghostfolio-cryptogains/internal/config/store/json_store.go:361.35,363.2 1 0
github.com/benizzio/ghostfolio-cryptogains/internal/ghostfolio/client/client.go:68.41,69.21 1 0
github.com/benizzio/ghostfolio-cryptogains/internal/ghostfolio/client/client.go:69.21,71.3 1 0
github.com/benizzio/ghostfolio-cryptogains/internal/ghostfolio/client/client.go:72.2,72.27 1 0
github.com/benizzio/ghostfolio-cryptogains/internal/ghostfolio/client/client.go:83.41,85.2 1 0
github.com/benizzio/ghostfolio-cryptogains/internal/ghostfolio/client/client.go:115.43,116.23 1 0
github.com/benizzio/ghostfolio-cryptogains/internal/ghostfolio/client/client.go:116.23,118.3 1 0
github.com/benizzio/ghostfolio-cryptogains/internal/ghostfolio/client/client.go:119.2,119.40 1 0
github.com/benizzio/ghostfolio-cryptogains/internal/ghostfolio/client/client.go:133.113,148.2 3 0
github.com/benizzio/ghostfolio-cryptogains/internal/ghostfolio/client/client.go:166.40,182.2 2 0
github.com/benizzio/ghostfolio-cryptogains/internal/ghostfolio/client/client.go:187.107,190.16 3 0
github.com/benizzio/ghostfolio-cryptogains/internal/ghostfolio/client/client.go:190.16,192.3 1 0
github.com/benizzio/ghostfolio-cryptogains/internal/ghostfolio/client/client.go:194.2,198.16 4 0
github.com/benizzio/ghostfolio-cryptogains/internal/ghostfolio/client/client.go:198.16,200.3 1 0
github.com/benizzio/ghostfolio-cryptogains/internal/ghostfolio/client/client.go:201.2,203.34 2 0
github.com/benizzio/ghostfolio-cryptogains/internal/ghostfolio/client/client.go:203.34,205.17 2 0
github.com/benizzio/ghostfolio-cryptogains/internal/ghostfolio/client/client.go:205.17,207.4 1 0
github.com/benizzio/ghostfolio-cryptogains/internal/ghostfolio/client/client.go:210.2,211.16 2 0
github.com/benizzio/ghostfolio-cryptogains/internal/ghostfolio/client/client.go:211.16,213.3 1 0
github.com/benizzio/ghostfolio-cryptogains/internal/ghostfolio/client/client.go:215.2,218.16 4 0
github.com/benizzio/ghostfolio-cryptogains/internal/ghostfolio/client/client.go:218.16,220.3 1 0
github.com/benizzio/ghostfolio-cryptogains/internal/ghostfolio/client/client.go:222.2,222.21 1 0
github.com/benizzio/ghostfolio-cryptogains/internal/ghostfolio/client/client.go:227.69,228.47 1 0
github.com/benizzio/ghostfolio-cryptogains/internal/ghostfolio/client/client.go:228.47,230.3 1 0
github.com/benizzio/ghostfolio-cryptogains/internal/ghostfolio/client/client.go:235.56,236.49 1 0
github.com/benizzio/ghostfolio-cryptogains/internal/ghostfolio/client/client.go:236.49,238.3 1 0
github.com/benizzio/ghostfolio-cryptogains/internal/ghostfolio/client/client.go:239.2,239.94 1 0
github.com/benizzio/ghostfolio-cryptogains/internal/ghostfolio/client/client.go:239.94,241.3 1 0
github.com/benizzio/ghostfolio-cryptogains/internal/ghostfolio/client/client.go:242.2,242.12 1 0
github.com/benizzio/ghostfolio-cryptogains/internal/ghostfolio/client/client.go:247.62,248.29 1 0
github.com/benizzio/ghostfolio-cryptogains/internal/ghostfolio/client/client.go:249.29,253.4 1 0
github.com/benizzio/ghostfolio-cryptogains/internal/ghostfolio/client/client.go:254.53,255.80 1 0
github.com/benizzio/ghostfolio-cryptogains/internal/ghostfolio/client/client.go:257.2,257.94 1 0
github.com/benizzio/ghostfolio-cryptogains/internal/ghostfolio/client/client.go:257.94,259.3 1 0
github.com/benizzio/ghostfolio-cryptogains/internal/ghostfolio/client/client.go:260.2,260.12 1 0
github.com/benizzio/ghostfolio-cryptogains/internal/ghostfolio/client/client.go:265.76,270.2 1 0
github.com/benizzio/ghostfolio-cryptogains/internal/ghostfolio/client/client.go:274.65,276.2 1 0
github.com/benizzio/ghostfolio-cryptogains/internal/ghostfolio/client/client.go:280.48,281.46 1 0
github.com/benizzio/ghostfolio-cryptogains/internal/ghostfolio/client/client.go:281.46,283.3 1 0
github.com/benizzio/ghostfolio-cryptogains/internal/ghostfolio/client/client.go:285.2,286.49 2 0
github.com/benizzio/ghostfolio-cryptogains/internal/ghostfolio/client/client.go:286.49,288.3 1 0
github.com/benizzio/ghostfolio-cryptogains/internal/ghostfolio/client/client.go:290.2,294.3 1 0
github.com/benizzio/ghostfolio-cryptogains/internal/ghostfolio/client/client.go:299.55,301.16 2 0
github.com/benizzio/ghostfolio-cryptogains/internal/ghostfolio/client/client.go:301.16,303.3 1 0
github.com/benizzio/ghostfolio-cryptogains/internal/ghostfolio/client/client.go:304.2,304.78 1 0
github.com/benizzio/ghostfolio-cryptogains/internal/ghostfolio/client/client.go:304.78,306.3 1 0
github.com/benizzio/ghostfolio-cryptogains/internal/ghostfolio/client/client.go:307.2,307.64 1 0
github.com/benizzio/ghostfolio-cryptogains/internal/ghostfolio/client/client.go:312.41,314.2 1 0
github.com/benizzio/ghostfolio-cryptogains/internal/ghostfolio/validator/response_validator.go:25.60,26.49 1 0
github.com/benizzio/ghostfolio-cryptogains/internal/ghostfolio/validator/response_validator.go:26.49,28.3 1 0
github.com/benizzio/ghostfolio-cryptogains/internal/ghostfolio/validator/response_validator.go:29.2,29.12 1 0
github.com/benizzio/ghostfolio-cryptogains/internal/ghostfolio/validator/response_validator.go:43.82,44.24 1 0
github.com/benizzio/ghostfolio-cryptogains/internal/ghostfolio/validator/response_validator.go:44.24,46.3 1 0
github.com/benizzio/ghostfolio-cryptogains/internal/ghostfolio/validator/response_validator.go:47.2,47.32 1 0
github.com/benizzio/ghostfolio-cryptogains/internal/ghostfolio/validator/response_validator.go:47.32,49.3 1 0
github.com/benizzio/ghostfolio-cryptogains/internal/ghostfolio/validator/response_validator.go:50.2,50.34 1 0
github.com/benizzio/ghostfolio-cryptogains/internal/ghostfolio/validator/response_validator.go:50.34,52.3 1 0
github.com/benizzio/ghostfolio-cryptogains/internal/ghostfolio/validator/response_validator.go:53.2,53.57 1 0
github.com/benizzio/ghostfolio-cryptogains/internal/ghostfolio/validator/response_validator.go:53.57,55.3 1 0
github.com/benizzio/ghostfolio-cryptogains/internal/ghostfolio/validator/response_validator.go:56.2,56.57 1 0
github.com/benizzio/ghostfolio-cryptogains/internal/ghostfolio/validator/response_validator.go:56.57,58.3 1 0
github.com/benizzio/ghostfolio-cryptogains/internal/ghostfolio/validator/response_validator.go:60.2,60.35 1 0
github.com/benizzio/ghostfolio-cryptogains/internal/ghostfolio/validator/response_validator.go:60.35,62.3 1 0
github.com/benizzio/ghostfolio-cryptogains/internal/ghostfolio/validator/response_validator.go:64.2,65.39 2 0
github.com/benizzio/ghostfolio-cryptogains/internal/ghostfolio/validator/response_validator.go:65.39,67.3 1 0
github.com/benizzio/ghostfolio-cryptogains/internal/ghostfolio/validator/response_validator.go:68.2,68.41 1 0
github.com/benizzio/ghostfolio-cryptogains/internal/ghostfolio/validator/response_validator.go:68.41,70.3 1 0
github.com/benizzio/ghostfolio-cryptogains/internal/ghostfolio/validator/response_validator.go:71.2,71.41 1 0
github.com/benizzio/ghostfolio-cryptogains/internal/ghostfolio/validator/response_validator.go:71.41,73.3 1 0
github.com/benizzio/ghostfolio-cryptogains/internal/ghostfolio/validator/response_validator.go:74.2,74.68 1 0
github.com/benizzio/ghostfolio-cryptogains/internal/ghostfolio/validator/response_validator.go:74.68,76.3 1 0
github.com/benizzio/ghostfolio-cryptogains/internal/ghostfolio/validator/response_validator.go:78.2,78.12 1 0
github.com/benizzio/ghostfolio-cryptogains/internal/support/redact/redact.go:19.51,21.33 2 0
github.com/benizzio/ghostfolio-cryptogains/internal/support/redact/redact.go:21.33,22.38 1 0
github.com/benizzio/ghostfolio-cryptogains/internal/support/redact/redact.go:22.38,23.12 1 0
github.com/benizzio/ghostfolio-cryptogains/internal/support/redact/redact.go:25.3,25.63 1 0
github.com/benizzio/ghostfolio-cryptogains/internal/support/redact/redact.go:27.2,27.17 1 0
github.com/benizzio/ghostfolio-cryptogains/internal/support/redact/redact.go:38.53,39.16 1 0
github.com/benizzio/ghostfolio-cryptogains/internal/support/redact/redact.go:39.16,41.3 1 0
github.com/benizzio/ghostfolio-cryptogains/internal/support/redact/redact.go:42.2,42.38 1 0
github.com/benizzio/ghostfolio-cryptogains/internal/support/redact/redact.go:52.33,53.18 1 0
github.com/benizzio/ghostfolio-cryptogains/internal/support/redact/redact.go:53.18,55.3 1 0
github.com/benizzio/ghostfolio-cryptogains/internal/support/redact/redact.go:56.2,56.20 1 0
github.com/benizzio/ghostfolio-cryptogains/internal/tui/component/help.go:36.45,38.2 1 2
github.com/benizzio/ghostfolio-cryptogains/internal/tui/component/help.go:50.46,52.2 1 1
github.com/benizzio/ghostfolio-cryptogains/internal/tui/component/help.go:69.54,70.16 1 1
github.com/benizzio/ghostfolio-cryptogains/internal/tui/component/help.go:70.16,72.3 1 1
github.com/benizzio/ghostfolio-cryptogains/internal/tui/component/help.go:73.2,75.52 3 1
github.com/benizzio/ghostfolio-cryptogains/internal/tui/component/layout.go:52.69,54.33 2 1
github.com/benizzio/ghostfolio-cryptogains/internal/tui/component/layout.go:54.33,57.24 3 2
github.com/benizzio/ghostfolio-cryptogains/internal/tui/component/layout.go:57.24,60.4 2 1
github.com/benizzio/ghostfolio-cryptogains/internal/tui/component/layout.go:61.3,61.20 1 2
github.com/benizzio/ghostfolio-cryptogains/internal/tui/component/layout.go:61.20,64.4 2 1
github.com/benizzio/ghostfolio-cryptogains/internal/tui/component/layout.go:66.3,67.29 2 2
github.com/benizzio/ghostfolio-cryptogains/internal/tui/component/layout.go:67.29,69.4 1 1
github.com/benizzio/ghostfolio-cryptogains/internal/tui/component/layout.go:70.3,70.44 1 2
github.com/benizzio/ghostfolio-cryptogains/internal/tui/component/layout.go:72.2,72.34 1 1
github.com/benizzio/ghostfolio-cryptogains/internal/tui/component/layout.go:78.52,83.2 1 2
github.com/benizzio/ghostfolio-cryptogains/internal/tui/component/layout.go:109.10,110.16 1 2
github.com/benizzio/ghostfolio-cryptogains/internal/tui/component/layout.go:110.16,112.3 1 1
github.com/benizzio/ghostfolio-cryptogains/internal/tui/component/layout.go:113.2,113.17 1 2
github.com/benizzio/ghostfolio-cryptogains/internal/tui/component/layout.go:113.17,115.3 1 1
github.com/benizzio/ghostfolio-cryptogains/internal/tui/component/layout.go:117.2,124.78 7 2
github.com/benizzio/ghostfolio-cryptogains/internal/tui/component/layout.go:136.43,137.38 1 3
github.com/benizzio/ghostfolio-cryptogains/internal/tui/component/layout.go:137.38,139.3 1 2
github.com/benizzio/ghostfolio-cryptogains/internal/tui/component/layout.go:141.2,141.40 1 1
github.com/benizzio/ghostfolio-cryptogains/internal/tui/component/theme.go:46.27,77.2 2 3
github.com/benizzio/ghostfolio-cryptogains/internal/tui/flow/model.go:121.41,132.38 4 0
github.com/benizzio/ghostfolio-cryptogains/internal/tui/flow/model.go:132.38,136.3 3 0
github.com/benizzio/ghostfolio-cryptogains/internal/tui/flow/model.go:136.8,138.3 1 0
github.com/benizzio/ghostfolio-cryptogains/internal/tui/flow/model.go:140.2,140.14 1 0
github.com/benizzio/ghostfolio-cryptogains/internal/tui/flow/model.go:151.32,153.2 1 0
github.com/benizzio/ghostfolio-cryptogains/internal/tui/flow/model.go:163.62,164.40 1 0
github.com/benizzio/ghostfolio-cryptogains/internal/tui/flow/model.go:165.25,168.16 3 0
github.com/benizzio/ghostfolio-cryptogains/internal/tui/flow/model.go:169.23,170.40 1 0
github.com/benizzio/ghostfolio-cryptogains/internal/tui/flow/model.go:170.40,174.4 3 0
github.com/benizzio/ghostfolio-cryptogains/internal/tui/flow/model.go:177.2,177.18 1 0
github.com/benizzio/ghostfolio-cryptogains/internal/tui/flow/model.go:178.22,179.32 1 0
github.com/benizzio/ghostfolio-cryptogains/internal/tui/flow/model.go:180.25,181.35 1 0
github.com/benizzio/ghostfolio-cryptogains/internal/tui/flow/model.go:182.31,183.41 1 0
github.com/benizzio/ghostfolio-cryptogains/internal/tui/flow/model.go:184.33,185.43 1 0
github.com/benizzio/ghostfolio-cryptogains/internal/tui/flow/model.go:186.10,187.16 1 0
github.com/benizzio/ghostfolio-cryptogains/internal/tui/flow/model.go:199.33,201.18 2 0
github.com/benizzio/ghostfolio-cryptogains/internal/tui/flow/model.go:202.22,217.4 1 0
github.com/benizzio/ghostfolio-cryptogains/internal/tui/flow/model.go:218.25,229.4 1 0
github.com/benizzio/ghostfolio-cryptogains/internal/tui/flow/model.go:230.31,245.4 1 0
github.com/benizzio/ghostfolio-cryptogains/internal/tui/flow/model.go:246.33,257.4 1 0
github.com/benizzio/ghostfolio-cryptogains/internal/tui/flow/model.go:258.10,259.16 1 0
github.com/benizzio/ghostfolio-cryptogains/internal/tui/flow/model.go:262.2,265.13 4 0
github.com/benizzio/ghostfolio-cryptogains/internal/tui/flow/model.go:276.39,278.2 1 0
github.com/benizzio/ghostfolio-cryptogains/internal/tui/flow/model.go:282.46,283.28 1 0
github.com/benizzio/ghostfolio-cryptogains/internal/tui/flow/model.go:283.28,285.3 1 0
github.com/benizzio/ghostfolio-cryptogains/internal/tui/flow/model.go:286.2,286.37 1 0
github.com/benizzio/ghostfolio-cryptogains/internal/tui/flow/model.go:291.74,292.64 1 0
github.com/benizzio/ghostfolio-cryptogains/internal/tui/flow/model.go:292.64,294.3 1 0
github.com/benizzio/ghostfolio-cryptogains/internal/tui/flow/model.go:295.2,295.11 1 0
github.com/benizzio/ghostfolio-cryptogains/internal/tui/flow/model.go:300.55,306.2 1 0
github.com/benizzio/ghostfolio-cryptogains/internal/tui/flow/model.go:310.54,312.2 1 0
github.com/benizzio/ghostfolio-cryptogains/internal/tui/flow/model.go:316.54,317.17 1 0
github.com/benizzio/ghostfolio-cryptogains/internal/tui/flow/model.go:317.17,319.3 1 0
github.com/benizzio/ghostfolio-cryptogains/internal/tui/flow/model.go:320.2,323.3 1 0
github.com/benizzio/ghostfolio-cryptogains/internal/tui/flow/model.go:328.56,333.2 1 0
github.com/benizzio/ghostfolio-cryptogains/internal/tui/flow/model.go:337.40,339.28 2 0
github.com/benizzio/ghostfolio-cryptogains/internal/tui/flow/model.go:339.28,341.3 1 0
github.com/benizzio/ghostfolio-cryptogains/internal/tui/flow/model.go:342.2,342.108 1 0
github.com/benizzio/ghostfolio-cryptogains/internal/tui/flow/model.go:348.43,353.2 1 0
github.com/benizzio/ghostfolio-cryptogains/internal/tui/flow/model.go:358.39,371.2 1 0
github.com/benizzio/ghostfolio-cryptogains/internal/tui/flow/model.go:376.41,381.2 1 0
github.com/benizzio/ghostfolio-cryptogains/internal/tui/flow/model.go:385.42,386.26 1 0
github.com/benizzio/ghostfolio-cryptogains/internal/tui/flow/model.go:386.26,389.3 2 0
github.com/benizzio/ghostfolio-cryptogains/internal/tui/flow/model.go:394.115,407.19 7 0
github.com/benizzio/ghostfolio-cryptogains/internal/tui/flow/model.go:407.19,410.62 3 0
github.com/benizzio/ghostfolio-cryptogains/internal/tui/flow/model.go:410.62,412.4 1 0
github.com/benizzio/ghostfolio-cryptogains/internal/tui/flow/model.go:415.2,415.14 1 0
github.com/benizzio/ghostfolio-cryptogains/internal/tui/flow/model.go:420.31,428.2 7 0
github.com/benizzio/ghostfolio-cryptogains/internal/tui/flow/model.go:432.100,437.2 4 0
github.com/benizzio/ghostfolio-cryptogains/internal/tui/flow/model.go:441.33,448.2 6 0
github.com/benizzio/ghostfolio-cryptogains/internal/tui/flow/model.go:452.47,456.2 3 0
github.com/benizzio/ghostfolio-cryptogains/internal/tui/flow/model.go:460.74,463.21 3 0
github.com/benizzio/ghostfolio-cryptogains/internal/tui/flow/model.go:463.21,465.3 1 0
github.com/benizzio/ghostfolio-cryptogains/internal/tui/flow/model.go:470.24,472.2 1 0
github.com/benizzio/ghostfolio-cryptogains/internal/tui/flow/model.go:476.72,477.24 1 0
github.com/benizzio/ghostfolio-cryptogains/internal/tui/flow/model.go:477.24,480.3 2 0
github.com/benizzio/ghostfolio-cryptogains/internal/tui/flow/model.go:485.111,486.24 1 0
github.com/benizzio/ghostfolio-cryptogains/internal/tui/flow/model.go:486.24,491.3 1 0
github.com/benizzio/ghostfolio-cryptogains/internal/tui/flow/model.go:496.29,498.2 1 0
github.com/benizzio/ghostfolio-cryptogains/internal/tui/flow/model.go:502.46,503.67 1 0
github.com/benizzio/ghostfolio-cryptogains/internal/tui/flow/model.go:503.67,505.3 1 0
github.com/benizzio/ghostfolio-cryptogains/internal/tui/flow/model.go:506.2,506.55 1 0
github.com/benizzio/ghostfolio-cryptogains/internal/tui/flow/model.go:511.37,514.2 2 0
github.com/benizzio/ghostfolio-cryptogains/internal/tui/flow/navigation.go:25.30,27.2 1 0
github.com/benizzio/ghostfolio-cryptogains/internal/tui/flow/navigation.go:31.32,33.2 1 0
github.com/benizzio/ghostfolio-cryptogains/internal/tui/flow/navigation.go:37.33,39.2 1 0
github.com/benizzio/ghostfolio-cryptogains/internal/tui/flow/navigation.go:43.33,45.2 1 0
github.com/benizzio/ghostfolio-cryptogains/internal/tui/flow/navigation.go:49.34,51.2 1 0
github.com/benizzio/ghostfolio-cryptogains/internal/tui/flow/navigation.go:55.37,57.2 1 0
github.com/benizzio/ghostfolio-cryptogains/internal/tui/flow/navigation.go:61.32,63.2 1 0
github.com/benizzio/ghostfolio-cryptogains/internal/tui/flow/navigation.go:67.70,69.9 2 0
github.com/benizzio/ghostfolio-cryptogains/internal/tui/flow/navigation.go:69.9,71.3 1 0
github.com/benizzio/ghostfolio-cryptogains/internal/tui/flow/navigation.go:73.2,73.9 1 0
github.com/benizzio/ghostfolio-cryptogains/internal/tui/flow/navigation.go:74.51,75.61 1 0
github.com/benizzio/ghostfolio-cryptogains/internal/tui/flow/navigation.go:76.47,77.36 1 0
github.com/benizzio/ghostfolio-cryptogains/internal/tui/flow/navigation.go:78.10,79.16 1 0
github.com/benizzio/ghostfolio-cryptogains/internal/tui/flow/navigation.go:85.78,87.9 2 0
github.com/benizzio/ghostfolio-cryptogains/internal/tui/flow/navigation.go:87.9,89.3 1 0
github.com/benizzio/ghostfolio-cryptogains/internal/tui/flow/navigation.go:91.2,91.9 1 0
github.com/benizzio/ghostfolio-cryptogains/internal/tui/flow/navigation.go:92.44,93.29 1 0
github.com/benizzio/ghostfolio-cryptogains/internal/tui/flow/navigation.go:93.29,95.4 1 0
github.com/benizzio/ghostfolio-cryptogains/internal/tui/flow/navigation.go:96.46,97.54 1 0
github.com/benizzio/ghostfolio-cryptogains/internal/tui/flow/navigation.go:97.54,99.4 1 0
github.com/benizzio/ghostfolio-cryptogains/internal/tui/flow/navigation.go:100.47,101.30 1 0
github.com/benizzio/ghostfolio-cryptogains/internal/tui/flow/navigation.go:101.30,103.4 1 0
github.com/benizzio/ghostfolio-cryptogains/internal/tui/flow/navigation.go:104.3,104.20 1 0
github.com/benizzio/ghostfolio-cryptogains/internal/tui/flow/navigation.go:107.2,107.15 1 0
github.com/benizzio/ghostfolio-cryptogains/internal/tui/flow/setup_flow.go:18.67,19.40 1 0
github.com/benizzio/ghostfolio-cryptogains/internal/tui/flow/setup_flow.go:20.21,21.42 1 0
github.com/benizzio/ghostfolio-cryptogains/internal/tui/flow/setup_flow.go:22.56,23.37 1 0
github.com/benizzio/ghostfolio-cryptogains/internal/tui/flow/setup_flow.go:24.23,25.45 1 0
github.com/benizzio/ghostfolio-cryptogains/internal/tui/flow/setup_flow.go:26.10,27.16 1 0
github.com/benizzio/ghostfolio-cryptogains/internal/tui/flow/setup_flow.go:33.78,34.24 1 0
github.com/benizzio/ghostfolio-cryptogains/internal/tui/flow/setup_flow.go:34.24,37.3 2 0
github.com/benizzio/ghostfolio-cryptogains/internal/tui/flow/setup_flow.go:39.2,42.15 4 0
github.com/benizzio/ghostfolio-cryptogains/internal/tui/flow/setup_flow.go:47.72,48.27 1 0
github.com/benizzio/ghostfolio-cryptogains/internal/tui/flow/setup_flow.go:48.27,50.3 1 0
github.com/benizzio/ghostfolio-cryptogains/internal/tui/flow/setup_flow.go:52.2,52.42 1 0
github.com/benizzio/ghostfolio-cryptogains/internal/tui/flow/setup_flow.go:58.83,59.70 1 0
github.com/benizzio/ghostfolio-cryptogains/internal/tui/flow/setup_flow.go:59.70,61.3 1 0
github.com/benizzio/ghostfolio-cryptogains/internal/tui/flow/setup_flow.go:63.2,63.38 1 0
github.com/benizzio/ghostfolio-cryptogains/internal/tui/flow/setup_flow.go:68.91,69.27 1 0
github.com/benizzio/ghostfolio-cryptogains/internal/tui/flow/setup_flow.go:69.27,71.3 1 0
github.com/benizzio/ghostfolio-cryptogains/internal/tui/flow/setup_flow.go:73.2,73.9 1 0
github.com/benizzio/ghostfolio-cryptogains/internal/tui/flow/setup_flow.go:74.44,75.41 1 0
github.com/benizzio/ghostfolio-cryptogains/internal/tui/flow/setup_flow.go:76.83,77.28 1 0
github.com/benizzio/ghostfolio-cryptogains/internal/tui/flow/setup_flow.go:78.10,80.26 2 0
github.com/benizzio/ghostfolio-cryptogains/internal/tui/flow/setup_flow.go:86.82,87.9 1 0
github.com/benizzio/ghostfolio-cryptogains/internal/tui/flow/setup_flow.go:88.41,89.28 1 0
github.com/benizzio/ghostfolio-cryptogains/internal/tui/flow/setup_flow.go:89.28,91.4 1 0
github.com/benizzio/ghostfolio-cryptogains/internal/tui/flow/setup_flow.go:92.3,92.16 1 0
github.com/benizzio/ghostfolio-cryptogains/internal/tui/flow/setup_flow.go:93.43,94.52 1 0
github.com/benizzio/ghostfolio-cryptogains/internal/tui/flow/setup_flow.go:94.52,96.4 1 0
github.com/benizzio/ghostfolio-cryptogains/internal/tui/flow/setup_flow.go:97.3,97.16 1 0
github.com/benizzio/ghostfolio-cryptogains/internal/tui/flow/setup_flow.go:98.44,99.43 1 0
github.com/benizzio/ghostfolio-cryptogains/internal/tui/flow/setup_flow.go:100.45,101.29 1 0
github.com/benizzio/ghostfolio-cryptogains/internal/tui/flow/setup_flow.go:101.29,103.4 1 0
github.com/benizzio/ghostfolio-cryptogains/internal/tui/flow/setup_flow.go:104.3,104.16 1 0
github.com/benizzio/ghostfolio-cryptogains/internal/tui/flow/setup_flow.go:105.44,106.36 1 0
github.com/benizzio/ghostfolio-cryptogains/internal/tui/flow/setup_flow.go:107.10,108.16 1 0
github.com/benizzio/ghostfolio-cryptogains/internal/tui/flow/setup_flow.go:115.78,120.2 4 0
github.com/benizzio/ghostfolio-cryptogains/internal/tui/flow/setup_flow.go:125.74,129.2 3 0
github.com/benizzio/ghostfolio-cryptogains/internal/tui/flow/setup_flow.go:134.61,137.2 2 0
github.com/benizzio/ghostfolio-cryptogains/internal/tui/flow/setup_flow.go:141.40,144.2 2 0
github.com/benizzio/ghostfolio-cryptogains/internal/tui/flow/setup_flow.go:149.70,150.115 1 0
github.com/benizzio/ghostfolio-cryptogains/internal/tui/flow/setup_flow.go:150.115,152.3 1 0
github.com/benizzio/ghostfolio-cryptogains/internal/tui/flow/setup_flow.go:154.2,157.39 4 0
github.com/benizzio/ghostfolio-cryptogains/internal/tui/flow/setup_flow.go:162.63,163.27 1 0
github.com/benizzio/ghostfolio-cryptogains/internal/tui/flow/setup_flow.go:164.37,165.35 1 0
github.com/benizzio/ghostfolio-cryptogains/internal/tui/flow/setup_flow.go:166.34,168.43 2 0
github.com/benizzio/ghostfolio-cryptogains/internal/tui/flow/setup_flow.go:169.30,170.32 1 0
github.com/benizzio/ghostfolio-cryptogains/internal/tui/flow/setup_flow.go:171.10,172.16 1 0
github.com/benizzio/ghostfolio-cryptogains/internal/tui/flow/setup_flow.go:178.62,184.2 5 0
github.com/benizzio/ghostfolio-cryptogains/internal/tui/flow/setup_flow.go:188.59,189.23 1 0
github.com/benizzio/ghostfolio-cryptogains/internal/tui/flow/setup_flow.go:189.23,192.3 2 0
github.com/benizzio/ghostfolio-cryptogains/internal/tui/flow/setup_flow.go:194.2,199.4 2 0
github.com/benizzio/ghostfolio-cryptogains/internal/tui/flow/sync_flow.go:23.76,24.40 1 0
github.com/benizzio/ghostfolio-cryptogains/internal/tui/flow/sync_flow.go:25.29,26.50 1 0
github.com/benizzio/ghostfolio-cryptogains/internal/tui/flow/sync_flow.go:27.56,28.36 1 0
github.com/benizzio/ghostfolio-cryptogains/internal/tui/flow/sync_flow.go:29.23,30.47 1 0
github.com/benizzio/ghostfolio-cryptogains/internal/tui/flow/sync_flow.go:31.23,32.44 1 0
github.com/benizzio/ghostfolio-cryptogains/internal/tui/flow/sync_flow.go:33.10,34.16 1 0
github.com/benizzio/ghostfolio-cryptogains/internal/tui/flow/sync_flow.go:40.94,41.41 1 0
github.com/benizzio/ghostfolio-cryptogains/internal/tui/flow/sync_flow.go:41.41,43.3 1 0
github.com/benizzio/ghostfolio-cryptogains/internal/tui/flow/sync_flow.go:45.2,51.15 7 0
github.com/benizzio/ghostfolio-cryptogains/internal/tui/flow/sync_flow.go:57.71,58.41 1 0
github.com/benizzio/ghostfolio-cryptogains/internal/tui/flow/sync_flow.go:58.41,60.3 1 0
github.com/benizzio/ghostfolio-cryptogains/internal/tui/flow/sync_flow.go:62.2,62.40 1 0
github.com/benizzio/ghostfolio-cryptogains/internal/tui/flow/sync_flow.go:68.85,69.18 1 0
github.com/benizzio/ghostfolio-cryptogains/internal/tui/flow/sync_flow.go:69.18,71.3 1 0
github.com/benizzio/ghostfolio-cryptogains/internal/tui/flow/sync_flow.go:73.2,75.15 3 0
github.com/benizzio/ghostfolio-cryptogains/internal/tui/flow/sync_flow.go:81.82,82.17 1 0
github.com/benizzio/ghostfolio-cryptogains/internal/tui/flow/sync_flow.go:82.17,84.3 1 0
github.com/benizzio/ghostfolio-cryptogains/internal/tui/flow/sync_flow.go:86.2,86.69 1 0
github.com/benizzio/ghostfolio-cryptogains/internal/tui/flow/sync_flow.go:86.69,88.3 1 0
github.com/benizzio/ghostfolio-cryptogains/internal/tui/flow/sync_flow.go:90.2,90.37 1 0
github.com/benizzio/ghostfolio-cryptogains/internal/tui/flow/sync_flow.go:95.90,96.26 1 0
github.com/benizzio/ghostfolio-cryptogains/internal/tui/flow/sync_flow.go:96.26,98.3 1 0
github.com/benizzio/ghostfolio-cryptogains/internal/tui/flow/sync_flow.go:100.2,100.9 1 0
github.com/benizzio/ghostfolio-cryptogains/internal/tui/flow/sync_flow.go:101.44,102.46 1 0
github.com/benizzio/ghostfolio-cryptogains/internal/tui/flow/sync_flow.go:103.83,104.27 1 0
github.com/benizzio/ghostfolio-cryptogains/internal/tui/flow/sync_flow.go:105.10,107.26 2 0
github.com/benizzio/ghostfolio-cryptogains/internal/tui/flow/sync_flow.go:113.81,114.9 1 0
github.com/benizzio/ghostfolio-cryptogains/internal/tui/flow/sync_flow.go:115.41,116.27 1 0
github.com/benizzio/ghostfolio-cryptogains/internal/tui/flow/sync_flow.go:116.27,118.4 1 0
github.com/benizzio/ghostfolio-cryptogains/internal/tui/flow/sync_flow.go:119.3,119.16 1 0
github.com/benizzio/ghostfolio-cryptogains/internal/tui/flow/sync_flow.go:120.43,121.50 1 0
github.com/benizzio/ghostfolio-cryptogains/internal/tui/flow/sync_flow.go:121.50,123.4 1 0
github.com/benizzio/ghostfolio-cryptogains/internal/tui/flow/sync_flow.go:124.3,124.16 1 0
github.com/benizzio/ghostfolio-cryptogains/internal/tui/flow/sync_flow.go:125.44,126.33 1 0
github.com/benizzio/ghostfolio-cryptogains/internal/tui/flow/sync_flow.go:127.44,128.35 1 0
github.com/benizzio/ghostfolio-cryptogains/internal/tui/flow/sync_flow.go:129.10,130.16 1 0
github.com/benizzio/ghostfolio-cryptogains/internal/tui/flow/sync_flow.go:137.76,142.2 4 0
github.com/benizzio/ghostfolio-cryptogains/internal/tui/flow/sync_flow.go:147.79,151.2 3 0
github.com/benizzio/ghostfolio-cryptogains/internal/tui/flow/sync_flow.go:156.60,159.2 2 0
github.com/benizzio/ghostfolio-cryptogains/internal/tui/flow/sync_flow.go:163.38,166.2 2 0
github.com/benizzio/ghostfolio-cryptogains/internal/tui/flow/sync_flow.go:170.60,173.2 2 0
github.com/benizzio/ghostfolio-cryptogains/internal/tui/flow/sync_flow.go:177.62,178.26 1 0
github.com/benizzio/ghostfolio-cryptogains/internal/tui/flow/sync_flow.go:179.9,180.33 1 0
github.com/benizzio/ghostfolio-cryptogains/internal/tui/flow/sync_flow.go:181.9,182.33 1 0
github.com/benizzio/ghostfolio-cryptogains/internal/tui/flow/sync_flow.go:183.10,184.16 1 0
github.com/benizzio/ghostfolio-cryptogains/internal/tui/flow/sync_flow.go:191.60,192.28 1 0
github.com/benizzio/ghostfolio-cryptogains/internal/tui/flow/sync_flow.go:192.28,194.3 1 0
github.com/benizzio/ghostfolio-cryptogains/internal/tui/flow/sync_flow.go:196.2,197.17 2 0
github.com/benizzio/ghostfolio-cryptogains/internal/tui/flow/sync_flow.go:197.17,200.3 2 0
github.com/benizzio/ghostfolio-cryptogains/internal/tui/flow/sync_flow.go:202.2,210.154 8 0
github.com/benizzio/ghostfolio-cryptogains/internal/tui/flow/sync_flow.go:216.60,220.2 3 0
github.com/benizzio/ghostfolio-cryptogains/internal/tui/screen/main_menu_screen.go:43.61,60.2 2 0
github.com/benizzio/ghostfolio-cryptogains/internal/tui/screen/setup_screen.go:47.55,53.28 2 0
github.com/benizzio/ghostfolio-cryptogains/internal/tui/screen/setup_screen.go:53.28,59.3 1 0
github.com/benizzio/ghostfolio-cryptogains/internal/tui/screen/setup_screen.go:60.2,60.38 1 0
github.com/benizzio/ghostfolio-cryptogains/internal/tui/screen/setup_screen.go:60.38,62.3 1 0
github.com/benizzio/ghostfolio-cryptogains/internal/tui/screen/setup_screen.go:64.2,65.36 2 0
github.com/benizzio/ghostfolio-cryptogains/internal/tui/screen/setup_screen.go:65.36,67.3 1 0
github.com/benizzio/ghostfolio-cryptogains/internal/tui/screen/setup_screen.go:68.2,68.21 1 0
github.com/benizzio/ghostfolio-cryptogains/internal/tui/screen/setup_screen.go:68.21,70.3 1 0
github.com/benizzio/ghostfolio-cryptogains/internal/tui/screen/setup_screen.go:72.2,81.3 1 0
github.com/benizzio/ghostfolio-cryptogains/internal/tui/screen/sync_validation_screen.go:50.73,57.17 2 0
github.com/benizzio/ghostfolio-cryptogains/internal/tui/screen/sync_validation_screen.go:57.17,59.3 1 0
github.com/benizzio/ghostfolio-cryptogains/internal/tui/screen/sync_validation_screen.go:59.8,61.3 1 0
github.com/benizzio/ghostfolio-cryptogains/internal/tui/screen/sync_validation_screen.go:63.2,64.36 2 0
github.com/benizzio/ghostfolio-cryptogains/internal/tui/screen/sync_validation_screen.go:64.36,66.3 1 0
github.com/benizzio/ghostfolio-cryptogains/internal/tui/screen/sync_validation_screen.go:68.2,77.3 1 0
github.com/benizzio/ghostfolio-cryptogains/internal/tui/screen/validation_result_screen.go:46.77,48.29 2 0
github.com/benizzio/ghostfolio-cryptogains/internal/tui/screen/validation_result_screen.go:48.29,55.3 1 0
github.com/benizzio/ghostfolio-cryptogains/internal/tui/screen/validation_result_screen.go:57.2,74.3 2 0
github.com/benizzio/ghostfolio-cryptogains/internal/tui/screen/validation_result_screen.go:80.70,81.21 1 0
github.com/benizzio/ghostfolio-cryptogains/internal/tui/screen/validation_result_screen.go:81.21,83.3 1 0
github.com/benizzio/ghostfolio-cryptogains/internal/tui/screen/validation_result_screen.go:84.2,84.52 1 0
github.com/benizzio/ghostfolio-cryptogains/internal/tui/screen/validation_result_screen.go:90.71,91.21 1 0
github.com/benizzio/ghostfolio-cryptogains/internal/tui/screen/validation_result_screen.go:91.21,93.3 1 0
github.com/benizzio/ghostfolio-cryptogains/internal/tui/screen/validation_result_screen.go:95.2,95.31 1 0
github.com/benizzio/ghostfolio-cryptogains/internal/tui/screen/validation_result_screen.go:96.59,97.104 1 0
github.com/benizzio/ghostfolio-cryptogains/internal/tui/screen/validation_result_screen.go:98.10,99.93 1 0
github.com/benizzio/ghostfolio-cryptogains/cmd/ghostfolio-cryptogains/main.go:26.84,28.2 1 0
github.com/benizzio/ghostfolio-cryptogains/cmd/ghostfolio-cryptogains/main.go:37.13,39.16 2 0
github.com/benizzio/ghostfolio-cryptogains/cmd/ghostfolio-cryptogains/main.go:39.16,40.70 1 0
github.com/benizzio/ghostfolio-cryptogains/cmd/ghostfolio-cryptogains/main.go:40.70,42.4 1 0
github.com/benizzio/ghostfolio-cryptogains/cmd/ghostfolio-cryptogains/main.go:43.3,43.14 1 0
github.com/benizzio/ghostfolio-cryptogains/cmd/ghostfolio-cryptogains/main.go:49.18,51.16 2 0
github.com/benizzio/ghostfolio-cryptogains/cmd/ghostfolio-cryptogains/main.go:51.16,53.3 1 0
github.com/benizzio/ghostfolio-cryptogains/cmd/ghostfolio-cryptogains/main.go:55.2,57.16 3 0
github.com/benizzio/ghostfolio-cryptogains/cmd/ghostfolio-cryptogains/main.go:57.16,59.3 1 0
github.com/benizzio/ghostfolio-cryptogains/cmd/ghostfolio-cryptogains/main.go:61.2,63.16 3 0
github.com/benizzio/ghostfolio-cryptogains/cmd/ghostfolio-cryptogains/main.go:63.16,65.3 1 0
github.com/benizzio/ghostfolio-cryptogains/cmd/ghostfolio-cryptogains/main.go:67.2,78.12 3 0
github.com/benizzio/ghostfolio-cryptogains/internal/app/bootstrap/options.go:38.31,44.2 1 0
github.com/benizzio/ghostfolio-cryptogains/internal/app/bootstrap/options.go:64.51,86.16 10 0
github.com/benizzio/ghostfolio-cryptogains/internal/app/bootstrap/options.go:86.16,88.3 1 0
github.com/benizzio/ghostfolio-cryptogains/internal/app/bootstrap/options.go:90.2,92.16 3 0
github.com/benizzio/ghostfolio-cryptogains/internal/app/bootstrap/options.go:92.16,94.3 1 0
github.com/benizzio/ghostfolio-cryptogains/internal/app/bootstrap/options.go:95.2,95.24 1 0
github.com/benizzio/ghostfolio-cryptogains/internal/app/bootstrap/options.go:95.24,97.3 1 0
github.com/benizzio/ghostfolio-cryptogains/internal/app/bootstrap/options.go:99.2,100.18 2 0
github.com/benizzio/ghostfolio-cryptogains/internal/app/bootstrap/startup.go:61.119,63.16 2 0
github.com/benizzio/ghostfolio-cryptogains/internal/app/bootstrap/startup.go:63.16,64.46 1 0
github.com/benizzio/ghostfolio-cryptogains/internal/app/bootstrap/startup.go:64.46,66.4 1 0
github.com/benizzio/ghostfolio-cryptogains/internal/app/bootstrap/startup.go:67.3,67.69 1 0
github.com/benizzio/ghostfolio-cryptogains/internal/app/bootstrap/startup.go:70.2,70.54 1 0
github.com/benizzio/ghostfolio-cryptogains/internal/app/bootstrap/startup.go:70.54,72.3 1 0
github.com/benizzio/ghostfolio-cryptogains/internal/app/bootstrap/startup.go:74.2,74.108 1 0
github.com/benizzio/ghostfolio-cryptogains/internal/app/runtime/runtime.go:42.51,44.25 2 0
github.com/benizzio/ghostfolio-cryptogains/internal/app/runtime/runtime.go:44.25,46.17 2 0
github.com/benizzio/ghostfolio-cryptogains/internal/app/runtime/runtime.go:46.17,48.4 1 0
github.com/benizzio/ghostfolio-cryptogains/internal/app/runtime/runtime.go:49.3,49.32 1 0
github.com/benizzio/ghostfolio-cryptogains/internal/app/runtime/runtime.go:52.2,64.8 4 0
github.com/benizzio/ghostfolio-cryptogains/internal/app/runtime/setup_service.go:61.79,63.2 1 0
github.com/benizzio/ghostfolio-cryptogains/internal/app/runtime/setup_service.go:84.101,91.16 2 0
github.com/benizzio/ghostfolio-cryptogains/internal/app/runtime/setup_service.go:91.16,93.3 1 0
github.com/benizzio/ghostfolio-cryptogains/internal/app/runtime/setup_service.go:95.2,96.16 2 0
github.com/benizzio/ghostfolio-cryptogains/internal/app/runtime/setup_service.go:96.16,98.3 1 0
github.com/benizzio/ghostfolio-cryptogains/internal/app/runtime/setup_service.go:100.2,100.45 1 0
github.com/benizzio/ghostfolio-cryptogains/internal/app/runtime/sync_service.go:158.96,160.2 1 0
github.com/benizzio/ghostfolio-cryptogains/internal/app/runtime/sync_service.go:173.96,190.16 7 0
github.com/benizzio/ghostfolio-cryptogains/internal/app/runtime/sync_service.go:190.16,192.3 1 0
github.com/benizzio/ghostfolio-cryptogains/internal/app/runtime/sync_service.go:193.2,193.69 1 0
github.com/benizzio/ghostfolio-cryptogains/internal/app/runtime/sync_service.go:193.69,195.3 1 0
github.com/benizzio/ghostfolio-cryptogains/internal/app/runtime/sync_service.go:197.2,202.21 5 0
github.com/benizzio/ghostfolio-cryptogains/internal/app/runtime/sync_service.go:202.21,204.3 1 0
github.com/benizzio/ghostfolio-cryptogains/internal/app/runtime/sync_service.go:206.2,207.81 2 0
github.com/benizzio/ghostfolio-cryptogains/internal/app/runtime/sync_service.go:207.81,209.3 1 0
github.com/benizzio/ghostfolio-cryptogains/internal/app/runtime/sync_service.go:211.2,219.3 4 0
github.com/benizzio/ghostfolio-cryptogains/internal/app/runtime/sync_service.go:224.111,230.37 5 0
github.com/benizzio/ghostfolio-cryptogains/internal/app/runtime/sync_service.go:230.37,232.3 1 0
github.com/benizzio/ghostfolio-cryptogains/internal/app/runtime/sync_service.go:233.2,241.3 3 0
github.com/benizzio/ghostfolio-cryptogains/internal/app/runtime/sync_service.go:250.21,263.2 6 0
github.com/benizzio/ghostfolio-cryptogains/internal/app/runtime/sync_service.go:268.109,269.18 1 0
github.com/benizzio/ghostfolio-cryptogains/internal/app/runtime/sync_service.go:270.45,271.40 1 0
github.com/benizzio/ghostfolio-cryptogains/internal/app/runtime/sync_service.go:272.39,273.34 1 0
github.com/benizzio/ghostfolio-cryptogains/internal/app/runtime/sync_service.go:274.51,275.46 1 0
github.com/benizzio/ghostfolio-cryptogains/internal/app/runtime/sync_service.go:276.58,277.53 1 0
github.com/benizzio/ghostfolio-cryptogains/internal/app/runtime/sync_service.go:278.58,279.53 1 0
github.com/benizzio/ghostfolio-cryptogains/internal/app/runtime/sync_service.go:280.10,281.46 1 0
github.com/benizzio/ghostfolio-cryptogains/internal/app/runtime/sync_service.go:287.54,290.2 2 0
github.com/benizzio/ghostfolio-cryptogains/internal/config/model/app_setup_config.go:70.113,72.16 2 0
github.com/benizzio/ghostfolio-cryptogains/internal/config/model/app_setup_config.go:72.16,74.3 1 0
github.com/benizzio/ghostfolio-cryptogains/internal/config/model/app_setup_config.go:76.2,76.85 1 0
github.com/benizzio/ghostfolio-cryptogains/internal/config/model/app_setup_config.go:76.85,78.3 1 0
github.com/benizzio/ghostfolio-cryptogains/internal/config/model/app_setup_config.go:79.2,79.79 1 0
github.com/benizzio/ghostfolio-cryptogains/internal/config/model/app_setup_config.go:79.79,81.3 1 0
github.com/benizzio/ghostfolio-cryptogains/internal/config/model/app_setup_config.go:83.2,90.8 1 0
github.com/benizzio/ghostfolio-cryptogains/internal/config/model/app_setup_config.go:104.71,105.26 1 0
github.com/benizzio/ghostfolio-cryptogains/internal/config/model/app_setup_config.go:105.26,107.3 1 0
github.com/benizzio/ghostfolio-cryptogains/internal/config/model/app_setup_config.go:108.2,108.22 1 0
github.com/benizzio/ghostfolio-cryptogains/internal/config/model/app_setup_config.go:108.22,110.3 1 0
github.com/benizzio/ghostfolio-cryptogains/internal/config/model/app_setup_config.go:111.2,111.89 1 0
github.com/benizzio/ghostfolio-cryptogains/internal/config/model/app_setup_config.go:111.89,113.3 1 0
github.com/benizzio/ghostfolio-cryptogains/internal/config/model/app_setup_config.go:114.2,114.26 1 0
github.com/benizzio/ghostfolio-cryptogains/internal/config/model/app_setup_config.go:114.26,116.3 1 0
github.com/benizzio/ghostfolio-cryptogains/internal/config/model/app_setup_config.go:118.2,119.16 2 0
github.com/benizzio/ghostfolio-cryptogains/internal/config/model/app_setup_config.go:119.16,121.3 1 0
github.com/benizzio/ghostfolio-cryptogains/internal/config/model/app_setup_config.go:122.2,122.40 1 0
github.com/benizzio/ghostfolio-cryptogains/internal/config/model/app_setup_config.go:122.40,124.3 1 0
github.com/benizzio/ghostfolio-cryptogains/internal/config/model/app_setup_config.go:125.2,125.68 1 0
github.com/benizzio/ghostfolio-cryptogains/internal/config/model/app_setup_config.go:125.68,127.3 1 0
github.com/benizzio/ghostfolio-cryptogains/internal/config/model/app_setup_config.go:128.2,128.81 1 0
github.com/benizzio/ghostfolio-cryptogains/internal/config/model/app_setup_config.go:128.81,130.3 1 0
github.com/benizzio/ghostfolio-cryptogains/internal/config/model/app_setup_config.go:132.2,132.12 1 0
github.com/benizzio/ghostfolio-cryptogains/internal/config/model/app_setup_config.go:138.81,139.20 1 0
github.com/benizzio/ghostfolio-cryptogains/internal/config/model/app_setup_config.go:140.33,141.48 1 0
github.com/benizzio/ghostfolio-cryptogains/internal/config/model/app_setup_config.go:141.48,143.4 1 0
github.com/benizzio/ghostfolio-cryptogains/internal/config/model/app_setup_config.go:144.30,145.48 1 0
github.com/benizzio/ghostfolio-cryptogains/internal/config/model/app_setup_config.go:145.48,147.4 1 0
github.com/benizzio/ghostfolio-cryptogains/internal/config/model/app_setup_config.go:148.10,149.30 1 0
github.com/benizzio/ghostfolio-cryptogains/internal/config/model/app_setup_config.go:152.2,152.12 1 0
github.com/benizzio/ghostfolio-cryptogains/internal/config/model/app_setup_config.go:166.75,168.19 2 0
github.com/benizzio/ghostfolio-cryptogains/internal/config/model/app_setup_config.go:168.19,170.3 1 0
github.com/benizzio/ghostfolio-cryptogains/internal/config/model/app_setup_config.go:172.2,173.16 2 0
github.com/benizzio/ghostfolio-cryptogains/internal/config/model/app_setup_config.go:173.16,175.3 1 0
github.com/benizzio/ghostfolio-cryptogains/internal/config/model/app_setup_config.go:176.2,176.87 1 0
github.com/benizzio/ghostfolio-cryptogains/internal/config/model/app_setup_config.go:176.87,178.3 1 0
github.com/benizzio/ghostfolio-cryptogains/internal/config/model/app_setup_config.go:179.2,179.57 1 0
github.com/benizzio/ghostfolio-cryptogains/internal/config/model/app_setup_config.go:179.57,181.3 1 0
github.com/benizzio/ghostfolio-cryptogains/internal/config/model/app_setup_config.go:182.2,182.92 1 0
github.com/benizzio/ghostfolio-cryptogains/internal/config/model/app_setup_config.go:182.92,184.3 1 0
github.com/benizzio/ghostfolio-cryptogains/internal/config/model/app_setup_config.go:186.2,187.62 2 0
github.com/benizzio/ghostfolio-cryptogains/internal/config/model/app_setup_config.go:187.62,189.3 1 0
github.com/benizzio/ghostfolio-cryptogains/internal/config/model/app_setup_config.go:191.2,192.20 2 0
github.com/benizzio/ghostfolio-cryptogains/internal/config/model/app_setup_config.go:192.20,194.3 1 0
github.com/benizzio/ghostfolio-cryptogains/internal/config/model/app_setup_config.go:196.2,197.45 2 0
github.com/benizzio/ghostfolio-cryptogains/internal/config/model/app_setup_config.go:197.45,199.3 1 0
github.com/benizzio/ghostfolio-cryptogains/internal/config/model/app_setup_config.go:201.2,201.61 1 0
github.com/benizzio/ghostfolio-cryptogains/internal/config/store/json_store.go:56.78,58.2 1 0
github.com/benizzio/ghostfolio-cryptogains/internal/config/store/json_store.go:79.37,81.2 1 0
github.com/benizzio/ghostfolio-cryptogains/internal/config/store/json_store.go:100.52,104.2 1 0
github.com/benizzio/ghostfolio-cryptogains/internal/config/store/json_store.go:114.35,116.2 1 0
github.com/benizzio/ghostfolio-cryptogains/internal/config/store/json_store.go:129.81,131.16 2 0
github.com/benizzio/ghostfolio-cryptogains/internal/config/store/json_store.go:131.16,132.37 1 0
github.com/benizzio/ghostfolio-cryptogains/internal/config/store/json_store.go:132.37,134.4 1 0
github.com/benizzio/ghostfolio-cryptogains/internal/config/store/json_store.go:135.3,135.78 1 0
github.com/benizzio/ghostfolio-cryptogains/internal/config/store/json_store.go:138.2,139.53 2 0
github.com/benizzio/ghostfolio-cryptogains/internal/config/store/json_store.go:139.53,141.3 1 0
github.com/benizzio/ghostfolio-cryptogains/internal/config/store/json_store.go:143.2,143.20 1 0
github.com/benizzio/ghostfolio-cryptogains/internal/config/store/json_store.go:157.86,159.16 2 0
github.com/benizzio/ghostfolio-cryptogains/internal/config/store/json_store.go:159.16,161.3 1 0
github.com/benizzio/ghostfolio-cryptogains/internal/config/store/json_store.go:163.2,165.16 3 0
github.com/benizzio/ghostfolio-cryptogains/internal/config/store/json_store.go:165.16,167.3 1 0
github.com/benizzio/ghostfolio-cryptogains/internal/config/store/json_store.go:169.2,171.16 3 0
github.com/benizzio/ghostfolio-cryptogains/internal/config/store/json_store.go:171.16,173.3 1 0
github.com/benizzio/ghostfolio-cryptogains/internal/config/store/json_store.go:174.2,177.16 3 0
github.com/benizzio/ghostfolio-cryptogains/internal/config/store/json_store.go:177.16,179.3 1 0
github.com/benizzio/ghostfolio-cryptogains/internal/config/store/json_store.go:181.2,182.16 2 0
github.com/benizzio/ghostfolio-cryptogains/internal/config/store/json_store.go:182.16,184.3 1 0
github.com/benizzio/ghostfolio-cryptogains/internal/config/store/json_store.go:186.2,186.12 1 0
github.com/benizzio/ghostfolio-cryptogains/internal/config/store/json_store.go:199.53,200.77 1 0
github.com/benizzio/ghostfolio-cryptogains/internal/config/store/json_store.go:200.77,202.3 1 0
github.com/benizzio/ghostfolio-cryptogains/internal/config/store/json_store.go:203.2,203.12 1 0
github.com/benizzio/ghostfolio-cryptogains/internal/config/store/json_store.go:208.51,211.16 3 0
github.com/benizzio/ghostfolio-cryptogains/internal/config/store/json_store.go:211.16,213.3 1 0
github.com/benizzio/ghostfolio-cryptogains/internal/config/store/json_store.go:214.2,215.16 2 0
github.com/benizzio/ghostfolio-cryptogains/internal/config/store/json_store.go:215.16,217.3 1 0
github.com/benizzio/ghostfolio-cryptogains/internal/config/store/json_store.go:218.2,218.12 1 0
github.com/benizzio/ghostfolio-cryptogains/internal/config/store/json_store.go:223.75,225.16 2 0
github.com/benizzio/ghostfolio-cryptogains/internal/config/store/json_store.go:225.16,227.3 1 0
github.com/benizzio/ghostfolio-cryptogains/internal/config/store/json_store.go:228.2,228.21 1 0
github.com/benizzio/ghostfolio-cryptogains/internal/config/store/json_store.go:233.77,236.16 3 0
github.com/benizzio/ghostfolio-cryptogains/internal/config/store/json_store.go:236.16,238.3 1 0
github.com/benizzio/ghostfolio-cryptogains/internal/config/store/json_store.go:239.2,239.64 1 0
github.com/benizzio/ghostfolio-cryptogains/internal/config/store/json_store.go:244.72,246.16 2 0
github.com/benizzio/ghostfolio-cryptogains/internal/config/store/json_store.go:246.16,249.3 2 0
github.com/benizzio/ghostfolio-cryptogains/internal/config/store/json_store.go:251.2,252.16 2 0
github.com/benizzio/ghostfolio-cryptogains/internal/config/store/json_store.go:252.16,255.3 2 0
github.com/benizzio/ghostfolio-cryptogains/internal/config/store/json_store.go:257.2,258.16 2 0
github.com/benizzio/ghostfolio-cryptogains/internal/config/store/json_store.go:258.16,261.3 2 0
github.com/benizzio/ghostfolio-cryptogains/internal/config/store/json_store.go:263.2,264.16 2 0
github.com/benizzio/ghostfolio-cryptogains/internal/config/store/json_store.go:264.16,266.3 1 0
github.com/benizzio/ghostfolio-cryptogains/internal/config/store/json_store.go:268.2,268.12 1 0
github.com/benizzio/ghostfolio-cryptogains/internal/config/store/json_store.go:273.55,275.44 2 0
github.com/benizzio/ghostfolio-cryptogains/internal/config/store/json_store.go:275.44,277.3 1 0
github.com/benizzio/ghostfolio-cryptogains/internal/config/store/json_store.go:278.2,278.12 1 0
github.com/benizzio/ghostfolio-cryptogains/internal/config/store/json_store.go:283.61,284.25 1 0
github.com/benizzio/ghostfolio-cryptogains/internal/config/store/json_store.go:284.25,286.3 1 0
github.com/benizzio/ghostfolio-cryptogains/internal/config/store/json_store.go:288.2,289.16 2 0
github.com/benizzio/ghostfolio-cryptogains/internal/config/store/json_store.go:289.16,291.3 1 0
github.com/benizzio/ghostfolio-cryptogains/internal/config/store/json_store.go:293.2,294.16 2 0
github.com/benizzio/ghostfolio-cryptogains/internal/config/store/json_store.go:294.16,296.3 1 0
github.com/benizzio/ghostfolio-cryptogains/internal/config/store/json_store.go:298.2,298.12 1 0
github.com/benizzio/ghostfolio-cryptogains/internal/config/store/json_store.go:304.68,310.43 4 0
github.com/benizzio/ghostfolio-cryptogains/internal/config/store/json_store.go:310.43,312.3 1 0
github.com/benizzio/ghostfolio-cryptogains/internal/config/store/json_store.go:312.8,312.58 1 0
github.com/benizzio/ghostfolio-cryptogains/internal/config/store/json_store.go:312.58,314.3 1 0
github.com/benizzio/ghostfolio-cryptogains/internal/config/store/json_store.go:316.2,316.25 1 0
github.com/benizzio/ghostfolio-cryptogains/internal/config/store/json_store.go:316.25,317.56 1 0
github.com/benizzio/ghostfolio-cryptogains/internal/config/store/json_store.go:317.56,319.4 1 0
github.com/benizzio/ghostfolio-cryptogains/internal/config/store/json_store.go:322.2,323.16 2 0
github.com/benizzio/ghostfolio-cryptogains/internal/config/store/json_store.go:323.16,324.26 1 0
github.com/benizzio/ghostfolio-cryptogains/internal/config/store/json_store.go:324.26,326.4 1 0
github.com/benizzio/ghostfolio-cryptogains/internal/config/store/json_store.go:327.3,327.62 1 0
github.com/benizzio/ghostfolio-cryptogains/internal/config/store/json_store.go:330.2,330.25 1 0
github.com/benizzio/ghostfolio-cryptogains/internal/config/store/json_store.go:330.25,332.3 1 0
github.com/benizzio/ghostfolio-cryptogains/internal/config/store/json_store.go:334.2,335.16 2 0
github.com/benizzio/ghostfolio-cryptogains/internal/config/store/json_store.go:335.16,337.3 1 0
github.com/benizzio/ghostfolio-cryptogains/internal/config/store/json_store.go:339.2,339.12 1 0
github.com/benizzio/ghostfolio-cryptogains/internal/config/store/json_store.go:344.75,346.44 2 0
github.com/benizzio/ghostfolio-cryptogains/internal/config/store/json_store.go:346.44,348.3 1 0
github.com/benizzio/ghostfolio-cryptogains/internal/config/store/json_store.go:349.2,349.12 1 0
github.com/benizzio/ghostfolio-cryptogains/internal/config/store/json_store.go:354.35,356.2 1 0
github.com/benizzio/ghostfolio-cryptogains/internal/config/store/json_store.go:361.35,363.2 1 0
github.com/benizzio/ghostfolio-cryptogains/internal/ghostfolio/client/client.go:68.41,69.21 1 0
github.com/benizzio/ghostfolio-cryptogains/internal/ghostfolio/client/client.go:69.21,71.3 1 0
github.com/benizzio/ghostfolio-cryptogains/internal/ghostfolio/client/client.go:72.2,72.27 1 0
github.com/benizzio/ghostfolio-cryptogains/internal/ghostfolio/client/client.go:83.41,85.2 1 0
github.com/benizzio/ghostfolio-cryptogains/internal/ghostfolio/client/client.go:115.43,116.23 1 0
github.com/benizzio/ghostfolio-cryptogains/internal/ghostfolio/client/client.go:116.23,118.3 1 0
github.com/benizzio/ghostfolio-cryptogains/internal/ghostfolio/client/client.go:119.2,119.40 1 0
github.com/benizzio/ghostfolio-cryptogains/internal/ghostfolio/client/client.go:133.113,148.2 3 0
github.com/benizzio/ghostfolio-cryptogains/internal/ghostfolio/client/client.go:166.40,182.2 2 0
github.com/benizzio/ghostfolio-cryptogains/internal/ghostfolio/client/client.go:187.107,190.16 3 0
github.com/benizzio/ghostfolio-cryptogains/internal/ghostfolio/client/client.go:190.16,192.3 1 0
github.com/benizzio/ghostfolio-cryptogains/internal/ghostfolio/client/client.go:194.2,198.16 4 0
github.com/benizzio/ghostfolio-cryptogains/internal/ghostfolio/client/client.go:198.16,200.3 1 0
github.com/benizzio/ghostfolio-cryptogains/internal/ghostfolio/client/client.go:201.2,203.34 2 0
github.com/benizzio/ghostfolio-cryptogains/internal/ghostfolio/client/client.go:203.34,205.17 2 0
github.com/benizzio/ghostfolio-cryptogains/internal/ghostfolio/client/client.go:205.17,207.4 1 0
github.com/benizzio/ghostfolio-cryptogains/internal/ghostfolio/client/client.go:210.2,211.16 2 0
github.com/benizzio/ghostfolio-cryptogains/internal/ghostfolio/client/client.go:211.16,213.3 1 0
github.com/benizzio/ghostfolio-cryptogains/internal/ghostfolio/client/client.go:215.2,218.16 4 0
github.com/benizzio/ghostfolio-cryptogains/internal/ghostfolio/client/client.go:218.16,220.3 1 0
github.com/benizzio/ghostfolio-cryptogains/internal/ghostfolio/client/client.go:222.2,222.21 1 0
github.com/benizzio/ghostfolio-cryptogains/internal/ghostfolio/client/client.go:227.69,228.47 1 0
github.com/benizzio/ghostfolio-cryptogains/internal/ghostfolio/client/client.go:228.47,230.3 1 0
github.com/benizzio/ghostfolio-cryptogains/internal/ghostfolio/client/client.go:235.56,236.49 1 0
github.com/benizzio/ghostfolio-cryptogains/internal/ghostfolio/client/client.go:236.49,238.3 1 0
github.com/benizzio/ghostfolio-cryptogains/internal/ghostfolio/client/client.go:239.2,239.94 1 0
github.com/benizzio/ghostfolio-cryptogains/internal/ghostfolio/client/client.go:239.94,241.3 1 0
github.com/benizzio/ghostfolio-cryptogains/internal/ghostfolio/client/client.go:242.2,242.12 1 0
github.com/benizzio/ghostfolio-cryptogains/internal/ghostfolio/client/client.go:247.62,248.29 1 0
github.com/benizzio/ghostfolio-cryptogains/internal/ghostfolio/client/client.go:249.29,253.4 1 0
github.com/benizzio/ghostfolio-cryptogains/internal/ghostfolio/client/client.go:254.53,255.80 1 0
github.com/benizzio/ghostfolio-cryptogains/internal/ghostfolio/client/client.go:257.2,257.94 1 0
github.com/benizzio/ghostfolio-cryptogains/internal/ghostfolio/client/client.go:257.94,259.3 1 0
github.com/benizzio/ghostfolio-cryptogains/internal/ghostfolio/client/client.go:260.2,260.12 1 0
github.com/benizzio/ghostfolio-cryptogains/internal/ghostfolio/client/client.go:265.76,270.2 1 0
github.com/benizzio/ghostfolio-cryptogains/internal/ghostfolio/client/client.go:274.65,276.2 1 0
github.com/benizzio/ghostfolio-cryptogains/internal/ghostfolio/client/client.go:280.48,281.46 1 0
github.com/benizzio/ghostfolio-cryptogains/internal/ghostfolio/client/client.go:281.46,283.3 1 0
github.com/benizzio/ghostfolio-cryptogains/internal/ghostfolio/client/client.go:285.2,286.49 2 0
github.com/benizzio/ghostfolio-cryptogains/internal/ghostfolio/client/client.go:286.49,288.3 1 0
github.com/benizzio/ghostfolio-cryptogains/internal/ghostfolio/client/client.go:290.2,294.3 1 0
github.com/benizzio/ghostfolio-cryptogains/internal/ghostfolio/client/client.go:299.55,301.16 2 0
github.com/benizzio/ghostfolio-cryptogains/internal/ghostfolio/client/client.go:301.16,303.3 1 0
github.com/benizzio/ghostfolio-cryptogains/internal/ghostfolio/client/client.go:304.2,304.78 1 0
github.com/benizzio/ghostfolio-cryptogains/internal/ghostfolio/client/client.go:304.78,306.3 1 0
github.com/benizzio/ghostfolio-cryptogains/internal/ghostfolio/client/client.go:307.2,307.64 1 0
github.com/benizzio/ghostfolio-cryptogains/internal/ghostfolio/client/client.go:312.41,314.2 1 0
github.com/benizzio/ghostfolio-cryptogains/internal/ghostfolio/validator/response_validator.go:25.60,26.49 1 0
github.com/benizzio/ghostfolio-cryptogains/internal/ghostfolio/validator/response_validator.go:26.49,28.3 1 0
github.com/benizzio/ghostfolio-cryptogains/internal/ghostfolio/validator/response_validator.go:29.2,29.12 1 0
github.com/benizzio/ghostfolio-cryptogains/internal/ghostfolio/validator/response_validator.go:43.82,44.24 1 0
github.com/benizzio/ghostfolio-cryptogains/internal/ghostfolio/validator/response_validator.go:44.24,46.3 1 0
github.com/benizzio/ghostfolio-cryptogains/internal/ghostfolio/validator/response_validator.go:47.2,47.32 1 0
github.com/benizzio/ghostfolio-cryptogains/internal/ghostfolio/validator/response_validator.go:47.32,49.3 1 0
github.com/benizzio/ghostfolio-cryptogains/internal/ghostfolio/validator/response_validator.go:50.2,50.34 1 0
github.com/benizzio/ghostfolio-cryptogains/internal/ghostfolio/validator/response_validator.go:50.34,52.3 1 0
github.com/benizzio/ghostfolio-cryptogains/internal/ghostfolio/validator/response_validator.go:53.2,53.57 1 0
github.com/benizzio/ghostfolio-cryptogains/internal/ghostfolio/validator/response_validator.go:53.57,55.3 1 0
github.com/benizzio/ghostfolio-cryptogains/internal/ghostfolio/validator/response_validator.go:56.2,56.57 1 0
github.com/benizzio/ghostfolio-cryptogains/internal/ghostfolio/validator/response_validator.go:56.57,58.3 1 0
github.com/benizzio/ghostfolio-cryptogains/internal/ghostfolio/validator/response_validator.go:60.2,60.35 1 0
github.com/benizzio/ghostfolio-cryptogains/internal/ghostfolio/validator/response_validator.go:60.35,62.3 1 0
github.com/benizzio/ghostfolio-cryptogains/internal/ghostfolio/validator/response_validator.go:64.2,65.39 2 0
github.com/benizzio/ghostfolio-cryptogains/internal/ghostfolio/validator/response_validator.go:65.39,67.3 1 0
github.com/benizzio/ghostfolio-cryptogains/internal/ghostfolio/validator/response_validator.go:68.2,68.41 1 0
github.com/benizzio/ghostfolio-cryptogains/internal/ghostfolio/validator/response_validator.go:68.41,70.3 1 0
github.com/benizzio/ghostfolio-cryptogains/internal/ghostfolio/validator/response_validator.go:71.2,71.41 1 0
github.com/benizzio/ghostfolio-cryptogains/internal/ghostfolio/validator/response_validator.go:71.41,73.3 1 0
github.com/benizzio/ghostfolio-cryptogains/internal/ghostfolio/validator/response_validator.go:74.2,74.68 1 0
github.com/benizzio/ghostfolio-cryptogains/internal/ghostfolio/validator/response_validator.go:74.68,76.3 1 0
github.com/benizzio/ghostfolio-cryptogains/internal/ghostfolio/validator/response_validator.go:78.2,78.12 1 0
github.com/benizzio/ghostfolio-cryptogains/internal/support/redact/redact.go:19.51,21.33 2 0
github.com/benizzio/ghostfolio-cryptogains/internal/support/redact/redact.go:21.33,22.38 1 0
github.com/benizzio/ghostfolio-cryptogains/internal/support/redact/redact.go:22.38,23.12 1 0
github.com/benizzio/ghostfolio-cryptogains/internal/support/redact/redact.go:25.3,25.63 1 0
github.com/benizzio/ghostfolio-cryptogains/internal/support/redact/redact.go:27.2,27.17 1 0
github.com/benizzio/ghostfolio-cryptogains/internal/support/redact/redact.go:38.53,39.16 1 0
github.com/benizzio/ghostfolio-cryptogains/internal/support/redact/redact.go:39.16,41.3 1 0
github.com/benizzio/ghostfolio-cryptogains/internal/support/redact/redact.go:42.2,42.38 1 0
github.com/benizzio/ghostfolio-cryptogains/internal/support/redact/redact.go:52.33,53.18 1 0
github.com/benizzio/ghostfolio-cryptogains/internal/support/redact/redact.go:53.18,55.3 1 0
github.com/benizzio/ghostfolio-cryptogains/internal/support/redact/redact.go:56.2,56.20 1 0
github.com/benizzio/ghostfolio-cryptogains/internal/tui/component/help.go:36.45,38.2 1 0
github.com/benizzio/ghostfolio-cryptogains/internal/tui/component/help.go:50.46,52.2 1 0
github.com/benizzio/ghostfolio-cryptogains/internal/tui/component/help.go:69.54,70.16 1 0
github.com/benizzio/ghostfolio-cryptogains/internal/tui/component/help.go:70.16,72.3 1 0
github.com/benizzio/ghostfolio-cryptogains/internal/tui/component/help.go:73.2,75.52 3 0
github.com/benizzio/ghostfolio-cryptogains/internal/tui/component/layout.go:52.69,54.33 2 5
github.com/benizzio/ghostfolio-cryptogains/internal/tui/component/layout.go:54.33,57.24 3 7
github.com/benizzio/ghostfolio-cryptogains/internal/tui/component/layout.go:57.24,60.4 2 4
github.com/benizzio/ghostfolio-cryptogains/internal/tui/component/layout.go:61.3,61.20 1 7
github.com/benizzio/ghostfolio-cryptogains/internal/tui/component/layout.go:61.20,64.4 2 1
github.com/benizzio/ghostfolio-cryptogains/internal/tui/component/layout.go:66.3,67.29 2 7
github.com/benizzio/ghostfolio-cryptogains/internal/tui/component/layout.go:67.29,69.4 1 0
github.com/benizzio/ghostfolio-cryptogains/internal/tui/component/layout.go:70.3,70.44 1 7
github.com/benizzio/ghostfolio-cryptogains/internal/tui/component/layout.go:72.2,72.34 1 5
github.com/benizzio/ghostfolio-cryptogains/internal/tui/component/layout.go:78.52,83.2 1 6
github.com/benizzio/ghostfolio-cryptogains/internal/tui/component/layout.go:109.10,110.16 1 6
github.com/benizzio/ghostfolio-cryptogains/internal/tui/component/layout.go:110.16,112.3 1 0
github.com/benizzio/ghostfolio-cryptogains/internal/tui/component/layout.go:113.2,113.17 1 6
github.com/benizzio/ghostfolio-cryptogains/internal/tui/component/layout.go:113.17,115.3 1 0
github.com/benizzio/ghostfolio-cryptogains/internal/tui/component/layout.go:117.2,124.78 7 6
github.com/benizzio/ghostfolio-cryptogains/internal/tui/component/layout.go:136.43,137.38 1 6
github.com/benizzio/ghostfolio-cryptogains/internal/tui/component/layout.go:137.38,139.3 1 0
github.com/benizzio/ghostfolio-cryptogains/internal/tui/component/layout.go:141.2,141.40 1 6
github.com/benizzio/ghostfolio-cryptogains/internal/tui/component/theme.go:46.27,77.2 2 6
github.com/benizzio/ghostfolio-cryptogains/internal/tui/flow/model.go:121.41,132.38 4 0
github.com/benizzio/ghostfolio-cryptogains/internal/tui/flow/model.go:132.38,136.3 3 0
github.com/benizzio/ghostfolio-cryptogains/internal/tui/flow/model.go:136.8,138.3 1 0
github.com/benizzio/ghostfolio-cryptogains/internal/tui/flow/model.go:140.2,140.14 1 0
github.com/benizzio/ghostfolio-cryptogains/internal/tui/flow/model.go:151.32,153.2 1 0
github.com/benizzio/ghostfolio-cryptogains/internal/tui/flow/model.go:163.62,164.40 1 0
github.com/benizzio/ghostfolio-cryptogains/internal/tui/flow/model.go:165.25,168.16 3 0
github.com/benizzio/ghostfolio-cryptogains/internal/tui/flow/model.go:169.23,170.40 1 0
github.com/benizzio/ghostfolio-cryptogains/internal/tui/flow/model.go:170.40,174.4 3 0
github.com/benizzio/ghostfolio-cryptogains/internal/tui/flow/model.go:177.2,177.18 1 0
github.com/benizzio/ghostfolio-cryptogains/internal/tui/flow/model.go:178.22,179.32 1 0
github.com/benizzio/ghostfolio-cryptogains/internal/tui/flow/model.go:180.25,181.35 1 0
github.com/benizzio/ghostfolio-cryptogains/internal/tui/flow/model.go:182.31,183.41 1 0
github.com/benizzio/ghostfolio-cryptogains/internal/tui/flow/model.go:184.33,185.43 1 0
github.com/benizzio/ghostfolio-cryptogains/internal/tui/flow/model.go:186.10,187.16 1 0
github.com/benizzio/ghostfolio-cryptogains/internal/tui/flow/model.go:199.33,201.18 2 0
github.com/benizzio/ghostfolio-cryptogains/internal/tui/flow/model.go:202.22,217.4 1 0
github.com/benizzio/ghostfolio-cryptogains/internal/tui/flow/model.go:218.25,229.4 1 0
github.com/benizzio/ghostfolio-cryptogains/internal/tui/flow/model.go:230.31,245.4 1 0
github.com/benizzio/ghostfolio-cryptogains/internal/tui/flow/model.go:246.33,257.4 1 0
github.com/benizzio/ghostfolio-cryptogains/internal/tui/flow/model.go:258.10,259.16 1 0
github.com/benizzio/ghostfolio-cryptogains/internal/tui/flow/model.go:262.2,265.13 4 0
github.com/benizzio/ghostfolio-cryptogains/internal/tui/flow/model.go:276.39,278.2 1 0
github.com/benizzio/ghostfolio-cryptogains/internal/tui/flow/model.go:282.46,283.28 1 0
github.com/benizzio/ghostfolio-cryptogains/internal/tui/flow/model.go:283.28,285.3 1 0
github.com/benizzio/ghostfolio-cryptogains/internal/tui/flow/model.go:286.2,286.37 1 0
github.com/benizzio/ghostfolio-cryptogains/internal/tui/flow/model.go:291.74,292.64 1 0
github.com/benizzio/ghostfolio-cryptogains/internal/tui/flow/model.go:292.64,294.3 1 0
github.com/benizzio/ghostfolio-cryptogains/internal/tui/flow/model.go:295.2,295.11 1 0
github.com/benizzio/ghostfolio-cryptogains/internal/tui/flow/model.go:300.55,306.2 1 0
github.com/benizzio/ghostfolio-cryptogains/internal/tui/flow/model.go:310.54,312.2 1 0
github.com/benizzio/ghostfolio-cryptogains/internal/tui/flow/model.go:316.54,317.17 1 0
github.com/benizzio/ghostfolio-cryptogains/internal/tui/flow/model.go:317.17,319.3 1 0
github.com/benizzio/ghostfolio-cryptogains/internal/tui/flow/model.go:320.2,323.3 1 0
github.com/benizzio/ghostfolio-cryptogains/internal/tui/flow/model.go:328.56,333.2 1 0
github.com/benizzio/ghostfolio-cryptogains/internal/tui/flow/model.go:337.40,339.28 2 0
github.com/benizzio/ghostfolio-cryptogains/internal/tui/flow/model.go:339.28,341.3 1 0
github.com/benizzio/ghostfolio-cryptogains/internal/tui/flow/model.go:342.2,342.108 1 0
github.com/benizzio/ghostfolio-cryptogains/internal/tui/flow/model.go:348.43,353.2 1 0
github.com/benizzio/ghostfolio-cryptogains/internal/tui/flow/model.go:358.39,371.2 1 0
github.com/benizzio/ghostfolio-cryptogains/internal/tui/flow/model.go:376.41,381.2 1 0
github.com/benizzio/ghostfolio-cryptogains/internal/tui/flow/model.go:385.42,386.26 1 0
github.com/benizzio/ghostfolio-cryptogains/internal/tui/flow/model.go:386.26,389.3 2 0
github.com/benizzio/ghostfolio-cryptogains/internal/tui/flow/model.go:394.115,407.19 7 0
[...]
github.com/benizzio/ghostfolio-cryptogains/internal/tui/component/layout.go:136.43,137.38 1 13
github.com/benizzio/ghostfolio-cryptogains/internal/tui/component/layout.go:137.38,139.3 1 0
github.com/benizzio/ghostfolio-cryptogains/internal/tui/component/layout.go:141.2,141.40 1 13
github.com/benizzio/ghostfolio-cryptogains/internal/tui/component/theme.go:46.27,77.2 2 15
github.com/benizzio/ghostfolio-cryptogains/internal/tui/flow/model.go:121.41,132.38 4 15
github.com/benizzio/ghostfolio-cryptogains/internal/tui/flow/model.go:132.38,136.3 3 11
github.com/benizzio/ghostfolio-cryptogains/internal/tui/flow/model.go:136.8,138.3 1 4
github.com/benizzio/ghostfolio-cryptogains/internal/tui/flow/model.go:140.2,140.14 1 15
github.com/benizzio/ghostfolio-cryptogains/internal/tui/flow/model.go:151.32,153.2 1 1
github.com/benizzio/ghostfolio-cryptogains/internal/tui/flow/model.go:163.62,164.40 1 64
github.com/benizzio/ghostfolio-cryptogains/internal/tui/flow/model.go:165.25,168.16 3 1
github.com/benizzio/ghostfolio-cryptogains/internal/tui/flow/model.go:169.23,170.40 1 43
github.com/benizzio/ghostfolio-cryptogains/internal/tui/flow/model.go:170.40,174.4 3 1
github.com/benizzio/ghostfolio-cryptogains/internal/tui/flow/model.go:177.2,177.18 1 62
github.com/benizzio/ghostfolio-cryptogains/internal/tui/flow/model.go:178.22,179.32 1 24
github.com/benizzio/ghostfolio-cryptogains/internal/tui/flow/model.go:180.25,181.35 1 5
github.com/benizzio/ghostfolio-cryptogains/internal/tui/flow/model.go:182.31,183.41 1 26
github.com/benizzio/ghostfolio-cryptogains/internal/tui/flow/model.go:184.33,185.43 1 6
github.com/benizzio/ghostfolio-cryptogains/internal/tui/flow/model.go:186.10,187.16 1 1
github.com/benizzio/ghostfolio-cryptogains/internal/tui/flow/model.go:199.33,201.18 2 5
github.com/benizzio/ghostfolio-cryptogains/internal/tui/flow/model.go:202.22,217.4 1 1
github.com/benizzio/ghostfolio-cryptogains/internal/tui/flow/model.go:218.25,229.4 1 1
github.com/benizzio/ghostfolio-cryptogains/internal/tui/flow/model.go:230.31,245.4 1 1
github.com/benizzio/ghostfolio-cryptogains/internal/tui/flow/model.go:246.33,257.4 1 1
github.com/benizzio/ghostfolio-cryptogains/internal/tui/flow/model.go:258.10,259.16 1 1
github.com/benizzio/ghostfolio-cryptogains/internal/tui/flow/model.go:262.2,265.13 4 5
github.com/benizzio/ghostfolio-cryptogains/internal/tui/flow/model.go:276.39,278.2 1 1
github.com/benizzio/ghostfolio-cryptogains/internal/tui/flow/model.go:282.46,283.28 1 3
github.com/benizzio/ghostfolio-cryptogains/internal/tui/flow/model.go:283.28,285.3 1 1
github.com/benizzio/ghostfolio-cryptogains/internal/tui/flow/model.go:286.2,286.37 1 2
github.com/benizzio/ghostfolio-cryptogains/internal/tui/flow/model.go:291.74,292.64 1 2
github.com/benizzio/ghostfolio-cryptogains/internal/tui/flow/model.go:292.64,294.3 1 1
github.com/benizzio/ghostfolio-cryptogains/internal/tui/flow/model.go:295.2,295.11 1 1
github.com/benizzio/ghostfolio-cryptogains/internal/tui/flow/model.go:300.55,306.2 1 4
github.com/benizzio/ghostfolio-cryptogains/internal/tui/flow/model.go:310.54,312.2 1 2
github.com/benizzio/ghostfolio-cryptogains/internal/tui/flow/model.go:316.54,317.17 1 6
github.com/benizzio/ghostfolio-cryptogains/internal/tui/flow/model.go:317.17,319.3 1 1
github.com/benizzio/ghostfolio-cryptogains/internal/tui/flow/model.go:320.2,323.3 1 5
github.com/benizzio/ghostfolio-cryptogains/internal/tui/flow/model.go:328.56,333.2 1 3
github.com/benizzio/ghostfolio-cryptogains/internal/tui/flow/model.go:337.40,339.28 2 3
github.com/benizzio/ghostfolio-cryptogains/internal/tui/flow/model.go:339.28,341.3 1 1
github.com/benizzio/ghostfolio-cryptogains/internal/tui/flow/model.go:342.2,342.108 1 3
github.com/benizzio/ghostfolio-cryptogains/internal/tui/flow/model.go:348.43,353.2 1 2
github.com/benizzio/ghostfolio-cryptogains/internal/tui/flow/model.go:358.39,371.2 1 2
github.com/benizzio/ghostfolio-cryptogains/internal/tui/flow/model.go:376.41,381.2 1 2
github.com/benizzio/ghostfolio-cryptogains/internal/tui/flow/model.go:385.42,386.26 1 3
github.com/benizzio/ghostfolio-cryptogains/internal/tui/flow/model.go:386.26,389.3 2 1
github.com/benizzio/ghostfolio-cryptogains/internal/tui/flow/model.go:394.115,407.19 7 18
github.com/benizzio/ghostfolio-cryptogains/internal/tui/flow/model.go:407.19,410.62 3 2
github.com/benizzio/ghostfolio-cryptogains/internal/tui/flow/model.go:410.62,412.4 1 1
github.com/benizzio/ghostfolio-cryptogains/internal/tui/flow/model.go:415.2,415.14 1 18
github.com/benizzio/ghostfolio-cryptogains/internal/tui/flow/model.go:420.31,428.2 7 24
github.com/benizzio/ghostfolio-cryptogains/internal/tui/flow/model.go:432.100,437.2 4 3
github.com/benizzio/ghostfolio-cryptogains/internal/tui/flow/model.go:441.33,448.2 6 6
github.com/benizzio/ghostfolio-cryptogains/internal/tui/flow/model.go:452.47,456.2 3 3
github.com/benizzio/ghostfolio-cryptogains/internal/tui/flow/model.go:460.74,463.21 3 3
github.com/benizzio/ghostfolio-cryptogains/internal/tui/flow/model.go:463.21,465.3 1 2
github.com/benizzio/ghostfolio-cryptogains/internal/tui/flow/model.go:470.24,472.2 1 2
github.com/benizzio/ghostfolio-cryptogains/internal/tui/flow/model.go:476.72,477.24 1 2
github.com/benizzio/ghostfolio-cryptogains/internal/tui/flow/model.go:477.24,480.3 2 1
github.com/benizzio/ghostfolio-cryptogains/internal/tui/flow/model.go:485.111,486.24 1 1
github.com/benizzio/ghostfolio-cryptogains/internal/tui/flow/model.go:486.24,491.3 1 1
github.com/benizzio/ghostfolio-cryptogains/internal/tui/flow/model.go:496.29,498.2 1 2
github.com/benizzio/ghostfolio-cryptogains/internal/tui/flow/model.go:502.46,503.67 1 12
github.com/benizzio/ghostfolio-cryptogains/internal/tui/flow/model.go:503.67,505.3 1 6
github.com/benizzio/ghostfolio-cryptogains/internal/tui/flow/model.go:506.2,506.55 1 6
github.com/benizzio/ghostfolio-cryptogains/internal/tui/flow/model.go:511.37,514.2 2 9
github.com/benizzio/ghostfolio-cryptogains/internal/tui/flow/navigation.go:25.30,27.2 1 37
github.com/benizzio/ghostfolio-cryptogains/internal/tui/flow/navigation.go:31.32,33.2 1 32
github.com/benizzio/ghostfolio-cryptogains/internal/tui/flow/navigation.go:37.33,39.2 1 34
github.com/benizzio/ghostfolio-cryptogains/internal/tui/flow/navigation.go:43.33,45.2 1 28
github.com/benizzio/ghostfolio-cryptogains/internal/tui/flow/navigation.go:49.34,51.2 1 11
github.com/benizzio/ghostfolio-cryptogains/internal/tui/flow/navigation.go:55.37,57.2 1 5
github.com/benizzio/ghostfolio-cryptogains/internal/tui/flow/navigation.go:61.32,63.2 1 9
github.com/benizzio/ghostfolio-cryptogains/internal/tui/flow/navigation.go:67.70,69.9 2 5
github.com/benizzio/ghostfolio-cryptogains/internal/tui/flow/navigation.go:69.9,71.3 1 2
github.com/benizzio/ghostfolio-cryptogains/internal/tui/flow/navigation.go:73.2,73.9 1 3
github.com/benizzio/ghostfolio-cryptogains/internal/tui/flow/navigation.go:74.51,75.61 1 1
github.com/benizzio/ghostfolio-cryptogains/internal/tui/flow/navigation.go:76.47,77.36 1 1
github.com/benizzio/ghostfolio-cryptogains/internal/tui/flow/navigation.go:78.10,79.16 1 1
github.com/benizzio/ghostfolio-cryptogains/internal/tui/flow/navigation.go:85.78,87.9 2 6
github.com/benizzio/ghostfolio-cryptogains/internal/tui/flow/navigation.go:87.9,89.3 1 1
github.com/benizzio/ghostfolio-cryptogains/internal/tui/flow/navigation.go:91.2,91.9 1 5
github.com/benizzio/ghostfolio-cryptogains/internal/tui/flow/navigation.go:92.44,93.29 1 2
github.com/benizzio/ghostfolio-cryptogains/internal/tui/flow/navigation.go:93.29,95.4 1 1
github.com/benizzio/ghostfolio-cryptogains/internal/tui/flow/navigation.go:96.46,97.54 1 1
github.com/benizzio/ghostfolio-cryptogains/internal/tui/flow/navigation.go:97.54,99.4 1 1
github.com/benizzio/ghostfolio-cryptogains/internal/tui/flow/navigation.go:100.47,101.30 1 2
github.com/benizzio/ghostfolio-cryptogains/internal/tui/flow/navigation.go:101.30,103.4 1 1
github.com/benizzio/ghostfolio-cryptogains/internal/tui/flow/navigation.go:104.3,104.20 1 1
github.com/benizzio/ghostfolio-cryptogains/internal/tui/flow/navigation.go:107.2,107.15 1 4
github.com/benizzio/ghostfolio-cryptogains/internal/tui/flow/setup_flow.go:18.67,19.40 1 24
github.com/benizzio/ghostfolio-cryptogains/internal/tui/flow/setup_flow.go:20.21,21.42 1 3
github.com/benizzio/ghostfolio-cryptogains/internal/tui/flow/setup_flow.go:22.56,23.37 1 3
github.com/benizzio/ghostfolio-cryptogains/internal/tui/flow/setup_flow.go:24.23,25.45 1 17
github.com/benizzio/ghostfolio-cryptogains/internal/tui/flow/setup_flow.go:26.10,27.16 1 1
github.com/benizzio/ghostfolio-cryptogains/internal/tui/flow/setup_flow.go:33.78,34.24 1 3
github.com/benizzio/ghostfolio-cryptogains/internal/tui/flow/setup_flow.go:34.24,37.3 2 1
github.com/benizzio/ghostfolio-cryptogains/internal/tui/flow/setup_flow.go:39.2,42.15 4 2
github.com/benizzio/ghostfolio-cryptogains/internal/tui/flow/setup_flow.go:47.72,48.27 1 3
github.com/benizzio/ghostfolio-cryptogains/internal/tui/flow/setup_flow.go:48.27,50.3 1 2
github.com/benizzio/ghostfolio-cryptogains/internal/tui/flow/setup_flow.go:52.2,52.42 1 1
github.com/benizzio/ghostfolio-cryptogains/internal/tui/flow/setup_flow.go:58.83,59.70 1 17
github.com/benizzio/ghostfolio-cryptogains/internal/tui/flow/setup_flow.go:59.70,61.3 1 4
github.com/benizzio/ghostfolio-cryptogains/internal/tui/flow/setup_flow.go:63.2,63.38 1 13
github.com/benizzio/ghostfolio-cryptogains/internal/tui/flow/setup_flow.go:68.91,69.27 1 17
github.com/benizzio/ghostfolio-cryptogains/internal/tui/flow/setup_flow.go:69.27,71.3 1 13
github.com/benizzio/ghostfolio-cryptogains/internal/tui/flow/setup_flow.go:73.2,73.9 1 4
github.com/benizzio/ghostfolio-cryptogains/internal/tui/flow/setup_flow.go:74.44,75.41 1 1
github.com/benizzio/ghostfolio-cryptogains/internal/tui/flow/setup_flow.go:76.83,77.28 1 2
github.com/benizzio/ghostfolio-cryptogains/internal/tui/flow/setup_flow.go:78.10,80.26 2 1
github.com/benizzio/ghostfolio-cryptogains/internal/tui/flow/setup_flow.go:86.82,87.9 1 13
github.com/benizzio/ghostfolio-cryptogains/internal/tui/flow/setup_flow.go:88.41,89.28 1 1
github.com/benizzio/ghostfolio-cryptogains/internal/tui/flow/setup_flow.go:89.28,91.4 1 1
github.com/benizzio/ghostfolio-cryptogains/internal/tui/flow/setup_flow.go:92.3,92.16 1 1
github.com/benizzio/ghostfolio-cryptogains/internal/tui/flow/setup_flow.go:93.43,94.52 1 2
github.com/benizzio/ghostfolio-cryptogains/internal/tui/flow/setup_flow.go:94.52,96.4 1 2
github.com/benizzio/ghostfolio-cryptogains/internal/tui/flow/setup_flow.go:97.3,97.16 1 2
github.com/benizzio/ghostfolio-cryptogains/internal/tui/flow/setup_flow.go:98.44,99.43 1 2
github.com/benizzio/ghostfolio-cryptogains/internal/tui/flow/setup_flow.go:100.45,101.29 1 1
github.com/benizzio/ghostfolio-cryptogains/internal/tui/flow/setup_flow.go:101.29,103.4 1 1
github.com/benizzio/ghostfolio-cryptogains/internal/tui/flow/setup_flow.go:104.3,104.16 1 1
github.com/benizzio/ghostfolio-cryptogains/internal/tui/flow/setup_flow.go:105.44,106.36 1 6
github.com/benizzio/ghostfolio-cryptogains/internal/tui/flow/setup_flow.go:107.10,108.16 1 1
github.com/benizzio/ghostfolio-cryptogains/internal/tui/flow/setup_flow.go:115.78,120.2 4 2
github.com/benizzio/ghostfolio-cryptogains/internal/tui/flow/setup_flow.go:125.74,129.2 3 1
github.com/benizzio/ghostfolio-cryptogains/internal/tui/flow/setup_flow.go:134.61,137.2 2 2
github.com/benizzio/ghostfolio-cryptogains/internal/tui/flow/setup_flow.go:141.40,144.2 2 4
github.com/benizzio/ghostfolio-cryptogains/internal/tui/flow/setup_flow.go:149.70,150.115 1 3
github.com/benizzio/ghostfolio-cryptogains/internal/tui/flow/setup_flow.go:150.115,152.3 1 1
github.com/benizzio/ghostfolio-cryptogains/internal/tui/flow/setup_flow.go:154.2,157.39 4 2
github.com/benizzio/ghostfolio-cryptogains/internal/tui/flow/setup_flow.go:162.63,163.27 1 6
github.com/benizzio/ghostfolio-cryptogains/internal/tui/flow/setup_flow.go:164.37,165.35 1 1
github.com/benizzio/ghostfolio-cryptogains/internal/tui/flow/setup_flow.go:166.34,168.43 2 1
github.com/benizzio/ghostfolio-cryptogains/internal/tui/flow/setup_flow.go:169.30,170.32 1 3
github.com/benizzio/ghostfolio-cryptogains/internal/tui/flow/setup_flow.go:171.10,172.16 1 1
github.com/benizzio/ghostfolio-cryptogains/internal/tui/flow/setup_flow.go:178.62,184.2 5 1
github.com/benizzio/ghostfolio-cryptogains/internal/tui/flow/setup_flow.go:188.59,189.23 1 3
github.com/benizzio/ghostfolio-cryptogains/internal/tui/flow/setup_flow.go:189.23,192.3 2 1
github.com/benizzio/ghostfolio-cryptogains/internal/tui/flow/setup_flow.go:194.2,199.4 2 2
github.com/benizzio/ghostfolio-cryptogains/internal/tui/flow/sync_flow.go:23.76,24.40 1 26
github.com/benizzio/ghostfolio-cryptogains/internal/tui/flow/sync_flow.go:25.29,26.50 1 2
github.com/benizzio/ghostfolio-cryptogains/internal/tui/flow/sync_flow.go:27.56,28.36 1 4
github.com/benizzio/ghostfolio-cryptogains/internal/tui/flow/sync_flow.go:29.23,30.47 1 2
github.com/benizzio/ghostfolio-cryptogains/internal/tui/flow/sync_flow.go:31.23,32.44 1 17
github.com/benizzio/ghostfolio-cryptogains/internal/tui/flow/sync_flow.go:33.10,34.16 1 1
github.com/benizzio/ghostfolio-cryptogains/internal/tui/flow/sync_flow.go:40.94,41.41 1 2
github.com/benizzio/ghostfolio-cryptogains/internal/tui/flow/sync_flow.go:41.41,43.3 1 1
github.com/benizzio/ghostfolio-cryptogains/internal/tui/flow/sync_flow.go:45.2,51.15 7 1
github.com/benizzio/ghostfolio-cryptogains/internal/tui/flow/sync_flow.go:57.71,58.41 1 4
github.com/benizzio/ghostfolio-cryptogains/internal/tui/flow/sync_flow.go:58.41,60.3 1 3
github.com/benizzio/ghostfolio-cryptogains/internal/tui/flow/sync_flow.go:62.2,62.40 1 1
github.com/benizzio/ghostfolio-cryptogains/internal/tui/flow/sync_flow.go:68.85,69.18 1 2
github.com/benizzio/ghostfolio-cryptogains/internal/tui/flow/sync_flow.go:69.18,71.3 1 1
github.com/benizzio/ghostfolio-cryptogains/internal/tui/flow/sync_flow.go:73.2,75.15 3 1
github.com/benizzio/ghostfolio-cryptogains/internal/tui/flow/sync_flow.go:81.82,82.17 1 17
github.com/benizzio/ghostfolio-cryptogains/internal/tui/flow/sync_flow.go:82.17,84.3 1 1
github.com/benizzio/ghostfolio-cryptogains/internal/tui/flow/sync_flow.go:86.2,86.69 1 16
github.com/benizzio/ghostfolio-cryptogains/internal/tui/flow/sync_flow.go:86.69,88.3 1 4
github.com/benizzio/ghostfolio-cryptogains/internal/tui/flow/sync_flow.go:90.2,90.37 1 12
github.com/benizzio/ghostfolio-cryptogains/internal/tui/flow/sync_flow.go:95.90,96.26 1 16
github.com/benizzio/ghostfolio-cryptogains/internal/tui/flow/sync_flow.go:96.26,98.3 1 12
github.com/benizzio/ghostfolio-cryptogains/internal/tui/flow/sync_flow.go:100.2,100.9 1 4
github.com/benizzio/ghostfolio-cryptogains/internal/tui/flow/sync_flow.go:101.44,102.46 1 1
github.com/benizzio/ghostfolio-cryptogains/internal/tui/flow/sync_flow.go:103.83,104.27 1 2
github.com/benizzio/ghostfolio-cryptogains/internal/tui/flow/sync_flow.go:105.10,107.26 2 1
github.com/benizzio/ghostfolio-cryptogains/internal/tui/flow/sync_flow.go:113.81,114.9 1 12
github.com/benizzio/ghostfolio-cryptogains/internal/tui/flow/sync_flow.go:115.41,116.27 1 2
github.com/benizzio/ghostfolio-cryptogains/internal/tui/flow/sync_flow.go:116.27,118.4 1 1
github.com/benizzio/ghostfolio-cryptogains/internal/tui/flow/sync_flow.go:119.3,119.16 1 2
github.com/benizzio/ghostfolio-cryptogains/internal/tui/flow/sync_flow.go:120.43,121.50 1 3
github.com/benizzio/ghostfolio-cryptogains/internal/tui/flow/sync_flow.go:121.50,123.4 1 2
github.com/benizzio/ghostfolio-cryptogains/internal/tui/flow/sync_flow.go:124.3,124.16 1 3
github.com/benizzio/ghostfolio-cryptogains/internal/tui/flow/sync_flow.go:125.44,126.33 1 1
github.com/benizzio/ghostfolio-cryptogains/internal/tui/flow/sync_flow.go:127.44,128.35 1 5
github.com/benizzio/ghostfolio-cryptogains/internal/tui/flow/sync_flow.go:129.10,130.16 1 1
github.com/benizzio/ghostfolio-cryptogains/internal/tui/flow/sync_flow.go:137.76,142.2 4 2
github.com/benizzio/ghostfolio-cryptogains/internal/tui/flow/sync_flow.go:147.79,151.2 3 1
github.com/benizzio/ghostfolio-cryptogains/internal/tui/flow/sync_flow.go:156.60,159.2 2 2
github.com/benizzio/ghostfolio-cryptogains/internal/tui/flow/sync_flow.go:163.38,166.2 2 3
github.com/benizzio/ghostfolio-cryptogains/internal/tui/flow/sync_flow.go:170.60,173.2 2 1
github.com/benizzio/ghostfolio-cryptogains/internal/tui/flow/sync_flow.go:177.62,178.26 1 5
github.com/benizzio/ghostfolio-cryptogains/internal/tui/flow/sync_flow.go:179.9,180.33 1 3
github.com/benizzio/ghostfolio-cryptogains/internal/tui/flow/sync_flow.go:181.9,182.33 1 1
github.com/benizzio/ghostfolio-cryptogains/internal/tui/flow/sync_flow.go:183.10,184.16 1 1
github.com/benizzio/ghostfolio-cryptogains/internal/tui/flow/sync_flow.go:191.60,192.28 1 3
github.com/benizzio/ghostfolio-cryptogains/internal/tui/flow/sync_flow.go:192.28,194.3 1 1
github.com/benizzio/ghostfolio-cryptogains/internal/tui/flow/sync_flow.go:196.2,197.17 2 2
github.com/benizzio/ghostfolio-cryptogains/internal/tui/flow/sync_flow.go:197.17,200.3 2 1
github.com/benizzio/ghostfolio-cryptogains/internal/tui/flow/sync_flow.go:202.2,210.154 8 1
github.com/benizzio/ghostfolio-cryptogains/internal/tui/flow/sync_flow.go:216.60,220.2 3 1
github.com/benizzio/ghostfolio-cryptogains/internal/tui/screen/main_menu_screen.go:43.61,60.2 2 1
github.com/benizzio/ghostfolio-cryptogains/internal/tui/screen/setup_screen.go:47.55,53.28 2 1
github.com/benizzio/ghostfolio-cryptogains/internal/tui/screen/setup_screen.go:53.28,59.3 1 0
github.com/benizzio/ghostfolio-cryptogains/internal/tui/screen/setup_screen.go:60.2,60.38 1 1
github.com/benizzio/ghostfolio-cryptogains/internal/tui/screen/setup_screen.go:60.38,62.3 1 0
github.com/benizzio/ghostfolio-cryptogains/internal/tui/screen/setup_screen.go:64.2,65.36 2 1
github.com/benizzio/ghostfolio-cryptogains/internal/tui/screen/setup_screen.go:65.36,67.3 1 0
github.com/benizzio/ghostfolio-cryptogains/internal/tui/screen/setup_screen.go:68.2,68.21 1 1
github.com/benizzio/ghostfolio-cryptogains/internal/tui/screen/setup_screen.go:68.21,70.3 1 0
github.com/benizzio/ghostfolio-cryptogains/internal/tui/screen/setup_screen.go:72.2,81.3 1 1
github.com/benizzio/ghostfolio-cryptogains/internal/tui/screen/sync_validation_screen.go:50.73,57.17 2 1
github.com/benizzio/ghostfolio-cryptogains/internal/tui/screen/sync_validation_screen.go:57.17,59.3 1 0
github.com/benizzio/ghostfolio-cryptogains/internal/tui/screen/sync_validation_screen.go:59.8,61.3 1 1
github.com/benizzio/ghostfolio-cryptogains/internal/tui/screen/sync_validation_screen.go:63.2,64.36 2 1
github.com/benizzio/ghostfolio-cryptogains/internal/tui/screen/sync_validation_screen.go:64.36,66.3 1 0
github.com/benizzio/ghostfolio-cryptogains/internal/tui/screen/sync_validation_screen.go:68.2,77.3 1 1
github.com/benizzio/ghostfolio-cryptogains/internal/tui/screen/validation_result_screen.go:46.77,48.29 2 1
github.com/benizzio/ghostfolio-cryptogains/internal/tui/screen/validation_result_screen.go:48.29,55.3 1 1
github.com/benizzio/ghostfolio-cryptogains/internal/tui/screen/validation_result_screen.go:57.2,74.3 2 1
github.com/benizzio/ghostfolio-cryptogains/internal/tui/screen/validation_result_screen.go:80.70,81.21 1 1
github.com/benizzio/ghostfolio-cryptogains/internal/tui/screen/validation_result_screen.go:81.21,83.3 1 0
github.com/benizzio/ghostfolio-cryptogains/internal/tui/screen/validation_result_screen.go:84.2,84.52 1 1
github.com/benizzio/ghostfolio-cryptogains/internal/tui/screen/validation_result_screen.go:90.71,91.21 1 1
github.com/benizzio/ghostfolio-cryptogains/internal/tui/screen/validation_result_screen.go:91.21,93.3 1 0
github.com/benizzio/ghostfolio-cryptogains/internal/tui/screen/validation_result_screen.go:95.2,95.31 1 1
github.com/benizzio/ghostfolio-cryptogains/internal/tui/screen/validation_result_screen.go:96.59,97.104 1 0
github.com/benizzio/ghostfolio-cryptogains/internal/tui/screen/validation_result_screen.go:98.10,99.93 1 1
