mode: atomic
github.com/benizzio/ghostfolio-cryptogains/cmd/ghostfolio-cryptogains/main.go:23.84,25.2 1 0
github.com/benizzio/ghostfolio-cryptogains/cmd/ghostfolio-cryptogains/main.go:33.13,34.30 1 0
github.com/benizzio/ghostfolio-cryptogains/cmd/ghostfolio-cryptogains/main.go:34.30,37.3 2 0
github.com/benizzio/ghostfolio-cryptogains/cmd/ghostfolio-cryptogains/main.go:41.18,43.16 2 0
github.com/benizzio/ghostfolio-cryptogains/cmd/ghostfolio-cryptogains/main.go:43.16,45.3 1 0
github.com/benizzio/ghostfolio-cryptogains/cmd/ghostfolio-cryptogains/main.go:47.2,49.16 3 0
github.com/benizzio/ghostfolio-cryptogains/cmd/ghostfolio-cryptogains/main.go:49.16,51.3 1 0
github.com/benizzio/ghostfolio-cryptogains/cmd/ghostfolio-cryptogains/main.go:53.2,55.16 3 0
github.com/benizzio/ghostfolio-cryptogains/cmd/ghostfolio-cryptogains/main.go:55.16,57.3 1 0
github.com/benizzio/ghostfolio-cryptogains/cmd/ghostfolio-cryptogains/main.go:59.2,70.12 3 0
github.com/benizzio/ghostfolio-cryptogains/internal/app/bootstrap/options.go:46.31,52.2 1 0
github.com/benizzio/ghostfolio-cryptogains/internal/app/bootstrap/options.go:66.51,77.42 9 0
github.com/benizzio/ghostfolio-cryptogains/internal/app/bootstrap/options.go:77.42,79.3 1 0
github.com/benizzio/ghostfolio-cryptogains/internal/app/bootstrap/options.go:81.2,82.16 2 0
github.com/benizzio/ghostfolio-cryptogains/internal/app/bootstrap/options.go:82.16,84.3 1 0
github.com/benizzio/ghostfolio-cryptogains/internal/app/bootstrap/options.go:85.2,85.24 1 0
github.com/benizzio/ghostfolio-cryptogains/internal/app/bootstrap/options.go:85.24,87.3 1 0
github.com/benizzio/ghostfolio-cryptogains/internal/app/bootstrap/options.go:89.2,90.18 2 0
github.com/benizzio/ghostfolio-cryptogains/internal/app/bootstrap/startup.go:47.119,49.16 2 0
github.com/benizzio/ghostfolio-cryptogains/internal/app/bootstrap/startup.go:49.16,50.46 1 0
github.com/benizzio/ghostfolio-cryptogains/internal/app/bootstrap/startup.go:50.46,52.4 1 0
github.com/benizzio/ghostfolio-cryptogains/internal/app/bootstrap/startup.go:53.3,53.69 1 0
github.com/benizzio/ghostfolio-cryptogains/internal/app/bootstrap/startup.go:56.2,56.66 1 0
github.com/benizzio/ghostfolio-cryptogains/internal/app/bootstrap/startup.go:56.66,58.3 1 0
github.com/benizzio/ghostfolio-cryptogains/internal/app/bootstrap/startup.go:60.2,60.49 1 0
github.com/benizzio/ghostfolio-cryptogains/internal/app/runtime/runtime.go:43.51,45.25 2 0
github.com/benizzio/ghostfolio-cryptogains/internal/app/runtime/runtime.go:45.25,47.17 2 0
github.com/benizzio/ghostfolio-cryptogains/internal/app/runtime/runtime.go:47.17,49.4 1 0
github.com/benizzio/ghostfolio-cryptogains/internal/app/runtime/runtime.go:50.3,50.32 1 0
github.com/benizzio/ghostfolio-cryptogains/internal/app/runtime/runtime.go:53.2,60.8 3 0
github.com/benizzio/ghostfolio-cryptogains/internal/app/runtime/sync_service.go:124.96,126.2 1 0
github.com/benizzio/ghostfolio-cryptogains/internal/app/runtime/sync_service.go:136.128,153.16 7 0
github.com/benizzio/ghostfolio-cryptogains/internal/app/runtime/sync_service.go:153.16,155.3 1 0
github.com/benizzio/ghostfolio-cryptogains/internal/app/runtime/sync_service.go:156.2,156.69 1 0
github.com/benizzio/ghostfolio-cryptogains/internal/app/runtime/sync_service.go:156.69,158.3 1 0
github.com/benizzio/ghostfolio-cryptogains/internal/app/runtime/sync_service.go:160.2,165.21 5 0
github.com/benizzio/ghostfolio-cryptogains/internal/app/runtime/sync_service.go:165.21,167.3 1 0
github.com/benizzio/ghostfolio-cryptogains/internal/app/runtime/sync_service.go:169.2,170.81 2 0
github.com/benizzio/ghostfolio-cryptogains/internal/app/runtime/sync_service.go:170.81,172.3 1 0
github.com/benizzio/ghostfolio-cryptogains/internal/app/runtime/sync_service.go:174.2,184.3 4 0
github.com/benizzio/ghostfolio-cryptogains/internal/app/runtime/sync_service.go:189.111,195.37 5 0
github.com/benizzio/ghostfolio-cryptogains/internal/app/runtime/sync_service.go:195.37,197.3 1 0
github.com/benizzio/ghostfolio-cryptogains/internal/app/runtime/sync_service.go:198.2,208.3 3 0
github.com/benizzio/ghostfolio-cryptogains/internal/app/runtime/sync_service.go:213.121,228.2 6 0
github.com/benizzio/ghostfolio-cryptogains/internal/app/runtime/sync_service.go:232.54,235.2 2 0
github.com/benizzio/ghostfolio-cryptogains/internal/config/model/app_setup_config.go:74.113,76.16 2 3
github.com/benizzio/ghostfolio-cryptogains/internal/config/model/app_setup_config.go:76.16,78.3 1 1
github.com/benizzio/ghostfolio-cryptogains/internal/config/model/app_setup_config.go:80.2,80.85 1 2
github.com/benizzio/ghostfolio-cryptogains/internal/config/model/app_setup_config.go:80.85,82.3 1 1
github.com/benizzio/ghostfolio-cryptogains/internal/config/model/app_setup_config.go:84.2,91.8 1 1
github.com/benizzio/ghostfolio-cryptogains/internal/config/model/app_setup_config.go:105.71,106.26 1 8
github.com/benizzio/ghostfolio-cryptogains/internal/config/model/app_setup_config.go:106.26,108.3 1 1
github.com/benizzio/ghostfolio-cryptogains/internal/config/model/app_setup_config.go:109.2,109.22 1 7
github.com/benizzio/ghostfolio-cryptogains/internal/config/model/app_setup_config.go:109.22,111.3 1 1
github.com/benizzio/ghostfolio-cryptogains/internal/config/model/app_setup_config.go:112.2,112.89 1 6
github.com/benizzio/ghostfolio-cryptogains/internal/config/model/app_setup_config.go:112.89,114.3 1 1
github.com/benizzio/ghostfolio-cryptogains/internal/config/model/app_setup_config.go:115.2,115.26 1 5
github.com/benizzio/ghostfolio-cryptogains/internal/config/model/app_setup_config.go:115.26,117.3 1 1
github.com/benizzio/ghostfolio-cryptogains/internal/config/model/app_setup_config.go:119.2,120.16 2 4
github.com/benizzio/ghostfolio-cryptogains/internal/config/model/app_setup_config.go:120.16,122.3 1 1
github.com/benizzio/ghostfolio-cryptogains/internal/config/model/app_setup_config.go:123.2,123.40 1 3
github.com/benizzio/ghostfolio-cryptogains/internal/config/model/app_setup_config.go:123.40,125.3 1 1
github.com/benizzio/ghostfolio-cryptogains/internal/config/model/app_setup_config.go:126.2,126.68 1 2
github.com/benizzio/ghostfolio-cryptogains/internal/config/model/app_setup_config.go:126.68,128.3 1 1
github.com/benizzio/ghostfolio-cryptogains/internal/config/model/app_setup_config.go:130.2,130.12 1 1
github.com/benizzio/ghostfolio-cryptogains/internal/config/model/app_setup_config.go:144.75,146.19 2 17
github.com/benizzio/ghostfolio-cryptogains/internal/config/model/app_setup_config.go:146.19,148.3 1 2
github.com/benizzio/ghostfolio-cryptogains/internal/config/model/app_setup_config.go:150.2,151.16 2 15
github.com/benizzio/ghostfolio-cryptogains/internal/config/model/app_setup_config.go:151.16,153.3 1 1
github.com/benizzio/ghostfolio-cryptogains/internal/config/model/app_setup_config.go:154.2,154.87 1 14
github.com/benizzio/ghostfolio-cryptogains/internal/config/model/app_setup_config.go:154.87,156.3 1 3
github.com/benizzio/ghostfolio-cryptogains/internal/config/model/app_setup_config.go:157.2,157.57 1 11
github.com/benizzio/ghostfolio-cryptogains/internal/config/model/app_setup_config.go:157.57,159.3 1 1
github.com/benizzio/ghostfolio-cryptogains/internal/config/model/app_setup_config.go:160.2,160.92 1 10
github.com/benizzio/ghostfolio-cryptogains/internal/config/model/app_setup_config.go:160.92,162.3 1 3
github.com/benizzio/ghostfolio-cryptogains/internal/config/model/app_setup_config.go:164.2,165.62 2 7
github.com/benizzio/ghostfolio-cryptogains/internal/config/model/app_setup_config.go:165.62,167.3 1 1
github.com/benizzio/ghostfolio-cryptogains/internal/config/model/app_setup_config.go:169.2,170.20 2 6
github.com/benizzio/ghostfolio-cryptogains/internal/config/model/app_setup_config.go:170.20,172.3 1 1
github.com/benizzio/ghostfolio-cryptogains/internal/config/model/app_setup_config.go:174.2,175.45 2 5
github.com/benizzio/ghostfolio-cryptogains/internal/config/model/app_setup_config.go:175.45,177.3 1 2
github.com/benizzio/ghostfolio-cryptogains/internal/config/model/app_setup_config.go:179.2,179.61 1 5
github.com/benizzio/ghostfolio-cryptogains/internal/config/store/json_store.go:36.78,38.2 1 0
github.com/benizzio/ghostfolio-cryptogains/internal/config/store/json_store.go:70.52,74.2 1 0
github.com/benizzio/ghostfolio-cryptogains/internal/config/store/json_store.go:84.35,86.2 1 0
github.com/benizzio/ghostfolio-cryptogains/internal/config/store/json_store.go:99.81,101.16 2 0
github.com/benizzio/ghostfolio-cryptogains/internal/config/store/json_store.go:101.16,102.37 1 0
github.com/benizzio/ghostfolio-cryptogains/internal/config/store/json_store.go:102.37,104.4 1 0
github.com/benizzio/ghostfolio-cryptogains/internal/config/store/json_store.go:105.3,105.78 1 0
github.com/benizzio/ghostfolio-cryptogains/internal/config/store/json_store.go:108.2,109.53 2 0
github.com/benizzio/ghostfolio-cryptogains/internal/config/store/json_store.go:109.53,111.3 1 0
github.com/benizzio/ghostfolio-cryptogains/internal/config/store/json_store.go:113.2,113.20 1 0
github.com/benizzio/ghostfolio-cryptogains/internal/config/store/json_store.go:127.86,128.50 1 0
github.com/benizzio/ghostfolio-cryptogains/internal/config/store/json_store.go:128.50,130.3 1 0
github.com/benizzio/ghostfolio-cryptogains/internal/config/store/json_store.go:132.2,133.16 2 0
github.com/benizzio/ghostfolio-cryptogains/internal/config/store/json_store.go:133.16,135.3 1 0
github.com/benizzio/ghostfolio-cryptogains/internal/config/store/json_store.go:137.2,140.16 4 0
github.com/benizzio/ghostfolio-cryptogains/internal/config/store/json_store.go:140.16,142.3 1 0
github.com/benizzio/ghostfolio-cryptogains/internal/config/store/json_store.go:143.2,145.82 2 0
github.com/benizzio/ghostfolio-cryptogains/internal/config/store/json_store.go:145.82,148.3 2 0
github.com/benizzio/ghostfolio-cryptogains/internal/config/store/json_store.go:149.2,149.51 1 0
github.com/benizzio/ghostfolio-cryptogains/internal/config/store/json_store.go:149.51,152.3 2 0
github.com/benizzio/ghostfolio-cryptogains/internal/config/store/json_store.go:153.2,153.40 1 0
github.com/benizzio/ghostfolio-cryptogains/internal/config/store/json_store.go:153.40,156.3 2 0
github.com/benizzio/ghostfolio-cryptogains/internal/config/store/json_store.go:157.2,157.41 1 0
github.com/benizzio/ghostfolio-cryptogains/internal/config/store/json_store.go:157.41,159.3 1 0
github.com/benizzio/ghostfolio-cryptogains/internal/config/store/json_store.go:161.2,161.60 1 0
github.com/benizzio/ghostfolio-cryptogains/internal/config/store/json_store.go:161.60,163.3 1 0
github.com/benizzio/ghostfolio-cryptogains/internal/config/store/json_store.go:164.2,164.85 1 0
github.com/benizzio/ghostfolio-cryptogains/internal/config/store/json_store.go:164.85,166.3 1 0
github.com/benizzio/ghostfolio-cryptogains/internal/config/store/json_store.go:168.2,168.12 1 0
github.com/benizzio/ghostfolio-cryptogains/internal/config/store/json_store.go:181.53,182.77 1 0
github.com/benizzio/ghostfolio-cryptogains/internal/config/store/json_store.go:182.77,184.3 1 0
github.com/benizzio/ghostfolio-cryptogains/internal/config/store/json_store.go:185.2,185.12 1 0
github.com/benizzio/ghostfolio-cryptogains/internal/config/store/json_store.go:189.51,191.63 2 0
github.com/benizzio/ghostfolio-cryptogains/internal/config/store/json_store.go:191.63,193.3 1 0
github.com/benizzio/ghostfolio-cryptogains/internal/config/store/json_store.go:194.2,194.92 1 0
github.com/benizzio/ghostfolio-cryptogains/internal/config/store/json_store.go:194.92,196.3 1 0
github.com/benizzio/ghostfolio-cryptogains/internal/config/store/json_store.go:197.2,197.12 1 0
github.com/benizzio/ghostfolio-cryptogains/internal/config/store/json_store.go:201.35,203.2 1 0
github.com/benizzio/ghostfolio-cryptogains/internal/config/store/json_store.go:207.35,209.2 1 0
github.com/benizzio/ghostfolio-cryptogains/internal/ghostfolio/client/client.go:74.41,75.21 1 0
github.com/benizzio/ghostfolio-cryptogains/internal/ghostfolio/client/client.go:75.21,77.3 1 0
github.com/benizzio/ghostfolio-cryptogains/internal/ghostfolio/client/client.go:78.2,78.27 1 0
github.com/benizzio/ghostfolio-cryptogains/internal/ghostfolio/client/client.go:89.41,91.2 1 0
github.com/benizzio/ghostfolio-cryptogains/internal/ghostfolio/client/client.go:114.43,115.23 1 0
github.com/benizzio/ghostfolio-cryptogains/internal/ghostfolio/client/client.go:115.23,117.3 1 0
github.com/benizzio/ghostfolio-cryptogains/internal/ghostfolio/client/client.go:118.2,118.40 1 0
github.com/benizzio/ghostfolio-cryptogains/internal/ghostfolio/client/client.go:132.113,139.16 6 0
github.com/benizzio/ghostfolio-cryptogains/internal/ghostfolio/client/client.go:139.16,141.3 1 0
github.com/benizzio/ghostfolio-cryptogains/internal/ghostfolio/client/client.go:142.2,146.16 4 0
github.com/benizzio/ghostfolio-cryptogains/internal/ghostfolio/client/client.go:146.16,148.3 1 0
github.com/benizzio/ghostfolio-cryptogains/internal/ghostfolio/client/client.go:149.2,151.49 2 0
github.com/benizzio/ghostfolio-cryptogains/internal/ghostfolio/client/client.go:151.49,153.3 1 0
github.com/benizzio/ghostfolio-cryptogains/internal/ghostfolio/client/client.go:154.2,154.94 1 0
github.com/benizzio/ghostfolio-cryptogains/internal/ghostfolio/client/client.go:154.94,156.3 1 0
github.com/benizzio/ghostfolio-cryptogains/internal/ghostfolio/client/client.go:157.2,157.84 1 0
github.com/benizzio/ghostfolio-cryptogains/internal/ghostfolio/client/client.go:157.84,159.3 1 0
github.com/benizzio/ghostfolio-cryptogains/internal/ghostfolio/client/client.go:161.2,162.72 2 0
github.com/benizzio/ghostfolio-cryptogains/internal/ghostfolio/client/client.go:162.72,164.3 1 0
github.com/benizzio/ghostfolio-cryptogains/internal/ghostfolio/client/client.go:166.2,166.21 1 0
github.com/benizzio/ghostfolio-cryptogains/internal/ghostfolio/client/client.go:181.130,186.16 5 0
github.com/benizzio/ghostfolio-cryptogains/internal/ghostfolio/client/client.go:186.16,188.3 1 0
github.com/benizzio/ghostfolio-cryptogains/internal/ghostfolio/client/client.go:189.2,193.16 4 0
github.com/benizzio/ghostfolio-cryptogains/internal/ghostfolio/client/client.go:193.16,195.3 1 0
github.com/benizzio/ghostfolio-cryptogains/internal/ghostfolio/client/client.go:196.2,198.29 2 0
github.com/benizzio/ghostfolio-cryptogains/internal/ghostfolio/client/client.go:199.29,200.176 1 0
github.com/benizzio/ghostfolio-cryptogains/internal/ghostfolio/client/client.go:201.53,202.183 1 0
github.com/benizzio/ghostfolio-cryptogains/internal/ghostfolio/client/client.go:204.2,204.94 1 0
github.com/benizzio/ghostfolio-cryptogains/internal/ghostfolio/client/client.go:204.94,206.3 1 0
github.com/benizzio/ghostfolio-cryptogains/internal/ghostfolio/client/client.go:207.2,207.84 1 0
github.com/benizzio/ghostfolio-cryptogains/internal/ghostfolio/client/client.go:207.84,209.3 1 0
github.com/benizzio/ghostfolio-cryptogains/internal/ghostfolio/client/client.go:211.2,212.72 2 0
github.com/benizzio/ghostfolio-cryptogains/internal/ghostfolio/client/client.go:212.72,214.3 1 0
github.com/benizzio/ghostfolio-cryptogains/internal/ghostfolio/client/client.go:216.2,216.21 1 0
github.com/benizzio/ghostfolio-cryptogains/internal/ghostfolio/client/client.go:221.48,222.46 1 0
github.com/benizzio/ghostfolio-cryptogains/internal/ghostfolio/client/client.go:222.46,224.3 1 0
github.com/benizzio/ghostfolio-cryptogains/internal/ghostfolio/client/client.go:226.2,227.49 2 0
github.com/benizzio/ghostfolio-cryptogains/internal/ghostfolio/client/client.go:227.49,229.3 1 0
github.com/benizzio/ghostfolio-cryptogains/internal/ghostfolio/client/client.go:231.2,231.131 1 0
github.com/benizzio/ghostfolio-cryptogains/internal/ghostfolio/client/client.go:236.55,238.16 2 0
github.com/benizzio/ghostfolio-cryptogains/internal/ghostfolio/client/client.go:238.16,240.3 1 0
github.com/benizzio/ghostfolio-cryptogains/internal/ghostfolio/client/client.go:241.2,241.78 1 0
github.com/benizzio/ghostfolio-cryptogains/internal/ghostfolio/client/client.go:241.78,243.3 1 0
github.com/benizzio/ghostfolio-cryptogains/internal/ghostfolio/client/client.go:244.2,244.64 1 0
github.com/benizzio/ghostfolio-cryptogains/internal/ghostfolio/client/client.go:249.41,251.2 1 0
github.com/benizzio/ghostfolio-cryptogains/internal/ghostfolio/validator/response_validator.go:25.60,26.49 1 0
github.com/benizzio/ghostfolio-cryptogains/internal/ghostfolio/validator/response_validator.go:26.49,28.3 1 0
github.com/benizzio/ghostfolio-cryptogains/internal/ghostfolio/validator/response_validator.go:29.2,29.12 1 0
github.com/benizzio/ghostfolio-cryptogains/internal/ghostfolio/validator/response_validator.go:43.82,44.24 1 0
github.com/benizzio/ghostfolio-cryptogains/internal/ghostfolio/validator/response_validator.go:44.24,46.3 1 0
github.com/benizzio/ghostfolio-cryptogains/internal/ghostfolio/validator/response_validator.go:47.2,47.34 1 0
github.com/benizzio/ghostfolio-cryptogains/internal/ghostfolio/validator/response_validator.go:47.34,49.3 1 0
github.com/benizzio/ghostfolio-cryptogains/internal/ghostfolio/validator/response_validator.go:50.2,50.57 1 0
github.com/benizzio/ghostfolio-cryptogains/internal/ghostfolio/validator/response_validator.go:50.57,52.3 1 0
github.com/benizzio/ghostfolio-cryptogains/internal/ghostfolio/validator/response_validator.go:53.2,53.57 1 0
github.com/benizzio/ghostfolio-cryptogains/internal/ghostfolio/validator/response_validator.go:53.57,55.3 1 0
github.com/benizzio/ghostfolio-cryptogains/internal/ghostfolio/validator/response_validator.go:57.2,57.35 1 0
github.com/benizzio/ghostfolio-cryptogains/internal/ghostfolio/validator/response_validator.go:57.35,59.3 1 0
github.com/benizzio/ghostfolio-cryptogains/internal/ghostfolio/validator/response_validator.go:61.2,62.39 2 0
github.com/benizzio/ghostfolio-cryptogains/internal/ghostfolio/validator/response_validator.go:62.39,64.3 1 0
github.com/benizzio/ghostfolio-cryptogains/internal/ghostfolio/validator/response_validator.go:65.2,65.41 1 0
github.com/benizzio/ghostfolio-cryptogains/internal/ghostfolio/validator/response_validator.go:65.41,67.3 1 0
github.com/benizzio/ghostfolio-cryptogains/internal/ghostfolio/validator/response_validator.go:68.2,68.41 1 0
github.com/benizzio/ghostfolio-cryptogains/internal/ghostfolio/validator/response_validator.go:68.41,70.3 1 0
github.com/benizzio/ghostfolio-cryptogains/internal/ghostfolio/validator/response_validator.go:71.2,71.64 1 0
github.com/benizzio/ghostfolio-cryptogains/internal/ghostfolio/validator/response_validator.go:71.64,73.3 1 0
github.com/benizzio/ghostfolio-cryptogains/internal/ghostfolio/validator/response_validator.go:75.2,75.12 1 0
github.com/benizzio/ghostfolio-cryptogains/internal/support/redact/redact.go:19.51,21.33 2 0
github.com/benizzio/ghostfolio-cryptogains/internal/support/redact/redact.go:21.33,22.38 1 0
github.com/benizzio/ghostfolio-cryptogains/internal/support/redact/redact.go:22.38,23.12 1 0
github.com/benizzio/ghostfolio-cryptogains/internal/support/redact/redact.go:25.3,25.63 1 0
github.com/benizzio/ghostfolio-cryptogains/internal/support/redact/redact.go:27.2,27.17 1 0
github.com/benizzio/ghostfolio-cryptogains/internal/support/redact/redact.go:38.53,39.16 1 0
github.com/benizzio/ghostfolio-cryptogains/internal/support/redact/redact.go:39.16,41.3 1 0
github.com/benizzio/ghostfolio-cryptogains/internal/support/redact/redact.go:42.2,42.38 1 0
github.com/benizzio/ghostfolio-cryptogains/internal/support/redact/redact.go:52.33,53.18 1 0
github.com/benizzio/ghostfolio-cryptogains/internal/support/redact/redact.go:53.18,55.3 1 0
github.com/benizzio/ghostfolio-cryptogains/internal/support/redact/redact.go:56.2,56.20 1 0
github.com/benizzio/ghostfolio-cryptogains/internal/tui/component/help.go:28.45,30.2 1 0
github.com/benizzio/ghostfolio-cryptogains/internal/tui/component/help.go:34.46,36.2 1 0
github.com/benizzio/ghostfolio-cryptogains/internal/tui/component/help.go:47.54,48.16 1 0
github.com/benizzio/ghostfolio-cryptogains/internal/tui/component/help.go:48.16,50.3 1 0
github.com/benizzio/ghostfolio-cryptogains/internal/tui/component/help.go:51.2,53.52 3 0
github.com/benizzio/ghostfolio-cryptogains/internal/tui/component/layout.go:33.69,35.33 2 0
github.com/benizzio/ghostfolio-cryptogains/internal/tui/component/layout.go:35.33,38.24 3 0
github.com/benizzio/ghostfolio-cryptogains/internal/tui/component/layout.go:38.24,41.4 2 0
github.com/benizzio/ghostfolio-cryptogains/internal/tui/component/layout.go:42.3,42.20 1 0
github.com/benizzio/ghostfolio-cryptogains/internal/tui/component/layout.go:42.20,45.4 2 0
github.com/benizzio/ghostfolio-cryptogains/internal/tui/component/layout.go:47.3,48.29 2 0
github.com/benizzio/ghostfolio-cryptogains/internal/tui/component/layout.go:48.29,50.4 1 0
github.com/benizzio/ghostfolio-cryptogains/internal/tui/component/layout.go:51.3,51.44 1 0
github.com/benizzio/ghostfolio-cryptogains/internal/tui/component/layout.go:53.2,53.34 1 0
github.com/benizzio/ghostfolio-cryptogains/internal/tui/component/layout.go:65.136,66.16 1 0
github.com/benizzio/ghostfolio-cryptogains/internal/tui/component/layout.go:66.16,68.3 1 0
github.com/benizzio/ghostfolio-cryptogains/internal/tui/component/layout.go:69.2,69.17 1 0
github.com/benizzio/ghostfolio-cryptogains/internal/tui/component/layout.go:69.17,71.3 1 0
github.com/benizzio/ghostfolio-cryptogains/internal/tui/component/layout.go:73.2,79.78 6 0
github.com/benizzio/ghostfolio-cryptogains/internal/tui/component/theme.go:39.27,64.2 2 0
github.com/benizzio/ghostfolio-cryptogains/internal/tui/flow/model.go:114.41,125.38 4 0
github.com/benizzio/ghostfolio-cryptogains/internal/tui/flow/model.go:125.38,129.3 3 0
github.com/benizzio/ghostfolio-cryptogains/internal/tui/flow/model.go:129.8,131.3 1 0
github.com/benizzio/ghostfolio-cryptogains/internal/tui/flow/model.go:133.2,133.14 1 0
github.com/benizzio/ghostfolio-cryptogains/internal/tui/flow/model.go:144.32,146.2 1 0
github.com/benizzio/ghostfolio-cryptogains/internal/tui/flow/model.go:156.62,157.40 1 0
github.com/benizzio/ghostfolio-cryptogains/internal/tui/flow/model.go:158.25,161.16 3 0
github.com/benizzio/ghostfolio-cryptogains/internal/tui/flow/model.go:162.23,163.40 1 0
github.com/benizzio/ghostfolio-cryptogains/internal/tui/flow/model.go:163.40,167.4 3 0
github.com/benizzio/ghostfolio-cryptogains/internal/tui/flow/model.go:170.2,170.18 1 0
github.com/benizzio/ghostfolio-cryptogains/internal/tui/flow/model.go:171.22,172.32 1 0
github.com/benizzio/ghostfolio-cryptogains/internal/tui/flow/model.go:173.25,174.35 1 0
github.com/benizzio/ghostfolio-cryptogains/internal/tui/flow/model.go:175.31,176.41 1 0
github.com/benizzio/ghostfolio-cryptogains/internal/tui/flow/model.go:177.33,178.43 1 0
github.com/benizzio/ghostfolio-cryptogains/internal/tui/flow/model.go:179.10,180.16 1 0
github.com/benizzio/ghostfolio-cryptogains/internal/tui/flow/model.go:192.33,194.18 2 0
github.com/benizzio/ghostfolio-cryptogains/internal/tui/flow/model.go:195.22,208.5 1 0
github.com/benizzio/ghostfolio-cryptogains/internal/tui/flow/model.go:209.25,218.5 1 0
github.com/benizzio/ghostfolio-cryptogains/internal/tui/flow/model.go:219.31,232.5 1 0
github.com/benizzio/ghostfolio-cryptogains/internal/tui/flow/model.go:233.33,242.5 1 0
github.com/benizzio/ghostfolio-cryptogains/internal/tui/flow/model.go:243.10,244.16 1 0
github.com/benizzio/ghostfolio-cryptogains/internal/tui/flow/model.go:247.2,250.13 4 0
github.com/benizzio/ghostfolio-cryptogains/internal/tui/flow/model.go:261.39,263.2 1 0
github.com/benizzio/ghostfolio-cryptogains/internal/tui/flow/model.go:267.46,268.28 1 0
github.com/benizzio/ghostfolio-cryptogains/internal/tui/flow/model.go:268.28,270.3 1 0
github.com/benizzio/ghostfolio-cryptogains/internal/tui/flow/model.go:271.2,271.37 1 0
github.com/benizzio/ghostfolio-cryptogains/internal/tui/flow/model.go:276.55,282.2 1 0
github.com/benizzio/ghostfolio-cryptogains/internal/tui/flow/model.go:286.54,288.2 1 0
github.com/benizzio/ghostfolio-cryptogains/internal/tui/flow/model.go:292.54,293.17 1 0
github.com/benizzio/ghostfolio-cryptogains/internal/tui/flow/model.go:293.17,295.3 1 0
github.com/benizzio/ghostfolio-cryptogains/internal/tui/flow/model.go:296.2,299.3 1 0
github.com/benizzio/ghostfolio-cryptogains/internal/tui/flow/model.go:304.56,309.2 1 0
github.com/benizzio/ghostfolio-cryptogains/internal/tui/flow/model.go:313.40,315.28 2 0
github.com/benizzio/ghostfolio-cryptogains/internal/tui/flow/model.go:315.28,317.3 1 0
github.com/benizzio/ghostfolio-cryptogains/internal/tui/flow/model.go:318.2,318.77 1 0
github.com/benizzio/ghostfolio-cryptogains/internal/tui/flow/model.go:323.43,325.2 1 0
github.com/benizzio/ghostfolio-cryptogains/internal/tui/flow/model.go:329.39,331.2 1 0
github.com/benizzio/ghostfolio-cryptogains/internal/tui/flow/model.go:335.41,337.2 1 0
github.com/benizzio/ghostfolio-cryptogains/internal/tui/flow/model.go:341.42,342.26 1 0
github.com/benizzio/ghostfolio-cryptogains/internal/tui/flow/model.go:342.26,345.3 2 0
github.com/benizzio/ghostfolio-cryptogains/internal/tui/flow/model.go:350.95,363.19 7 0
github.com/benizzio/ghostfolio-cryptogains/internal/tui/flow/model.go:363.19,366.62 3 0
github.com/benizzio/ghostfolio-cryptogains/internal/tui/flow/model.go:366.62,368.4 1 0
github.com/benizzio/ghostfolio-cryptogains/internal/tui/flow/model.go:371.2,371.14 1 0
github.com/benizzio/ghostfolio-cryptogains/internal/tui/flow/model.go:376.31,384.2 7 0
github.com/benizzio/ghostfolio-cryptogains/internal/tui/flow/model.go:388.52,392.2 3 0
github.com/benizzio/ghostfolio-cryptogains/internal/tui/flow/model.go:396.33,403.2 6 0
github.com/benizzio/ghostfolio-cryptogains/internal/tui/flow/model.go:407.47,411.2 3 0
github.com/benizzio/ghostfolio-cryptogains/internal/tui/flow/model.go:415.74,418.21 3 0
github.com/benizzio/ghostfolio-cryptogains/internal/tui/flow/model.go:418.21,420.3 1 0
github.com/benizzio/ghostfolio-cryptogains/internal/tui/flow/model.go:425.24,427.2 1 0
github.com/benizzio/ghostfolio-cryptogains/internal/tui/flow/model.go:431.73,432.24 1 0
github.com/benizzio/ghostfolio-cryptogains/internal/tui/flow/model.go:432.24,435.3 2 0
github.com/benizzio/ghostfolio-cryptogains/internal/tui/flow/model.go:440.127,441.24 1 0
github.com/benizzio/ghostfolio-cryptogains/internal/tui/flow/model.go:441.24,446.3 1 0
github.com/benizzio/ghostfolio-cryptogains/internal/tui/flow/model.go:451.29,453.2 1 0
github.com/benizzio/ghostfolio-cryptogains/internal/tui/flow/model.go:457.46,458.67 1 0
github.com/benizzio/ghostfolio-cryptogains/internal/tui/flow/model.go:458.67,460.3 1 0
github.com/benizzio/ghostfolio-cryptogains/internal/tui/flow/model.go:461.2,461.55 1 0
github.com/benizzio/ghostfolio-cryptogains/internal/tui/flow/model.go:466.37,469.2 2 0
github.com/benizzio/ghostfolio-cryptogains/internal/tui/flow/navigation.go:13.30,15.2 1 0
github.com/benizzio/ghostfolio-cryptogains/internal/tui/flow/navigation.go:19.32,21.2 1 0
github.com/benizzio/ghostfolio-cryptogains/internal/tui/flow/navigation.go:25.33,27.2 1 0
github.com/benizzio/ghostfolio-cryptogains/internal/tui/flow/navigation.go:31.33,33.2 1 0
github.com/benizzio/ghostfolio-cryptogains/internal/tui/flow/navigation.go:37.34,39.2 1 0
github.com/benizzio/ghostfolio-cryptogains/internal/tui/flow/navigation.go:43.37,45.2 1 0
github.com/benizzio/ghostfolio-cryptogains/internal/tui/flow/navigation.go:49.32,51.2 1 0
github.com/benizzio/ghostfolio-cryptogains/internal/tui/flow/navigation.go:55.70,57.9 2 0
github.com/benizzio/ghostfolio-cryptogains/internal/tui/flow/navigation.go:57.9,59.3 1 0
github.com/benizzio/ghostfolio-cryptogains/internal/tui/flow/navigation.go:61.2,61.9 1 0
github.com/benizzio/ghostfolio-cryptogains/internal/tui/flow/navigation.go:62.51,63.29 1 0
github.com/benizzio/ghostfolio-cryptogains/internal/tui/flow/navigation.go:64.47,65.36 1 0
github.com/benizzio/ghostfolio-cryptogains/internal/tui/flow/navigation.go:66.10,67.16 1 0
github.com/benizzio/ghostfolio-cryptogains/internal/tui/flow/navigation.go:73.78,75.9 2 0
github.com/benizzio/ghostfolio-cryptogains/internal/tui/flow/navigation.go:75.9,77.3 1 0
github.com/benizzio/ghostfolio-cryptogains/internal/tui/flow/navigation.go:79.2,79.9 1 0
github.com/benizzio/ghostfolio-cryptogains/internal/tui/flow/navigation.go:80.44,81.29 1 0
github.com/benizzio/ghostfolio-cryptogains/internal/tui/flow/navigation.go:81.29,83.4 1 0
github.com/benizzio/ghostfolio-cryptogains/internal/tui/flow/navigation.go:84.46,85.54 1 0
github.com/benizzio/ghostfolio-cryptogains/internal/tui/flow/navigation.go:85.54,87.4 1 0
github.com/benizzio/ghostfolio-cryptogains/internal/tui/flow/navigation.go:88.47,89.30 1 0
github.com/benizzio/ghostfolio-cryptogains/internal/tui/flow/navigation.go:89.30,91.4 1 0
github.com/benizzio/ghostfolio-cryptogains/internal/tui/flow/navigation.go:92.3,92.20 1 0
github.com/benizzio/ghostfolio-cryptogains/internal/tui/flow/navigation.go:95.2,95.15 1 0
github.com/benizzio/ghostfolio-cryptogains/internal/tui/flow/setup_flow.go:17.67,18.40 1 0
github.com/benizzio/ghostfolio-cryptogains/internal/tui/flow/setup_flow.go:19.21,20.30 1 0
github.com/benizzio/ghostfolio-cryptogains/internal/tui/flow/setup_flow.go:20.30,23.4 2 0
github.com/benizzio/ghostfolio-cryptogains/internal/tui/flow/setup_flow.go:24.3,27.16 4 0
github.com/benizzio/ghostfolio-cryptogains/internal/tui/flow/setup_flow.go:28.23,29.27 1 0
github.com/benizzio/ghostfolio-cryptogains/internal/tui/flow/setup_flow.go:29.27,30.11 1 0
github.com/benizzio/ghostfolio-cryptogains/internal/tui/flow/setup_flow.go:31.95,34.18 3 0
github.com/benizzio/ghostfolio-cryptogains/internal/tui/flow/setup_flow.go:35.12,39.18 4 0
github.com/benizzio/ghostfolio-cryptogains/internal/tui/flow/setup_flow.go:43.3,43.10 1 0
github.com/benizzio/ghostfolio-cryptogains/internal/tui/flow/setup_flow.go:44.47,45.29 1 0
github.com/benizzio/ghostfolio-cryptogains/internal/tui/flow/setup_flow.go:45.29,47.5 1 0
github.com/benizzio/ghostfolio-cryptogains/internal/tui/flow/setup_flow.go:48.49,49.53 1 0
github.com/benizzio/ghostfolio-cryptogains/internal/tui/flow/setup_flow.go:49.53,51.5 1 0
github.com/benizzio/ghostfolio-cryptogains/internal/tui/flow/setup_flow.go:52.50,53.92 1 0
github.com/benizzio/ghostfolio-cryptogains/internal/tui/flow/setup_flow.go:53.92,58.5 4 0
github.com/benizzio/ghostfolio-cryptogains/internal/tui/flow/setup_flow.go:59.51,60.30 1 0
github.com/benizzio/ghostfolio-cryptogains/internal/tui/flow/setup_flow.go:60.30,62.5 1 0
github.com/benizzio/ghostfolio-cryptogains/internal/tui/flow/setup_flow.go:63.50,64.29 1 0
github.com/benizzio/ghostfolio-cryptogains/internal/tui/flow/setup_flow.go:65.11,70.31 5 0
github.com/benizzio/ghostfolio-cryptogains/internal/tui/flow/setup_flow.go:71.11,75.42 4 0
github.com/benizzio/ghostfolio-cryptogains/internal/tui/flow/setup_flow.go:76.11,77.26 1 0
github.com/benizzio/ghostfolio-cryptogains/internal/tui/flow/setup_flow.go:77.26,80.6 2 0
github.com/benizzio/ghostfolio-cryptogains/internal/tui/flow/setup_flow.go:82.5,88.19 2 0
github.com/benizzio/ghostfolio-cryptogains/internal/tui/flow/setup_flow.go:88.19,91.6 2 0
github.com/benizzio/ghostfolio-cryptogains/internal/tui/flow/setup_flow.go:93.5,94.37 2 0
github.com/benizzio/ghostfolio-cryptogains/internal/tui/flow/setup_flow.go:99.2,99.15 1 0
github.com/benizzio/ghostfolio-cryptogains/internal/tui/flow/sync_flow.go:20.76,21.40 1 0
github.com/benizzio/ghostfolio-cryptogains/internal/tui/flow/sync_flow.go:22.29,23.47 1 0
github.com/benizzio/ghostfolio-cryptogains/internal/tui/flow/sync_flow.go:23.47,25.4 1 0
github.com/benizzio/ghostfolio-cryptogains/internal/tui/flow/sync_flow.go:26.3,32.16 7 0
github.com/benizzio/ghostfolio-cryptogains/internal/tui/flow/sync_flow.go:33.23,34.19 1 0
github.com/benizzio/ghostfolio-cryptogains/internal/tui/flow/sync_flow.go:34.19,36.4 1 0
github.com/benizzio/ghostfolio-cryptogains/internal/tui/flow/sync_flow.go:37.3,39.16 3 0
github.com/benizzio/ghostfolio-cryptogains/internal/tui/flow/sync_flow.go:40.23,41.18 1 0
github.com/benizzio/ghostfolio-cryptogains/internal/tui/flow/sync_flow.go:41.18,43.4 1 0
github.com/benizzio/ghostfolio-cryptogains/internal/tui/flow/sync_flow.go:45.3,45.26 1 0
github.com/benizzio/ghostfolio-cryptogains/internal/tui/flow/sync_flow.go:45.26,46.11 1 0
github.com/benizzio/ghostfolio-cryptogains/internal/tui/flow/sync_flow.go:47.95,50.18 3 0
github.com/benizzio/ghostfolio-cryptogains/internal/tui/flow/sync_flow.go:51.12,55.18 4 0
github.com/benizzio/ghostfolio-cryptogains/internal/tui/flow/sync_flow.go:59.3,59.10 1 0
github.com/benizzio/ghostfolio-cryptogains/internal/tui/flow/sync_flow.go:60.47,61.28 1 0
github.com/benizzio/ghostfolio-cryptogains/internal/tui/flow/sync_flow.go:61.28,63.5 1 0
github.com/benizzio/ghostfolio-cryptogains/internal/tui/flow/sync_flow.go:64.49,65.51 1 0
github.com/benizzio/ghostfolio-cryptogains/internal/tui/flow/sync_flow.go:65.51,67.5 1 0
github.com/benizzio/ghostfolio-cryptogains/internal/tui/flow/sync_flow.go:68.50,70.39 2 0
github.com/benizzio/ghostfolio-cryptogains/internal/tui/flow/sync_flow.go:71.50,72.28 1 0
github.com/benizzio/ghostfolio-cryptogains/internal/tui/flow/sync_flow.go:73.11,74.31 1 0
github.com/benizzio/ghostfolio-cryptogains/internal/tui/flow/sync_flow.go:74.31,76.6 1 0
github.com/benizzio/ghostfolio-cryptogains/internal/tui/flow/sync_flow.go:78.5,79.20 2 0
github.com/benizzio/ghostfolio-cryptogains/internal/tui/flow/sync_flow.go:79.20,82.6 2 0
github.com/benizzio/ghostfolio-cryptogains/internal/tui/flow/sync_flow.go:84.5,92.109 8 0
github.com/benizzio/ghostfolio-cryptogains/internal/tui/flow/sync_flow.go:93.11,95.22 2 0
github.com/benizzio/ghostfolio-cryptogains/internal/tui/flow/sync_flow.go:100.2,100.15 1 0
github.com/benizzio/ghostfolio-cryptogains/internal/tui/screen/main_menu_screen.go:38.61,55.2 2 0
github.com/benizzio/ghostfolio-cryptogains/internal/tui/screen/setup_screen.go:42.55,48.28 2 0
github.com/benizzio/ghostfolio-cryptogains/internal/tui/screen/setup_screen.go:48.28,53.3 1 0
github.com/benizzio/ghostfolio-cryptogains/internal/tui/screen/setup_screen.go:54.2,54.38 1 0
github.com/benizzio/ghostfolio-cryptogains/internal/tui/screen/setup_screen.go:54.38,56.3 1 0
github.com/benizzio/ghostfolio-cryptogains/internal/tui/screen/setup_screen.go:58.2,59.36 2 0
github.com/benizzio/ghostfolio-cryptogains/internal/tui/screen/setup_screen.go:59.36,61.3 1 0
github.com/benizzio/ghostfolio-cryptogains/internal/tui/screen/setup_screen.go:62.2,62.21 1 0
github.com/benizzio/ghostfolio-cryptogains/internal/tui/screen/setup_screen.go:62.21,64.3 1 0
github.com/benizzio/ghostfolio-cryptogains/internal/tui/screen/setup_screen.go:66.2,75.3 1 0
github.com/benizzio/ghostfolio-cryptogains/internal/tui/screen/sync_validation_screen.go:44.73,51.17 2 0
github.com/benizzio/ghostfolio-cryptogains/internal/tui/screen/sync_validation_screen.go:51.17,53.3 1 0
github.com/benizzio/ghostfolio-cryptogains/internal/tui/screen/sync_validation_screen.go:53.8,55.3 1 0
github.com/benizzio/ghostfolio-cryptogains/internal/tui/screen/sync_validation_screen.go:57.2,58.36 2 0
github.com/benizzio/ghostfolio-cryptogains/internal/tui/screen/sync_validation_screen.go:58.36,60.3 1 0
github.com/benizzio/ghostfolio-cryptogains/internal/tui/screen/sync_validation_screen.go:62.2,71.3 1 0
github.com/benizzio/ghostfolio-cryptogains/internal/tui/screen/validation_result_screen.go:41.77,43.29 2 0
github.com/benizzio/ghostfolio-cryptogains/internal/tui/screen/validation_result_screen.go:43.29,45.3 1 0
github.com/benizzio/ghostfolio-cryptogains/internal/tui/screen/validation_result_screen.go:47.2,64.3 2 0
github.com/benizzio/ghostfolio-cryptogains/cmd/ghostfolio-cryptogains/main.go:23.84,25.2 1 1
github.com/benizzio/ghostfolio-cryptogains/cmd/ghostfolio-cryptogains/main.go:33.13,34.30 1 2
github.com/benizzio/ghostfolio-cryptogains/cmd/ghostfolio-cryptogains/main.go:34.30,37.3 2 1
github.com/benizzio/ghostfolio-cryptogains/cmd/ghostfolio-cryptogains/main.go:41.18,43.16 2 7
github.com/benizzio/ghostfolio-cryptogains/cmd/ghostfolio-cryptogains/main.go:43.16,45.3 1 2
github.com/benizzio/ghostfolio-cryptogains/cmd/ghostfolio-cryptogains/main.go:47.2,49.16 3 5
github.com/benizzio/ghostfolio-cryptogains/cmd/ghostfolio-cryptogains/main.go:49.16,51.3 1 1
github.com/benizzio/ghostfolio-cryptogains/cmd/ghostfolio-cryptogains/main.go:53.2,55.16 3 4
github.com/benizzio/ghostfolio-cryptogains/cmd/ghostfolio-cryptogains/main.go:55.16,57.3 1 1
github.com/benizzio/ghostfolio-cryptogains/cmd/ghostfolio-cryptogains/main.go:59.2,70.12 3 3
github.com/benizzio/ghostfolio-cryptogains/internal/app/bootstrap/options.go:46.31,52.2 1 7
github.com/benizzio/ghostfolio-cryptogains/internal/app/bootstrap/options.go:66.51,77.42 9 7
github.com/benizzio/ghostfolio-cryptogains/internal/app/bootstrap/options.go:77.42,79.3 1 2
github.com/benizzio/ghostfolio-cryptogains/internal/app/bootstrap/options.go:81.2,82.16 2 5
github.com/benizzio/ghostfolio-cryptogains/internal/app/bootstrap/options.go:82.16,84.3 1 0
github.com/benizzio/ghostfolio-cryptogains/internal/app/bootstrap/options.go:85.2,85.24 1 5
github.com/benizzio/ghostfolio-cryptogains/internal/app/bootstrap/options.go:85.24,87.3 1 0
github.com/benizzio/ghostfolio-cryptogains/internal/app/bootstrap/options.go:89.2,90.18 2 5
github.com/benizzio/ghostfolio-cryptogains/internal/app/bootstrap/startup.go:47.119,49.16 2 4
github.com/benizzio/ghostfolio-cryptogains/internal/app/bootstrap/startup.go:49.16,50.46 1 4
github.com/benizzio/ghostfolio-cryptogains/internal/app/bootstrap/startup.go:50.46,52.4 1 3
github.com/benizzio/ghostfolio-cryptogains/internal/app/bootstrap/startup.go:53.3,53.69 1 1
github.com/benizzio/ghostfolio-cryptogains/internal/app/bootstrap/startup.go:56.2,56.66 1 0
github.com/benizzio/ghostfolio-cryptogains/internal/app/bootstrap/startup.go:56.66,58.3 1 0
github.com/benizzio/ghostfolio-cryptogains/internal/app/bootstrap/startup.go:60.2,60.49 1 0
github.com/benizzio/ghostfolio-cryptogains/internal/app/runtime/runtime.go:43.51,45.25 2 5
github.com/benizzio/ghostfolio-cryptogains/internal/app/runtime/runtime.go:45.25,47.17 2 1
github.com/benizzio/ghostfolio-cryptogains/internal/app/runtime/runtime.go:47.17,49.4 1 1
github.com/benizzio/ghostfolio-cryptogains/internal/app/runtime/runtime.go:50.3,50.32 1 0
github.com/benizzio/ghostfolio-cryptogains/internal/app/runtime/runtime.go:53.2,60.8 3 4
github.com/benizzio/ghostfolio-cryptogains/internal/app/runtime/sync_service.go:124.96,126.2 1 4
github.com/benizzio/ghostfolio-cryptogains/internal/app/runtime/sync_service.go:136.128,153.16 7 0
github.com/benizzio/ghostfolio-cryptogains/internal/app/runtime/sync_service.go:153.16,155.3 1 0
github.com/benizzio/ghostfolio-cryptogains/internal/app/runtime/sync_service.go:156.2,156.69 1 0
github.com/benizzio/ghostfolio-cryptogains/internal/app/runtime/sync_service.go:156.69,158.3 1 0
github.com/benizzio/ghostfolio-cryptogains/internal/app/runtime/sync_service.go:160.2,165.21 5 0
github.com/benizzio/ghostfolio-cryptogains/internal/app/runtime/sync_service.go:165.21,167.3 1 0
github.com/benizzio/ghostfolio-cryptogains/internal/app/runtime/sync_service.go:169.2,170.81 2 0
github.com/benizzio/ghostfolio-cryptogains/internal/app/runtime/sync_service.go:170.81,172.3 1 0
github.com/benizzio/ghostfolio-cryptogains/internal/app/runtime/sync_service.go:174.2,184.3 4 0
github.com/benizzio/ghostfolio-cryptogains/internal/app/runtime/sync_service.go:189.111,195.37 5 0
github.com/benizzio/ghostfolio-cryptogains/internal/app/runtime/sync_service.go:195.37,197.3 1 0
github.com/benizzio/ghostfolio-cryptogains/internal/app/runtime/sync_service.go:198.2,208.3 3 0
github.com/benizzio/ghostfolio-cryptogains/internal/app/runtime/sync_service.go:213.121,228.2 6 0
github.com/benizzio/ghostfolio-cryptogains/internal/app/runtime/sync_service.go:232.54,235.2 2 0
github.com/benizzio/ghostfolio-cryptogains/internal/config/model/app_setup_config.go:74.113,76.16 2 0
github.com/benizzio/ghostfolio-cryptogains/internal/config/model/app_setup_config.go:76.16,78.3 1 0
github.com/benizzio/ghostfolio-cryptogains/internal/config/model/app_setup_config.go:80.2,80.85 1 0
github.com/benizzio/ghostfolio-cryptogains/internal/config/model/app_setup_config.go:80.85,82.3 1 0
github.com/benizzio/ghostfolio-cryptogains/internal/config/model/app_setup_config.go:84.2,91.8 1 0
github.com/benizzio/ghostfolio-cryptogains/internal/config/model/app_setup_config.go:105.71,106.26 1 0
github.com/benizzio/ghostfolio-cryptogains/internal/config/model/app_setup_config.go:106.26,108.3 1 0
github.com/benizzio/ghostfolio-cryptogains/internal/config/model/app_setup_config.go:109.2,109.22 1 0
github.com/benizzio/ghostfolio-cryptogains/internal/config/model/app_setup_config.go:109.22,111.3 1 0
github.com/benizzio/ghostfolio-cryptogains/internal/config/model/app_setup_config.go:112.2,112.89 1 0
github.com/benizzio/ghostfolio-cryptogains/internal/config/model/app_setup_config.go:112.89,114.3 1 0
github.com/benizzio/ghostfolio-cryptogains/internal/config/model/app_setup_config.go:115.2,115.26 1 0
github.com/benizzio/ghostfolio-cryptogains/internal/config/model/app_setup_config.go:115.26,117.3 1 0
github.com/benizzio/ghostfolio-cryptogains/internal/config/model/app_setup_config.go:119.2,120.16 2 0
github.com/benizzio/ghostfolio-cryptogains/internal/config/model/app_setup_config.go:120.16,122.3 1 0
github.com/benizzio/ghostfolio-cryptogains/internal/config/model/app_setup_config.go:123.2,123.40 1 0
github.com/benizzio/ghostfolio-cryptogains/internal/config/model/app_setup_config.go:123.40,125.3 1 0
github.com/benizzio/ghostfolio-cryptogains/internal/config/model/app_setup_config.go:126.2,126.68 1 0
github.com/benizzio/ghostfolio-cryptogains/internal/config/model/app_setup_config.go:126.68,128.3 1 0
github.com/benizzio/ghostfolio-cryptogains/internal/config/model/app_setup_config.go:130.2,130.12 1 0
github.com/benizzio/ghostfolio-cryptogains/internal/config/model/app_setup_config.go:144.75,146.19 2 0
github.com/benizzio/ghostfolio-cryptogains/internal/config/model/app_setup_config.go:146.19,148.3 1 0
github.com/benizzio/ghostfolio-cryptogains/internal/config/model/app_setup_config.go:150.2,151.16 2 0
github.com/benizzio/ghostfolio-cryptogains/internal/config/model/app_setup_config.go:151.16,153.3 1 0
github.com/benizzio/ghostfolio-cryptogains/internal/config/model/app_setup_config.go:154.2,154.87 1 0
github.com/benizzio/ghostfolio-cryptogains/internal/config/model/app_setup_config.go:154.87,156.3 1 0
github.com/benizzio/ghostfolio-cryptogains/internal/config/model/app_setup_config.go:157.2,157.57 1 0
github.com/benizzio/ghostfolio-cryptogains/internal/config/model/app_setup_config.go:157.57,159.3 1 0
github.com/benizzio/ghostfolio-cryptogains/internal/config/model/app_setup_config.go:160.2,160.92 1 0
github.com/benizzio/ghostfolio-cryptogains/internal/config/model/app_setup_config.go:160.92,162.3 1 0
github.com/benizzio/ghostfolio-cryptogains/internal/config/model/app_setup_config.go:164.2,165.62 2 0
github.com/benizzio/ghostfolio-cryptogains/internal/config/model/app_setup_config.go:165.62,167.3 1 0
github.com/benizzio/ghostfolio-cryptogains/internal/config/model/app_setup_config.go:169.2,170.20 2 0
github.com/benizzio/ghostfolio-cryptogains/internal/config/model/app_setup_config.go:170.20,172.3 1 0
github.com/benizzio/ghostfolio-cryptogains/internal/config/model/app_setup_config.go:174.2,175.45 2 0
github.com/benizzio/ghostfolio-cryptogains/internal/config/model/app_setup_config.go:175.45,177.3 1 0
github.com/benizzio/ghostfolio-cryptogains/internal/config/model/app_setup_config.go:179.2,179.61 1 0
github.com/benizzio/ghostfolio-cryptogains/internal/config/store/json_store.go:36.78,38.2 1 0
github.com/benizzio/ghostfolio-cryptogains/internal/config/store/json_store.go:70.52,74.2 1 4
github.com/benizzio/ghostfolio-cryptogains/internal/config/store/json_store.go:84.35,86.2 1 0
github.com/benizzio/ghostfolio-cryptogains/internal/config/store/json_store.go:99.81,101.16 2 4
github.com/benizzio/ghostfolio-cryptogains/internal/config/store/json_store.go:101.16,102.37 1 4
github.com/benizzio/ghostfolio-cryptogains/internal/config/store/json_store.go:102.37,104.4 1 3
github.com/benizzio/ghostfolio-cryptogains/internal/config/store/json_store.go:105.3,105.78 1 1
github.com/benizzio/ghostfolio-cryptogains/internal/config/store/json_store.go:108.2,109.53 2 0
github.com/benizzio/ghostfolio-cryptogains/internal/config/store/json_store.go:109.53,111.3 1 0
github.com/benizzio/ghostfolio-cryptogains/internal/config/store/json_store.go:113.2,113.20 1 0
github.com/benizzio/ghostfolio-cryptogains/internal/config/store/json_store.go:127.86,128.50 1 0
github.com/benizzio/ghostfolio-cryptogains/internal/config/store/json_store.go:128.50,130.3 1 0
github.com/benizzio/ghostfolio-cryptogains/internal/config/store/json_store.go:132.2,133.16 2 0
github.com/benizzio/ghostfolio-cryptogains/internal/config/store/json_store.go:133.16,135.3 1 0
github.com/benizzio/ghostfolio-cryptogains/internal/config/store/json_store.go:137.2,140.16 4 0
github.com/benizzio/ghostfolio-cryptogains/internal/config/store/json_store.go:140.16,142.3 1 0
github.com/benizzio/ghostfolio-cryptogains/internal/config/store/json_store.go:143.2,145.82 2 0
github.com/benizzio/ghostfolio-cryptogains/internal/config/store/json_store.go:145.82,148.3 2 0
github.com/benizzio/ghostfolio-cryptogains/internal/config/store/json_store.go:149.2,149.51 1 0
github.com/benizzio/ghostfolio-cryptogains/internal/config/store/json_store.go:149.51,152.3 2 0
github.com/benizzio/ghostfolio-cryptogains/internal/config/store/json_store.go:153.2,153.40 1 0
github.com/benizzio/ghostfolio-cryptogains/internal/config/store/json_store.go:153.40,156.3 2 0
github.com/benizzio/ghostfolio-cryptogains/internal/config/store/json_store.go:157.2,157.41 1 0
github.com/benizzio/ghostfolio-cryptogains/internal/config/store/json_store.go:157.41,159.3 1 0
github.com/benizzio/ghostfolio-cryptogains/internal/config/store/json_store.go:161.2,161.60 1 0
github.com/benizzio/ghostfolio-cryptogains/internal/config/store/json_store.go:161.60,163.3 1 0
github.com/benizzio/ghostfolio-cryptogains/internal/config/store/json_store.go:164.2,164.85 1 0
github.com/benizzio/ghostfolio-cryptogains/internal/config/store/json_store.go:164.85,166.3 1 0
github.com/benizzio/ghostfolio-cryptogains/internal/config/store/json_store.go:168.2,168.12 1 0
github.com/benizzio/ghostfolio-cryptogains/internal/config/store/json_store.go:181.53,182.77 1 0
github.com/benizzio/ghostfolio-cryptogains/internal/config/store/json_store.go:182.77,184.3 1 0
github.com/benizzio/ghostfolio-cryptogains/internal/config/store/json_store.go:185.2,185.12 1 0
github.com/benizzio/ghostfolio-cryptogains/internal/config/store/json_store.go:189.51,191.63 2 0
github.com/benizzio/ghostfolio-cryptogains/internal/config/store/json_store.go:191.63,193.3 1 0
github.com/benizzio/ghostfolio-cryptogains/internal/config/store/json_store.go:194.2,194.92 1 0
github.com/benizzio/ghostfolio-cryptogains/internal/config/store/json_store.go:194.92,196.3 1 0
github.com/benizzio/ghostfolio-cryptogains/internal/config/store/json_store.go:197.2,197.12 1 0
github.com/benizzio/ghostfolio-cryptogains/internal/config/store/json_store.go:201.35,203.2 1 0
github.com/benizzio/ghostfolio-cryptogains/internal/config/store/json_store.go:207.35,209.2 1 0
github.com/benizzio/ghostfolio-cryptogains/internal/ghostfolio/client/client.go:74.41,75.21 1 0
github.com/benizzio/ghostfolio-cryptogains/internal/ghostfolio/client/client.go:75.21,77.3 1 0
github.com/benizzio/ghostfolio-cryptogains/internal/ghostfolio/client/client.go:78.2,78.27 1 0
github.com/benizzio/ghostfolio-cryptogains/internal/ghostfolio/client/client.go:89.41,91.2 1 0
github.com/benizzio/ghostfolio-cryptogains/internal/ghostfolio/client/client.go:114.43,115.23 1 4
github.com/benizzio/ghostfolio-cryptogains/internal/ghostfolio/client/client.go:115.23,117.3 1 0
github.com/benizzio/ghostfolio-cryptogains/internal/ghostfolio/client/client.go:118.2,118.40 1 4
github.com/benizzio/ghostfolio-cryptogains/internal/ghostfolio/client/client.go:132.113,139.16 6 0
github.com/benizzio/ghostfolio-cryptogains/internal/ghostfolio/client/client.go:139.16,141.3 1 0
github.com/benizzio/ghostfolio-cryptogains/internal/ghostfolio/client/client.go:142.2,146.16 4 0
github.com/benizzio/ghostfolio-cryptogains/internal/ghostfolio/client/client.go:146.16,148.3 1 0
github.com/benizzio/ghostfolio-cryptogains/internal/ghostfolio/client/client.go:149.2,151.49 2 0
github.com/benizzio/ghostfolio-cryptogains/internal/ghostfolio/client/client.go:151.49,153.3 1 0
github.com/benizzio/ghostfolio-cryptogains/internal/ghostfolio/client/client.go:154.2,154.94 1 0
github.com/benizzio/ghostfolio-cryptogains/internal/ghostfolio/client/client.go:154.94,156.3 1 0
github.com/benizzio/ghostfolio-cryptogains/internal/ghostfolio/client/client.go:157.2,157.84 1 0
github.com/benizzio/ghostfolio-cryptogains/internal/ghostfolio/client/client.go:157.84,159.3 1 0
github.com/benizzio/ghostfolio-cryptogains/internal/ghostfolio/client/client.go:161.2,162.72 2 0
github.com/benizzio/ghostfolio-cryptogains/internal/ghostfolio/client/client.go:162.72,164.3 1 0
github.com/benizzio/ghostfolio-cryptogains/internal/ghostfolio/client/client.go:166.2,166.21 1 0
github.com/benizzio/ghostfolio-cryptogains/internal/ghostfolio/client/client.go:181.130,186.16 5 0
github.com/benizzio/ghostfolio-cryptogains/internal/ghostfolio/client/client.go:186.16,188.3 1 0
github.com/benizzio/ghostfolio-cryptogains/internal/ghostfolio/client/client.go:189.2,193.16 4 0
github.com/benizzio/ghostfolio-cryptogains/internal/ghostfolio/client/client.go:193.16,195.3 1 0
github.com/benizzio/ghostfolio-cryptogains/internal/ghostfolio/client/client.go:196.2,198.29 2 0
github.com/benizzio/ghostfolio-cryptogains/internal/ghostfolio/client/client.go:199.29,200.176 1 0
github.com/benizzio/ghostfolio-cryptogains/internal/ghostfolio/client/client.go:201.53,202.183 1 0
github.com/benizzio/ghostfolio-cryptogains/internal/ghostfolio/client/client.go:204.2,204.94 1 0
github.com/benizzio/ghostfolio-cryptogains/internal/ghostfolio/client/client.go:204.94,206.3 1 0
github.com/benizzio/ghostfolio-cryptogains/internal/ghostfolio/client/client.go:207.2,207.84 1 0
github.com/benizzio/ghostfolio-cryptogains/internal/ghostfolio/client/client.go:207.84,209.3 1 0
github.com/benizzio/ghostfolio-cryptogains/internal/ghostfolio/client/client.go:211.2,212.72 2 0
github.com/benizzio/ghostfolio-cryptogains/internal/ghostfolio/client/client.go:212.72,214.3 1 0
github.com/benizzio/ghostfolio-cryptogains/internal/ghostfolio/client/client.go:216.2,216.21 1 0
github.com/benizzio/ghostfolio-cryptogains/internal/ghostfolio/client/client.go:221.48,222.46 1 0
github.com/benizzio/ghostfolio-cryptogains/internal/ghostfolio/client/client.go:222.46,224.3 1 0
github.com/benizzio/ghostfolio-cryptogains/internal/ghostfolio/client/client.go:226.2,227.49 2 0
github.com/benizzio/ghostfolio-cryptogains/internal/ghostfolio/client/client.go:227.49,229.3 1 0
github.com/benizzio/ghostfolio-cryptogains/internal/ghostfolio/client/client.go:231.2,231.131 1 0
github.com/benizzio/ghostfolio-cryptogains/internal/ghostfolio/client/client.go:236.55,238.16 2 0
github.com/benizzio/ghostfolio-cryptogains/internal/ghostfolio/client/client.go:238.16,240.3 1 0
github.com/benizzio/ghostfolio-cryptogains/internal/ghostfolio/client/client.go:241.2,241.78 1 0
github.com/benizzio/ghostfolio-cryptogains/internal/ghostfolio/client/client.go:241.78,243.3 1 0
github.com/benizzio/ghostfolio-cryptogains/internal/ghostfolio/client/client.go:244.2,244.64 1 0
github.com/benizzio/ghostfolio-cryptogains/internal/ghostfolio/client/client.go:249.41,251.2 1 0
github.com/benizzio/ghostfolio-cryptogains/internal/ghostfolio/validator/response_validator.go:25.60,26.49 1 0
github.com/benizzio/ghostfolio-cryptogains/internal/ghostfolio/validator/response_validator.go:26.49,28.3 1 0
github.com/benizzio/ghostfolio-cryptogains/internal/ghostfolio/validator/response_validator.go:29.2,29.12 1 0
github.com/benizzio/ghostfolio-cryptogains/internal/ghostfolio/validator/response_validator.go:43.82,44.24 1 0
github.com/benizzio/ghostfolio-cryptogains/internal/ghostfolio/validator/response_validator.go:44.24,46.3 1 0
github.com/benizzio/ghostfolio-cryptogains/internal/ghostfolio/validator/response_validator.go:47.2,47.34 1 0
github.com/benizzio/ghostfolio-cryptogains/internal/ghostfolio/validator/response_validator.go:47.34,49.3 1 0
github.com/benizzio/ghostfolio-cryptogains/internal/ghostfolio/validator/response_validator.go:50.2,50.57 1 0
github.com/benizzio/ghostfolio-cryptogains/internal/ghostfolio/validator/response_validator.go:50.57,52.3 1 0
github.com/benizzio/ghostfolio-cryptogains/internal/ghostfolio/validator/response_validator.go:53.2,53.57 1 0
github.com/benizzio/ghostfolio-cryptogains/internal/ghostfolio/validator/response_validator.go:53.57,55.3 1 0
github.com/benizzio/ghostfolio-cryptogains/internal/ghostfolio/validator/response_validator.go:57.2,57.35 1 0
github.com/benizzio/ghostfolio-cryptogains/internal/ghostfolio/validator/response_validator.go:57.35,59.3 1 0
github.com/benizzio/ghostfolio-cryptogains/internal/ghostfolio/validator/response_validator.go:61.2,62.39 2 0
github.com/benizzio/ghostfolio-cryptogains/internal/ghostfolio/validator/response_validator.go:62.39,64.3 1 0
github.com/benizzio/ghostfolio-cryptogains/internal/ghostfolio/validator/response_validator.go:65.2,65.41 1 0
github.com/benizzio/ghostfolio-cryptogains/internal/ghostfolio/validator/response_validator.go:65.41,67.3 1 0
github.com/benizzio/ghostfolio-cryptogains/internal/ghostfolio/validator/response_validator.go:68.2,68.41 1 0
github.com/benizzio/ghostfolio-cryptogains/internal/ghostfolio/validator/response_validator.go:68.41,70.3 1 0
github.com/benizzio/ghostfolio-cryptogains/internal/ghostfolio/validator/response_validator.go:71.2,71.64 1 0
github.com/benizzio/ghostfolio-cryptogains/internal/ghostfolio/validator/response_validator.go:71.64,73.3 1 0
github.com/benizzio/ghostfolio-cryptogains/internal/ghostfolio/validator/response_validator.go:75.2,75.12 1 0
github.com/benizzio/ghostfolio-cryptogains/internal/support/redact/redact.go:19.51,21.33 2 0
github.com/benizzio/ghostfolio-cryptogains/internal/support/redact/redact.go:21.33,22.38 1 0
github.com/benizzio/ghostfolio-cryptogains/internal/support/redact/redact.go:22.38,23.12 1 0
github.com/benizzio/ghostfolio-cryptogains/internal/support/redact/redact.go:25.3,25.63 1 0
github.com/benizzio/ghostfolio-cryptogains/internal/support/redact/redact.go:27.2,27.17 1 0
github.com/benizzio/ghostfolio-cryptogains/internal/support/redact/redact.go:38.53,39.16 1 0
github.com/benizzio/ghostfolio-cryptogains/internal/support/redact/redact.go:39.16,41.3 1 0
github.com/benizzio/ghostfolio-cryptogains/internal/support/redact/redact.go:42.2,42.38 1 0
github.com/benizzio/ghostfolio-cryptogains/internal/support/redact/redact.go:52.33,53.18 1 0
github.com/benizzio/ghostfolio-cryptogains/internal/support/redact/redact.go:53.18,55.3 1 0
github.com/benizzio/ghostfolio-cryptogains/internal/support/redact/redact.go:56.2,56.20 1 0
github.com/benizzio/ghostfolio-cryptogains/internal/tui/component/help.go:28.45,30.2 1 0
github.com/benizzio/ghostfolio-cryptogains/internal/tui/component/help.go:34.46,36.2 1 0
github.com/benizzio/ghostfolio-cryptogains/internal/tui/component/help.go:47.54,48.16 1 0
github.com/benizzio/ghostfolio-cryptogains/internal/tui/component/help.go:48.16,50.3 1 0
github.com/benizzio/ghostfolio-cryptogains/internal/tui/component/help.go:51.2,53.52 3 0
github.com/benizzio/ghostfolio-cryptogains/internal/tui/component/layout.go:33.69,35.33 2 0
github.com/benizzio/ghostfolio-cryptogains/internal/tui/component/layout.go:35.33,38.24 3 0
github.com/benizzio/ghostfolio-cryptogains/internal/tui/component/layout.go:38.24,41.4 2 0
github.com/benizzio/ghostfolio-cryptogains/internal/tui/component/layout.go:42.3,42.20 1 0
github.com/benizzio/ghostfolio-cryptogains/internal/tui/component/layout.go:42.20,45.4 2 0
github.com/benizzio/ghostfolio-cryptogains/internal/tui/component/layout.go:47.3,48.29 2 0
github.com/benizzio/ghostfolio-cryptogains/internal/tui/component/layout.go:48.29,50.4 1 0
github.com/benizzio/ghostfolio-cryptogains/internal/tui/component/layout.go:51.3,51.44 1 0
github.com/benizzio/ghostfolio-cryptogains/internal/tui/component/layout.go:53.2,53.34 1 0
github.com/benizzio/ghostfolio-cryptogains/internal/tui/component/layout.go:65.136,66.16 1 0
github.com/benizzio/ghostfolio-cryptogains/internal/tui/component/layout.go:66.16,68.3 1 0
github.com/benizzio/ghostfolio-cryptogains/internal/tui/component/layout.go:69.2,69.17 1 0
github.com/benizzio/ghostfolio-cryptogains/internal/tui/component/layout.go:69.17,71.3 1 0
github.com/benizzio/ghostfolio-cryptogains/internal/tui/component/layout.go:73.2,79.78 6 0
github.com/benizzio/ghostfolio-cryptogains/internal/tui/component/theme.go:39.27,64.2 2 3
github.com/benizzio/ghostfolio-cryptogains/internal/tui/flow/model.go:114.41,125.38 4 3
github.com/benizzio/ghostfolio-cryptogains/internal/tui/flow/model.go:125.38,129.3 3 0
github.com/benizzio/ghostfolio-cryptogains/internal/tui/flow/model.go:129.8,131.3 1 3
github.com/benizzio/ghostfolio-cryptogains/internal/tui/flow/model.go:133.2,133.14 1 3
github.com/benizzio/ghostfolio-cryptogains/internal/tui/flow/model.go:144.32,146.2 1 0
github.com/benizzio/ghostfolio-cryptogains/internal/tui/flow/model.go:156.62,157.40 1 0
github.com/benizzio/ghostfolio-cryptogains/internal/tui/flow/model.go:158.25,161.16 3 0
github.com/benizzio/ghostfolio-cryptogains/internal/tui/flow/model.go:162.23,163.40 1 0
github.com/benizzio/ghostfolio-cryptogains/internal/tui/flow/model.go:163.40,167.4 3 0
github.com/benizzio/ghostfolio-cryptogains/internal/tui/flow/model.go:170.2,170.18 1 0
github.com/benizzio/ghostfolio-cryptogains/internal/tui/flow/model.go:171.22,172.32 1 0
github.com/benizzio/ghostfolio-cryptogains/internal/tui/flow/model.go:173.25,174.35 1 0
github.com/benizzio/ghostfolio-cryptogains/internal/tui/flow/model.go:175.31,176.41 1 0
github.com/benizzio/ghostfolio-cryptogains/internal/tui/flow/model.go:177.33,178.43 1 0
github.com/benizzio/ghostfolio-cryptogains/internal/tui/flow/model.go:179.10,180.16 1 0
github.com/benizzio/ghostfolio-cryptogains/internal/tui/flow/model.go:192.33,194.18 2 0
github.com/benizzio/ghostfolio-cryptogains/internal/tui/flow/model.go:195.22,208.5 1 0
github.com/benizzio/ghostfolio-cryptogains/internal/tui/flow/model.go:209.25,218.5 1 0
github.com/benizzio/ghostfolio-cryptogains/internal/tui/flow/model.go:219.31,232.5 1 0
github.com/benizzio/ghostfolio-cryptogains/internal/tui/flow/model.go:233.33,242.5 1 0
github.com/benizzio/ghostfolio-cryptogains/internal/tui/flow/model.go:243.10,244.16 1 0
github.com/benizzio/ghostfolio-cryptogains/internal/tui/flow/model.go:247.2,250.13 4 0
github.com/benizzio/ghostfolio-cryptogains/internal/tui/flow/model.go:261.39,263.2 1 0
github.com/benizzio/ghostfolio-cryptogains/internal/tui/flow/model.go:267.46,268.28 1 0
github.com/benizzio/ghostfolio-cryptogains/internal/tui/flow/model.go:268.28,270.3 1 0
github.com/benizzio/ghostfolio-cryptogains/internal/tui/flow/model.go:271.2,271.37 1 0
github.com/benizzio/ghostfolio-cryptogains/internal/tui/flow/model.go:276.55,282.2 1 0
github.com/benizzio/ghostfolio-cryptogains/internal/tui/flow/model.go:286.54,288.2 1 0
github.com/benizzio/ghostfolio-cryptogains/internal/tui/flow/model.go:292.54,293.17 1 0
github.com/benizzio/ghostfolio-cryptogains/internal/tui/flow/model.go:293.17,295.3 1 0
github.com/benizzio/ghostfolio-cryptogains/internal/tui/flow/model.go:296.2,299.3 1 0
github.com/benizzio/ghostfolio-cryptogains/internal/tui/flow/model.go:304.56,309.2 1 0
github.com/benizzio/ghostfolio-cryptogains/internal/tui/flow/model.go:313.40,315.28 2 0
github.com/benizzio/ghostfolio-cryptogains/internal/tui/flow/model.go:315.28,317.3 1 0
github.com/benizzio/ghostfolio-cryptogains/internal/tui/flow/model.go:318.2,318.77 1 0
github.com/benizzio/ghostfolio-cryptogains/internal/tui/flow/model.go:323.43,325.2 1 0
github.com/benizzio/ghostfolio-cryptogains/internal/tui/flow/model.go:329.39,331.2 1 0
github.com/benizzio/ghostfolio-cryptogains/internal/tui/flow/model.go:335.41,337.2 1 0
github.com/benizzio/ghostfolio-cryptogains/internal/tui/flow/model.go:341.42,342.26 1 0
github.com/benizzio/ghostfolio-cryptogains/internal/tui/flow/model.go:342.26,345.3 2 0
github.com/benizzio/ghostfolio-cryptogains/internal/tui/flow/model.go:350.95,363.19 7 3
github.com/benizzio/ghostfolio-cryptogains/internal/tui/flow/model.go:363.19,366.62 3 0
github.com/benizzio/ghostfolio-cryptogains/internal/tui/flow/model.go:366.62,368.4 1 0
github.com/benizzio/ghostfolio-cryptogains/internal/tui/flow/model.go:371.2,371.14 1 3
github.com/benizzio/ghostfolio-cryptogains/internal/tui/flow/model.go:376.31,384.2 7 3
github.com/benizzio/ghostfolio-cryptogains/internal/tui/flow/model.go:388.52,392.2 3 0
github.com/benizzio/ghostfolio-cryptogains/internal/tui/flow/model.go:396.33,403.2 6 0
github.com/benizzio/ghostfolio-cryptogains/internal/tui/flow/model.go:407.47,411.2 3 0
github.com/benizzio/ghostfolio-cryptogains/internal/tui/flow/model.go:415.74,418.21 3 0
github.com/benizzio/ghostfolio-cryptogains/internal/tui/flow/model.go:418.21,420.3 1 0
github.com/benizzio/ghostfolio-cryptogains/internal/tui/flow/model.go:425.24,427.2 1 0
github.com/benizzio/ghostfolio-cryptogains/internal/tui/flow/model.go:431.73,432.24 1 0
github.com/benizzio/ghostfolio-cryptogains/internal/tui/flow/model.go:432.24,435.3 2 0
github.com/benizzio/ghostfolio-cryptogains/internal/tui/flow/model.go:440.127,441.24 1 0
github.com/benizzio/ghostfolio-cryptogains/internal/tui/flow/model.go:441.24,446.3 1 0
github.com/benizzio/ghostfolio-cryptogains/internal/tui/flow/model.go:451.29,453.2 1 0
github.com/benizzio/ghostfolio-cryptogains/internal/tui/flow/model.go:457.46,458.67 1 0
github.com/benizzio/ghostfolio-cryptogains/internal/tui/flow/model.go:458.67,460.3 1 0
github.com/benizzio/ghostfolio-cryptogains/internal/tui/flow/model.go:461.2,461.55 1 0
github.com/benizzio/ghostfolio-cryptogains/internal/tui/flow/model.go:466.37,469.2 2 0
github.com/benizzio/ghostfolio-cryptogains/internal/tui/flow/navigation.go:13.30,15.2 1 0
github.com/benizzio/ghostfolio-cryptogains/internal/tui/flow/navigation.go:19.32,21.2 1 0
github.com/benizzio/ghostfolio-cryptogains/internal/tui/flow/navigation.go:25.33,27.2 1 0
github.com/benizzio/ghostfolio-cryptogains/internal/tui/flow/navigation.go:31.33,33.2 1 0
github.com/benizzio/ghostfolio-cryptogains/internal/tui/flow/navigation.go:37.34,39.2 1 0
github.com/benizzio/ghostfolio-cryptogains/internal/tui/flow/navigation.go:43.37,45.2 1 0
github.com/benizzio/ghostfolio-cryptogains/internal/tui/flow/navigation.go:49.32,51.2 1 0
github.com/benizzio/ghostfolio-cryptogains/internal/tui/flow/navigation.go:55.70,57.9 2 0
github.com/benizzio/ghostfolio-cryptogains/internal/tui/flow/navigation.go:57.9,59.3 1 0
github.com/benizzio/ghostfolio-cryptogains/internal/tui/flow/navigation.go:61.2,61.9 1 0
github.com/benizzio/ghostfolio-cryptogains/internal/tui/flow/navigation.go:62.51,63.29 1 0
github.com/benizzio/ghostfolio-cryptogains/internal/tui/flow/navigation.go:64.47,65.36 1 0
github.com/benizzio/ghostfolio-cryptogains/internal/tui/flow/navigation.go:66.10,67.16 1 0
github.com/benizzio/ghostfolio-cryptogains/internal/tui/flow/navigation.go:73.78,75.9 2 0
github.com/benizzio/ghostfolio-cryptogains/internal/tui/flow/navigation.go:75.9,77.3 1 0
github.com/benizzio/ghostfolio-cryptogains/internal/tui/flow/navigation.go:79.2,79.9 1 0
github.com/benizzio/ghostfolio-cryptogains/internal/tui/flow/navigation.go:80.44,81.29 1 0
github.com/benizzio/ghostfolio-cryptogains/internal/tui/flow/navigation.go:81.29,83.4 1 0
github.com/benizzio/ghostfolio-cryptogains/internal/tui/flow/navigation.go:84.46,85.54 1 0
github.com/benizzio/ghostfolio-cryptogains/internal/tui/flow/navigation.go:85.54,87.4 1 0
github.com/benizzio/ghostfolio-cryptogains/internal/tui/flow/navigation.go:88.47,89.30 1 0
github.com/benizzio/ghostfolio-cryptogains/internal/tui/flow/navigation.go:89.30,91.4 1 0
github.com/benizzio/ghostfolio-cryptogains/internal/tui/flow/navigation.go:92.3,92.20 1 0
github.com/benizzio/ghostfolio-cryptogains/internal/tui/flow/navigation.go:95.2,95.15 1 0
github.com/benizzio/ghostfolio-cryptogains/internal/tui/flow/setup_flow.go:17.67,18.40 1 0
github.com/benizzio/ghostfolio-cryptogains/internal/tui/flow/setup_flow.go:19.21,20.30 1 0
github.com/benizzio/ghostfolio-cryptogains/internal/tui/flow/setup_flow.go:20.30,23.4 2 0
github.com/benizzio/ghostfolio-cryptogains/internal/tui/flow/setup_flow.go:24.3,27.16 4 0
github.com/benizzio/ghostfolio-cryptogains/internal/tui/flow/setup_flow.go:28.23,29.27 1 0
github.com/benizzio/ghostfolio-cryptogains/internal/tui/flow/setup_flow.go:29.27,30.11 1 0
github.com/benizzio/ghostfolio-cryptogains/internal/tui/flow/setup_flow.go:31.95,34.18 3 0
github.com/benizzio/ghostfolio-cryptogains/internal/tui/flow/setup_flow.go:35.12,39.18 4 0
github.com/benizzio/ghostfolio-cryptogains/internal/tui/flow/setup_flow.go:43.3,43.10 1 0
github.com/benizzio/ghostfolio-cryptogains/internal/tui/flow/setup_flow.go:44.47,45.29 1 0
github.com/benizzio/ghostfolio-cryptogains/internal/tui/flow/setup_flow.go:45.29,47.5 1 0
github.com/benizzio/ghostfolio-cryptogains/internal/tui/flow/setup_flow.go:48.49,49.53 1 0
github.com/benizzio/ghostfolio-cryptogains/internal/tui/flow/setup_flow.go:49.53,51.5 1 0
github.com/benizzio/ghostfolio-cryptogains/internal/tui/flow/setup_flow.go:52.50,53.92 1 0
github.com/benizzio/ghostfolio-cryptogains/internal/tui/flow/setup_flow.go:53.92,58.5 4 0
github.com/benizzio/ghostfolio-cryptogains/internal/tui/flow/setup_flow.go:59.51,60.30 1 0
github.com/benizzio/ghostfolio-cryptogains/internal/tui/flow/setup_flow.go:60.30,62.5 1 0
github.com/benizzio/ghostfolio-cryptogains/internal/tui/flow/setup_flow.go:63.50,64.29 1 0
github.com/benizzio/ghostfolio-cryptogains/internal/tui/flow/setup_flow.go:65.11,70.31 5 0
github.com/benizzio/ghostfolio-cryptogains/internal/tui/flow/setup_flow.go:71.11,75.42 4 0
github.com/benizzio/ghostfolio-cryptogains/internal/tui/flow/setup_flow.go:76.11,77.26 1 0
github.com/benizzio/ghostfolio-cryptogains/internal/tui/flow/setup_flow.go:77.26,80.6 2 0
github.com/benizzio/ghostfolio-cryptogains/internal/tui/flow/setup_flow.go:82.5,88.19 2 0
github.com/benizzio/ghostfolio-cryptogains/internal/tui/flow/setup_flow.go:88.19,91.6 2 0
github.com/benizzio/ghostfolio-cryptogains/internal/tui/flow/setup_flow.go:93.5,94.37 2 0
github.com/benizzio/ghostfolio-cryptogains/internal/tui/flow/setup_flow.go:99.2,99.15 1 0
github.com/benizzio/ghostfolio-cryptogains/internal/tui/flow/sync_flow.go:20.76,21.40 1 0
github.com/benizzio/ghostfolio-cryptogains/internal/tui/flow/sync_flow.go:22.29,23.47 1 0
github.com/benizzio/ghostfolio-cryptogains/internal/tui/flow/sync_flow.go:23.47,25.4 1 0
github.com/benizzio/ghostfolio-cryptogains/internal/tui/flow/sync_flow.go:26.3,32.16 7 0
github.com/benizzio/ghostfolio-cryptogains/internal/tui/flow/sync_flow.go:33.23,34.19 1 0
github.com/benizzio/ghostfolio-cryptogains/internal/tui/flow/sync_flow.go:34.19,36.4 1 0
github.com/benizzio/ghostfolio-cryptogains/internal/tui/flow/sync_flow.go:37.3,39.16 3 0
github.com/benizzio/ghostfolio-cryptogains/internal/tui/flow/sync_flow.go:40.23,41.18 1 0
github.com/benizzio/ghostfolio-cryptogains/internal/tui/flow/sync_flow.go:41.18,43.4 1 0
github.com/benizzio/ghostfolio-cryptogains/internal/tui/flow/sync_flow.go:45.3,45.26 1 0
github.com/benizzio/ghostfolio-cryptogains/internal/tui/flow/sync_flow.go:45.26,46.11 1 0
github.com/benizzio/ghostfolio-cryptogains/internal/tui/flow/sync_flow.go:47.95,50.18 3 0
github.com/benizzio/ghostfolio-cryptogains/internal/tui/flow/sync_flow.go:51.12,55.18 4 0
github.com/benizzio/ghostfolio-cryptogains/internal/tui/flow/sync_flow.go:59.3,59.10 1 0
github.com/benizzio/ghostfolio-cryptogains/internal/tui/flow/sync_flow.go:60.47,61.28 1 0
github.com/benizzio/ghostfolio-cryptogains/internal/tui/flow/sync_flow.go:61.28,63.5 1 0
github.com/benizzio/ghostfolio-cryptogains/internal/tui/flow/sync_flow.go:64.49,65.51 1 0
github.com/benizzio/ghostfolio-cryptogains/internal/tui/flow/sync_flow.go:65.51,67.5 1 0
github.com/benizzio/ghostfolio-cryptogains/internal/tui/flow/sync_flow.go:68.50,70.39 2 0
github.com/benizzio/ghostfolio-cryptogains/internal/tui/flow/sync_flow.go:71.50,72.28 1 0
github.com/benizzio/ghostfolio-cryptogains/internal/tui/flow/sync_flow.go:73.11,74.31 1 0
github.com/benizzio/ghostfolio-cryptogains/internal/tui/flow/sync_flow.go:74.31,76.6 1 0
github.com/benizzio/ghostfolio-cryptogains/internal/tui/flow/sync_flow.go:78.5,79.20 2 0
github.com/benizzio/ghostfolio-cryptogains/internal/tui/flow/sync_flow.go:79.20,82.6 2 0
github.com/benizzio/ghostfolio-cryptogains/internal/tui/flow/sync_flow.go:84.5,92.109 8 0
github.com/benizzio/ghostfolio-cryptogains/internal/tui/flow/sync_flow.go:93.11,95.22 2 0
github.com/benizzio/ghostfolio-cryptogains/internal/tui/flow/sync_flow.go:100.2,100.15 1 0
github.com/benizzio/ghostfolio-cryptogains/internal/tui/screen/main_menu_screen.go:38.61,55.2 2 0
github.com/benizzio/ghostfolio-cryptogains/internal/tui/screen/setup_screen.go:42.55,48.28 2 0
github.com/benizzio/ghostfolio-cryptogains/internal/tui/screen/setup_screen.go:48.28,53.3 1 0
github.com/benizzio/ghostfolio-cryptogains/internal/tui/screen/setup_screen.go:54.2,54.38 1 0
github.com/benizzio/ghostfolio-cryptogains/internal/tui/screen/setup_screen.go:54.38,56.3 1 0
github.com/benizzio/ghostfolio-cryptogains/internal/tui/screen/setup_screen.go:58.2,59.36 2 0
github.com/benizzio/ghostfolio-cryptogains/internal/tui/screen/setup_screen.go:59.36,61.3 1 0
github.com/benizzio/ghostfolio-cryptogains/internal/tui/screen/setup_screen.go:62.2,62.21 1 0
github.com/benizzio/ghostfolio-cryptogains/internal/tui/screen/setup_screen.go:62.21,64.3 1 0
github.com/benizzio/ghostfolio-cryptogains/internal/tui/screen/setup_screen.go:66.2,75.3 1 0
github.com/benizzio/ghostfolio-cryptogains/internal/tui/screen/sync_validation_screen.go:44.73,51.17 2 0
github.com/benizzio/ghostfolio-cryptogains/internal/tui/screen/sync_validation_screen.go:51.17,53.3 1 0
github.com/benizzio/ghostfolio-cryptogains/internal/tui/screen/sync_validation_screen.go:53.8,55.3 1 0
github.com/benizzio/ghostfolio-cryptogains/internal/tui/screen/sync_validation_screen.go:57.2,58.36 2 0
github.com/benizzio/ghostfolio-cryptogains/internal/tui/screen/sync_validation_screen.go:58.36,60.3 1 0
github.com/benizzio/ghostfolio-cryptogains/internal/tui/screen/sync_validation_screen.go:62.2,71.3 1 0
github.com/benizzio/ghostfolio-cryptogains/internal/tui/screen/validation_result_screen.go:41.77,43.29 2 0
github.com/benizzio/ghostfolio-cryptogains/internal/tui/screen/validation_result_screen.go:43.29,45.3 1 0
github.com/benizzio/ghostfolio-cryptogains/internal/tui/screen/validation_result_screen.go:47.2,64.3 2 0
github.com/benizzio/ghostfolio-cryptogains/cmd/ghostfolio-cryptogains/main.go:23.84,25.2 1 0
github.com/benizzio/ghostfolio-cryptogains/cmd/ghostfolio-cryptogains/main.go:33.13,34.30 1 0
github.com/benizzio/ghostfolio-cryptogains/cmd/ghostfolio-cryptogains/main.go:34.30,37.3 2 0
github.com/benizzio/ghostfolio-cryptogains/cmd/ghostfolio-cryptogains/main.go:41.18,43.16 2 0
github.com/benizzio/ghostfolio-cryptogains/cmd/ghostfolio-cryptogains/main.go:43.16,45.3 1 0
github.com/benizzio/ghostfolio-cryptogains/cmd/ghostfolio-cryptogains/main.go:47.2,49.16 3 0
github.com/benizzio/ghostfolio-cryptogains/cmd/ghostfolio-cryptogains/main.go:49.16,51.3 1 0
github.com/benizzio/ghostfolio-cryptogains/cmd/ghostfolio-cryptogains/main.go:53.2,55.16 3 0
github.com/benizzio/ghostfolio-cryptogains/cmd/ghostfolio-cryptogains/main.go:55.16,57.3 1 0
github.com/benizzio/ghostfolio-cryptogains/cmd/ghostfolio-cryptogains/main.go:59.2,70.12 3 0
github.com/benizzio/ghostfolio-cryptogains/internal/app/bootstrap/options.go:46.31,52.2 1 0
github.com/benizzio/ghostfolio-cryptogains/internal/app/bootstrap/options.go:66.51,77.42 9 0
github.com/benizzio/ghostfolio-cryptogains/internal/app/bootstrap/options.go:77.42,79.3 1 0
github.com/benizzio/ghostfolio-cryptogains/internal/app/bootstrap/options.go:81.2,82.16 2 0
github.com/benizzio/ghostfolio-cryptogains/internal/app/bootstrap/options.go:82.16,84.3 1 0
github.com/benizzio/ghostfolio-cryptogains/internal/app/bootstrap/options.go:85.2,85.24 1 0
github.com/benizzio/ghostfolio-cryptogains/internal/app/bootstrap/options.go:85.24,87.3 1 0
github.com/benizzio/ghostfolio-cryptogains/internal/app/bootstrap/options.go:89.2,90.18 2 0
github.com/benizzio/ghostfolio-cryptogains/internal/app/bootstrap/startup.go:47.119,49.16 2 0
github.com/benizzio/ghostfolio-cryptogains/internal/app/bootstrap/startup.go:49.16,50.46 1 0
github.com/benizzio/ghostfolio-cryptogains/internal/app/bootstrap/startup.go:50.46,52.4 1 0
github.com/benizzio/ghostfolio-cryptogains/internal/app/bootstrap/startup.go:53.3,53.69 1 0
github.com/benizzio/ghostfolio-cryptogains/internal/app/bootstrap/startup.go:56.2,56.66 1 0
github.com/benizzio/ghostfolio-cryptogains/internal/app/bootstrap/startup.go:56.66,58.3 1 0
github.com/benizzio/ghostfolio-cryptogains/internal/app/bootstrap/startup.go:60.2,60.49 1 0
github.com/benizzio/ghostfolio-cryptogains/internal/app/runtime/runtime.go:43.51,45.25 2 0
github.com/benizzio/ghostfolio-cryptogains/internal/app/runtime/runtime.go:45.25,47.17 2 0
github.com/benizzio/ghostfolio-cryptogains/internal/app/runtime/runtime.go:47.17,49.4 1 0
github.com/benizzio/ghostfolio-cryptogains/internal/app/runtime/runtime.go:50.3,50.32 1 0
github.com/benizzio/ghostfolio-cryptogains/internal/app/runtime/runtime.go:53.2,60.8 3 0
github.com/benizzio/ghostfolio-cryptogains/internal/app/runtime/sync_service.go:124.96,126.2 1 0
github.com/benizzio/ghostfolio-cryptogains/internal/app/runtime/sync_service.go:136.128,153.16 7 0
github.com/benizzio/ghostfolio-cryptogains/internal/app/runtime/sync_service.go:153.16,155.3 1 0
github.com/benizzio/ghostfolio-cryptogains/internal/app/runtime/sync_service.go:156.2,156.69 1 0
github.com/benizzio/ghostfolio-cryptogains/internal/app/runtime/sync_service.go:156.69,158.3 1 0
github.com/benizzio/ghostfolio-cryptogains/internal/app/runtime/sync_service.go:160.2,165.21 5 0
github.com/benizzio/ghostfolio-cryptogains/internal/app/runtime/sync_service.go:165.21,167.3 1 0
github.com/benizzio/ghostfolio-cryptogains/internal/app/runtime/sync_service.go:169.2,170.81 2 0
github.com/benizzio/ghostfolio-cryptogains/internal/app/runtime/sync_service.go:170.81,172.3 1 0
github.com/benizzio/ghostfolio-cryptogains/internal/app/runtime/sync_service.go:174.2,184.3 4 0
github.com/benizzio/ghostfolio-cryptogains/internal/app/runtime/sync_service.go:189.111,195.37 5 0
github.com/benizzio/ghostfolio-cryptogains/internal/app/runtime/sync_service.go:195.37,197.3 1 0
github.com/benizzio/ghostfolio-cryptogains/internal/app/runtime/sync_service.go:198.2,208.3 3 0
github.com/benizzio/ghostfolio-cryptogains/internal/app/runtime/sync_service.go:213.121,228.2 6 0
github.com/benizzio/ghostfolio-cryptogains/internal/app/runtime/sync_service.go:232.54,235.2 2 0
github.com/benizzio/ghostfolio-cryptogains/internal/config/model/app_setup_config.go:74.113,76.16 2 0
github.com/benizzio/ghostfolio-cryptogains/internal/config/model/app_setup_config.go:76.16,78.3 1 0
github.com/benizzio/ghostfolio-cryptogains/internal/config/model/app_setup_config.go:80.2,80.85 1 0
github.com/benizzio/ghostfolio-cryptogains/internal/config/model/app_setup_config.go:80.85,82.3 1 0
github.com/benizzio/ghostfolio-cryptogains/internal/config/model/app_setup_config.go:84.2,91.8 1 0
github.com/benizzio/ghostfolio-cryptogains/internal/config/model/app_setup_config.go:105.71,106.26 1 0
github.com/benizzio/ghostfolio-cryptogains/internal/config/model/app_setup_config.go:106.26,108.3 1 0
github.com/benizzio/ghostfolio-cryptogains/internal/config/model/app_setup_config.go:109.2,109.22 1 0
github.com/benizzio/ghostfolio-cryptogains/internal/config/model/app_setup_config.go:109.22,111.3 1 0
github.com/benizzio/ghostfolio-cryptogains/internal/config/model/app_setup_config.go:112.2,112.89 1 0
github.com/benizzio/ghostfolio-cryptogains/internal/config/model/app_setup_config.go:112.89,114.3 1 0
github.com/benizzio/ghostfolio-cryptogains/internal/config/model/app_setup_config.go:115.2,115.26 1 0
github.com/benizzio/ghostfolio-cryptogains/internal/config/model/app_setup_config.go:115.26,117.3 1 0
github.com/benizzio/ghostfolio-cryptogains/internal/config/model/app_setup_config.go:119.2,120.16 2 0
github.com/benizzio/ghostfolio-cryptogains/internal/config/model/app_setup_config.go:120.16,122.3 1 0
github.com/benizzio/ghostfolio-cryptogains/internal/config/model/app_setup_config.go:123.2,123.40 1 0
github.com/benizzio/ghostfolio-cryptogains/internal/config/model/app_setup_config.go:123.40,125.3 1 0
github.com/benizzio/ghostfolio-cryptogains/internal/config/model/app_setup_config.go:126.2,126.68 1 0
github.com/benizzio/ghostfolio-cryptogains/internal/config/model/app_setup_config.go:126.68,128.3 1 0
github.com/benizzio/ghostfolio-cryptogains/internal/config/model/app_setup_config.go:130.2,130.12 1 0
github.com/benizzio/ghostfolio-cryptogains/internal/config/model/app_setup_config.go:144.75,146.19 2 0
github.com/benizzio/ghostfolio-cryptogains/internal/config/model/app_setup_config.go:146.19,148.3 1 0
github.com/benizzio/ghostfolio-cryptogains/internal/config/model/app_setup_config.go:150.2,151.16 2 0
github.com/benizzio/ghostfolio-cryptogains/internal/config/model/app_setup_config.go:151.16,153.3 1 0
github.com/benizzio/ghostfolio-cryptogains/internal/config/model/app_setup_config.go:154.2,154.87 1 0
github.com/benizzio/ghostfolio-cryptogains/internal/config/model/app_setup_config.go:154.87,156.3 1 0
github.com/benizzio/ghostfolio-cryptogains/internal/config/model/app_setup_config.go:157.2,157.57 1 0
github.com/benizzio/ghostfolio-cryptogains/internal/config/model/app_setup_config.go:157.57,159.3 1 0
github.com/benizzio/ghostfolio-cryptogains/internal/config/model/app_setup_config.go:160.2,160.92 1 0
github.com/benizzio/ghostfolio-cryptogains/internal/config/model/app_setup_config.go:160.92,162.3 1 0
github.com/benizzio/ghostfolio-cryptogains/internal/config/model/app_setup_config.go:164.2,165.62 2 0
github.com/benizzio/ghostfolio-cryptogains/internal/config/model/app_setup_config.go:165.62,167.3 1 0
github.com/benizzio/ghostfolio-cryptogains/internal/config/model/app_setup_config.go:169.2,170.20 2 0
github.com/benizzio/ghostfolio-cryptogains/internal/config/model/app_setup_config.go:170.20,172.3 1 0
github.com/benizzio/ghostfolio-cryptogains/internal/config/model/app_setup_config.go:174.2,175.45 2 0
github.com/benizzio/ghostfolio-cryptogains/internal/config/model/app_setup_config.go:175.45,177.3 1 0
github.com/benizzio/ghostfolio-cryptogains/internal/config/model/app_setup_config.go:179.2,179.61 1 0
github.com/benizzio/ghostfolio-cryptogains/internal/config/store/json_store.go:36.78,38.2 1 0
github.com/benizzio/ghostfolio-cryptogains/internal/config/store/json_store.go:70.52,74.2 1 0
github.com/benizzio/ghostfolio-cryptogains/internal/config/store/json_store.go:84.35,86.2 1 0
github.com/benizzio/ghostfolio-cryptogains/internal/config/store/json_store.go:99.81,101.16 2 0
github.com/benizzio/ghostfolio-cryptogains/internal/config/store/json_store.go:101.16,102.37 1 0
github.com/benizzio/ghostfolio-cryptogains/internal/config/store/json_store.go:102.37,104.4 1 0
github.com/benizzio/ghostfolio-cryptogains/internal/config/store/json_store.go:105.3,105.78 1 0
github.com/benizzio/ghostfolio-cryptogains/internal/config/store/json_store.go:108.2,109.53 2 0
github.com/benizzio/ghostfolio-cryptogains/internal/config/store/json_store.go:109.53,111.3 1 0
github.com/benizzio/ghostfolio-cryptogains/internal/config/store/json_store.go:113.2,113.20 1 0
github.com/benizzio/ghostfolio-cryptogains/internal/config/store/json_store.go:127.86,128.50 1 0
github.com/benizzio/ghostfolio-cryptogains/internal/config/store/json_store.go:128.50,130.3 1 0
[...]
github.com/benizzio/ghostfolio-cryptogains/internal/ghostfolio/client/client.go:236.55,238.16 2 0
github.com/benizzio/ghostfolio-cryptogains/internal/ghostfolio/client/client.go:238.16,240.3 1 0
github.com/benizzio/ghostfolio-cryptogains/internal/ghostfolio/client/client.go:241.2,241.78 1 0
github.com/benizzio/ghostfolio-cryptogains/internal/ghostfolio/client/client.go:241.78,243.3 1 0
github.com/benizzio/ghostfolio-cryptogains/internal/ghostfolio/client/client.go:244.2,244.64 1 0
github.com/benizzio/ghostfolio-cryptogains/internal/ghostfolio/client/client.go:249.41,251.2 1 0
github.com/benizzio/ghostfolio-cryptogains/internal/ghostfolio/validator/response_validator.go:25.60,26.49 1 0
github.com/benizzio/ghostfolio-cryptogains/internal/ghostfolio/validator/response_validator.go:26.49,28.3 1 0
github.com/benizzio/ghostfolio-cryptogains/internal/ghostfolio/validator/response_validator.go:29.2,29.12 1 0
github.com/benizzio/ghostfolio-cryptogains/internal/ghostfolio/validator/response_validator.go:43.82,44.24 1 0
github.com/benizzio/ghostfolio-cryptogains/internal/ghostfolio/validator/response_validator.go:44.24,46.3 1 0
github.com/benizzio/ghostfolio-cryptogains/internal/ghostfolio/validator/response_validator.go:47.2,47.34 1 0
github.com/benizzio/ghostfolio-cryptogains/internal/ghostfolio/validator/response_validator.go:47.34,49.3 1 0
github.com/benizzio/ghostfolio-cryptogains/internal/ghostfolio/validator/response_validator.go:50.2,50.57 1 0
github.com/benizzio/ghostfolio-cryptogains/internal/ghostfolio/validator/response_validator.go:50.57,52.3 1 0
github.com/benizzio/ghostfolio-cryptogains/internal/ghostfolio/validator/response_validator.go:53.2,53.57 1 0
github.com/benizzio/ghostfolio-cryptogains/internal/ghostfolio/validator/response_validator.go:53.57,55.3 1 0
github.com/benizzio/ghostfolio-cryptogains/internal/ghostfolio/validator/response_validator.go:57.2,57.35 1 0
github.com/benizzio/ghostfolio-cryptogains/internal/ghostfolio/validator/response_validator.go:57.35,59.3 1 0
github.com/benizzio/ghostfolio-cryptogains/internal/ghostfolio/validator/response_validator.go:61.2,62.39 2 0
github.com/benizzio/ghostfolio-cryptogains/internal/ghostfolio/validator/response_validator.go:62.39,64.3 1 0
github.com/benizzio/ghostfolio-cryptogains/internal/ghostfolio/validator/response_validator.go:65.2,65.41 1 0
github.com/benizzio/ghostfolio-cryptogains/internal/ghostfolio/validator/response_validator.go:65.41,67.3 1 0
github.com/benizzio/ghostfolio-cryptogains/internal/ghostfolio/validator/response_validator.go:68.2,68.41 1 0
github.com/benizzio/ghostfolio-cryptogains/internal/ghostfolio/validator/response_validator.go:68.41,70.3 1 0
github.com/benizzio/ghostfolio-cryptogains/internal/ghostfolio/validator/response_validator.go:71.2,71.64 1 0
github.com/benizzio/ghostfolio-cryptogains/internal/ghostfolio/validator/response_validator.go:71.64,73.3 1 0
github.com/benizzio/ghostfolio-cryptogains/internal/ghostfolio/validator/response_validator.go:75.2,75.12 1 0
github.com/benizzio/ghostfolio-cryptogains/internal/support/redact/redact.go:19.51,21.33 2 0
github.com/benizzio/ghostfolio-cryptogains/internal/support/redact/redact.go:21.33,22.38 1 0
github.com/benizzio/ghostfolio-cryptogains/internal/support/redact/redact.go:22.38,23.12 1 0
github.com/benizzio/ghostfolio-cryptogains/internal/support/redact/redact.go:25.3,25.63 1 0
github.com/benizzio/ghostfolio-cryptogains/internal/support/redact/redact.go:27.2,27.17 1 0
github.com/benizzio/ghostfolio-cryptogains/internal/support/redact/redact.go:38.53,39.16 1 0
github.com/benizzio/ghostfolio-cryptogains/internal/support/redact/redact.go:39.16,41.3 1 0
github.com/benizzio/ghostfolio-cryptogains/internal/support/redact/redact.go:42.2,42.38 1 0
github.com/benizzio/ghostfolio-cryptogains/internal/support/redact/redact.go:52.33,53.18 1 0
github.com/benizzio/ghostfolio-cryptogains/internal/support/redact/redact.go:53.18,55.3 1 0
github.com/benizzio/ghostfolio-cryptogains/internal/support/redact/redact.go:56.2,56.20 1 0
github.com/benizzio/ghostfolio-cryptogains/internal/tui/component/help.go:28.45,30.2 1 9
github.com/benizzio/ghostfolio-cryptogains/internal/tui/component/help.go:34.46,36.2 1 0
github.com/benizzio/ghostfolio-cryptogains/internal/tui/component/help.go:47.54,48.16 1 9
github.com/benizzio/ghostfolio-cryptogains/internal/tui/component/help.go:48.16,50.3 1 0
github.com/benizzio/ghostfolio-cryptogains/internal/tui/component/help.go:51.2,53.52 3 9
github.com/benizzio/ghostfolio-cryptogains/internal/tui/component/layout.go:33.69,35.33 2 4
github.com/benizzio/ghostfolio-cryptogains/internal/tui/component/layout.go:35.33,38.24 3 8
github.com/benizzio/ghostfolio-cryptogains/internal/tui/component/layout.go:38.24,41.4 2 4
github.com/benizzio/ghostfolio-cryptogains/internal/tui/component/layout.go:42.3,42.20 1 8
github.com/benizzio/ghostfolio-cryptogains/internal/tui/component/layout.go:42.20,45.4 2 0
github.com/benizzio/ghostfolio-cryptogains/internal/tui/component/layout.go:47.3,48.29 2 8
github.com/benizzio/ghostfolio-cryptogains/internal/tui/component/layout.go:48.29,50.4 1 0
github.com/benizzio/ghostfolio-cryptogains/internal/tui/component/layout.go:51.3,51.44 1 8
github.com/benizzio/ghostfolio-cryptogains/internal/tui/component/layout.go:53.2,53.34 1 4
github.com/benizzio/ghostfolio-cryptogains/internal/tui/component/layout.go:65.136,66.16 1 4
github.com/benizzio/ghostfolio-cryptogains/internal/tui/component/layout.go:66.16,68.3 1 0
github.com/benizzio/ghostfolio-cryptogains/internal/tui/component/layout.go:69.2,69.17 1 4
github.com/benizzio/ghostfolio-cryptogains/internal/tui/component/layout.go:69.17,71.3 1 0
github.com/benizzio/ghostfolio-cryptogains/internal/tui/component/layout.go:73.2,79.78 6 4
github.com/benizzio/ghostfolio-cryptogains/internal/tui/component/theme.go:39.27,64.2 2 13
github.com/benizzio/ghostfolio-cryptogains/internal/tui/flow/model.go:114.41,125.38 4 13
github.com/benizzio/ghostfolio-cryptogains/internal/tui/flow/model.go:125.38,129.3 3 10
github.com/benizzio/ghostfolio-cryptogains/internal/tui/flow/model.go:129.8,131.3 1 3
github.com/benizzio/ghostfolio-cryptogains/internal/tui/flow/model.go:133.2,133.14 1 13
github.com/benizzio/ghostfolio-cryptogains/internal/tui/flow/model.go:144.32,146.2 1 1
github.com/benizzio/ghostfolio-cryptogains/internal/tui/flow/model.go:156.62,157.40 1 49
github.com/benizzio/ghostfolio-cryptogains/internal/tui/flow/model.go:158.25,161.16 3 1
github.com/benizzio/ghostfolio-cryptogains/internal/tui/flow/model.go:162.23,163.40 1 36
github.com/benizzio/ghostfolio-cryptogains/internal/tui/flow/model.go:163.40,167.4 3 1
github.com/benizzio/ghostfolio-cryptogains/internal/tui/flow/model.go:170.2,170.18 1 47
github.com/benizzio/ghostfolio-cryptogains/internal/tui/flow/model.go:171.22,172.32 1 18
github.com/benizzio/ghostfolio-cryptogains/internal/tui/flow/model.go:173.25,174.35 1 5
github.com/benizzio/ghostfolio-cryptogains/internal/tui/flow/model.go:175.31,176.41 1 17
github.com/benizzio/ghostfolio-cryptogains/internal/tui/flow/model.go:177.33,178.43 1 6
github.com/benizzio/ghostfolio-cryptogains/internal/tui/flow/model.go:179.10,180.16 1 1
github.com/benizzio/ghostfolio-cryptogains/internal/tui/flow/model.go:192.33,194.18 2 5
github.com/benizzio/ghostfolio-cryptogains/internal/tui/flow/model.go:195.22,208.5 1 1
github.com/benizzio/ghostfolio-cryptogains/internal/tui/flow/model.go:209.25,218.5 1 1
github.com/benizzio/ghostfolio-cryptogains/internal/tui/flow/model.go:219.31,232.5 1 1
github.com/benizzio/ghostfolio-cryptogains/internal/tui/flow/model.go:233.33,242.5 1 1
github.com/benizzio/ghostfolio-cryptogains/internal/tui/flow/model.go:243.10,244.16 1 1
github.com/benizzio/ghostfolio-cryptogains/internal/tui/flow/model.go:247.2,250.13 4 5
github.com/benizzio/ghostfolio-cryptogains/internal/tui/flow/model.go:261.39,263.2 1 1
github.com/benizzio/ghostfolio-cryptogains/internal/tui/flow/model.go:267.46,268.28 1 3
github.com/benizzio/ghostfolio-cryptogains/internal/tui/flow/model.go:268.28,270.3 1 1
github.com/benizzio/ghostfolio-cryptogains/internal/tui/flow/model.go:271.2,271.37 1 2
github.com/benizzio/ghostfolio-cryptogains/internal/tui/flow/model.go:276.55,282.2 1 4
github.com/benizzio/ghostfolio-cryptogains/internal/tui/flow/model.go:286.54,288.2 1 2
github.com/benizzio/ghostfolio-cryptogains/internal/tui/flow/model.go:292.54,293.17 1 6
github.com/benizzio/ghostfolio-cryptogains/internal/tui/flow/model.go:293.17,295.3 1 1
github.com/benizzio/ghostfolio-cryptogains/internal/tui/flow/model.go:296.2,299.3 1 5
github.com/benizzio/ghostfolio-cryptogains/internal/tui/flow/model.go:304.56,309.2 1 3
github.com/benizzio/ghostfolio-cryptogains/internal/tui/flow/model.go:313.40,315.28 2 3
github.com/benizzio/ghostfolio-cryptogains/internal/tui/flow/model.go:315.28,317.3 1 1
github.com/benizzio/ghostfolio-cryptogains/internal/tui/flow/model.go:318.2,318.77 1 3
github.com/benizzio/ghostfolio-cryptogains/internal/tui/flow/model.go:323.43,325.2 1 2
github.com/benizzio/ghostfolio-cryptogains/internal/tui/flow/model.go:329.39,331.2 1 2
github.com/benizzio/ghostfolio-cryptogains/internal/tui/flow/model.go:335.41,337.2 1 2
github.com/benizzio/ghostfolio-cryptogains/internal/tui/flow/model.go:341.42,342.26 1 3
github.com/benizzio/ghostfolio-cryptogains/internal/tui/flow/model.go:342.26,345.3 2 1
github.com/benizzio/ghostfolio-cryptogains/internal/tui/flow/model.go:350.95,363.19 7 16
github.com/benizzio/ghostfolio-cryptogains/internal/tui/flow/model.go:363.19,366.62 3 2
github.com/benizzio/ghostfolio-cryptogains/internal/tui/flow/model.go:366.62,368.4 1 1
github.com/benizzio/ghostfolio-cryptogains/internal/tui/flow/model.go:371.2,371.14 1 16
github.com/benizzio/ghostfolio-cryptogains/internal/tui/flow/model.go:376.31,384.2 7 22
github.com/benizzio/ghostfolio-cryptogains/internal/tui/flow/model.go:388.52,392.2 3 3
github.com/benizzio/ghostfolio-cryptogains/internal/tui/flow/model.go:396.33,403.2 6 6
github.com/benizzio/ghostfolio-cryptogains/internal/tui/flow/model.go:407.47,411.2 3 3
github.com/benizzio/ghostfolio-cryptogains/internal/tui/flow/model.go:415.74,418.21 3 3
github.com/benizzio/ghostfolio-cryptogains/internal/tui/flow/model.go:418.21,420.3 1 2
github.com/benizzio/ghostfolio-cryptogains/internal/tui/flow/model.go:425.24,427.2 1 2
github.com/benizzio/ghostfolio-cryptogains/internal/tui/flow/model.go:431.73,432.24 1 1
github.com/benizzio/ghostfolio-cryptogains/internal/tui/flow/model.go:432.24,435.3 2 1
github.com/benizzio/ghostfolio-cryptogains/internal/tui/flow/model.go:440.127,441.24 1 1
github.com/benizzio/ghostfolio-cryptogains/internal/tui/flow/model.go:441.24,446.3 1 1
github.com/benizzio/ghostfolio-cryptogains/internal/tui/flow/model.go:451.29,453.2 1 2
github.com/benizzio/ghostfolio-cryptogains/internal/tui/flow/model.go:457.46,458.67 1 12
github.com/benizzio/ghostfolio-cryptogains/internal/tui/flow/model.go:458.67,460.3 1 6
github.com/benizzio/ghostfolio-cryptogains/internal/tui/flow/model.go:461.2,461.55 1 6
github.com/benizzio/ghostfolio-cryptogains/internal/tui/flow/model.go:466.37,469.2 2 9
github.com/benizzio/ghostfolio-cryptogains/internal/tui/flow/navigation.go:13.30,15.2 1 32
github.com/benizzio/ghostfolio-cryptogains/internal/tui/flow/navigation.go:19.32,21.2 1 27
github.com/benizzio/ghostfolio-cryptogains/internal/tui/flow/navigation.go:25.33,27.2 1 22
github.com/benizzio/ghostfolio-cryptogains/internal/tui/flow/navigation.go:31.33,33.2 1 23
github.com/benizzio/ghostfolio-cryptogains/internal/tui/flow/navigation.go:37.34,39.2 1 9
github.com/benizzio/ghostfolio-cryptogains/internal/tui/flow/navigation.go:43.37,45.2 1 5
github.com/benizzio/ghostfolio-cryptogains/internal/tui/flow/navigation.go:49.32,51.2 1 9
github.com/benizzio/ghostfolio-cryptogains/internal/tui/flow/navigation.go:55.70,57.9 2 5
github.com/benizzio/ghostfolio-cryptogains/internal/tui/flow/navigation.go:57.9,59.3 1 2
github.com/benizzio/ghostfolio-cryptogains/internal/tui/flow/navigation.go:61.2,61.9 1 3
github.com/benizzio/ghostfolio-cryptogains/internal/tui/flow/navigation.go:62.51,63.29 1 1
github.com/benizzio/ghostfolio-cryptogains/internal/tui/flow/navigation.go:64.47,65.36 1 1
github.com/benizzio/ghostfolio-cryptogains/internal/tui/flow/navigation.go:66.10,67.16 1 1
github.com/benizzio/ghostfolio-cryptogains/internal/tui/flow/navigation.go:73.78,75.9 2 6
github.com/benizzio/ghostfolio-cryptogains/internal/tui/flow/navigation.go:75.9,77.3 1 1
github.com/benizzio/ghostfolio-cryptogains/internal/tui/flow/navigation.go:79.2,79.9 1 5
github.com/benizzio/ghostfolio-cryptogains/internal/tui/flow/navigation.go:80.44,81.29 1 2
github.com/benizzio/ghostfolio-cryptogains/internal/tui/flow/navigation.go:81.29,83.4 1 1
github.com/benizzio/ghostfolio-cryptogains/internal/tui/flow/navigation.go:84.46,85.54 1 1
github.com/benizzio/ghostfolio-cryptogains/internal/tui/flow/navigation.go:85.54,87.4 1 1
github.com/benizzio/ghostfolio-cryptogains/internal/tui/flow/navigation.go:88.47,89.30 1 2
github.com/benizzio/ghostfolio-cryptogains/internal/tui/flow/navigation.go:89.30,91.4 1 1
github.com/benizzio/ghostfolio-cryptogains/internal/tui/flow/navigation.go:92.3,92.20 1 1
github.com/benizzio/ghostfolio-cryptogains/internal/tui/flow/navigation.go:95.2,95.15 1 4
github.com/benizzio/ghostfolio-cryptogains/internal/tui/flow/setup_flow.go:17.67,18.40 1 18
github.com/benizzio/ghostfolio-cryptogains/internal/tui/flow/setup_flow.go:19.21,20.30 1 3
github.com/benizzio/ghostfolio-cryptogains/internal/tui/flow/setup_flow.go:20.30,23.4 2 1
github.com/benizzio/ghostfolio-cryptogains/internal/tui/flow/setup_flow.go:24.3,27.16 4 2
github.com/benizzio/ghostfolio-cryptogains/internal/tui/flow/setup_flow.go:28.23,29.27 1 14
github.com/benizzio/ghostfolio-cryptogains/internal/tui/flow/setup_flow.go:29.27,30.11 1 4
github.com/benizzio/ghostfolio-cryptogains/internal/tui/flow/setup_flow.go:31.95,34.18 3 3
github.com/benizzio/ghostfolio-cryptogains/internal/tui/flow/setup_flow.go:35.12,39.18 4 1
github.com/benizzio/ghostfolio-cryptogains/internal/tui/flow/setup_flow.go:43.3,43.10 1 10
github.com/benizzio/ghostfolio-cryptogains/internal/tui/flow/setup_flow.go:44.47,45.29 1 1
github.com/benizzio/ghostfolio-cryptogains/internal/tui/flow/setup_flow.go:45.29,47.5 1 1
github.com/benizzio/ghostfolio-cryptogains/internal/tui/flow/setup_flow.go:48.49,49.53 1 2
github.com/benizzio/ghostfolio-cryptogains/internal/tui/flow/setup_flow.go:49.53,51.5 1 2
github.com/benizzio/ghostfolio-cryptogains/internal/tui/flow/setup_flow.go:52.50,53.92 1 1
github.com/benizzio/ghostfolio-cryptogains/internal/tui/flow/setup_flow.go:53.92,58.5 4 1
github.com/benizzio/ghostfolio-cryptogains/internal/tui/flow/setup_flow.go:59.51,60.30 1 1
github.com/benizzio/ghostfolio-cryptogains/internal/tui/flow/setup_flow.go:60.30,62.5 1 1
github.com/benizzio/ghostfolio-cryptogains/internal/tui/flow/setup_flow.go:63.50,64.29 1 5
github.com/benizzio/ghostfolio-cryptogains/internal/tui/flow/setup_flow.go:65.11,70.31 5 1
github.com/benizzio/ghostfolio-cryptogains/internal/tui/flow/setup_flow.go:71.11,75.42 4 1
github.com/benizzio/ghostfolio-cryptogains/internal/tui/flow/setup_flow.go:76.11,77.26 1 3
github.com/benizzio/ghostfolio-cryptogains/internal/tui/flow/setup_flow.go:77.26,80.6 2 1
github.com/benizzio/ghostfolio-cryptogains/internal/tui/flow/setup_flow.go:82.5,88.19 2 2
github.com/benizzio/ghostfolio-cryptogains/internal/tui/flow/setup_flow.go:88.19,91.6 2 1
github.com/benizzio/ghostfolio-cryptogains/internal/tui/flow/setup_flow.go:93.5,94.37 2 1
github.com/benizzio/ghostfolio-cryptogains/internal/tui/flow/setup_flow.go:99.2,99.15 1 6
github.com/benizzio/ghostfolio-cryptogains/internal/tui/flow/sync_flow.go:20.76,21.40 1 17
github.com/benizzio/ghostfolio-cryptogains/internal/tui/flow/sync_flow.go:22.29,23.47 1 2
github.com/benizzio/ghostfolio-cryptogains/internal/tui/flow/sync_flow.go:23.47,25.4 1 1
github.com/benizzio/ghostfolio-cryptogains/internal/tui/flow/sync_flow.go:26.3,32.16 7 1
github.com/benizzio/ghostfolio-cryptogains/internal/tui/flow/sync_flow.go:33.23,34.19 1 2
github.com/benizzio/ghostfolio-cryptogains/internal/tui/flow/sync_flow.go:34.19,36.4 1 1
github.com/benizzio/ghostfolio-cryptogains/internal/tui/flow/sync_flow.go:37.3,39.16 3 1
github.com/benizzio/ghostfolio-cryptogains/internal/tui/flow/sync_flow.go:40.23,41.18 1 13
github.com/benizzio/ghostfolio-cryptogains/internal/tui/flow/sync_flow.go:41.18,43.4 1 1
github.com/benizzio/ghostfolio-cryptogains/internal/tui/flow/sync_flow.go:45.3,45.26 1 12
github.com/benizzio/ghostfolio-cryptogains/internal/tui/flow/sync_flow.go:45.26,46.11 1 2
github.com/benizzio/ghostfolio-cryptogains/internal/tui/flow/sync_flow.go:47.95,50.18 3 1
github.com/benizzio/ghostfolio-cryptogains/internal/tui/flow/sync_flow.go:51.12,55.18 4 1
github.com/benizzio/ghostfolio-cryptogains/internal/tui/flow/sync_flow.go:59.3,59.10 1 10
github.com/benizzio/ghostfolio-cryptogains/internal/tui/flow/sync_flow.go:60.47,61.28 1 2
github.com/benizzio/ghostfolio-cryptogains/internal/tui/flow/sync_flow.go:61.28,63.5 1 1
github.com/benizzio/ghostfolio-cryptogains/internal/tui/flow/sync_flow.go:64.49,65.51 1 3
github.com/benizzio/ghostfolio-cryptogains/internal/tui/flow/sync_flow.go:65.51,67.5 1 2
github.com/benizzio/ghostfolio-cryptogains/internal/tui/flow/sync_flow.go:68.50,70.39 2 1
github.com/benizzio/ghostfolio-cryptogains/internal/tui/flow/sync_flow.go:71.50,72.28 1 4
github.com/benizzio/ghostfolio-cryptogains/internal/tui/flow/sync_flow.go:73.11,74.31 1 3
github.com/benizzio/ghostfolio-cryptogains/internal/tui/flow/sync_flow.go:74.31,76.6 1 1
github.com/benizzio/ghostfolio-cryptogains/internal/tui/flow/sync_flow.go:78.5,79.20 2 2
github.com/benizzio/ghostfolio-cryptogains/internal/tui/flow/sync_flow.go:79.20,82.6 2 1
github.com/benizzio/ghostfolio-cryptogains/internal/tui/flow/sync_flow.go:84.5,92.109 8 1
github.com/benizzio/ghostfolio-cryptogains/internal/tui/flow/sync_flow.go:93.11,95.22 2 1
github.com/benizzio/ghostfolio-cryptogains/internal/tui/flow/sync_flow.go:100.2,100.15 1 6
github.com/benizzio/ghostfolio-cryptogains/internal/tui/screen/main_menu_screen.go:38.61,55.2 2 1
github.com/benizzio/ghostfolio-cryptogains/internal/tui/screen/setup_screen.go:42.55,48.28 2 1
github.com/benizzio/ghostfolio-cryptogains/internal/tui/screen/setup_screen.go:48.28,53.3 1 0
github.com/benizzio/ghostfolio-cryptogains/internal/tui/screen/setup_screen.go:54.2,54.38 1 1
github.com/benizzio/ghostfolio-cryptogains/internal/tui/screen/setup_screen.go:54.38,56.3 1 0
github.com/benizzio/ghostfolio-cryptogains/internal/tui/screen/setup_screen.go:58.2,59.36 2 1
github.com/benizzio/ghostfolio-cryptogains/internal/tui/screen/setup_screen.go:59.36,61.3 1 0
github.com/benizzio/ghostfolio-cryptogains/internal/tui/screen/setup_screen.go:62.2,62.21 1 1
github.com/benizzio/ghostfolio-cryptogains/internal/tui/screen/setup_screen.go:62.21,64.3 1 0
github.com/benizzio/ghostfolio-cryptogains/internal/tui/screen/setup_screen.go:66.2,75.3 1 1
github.com/benizzio/ghostfolio-cryptogains/internal/tui/screen/sync_validation_screen.go:44.73,51.17 2 1
github.com/benizzio/ghostfolio-cryptogains/internal/tui/screen/sync_validation_screen.go:51.17,53.3 1 0
github.com/benizzio/ghostfolio-cryptogains/internal/tui/screen/sync_validation_screen.go:53.8,55.3 1 1
github.com/benizzio/ghostfolio-cryptogains/internal/tui/screen/sync_validation_screen.go:57.2,58.36 2 1
github.com/benizzio/ghostfolio-cryptogains/internal/tui/screen/sync_validation_screen.go:58.36,60.3 1 0
github.com/benizzio/ghostfolio-cryptogains/internal/tui/screen/sync_validation_screen.go:62.2,71.3 1 1
github.com/benizzio/ghostfolio-cryptogains/internal/tui/screen/validation_result_screen.go:41.77,43.29 2 1
github.com/benizzio/ghostfolio-cryptogains/internal/tui/screen/validation_result_screen.go:43.29,45.3 1 1
github.com/benizzio/ghostfolio-cryptogains/internal/tui/screen/validation_result_screen.go:47.2,64.3 2 1
